<?xml version="1.0" encoding="UTF-8"?>
<robot generated="20190509 12:07:49.995" generator="Robot 3.0.4 (Python 2.7.13rc1 on win32)">
<suite source="C:\Users\con_svijay02\KTOC-TRB-Automation\KTOC_TRB_TestAutomation\TestSuites\RegressionTestSuite_KTOC_TRB_France_SingleEquipment.robot" id="s1" name="RegressionTestSuite KTOC TRB France SingleEquipment">
<test id="s1-t1" name="01. Validate TenderPrice Without FirstMaintenance for Elevator">
<kw type="setup" name="Launch Browser">
<arguments>
<arg>${country}</arg>
<arg>&amp;{TESTDATA_FRANCE}</arg>
</arguments>
<msg timestamp="20190509 12:07:50.157" level="FAIL">No keyword with name 'Launch Browser' found.</msg>
<status status="FAIL" endtime="20190509 12:07:50.157" starttime="20190509 12:07:50.157"></status>
</kw>
<kw type="teardown" name="Close Browser">
<msg timestamp="20190509 12:07:50.171" level="FAIL">No keyword with name 'Close Browser' found.</msg>
<status status="FAIL" endtime="20190509 12:07:50.171" starttime="20190509 12:07:50.171">No keyword with name 'Close Browser' found.</status>
</kw>
<status status="FAIL" endtime="20190509 12:07:50.173" critical="yes" starttime="20190509 12:07:50.141">Setup failed:
No keyword with name 'Launch Browser' found.

Also teardown failed:
No keyword with name 'Close Browser' found.</status>
</test>
<test id="s1-t2" name="02. Validate Discount Without FirstMaintenance for Elevator">
<kw type="setup" name="Launch Browser">
<arguments>
<arg>${country}</arg>
<arg>&amp;{TESTDATA_FRANCE}</arg>
</arguments>
<msg timestamp="20190509 12:07:50.184" level="FAIL">No keyword with name 'Launch Browser' found.</msg>
<status status="FAIL" endtime="20190509 12:07:50.184" starttime="20190509 12:07:50.184"></status>
</kw>
<kw type="teardown" name="Close Browser">
<msg timestamp="20190509 12:07:50.186" level="FAIL">No keyword with name 'Close Browser' found.</msg>
<status status="FAIL" endtime="20190509 12:07:50.186" starttime="20190509 12:07:50.186">No keyword with name 'Close Browser' found.</status>
</kw>
<status status="FAIL" endtime="20190509 12:07:50.187" critical="yes" starttime="20190509 12:07:50.176">Setup failed:
No keyword with name 'Launch Browser' found.

Also teardown failed:
No keyword with name 'Close Browser' found.</status>
</test>
<test id="s1-t3" name="03. Validate TenderPrice With FirstMaintenance for Elevator">
<kw type="setup" name="Launch Browser">
<arguments>
<arg>${country}</arg>
<arg>&amp;{TESTDATA_FRANCE}</arg>
</arguments>
<msg timestamp="20190509 12:07:50.191" level="FAIL">No keyword with name 'Launch Browser' found.</msg>
<status status="FAIL" endtime="20190509 12:07:50.191" starttime="20190509 12:07:50.191"></status>
</kw>
<kw type="teardown" name="Close Browser">
<msg timestamp="20190509 12:07:50.197" level="FAIL">No keyword with name 'Close Browser' found.</msg>
<status status="FAIL" endtime="20190509 12:07:50.197" starttime="20190509 12:07:50.196">No keyword with name 'Close Browser' found.</status>
</kw>
<status status="FAIL" endtime="20190509 12:07:50.198" critical="yes" starttime="20190509 12:07:50.188">Setup failed:
No keyword with name 'Launch Browser' found.

Also teardown failed:
No keyword with name 'Close Browser' found.</status>
</test>
<test id="s1-t4" name="04. Validate Discount With FirstMaintenance for Elevator">
<kw type="setup" name="Launch Browser">
<arguments>
<arg>${country}</arg>
<arg>&amp;{TESTDATA_FRANCE}</arg>
</arguments>
<msg timestamp="20190509 12:07:50.203" level="FAIL">No keyword with name 'Launch Browser' found.</msg>
<status status="FAIL" endtime="20190509 12:07:50.204" starttime="20190509 12:07:50.203"></status>
</kw>
<kw type="teardown" name="Close Browser">
<msg timestamp="20190509 12:07:50.208" level="FAIL">No keyword with name 'Close Browser' found.</msg>
<status status="FAIL" endtime="20190509 12:07:50.208" starttime="20190509 12:07:50.207">No keyword with name 'Close Browser' found.</status>
</kw>
<status status="FAIL" endtime="20190509 12:07:50.208" critical="yes" starttime="20190509 12:07:50.199">Setup failed:
No keyword with name 'Launch Browser' found.

Also teardown failed:
No keyword with name 'Close Browser' found.</status>
</test>
<test id="s1-t5" name="05. Check RegionalFactor at SalesOffice Level for Elevator">
<kw type="setup" name="Launch Browser">
<arguments>
<arg>${country}</arg>
<arg>&amp;{TESTDATA_FRANCE}</arg>
</arguments>
<msg timestamp="20190509 12:07:50.235" level="FAIL">No keyword with name 'Launch Browser' found.</msg>
<status status="FAIL" endtime="20190509 12:07:50.236" starttime="20190509 12:07:50.235"></status>
</kw>
<kw type="teardown" name="Close Browser">
<msg timestamp="20190509 12:07:50.239" level="FAIL">No keyword with name 'Close Browser' found.</msg>
<status status="FAIL" endtime="20190509 12:07:50.239" starttime="20190509 12:07:50.239">No keyword with name 'Close Browser' found.</status>
</kw>
<status status="FAIL" endtime="20190509 12:07:50.240" critical="yes" starttime="20190509 12:07:50.220">Setup failed:
No keyword with name 'Launch Browser' found.

Also teardown failed:
No keyword with name 'Close Browser' found.</status>
</test>
<test id="s1-t6" name="06. Verify ITEFactor value and LaborRate value is taken from SalesOffice for Elevator">
<kw type="setup" name="Launch Browser">
<arguments>
<arg>${country}</arg>
<arg>&amp;{TESTDATA_FRANCE}</arg>
</arguments>
<msg timestamp="20190509 12:07:50.261" level="FAIL">No keyword with name 'Launch Browser' found.</msg>
<status status="FAIL" endtime="20190509 12:07:50.261" starttime="20190509 12:07:50.261"></status>
</kw>
<kw type="teardown" name="Close Browser">
<msg timestamp="20190509 12:07:50.270" level="FAIL">No keyword with name 'Close Browser' found.</msg>
<status status="FAIL" endtime="20190509 12:07:50.270" starttime="20190509 12:07:50.270">No keyword with name 'Close Browser' found.</status>
</kw>
<status status="FAIL" endtime="20190509 12:07:50.271" critical="yes" starttime="20190509 12:07:50.253">Setup failed:
No keyword with name 'Launch Browser' found.

Also teardown failed:
No keyword with name 'Close Browser' found.</status>
</test>
<test id="s1-t7" name="07. Check Price Calculated Correctly when the Tender Currency is different from SLCurrency for Elevator">
<kw type="setup" name="Launch Browser">
<arguments>
<arg>${country}</arg>
<arg>&amp;{TESTDATA_FRANCE}</arg>
</arguments>
<msg timestamp="20190509 12:07:50.302" level="FAIL">No keyword with name 'Launch Browser' found.</msg>
<status status="FAIL" endtime="20190509 12:07:50.302" starttime="20190509 12:07:50.301"></status>
</kw>
<kw type="teardown" name="Close Browser">
<msg timestamp="20190509 12:07:50.309" level="FAIL">No keyword with name 'Close Browser' found.</msg>
<status status="FAIL" endtime="20190509 12:07:50.309" starttime="20190509 12:07:50.308">No keyword with name 'Close Browser' found.</status>
</kw>
<status status="FAIL" endtime="20190509 12:07:50.309" critical="yes" starttime="20190509 12:07:50.292">Setup failed:
No keyword with name 'Launch Browser' found.

Also teardown failed:
No keyword with name 'Close Browser' found.</status>
</test>
<test id="s1-t8" name="08. Checking Maximum Discount Limit Exceeded">
<kw type="setup" name="Launch Browser">
<arguments>
<arg>${country}</arg>
<arg>&amp;{TESTDATA_FRANCE}</arg>
</arguments>
<msg timestamp="20190509 12:07:50.341" level="FAIL">No keyword with name 'Launch Browser' found.</msg>
<status status="FAIL" endtime="20190509 12:07:50.341" starttime="20190509 12:07:50.341"></status>
</kw>
<kw type="teardown" name="Close Browser">
<msg timestamp="20190509 12:07:50.343" level="FAIL">No keyword with name 'Close Browser' found.</msg>
<status status="FAIL" endtime="20190509 12:07:50.343" starttime="20190509 12:07:50.343">No keyword with name 'Close Browser' found.</status>
</kw>
<status status="FAIL" endtime="20190509 12:07:50.343" critical="yes" starttime="20190509 12:07:50.327">Setup failed:
No keyword with name 'Launch Browser' found.

Also teardown failed:
No keyword with name 'Close Browser' found.</status>
</test>
<status status="FAIL" endtime="20190509 12:07:50.360" starttime="20190509 12:07:50.004"></status>
</suite>
<statistics>
<total>
<stat fail="8" pass="0">Critical Tests</stat>
<stat fail="8" pass="0">All Tests</stat>
</total>
<tag>
</tag>
<suite>
<stat fail="8" id="s1" name="RegressionTestSuite KTOC TRB France SingleEquipment" pass="0">RegressionTestSuite KTOC TRB France SingleEquipment</stat>
</suite>
</statistics>
<errors>
<msg timestamp="20190509 12:07:50.123" level="ERROR">Error in file 'C:\Users\con_svijay02\KTOC-TRB-Automation\KTOC_TRB_TestAutomation\TestSuites\RegressionTestSuite_KTOC_TRB_France_SingleEquipment.robot': Importing test library 'com.KTOC.TRB.testautomation.Keywords.Keywords' failed: ImportError: No module named com.KTOC.TRB.testautomation.Keywords
Traceback (most recent call last):
  None
PYTHONPATH:
  C:\WINDOWS\SYSTEM32\python27.zip
  c:\python27\DLLs
  c:\python27\lib
  c:\python27\lib\plat-win
  c:\python27\lib\lib-tk
  c:\python27
  c:\python27\lib\site-packages</msg>
</errors>
</robot>
