<?xml version="1.0" encoding="UTF-8"?>
<robot generator="Robot 3.0.4 (Jython 2.7.0 on java1.8.0_181)" generated="20190116 10:09:55.343">
<suite source="C:\Users\con_svijay02\KTOC-TRB-Automation\KTOC_TRB_TestAutomation" name="KTOC TRB TestAutomation" id="s1">
<suite source="C:\Users\con_svijay02\KTOC-TRB-Automation\KTOC_TRB_TestAutomation\TestSuites" name="TestSuites" id="s1-s1">
<suite source="C:\Users\con_svijay02\KTOC-TRB-Automation\KTOC_TRB_TestAutomation\TestSuites\RegressionKTOC_TRB_France_MultipleEquipment.robot" name="RegressionKTOC TRB France MultipleEquipment" id="s1-s1-s1">
<kw type="setup" library="com.KTOC.TRB.testautomation.Keywords.Keywords" name="Launch Browser">
<arguments>
<arg>france</arg>
<arg>\\TestData\\KTOCTRB_AutomationTestData.xlsx</arg>
</arguments>
<msg level="INFO" timestamp="20190116 10:10:09.973">1547613600873	mozrunner::runner	INFO	Running command: "C:\\Program Files\\Mozilla Firefox\\firefox.exe" "-marionette" "-foreground" "-no-remote" "-profile" "C:\\Users\\CON_SV~1\\AppData\\Local\\Temp\\rust_mozprofile.lpbUrsbZsCwh"
1547613603356	Marionette	INFO	Listening on port 51659
1547613603605	Marionette	WARN	TLS certificate errors will be ignored for this session
Jan 16, 2019 10:10:03 AM org.openqa.selenium.remote.ProtocolHandshake createSession
INFO: Detected dialect: W3C</msg>
<status endtime="20190116 10:10:09.997" starttime="20190116 10:09:57.266" status="PASS"></status>
</kw>
<test name="1.Logon To Salesforce" id="s1-s1-s1-t1">
<kw library="com.KTOC.TRB.testautomation.Keywords.Keywords" name="Loginto Salesforce">
<status endtime="20190116 10:10:37.587" starttime="20190116 10:10:10.045" status="PASS"></status>
</kw>
<status critical="yes" endtime="20190116 10:10:37.609" starttime="20190116 10:10:10.024" status="PASS"></status>
</test>
<test name="2.Verify Creating Opportunity and Mapping It With FLTender" id="s1-s1-s1-t2">
<kw library="com.KTOC.TRB.testautomation.Keywords.Keywords" name="Create Opportunity OR Search Opportunity">
<msg level="INFO" timestamp="20190116 10:10:48.410">Opportunity Name:KOFCOL TRB SFA entered in Search box
KOFCOL TRB SFA has been clicked</msg>
<status endtime="20190116 10:10:48.420" starttime="20190116 10:10:37.670" status="PASS"></status>
</kw>
<status critical="yes" endtime="20190116 10:10:48.431" starttime="20190116 10:10:37.645" status="PASS"></status>
</test>
<test name="3.Verify Tender Created Successfully for Elevator" id="s1-s1-s1-t3">
<kw library="com.KTOC.TRB.testautomation.Keywords.Keywords" name="Navigateto KTOCTRB">
<msg level="INFO" timestamp="20190116 10:10:59.014">Release 1723 is Selected
Clicked on OK button</msg>
<status endtime="20190116 10:10:59.020" starttime="20190116 10:10:48.463" status="PASS"></status>
</kw>
<kw library="com.KTOC.TRB.testautomation.Keywords.Keywords" name="Add Equipment ID Elevator">
<msg level="INFO" timestamp="20190116 10:11:27.256">10503512 EquipmentID entered
Equipment loader clicked
checkbox clicked
Change button clicked</msg>
<status endtime="20190116 10:11:27.270" starttime="20190116 10:10:59.026" status="PASS"></status>
</kw>
<kw library="com.KTOC.TRB.testautomation.Keywords.Keywords" name="Check Hand Over Date Is Greater Than Installation Date">
<msg level="INFO" timestamp="20190116 10:11:28.511">Project clicked
Current MS5HO Date: 25/07/2020
MS5HODate Changed to: 27/07/2020</msg>
<status endtime="20190116 10:11:28.515" starttime="20190116 10:11:27.283" status="PASS"></status>
</kw>
<kw library="com.KTOC.TRB.testautomation.Keywords.Keywords" name="Check Sales Officeis Selected">
<msg level="INFO" timestamp="20190116 10:11:29.171">SalesOffice value VB FRRW Selected</msg>
<status endtime="20190116 10:11:29.181" starttime="20190116 10:11:28.527" status="PASS"></status>
</kw>
<kw library="com.KTOC.TRB.testautomation.Keywords.Keywords" name="Additionalfieldsin Project Overviewfor Canada">
<status endtime="20190116 10:11:29.218" starttime="20190116 10:11:29.197" status="PASS"></status>
</kw>
<kw library="com.KTOC.TRB.testautomation.Keywords.Keywords" name="Select Supervisor">
<msg level="INFO" timestamp="20190116 10:11:35.844">06114080 selected in Supervisor</msg>
<status endtime="20190116 10:11:35.849" starttime="20190116 10:11:29.253" status="PASS"></status>
</kw>
<kw library="com.KTOC.TRB.testautomation.Keywords.Keywords" name="Select Equipment In Service">
<msg level="INFO" timestamp="20190116 10:11:37.897">LIS Elevator is clicked in Equipment InService
HydraulicElevCheck clicked</msg>
<status endtime="20190116 10:11:37.907" starttime="20190116 10:11:35.857" status="PASS"></status>
</kw>
<kw library="com.KTOC.TRB.testautomation.Keywords.Keywords" name="Select Template To Be Uploaded">
<msg level="INFO" timestamp="20190116 10:11:41.034">Rightclick performed on Equipment
Open Templates clicked
Automation_Template_002 Entered in search
Shared templates radio button Clicked
Automation_Template_002 Template Clicked</msg>
<status endtime="20190116 10:11:41.057" starttime="20190116 10:11:37.918" status="PASS"></status>
</kw>
<kw library="com.KTOC.TRB.testautomation.Keywords.Keywords" name="Verify Tender Consistency">
<msg level="INFO" timestamp="20190116 10:11:45.424">PASS: Tender is Consistent, value:url("https://ktoc-ca3.kone.com/camosHTML5Client/cH5C/SMG?i=cad9a93f6c879df1ed1373d2853634026ff3224f&amp;w=16&amp;h=16")
PASS: Tender is Consistent, value:url("https://ktoc-ca3.kone.com/camosHTML5Client/cH5C/SMG?i=cad9a93f6c879df1ed1373d2853634026ff3224f&amp;w=16&amp;h=16")
PASS: Tender is Consistent, value:url("https://ktoc-ca3.kone.com/camosHTML5Client/cH5C/SMG?i=cad9a93f6c879df1ed1373d2853634026ff3224f&amp;w=16&amp;h=16")
PASS: Tender is Consistent, value:url("https://ktoc-ca3.kone.com/camosHTML5Client/cH5C/SMG?i=cad9a93f6c879df1ed1373d2853634026ff3224f&amp;w=16&amp;h=16")
PASS: Tender is Consistent, value:url("https://ktoc-ca3.kone.com/camosHTML5Client/cH5C/SMG?i=cad9a93f6c879df1ed1373d2853634026ff3224f&amp;w=16&amp;h=16")
PASS: Tender is Consistent, value:url("https://ktoc-ca3.kone.com/camosHTML5Client/cH5C/SMG?i=cad9a93f6c879df1ed1373d2853634026ff3224f&amp;w=16&amp;h=16")
PASS: Tender is Consistent, value:url("https://ktoc-ca3.kone.com/camosHTML5Client/cH5C/SMG?i=cad9a93f6c879df1ed1373d2853634026ff3224f&amp;w=16&amp;h=16")</msg>
<status endtime="20190116 10:11:45.428" starttime="20190116 10:11:41.077" status="PASS"></status>
</kw>
<kw library="com.KTOC.TRB.testautomation.Keywords.Keywords" name="Get Tender Number">
<msg level="INFO" timestamp="20190116 10:11:45.456">Tender # is :T-0002466310</msg>
<status endtime="20190116 10:11:45.458" starttime="20190116 10:11:45.432" status="PASS"></status>
</kw>
<status critical="yes" endtime="20190116 10:11:45.462" starttime="20190116 10:10:48.447" status="PASS"></status>
</test>
<test name="4.Validate TenderPrice and Discount Without FirstMaintenance for Elevator" id="s1-s1-s1-t4">
<kw library="com.KTOC.TRB.testautomation.Keywords.Keywords" name="Pricing Icon Click">
<msg level="INFO" timestamp="20190116 10:11:45.785">pricing icon Clicked</msg>
<status endtime="20190116 10:11:45.793" starttime="20190116 10:11:45.473" status="PASS"></status>
</kw>
<kw library="com.KTOC.TRB.testautomation.Keywords.Keywords" name="Check Tender Price After Discount Update">
<arguments>
<arg>10</arg>
<arg>0</arg>
</arguments>
<msg level="INFO" timestamp="20190116 10:11:52.014">Discount entered as: 10
First maintenance: 0 Clicked</msg>
<status endtime="20190116 10:11:52.017" starttime="20190116 10:11:45.802" status="PASS"></status>
</kw>
<status critical="yes" endtime="20190116 10:11:52.021" starttime="20190116 10:11:45.469" status="PASS"></status>
</test>
<test name="5.Check TenderPrice Without FirstMaintenance for Elevator" id="s1-s1-s1-t5">
<kw library="com.KTOC.TRB.testautomation.Keywords.Keywords" name="Get Target Price">
<msg level="INFO" timestamp="20190116 10:11:52.713">TargetPrice:3779.41
Firstmaintenance:0.0
Discount:10.0
*** TenderPriceFinal:3401.47 / CurrentTenderPrice:3401.47 ***
is TenderPriceFinal VS ApplicationTenderPrice Equal: true ***
null Added in TenderPrice hence TenderPriceFinal VS TenderPrice shown in Application is: true ***</msg>
<status endtime="20190116 10:11:52.718" starttime="20190116 10:11:52.032" status="PASS"></status>
</kw>
<status critical="yes" endtime="20190116 10:11:52.721" starttime="20190116 10:11:52.026" status="PASS"></status>
</test>
<test name="6.Validate Discount Without FirstMaintenance for Elevator" id="s1-s1-s1-t6">
<kw library="com.KTOC.TRB.testautomation.Keywords.Keywords" name="Verify Discount By Changing The Tender Price">
<arguments>
<arg>1001</arg>
<arg>0</arg>
</arguments>
<msg level="INFO" timestamp="20190116 10:11:55.593">TenderPrice entered as: 1001
First maintenance: 0 Clicked</msg>
<status endtime="20190116 10:11:55.595" starttime="20190116 10:11:52.730" status="PASS"></status>
</kw>
<status critical="yes" endtime="20190116 10:11:55.599" starttime="20190116 10:11:52.725" status="PASS"></status>
</test>
<test name="7.Check Discount Without FirstMaintenance for Elevator" id="s1-s1-s1-t7">
<kw library="com.KTOC.TRB.testautomation.Keywords.Keywords" name="Get Target Price">
<msg level="INFO" timestamp="20190116 10:11:56.222">TargetPrice:3779.41
Firstmaintenance:0.0
TenderPrice:1001.0
DiscountFinal:73.51 / Discount shown in Application:73.51
*** is FinalDiscount VS ApplicationDiscount Equal:true ***
null Added in CalculatedDiscountFinal hence DiscountFinal VS Discount shown in Application is: true ***</msg>
<status endtime="20190116 10:11:56.228" starttime="20190116 10:11:55.609" status="PASS"></status>
</kw>
<status critical="yes" endtime="20190116 10:11:56.234" starttime="20190116 10:11:55.603" status="PASS"></status>
</test>
<test name="8.Validate TenderPrice and Discount With FirstMaintenance for Elevator" id="s1-s1-s1-t8">
<kw library="com.KTOC.TRB.testautomation.Keywords.Keywords" name="Check Tender Price After Discount Update">
<arguments>
<arg>11</arg>
<arg>3</arg>
</arguments>
<msg level="INFO" timestamp="20190116 10:12:00.484">Discount entered as: 11
First maintenance: 3 Clicked</msg>
<status endtime="20190116 10:12:00.488" starttime="20190116 10:11:56.246" status="PASS"></status>
</kw>
<status critical="yes" endtime="20190116 10:12:00.490" starttime="20190116 10:11:56.241" status="PASS"></status>
</test>
<test name="9.Check TenderPrice With FirstMaintenance for Elevator" id="s1-s1-s1-t9">
<kw library="com.KTOC.TRB.testautomation.Keywords.Keywords" name="Get Target Price">
<msg level="INFO" timestamp="20190116 10:12:01.243">TargetPrice:4179.41
Firstmaintenance:400.0
Discount:11.0
*** TenderPriceFinal:3763.68 / CurrentTenderPrice:3763.67 ***
is TenderPriceFinal VS ApplicationTenderPrice Equal: false ***
-0.01 Added in TenderPrice hence TenderPriceFinal VS TenderPrice shown in Application is: true ***</msg>
<status endtime="20190116 10:12:01.246" starttime="20190116 10:12:00.498" status="PASS"></status>
</kw>
<status critical="yes" endtime="20190116 10:12:01.249" starttime="20190116 10:12:00.493" status="PASS"></status>
</test>
<test name="10.Validate Discount With FirstMaintenance for Elevator" id="s1-s1-s1-t10">
<kw library="com.KTOC.TRB.testautomation.Keywords.Keywords" name="Verify Discount By Changing The Tender Price">
<arguments>
<arg>1004</arg>
<arg>0</arg>
</arguments>
<msg level="INFO" timestamp="20190116 10:12:05.733">TenderPrice entered as: 1004
First maintenance: 0 Clicked</msg>
<status endtime="20190116 10:12:05.739" starttime="20190116 10:12:01.257" status="PASS"></status>
</kw>
<status critical="yes" endtime="20190116 10:12:05.742" starttime="20190116 10:12:01.253" status="PASS"></status>
</test>
<test name="11.Check Discount With FirstMaintenance for Elevator" id="s1-s1-s1-t11">
<kw library="com.KTOC.TRB.testautomation.Keywords.Keywords" name="Get Target Price">
<msg level="INFO" timestamp="20190116 10:12:06.532">TargetPrice:3779.41
Firstmaintenance:0.0
TenderPrice:604.0
DiscountFinal:84.02 / Discount shown in Application:84.02
*** is FinalDiscount VS ApplicationDiscount Equal:true ***
null Added in CalculatedDiscountFinal hence DiscountFinal VS Discount shown in Application is: true ***</msg>
<status endtime="20190116 10:12:06.535" starttime="20190116 10:12:05.754" status="PASS"></status>
</kw>
<status critical="yes" endtime="20190116 10:12:06.537" starttime="20190116 10:12:05.748" status="PASS"></status>
</test>
<test name="12.Change and Validate Discount With FirstMaintenance for Elevator" id="s1-s1-s1-t12">
<kw library="com.KTOC.TRB.testautomation.Keywords.Keywords" name="Verify Discount By Changing The Tender Price">
<arguments>
<arg>1005</arg>
<arg>6</arg>
</arguments>
<msg level="INFO" timestamp="20190116 10:12:10.275">TenderPrice entered as: 1005
First maintenance: 6 Clicked</msg>
<status endtime="20190116 10:12:10.278" starttime="20190116 10:12:06.547" status="PASS"></status>
</kw>
<status critical="yes" endtime="20190116 10:12:10.280" starttime="20190116 10:12:06.542" status="PASS"></status>
</test>
<test name="13.Check Changed Discount With FirstMaintenance for Elevator" id="s1-s1-s1-t13">
<kw library="com.KTOC.TRB.testautomation.Keywords.Keywords" name="Get Target Price">
<msg level="INFO" timestamp="20190116 10:12:11.146">TargetPrice:4579.41
Firstmaintenance:800.0
TenderPrice:1805.0
DiscountFinal:73.41 / Discount shown in Application:73.41
*** is FinalDiscount VS ApplicationDiscount Equal:true ***
null Added in CalculatedDiscountFinal hence DiscountFinal VS Discount shown in Application is: true ***</msg>
<status endtime="20190116 10:12:11.150" starttime="20190116 10:12:10.288" status="PASS"></status>
</kw>
<status critical="yes" endtime="20190116 10:12:11.154" starttime="20190116 10:12:10.284" status="PASS"></status>
</test>
<test name="14.Check Regional Factor At SalesOffice Level for Elevator" id="s1-s1-s1-t14">
<kw library="com.KTOC.TRB.testautomation.Keywords.Keywords" name="Verify Regional Discount Displayed Correctly">
<msg level="INFO" timestamp="20190116 10:12:11.744">Additional Discount Icon CLICKED</msg>
<status endtime="20190116 10:12:11.746" starttime="20190116 10:12:11.164" status="PASS"></status>
</kw>
<kw library="com.KTOC.TRB.testautomation.Keywords.Keywords" name="Verify Target Price Displayed Correctly">
<arguments>
<arg>0</arg>
</arguments>
<msg level="INFO" timestamp="20190116 10:12:13.254">is read_Regionaldiscountoncomponent_Percent VS regionalDiscount equal:true *** / read_Regionaldiscountoncomponent_Percent:4.18 / regionalDiscount:4.18
is final_Regionaldiscountoncomponent VS read_Regionaldiscountoncomponent equal:false *** / final_Regionaldiscountoncomponent:203.31 / read_Regionaldiscountoncomponent:203.19
is final_TargetPrice VS read_TargetPrice equal:false *** / final_TargetPrice:4660.56 / read_TargetPrice:4579.41
null Added in CalculatedMaterialCost hence CalculatedMaterialcost VS ActualMaterialcost shown in Application is: true ***</msg>
<msg level="INFO" html="yes" timestamp="20190116 10:12:13.255">&lt;a href='C:\Users\con_svijay02\KTOC-TRB-Automation\KTOC_TRB_TestAutomation\Screenshots\16Jan2019_10_12_12AM\SS_16Jan2019_10_12_12AM_VerifyTargetPriceDisplayedCorrectly.png' target='_blank'&gt;&lt;img src='C:\Users\con_svijay02\KTOC-TRB-Automation\KTOC_TRB_TestAutomation\Screenshots\16Jan2019_10_12_12AM\SS_16Jan2019_10_12_12AM_VerifyTargetPriceDisplayedCorrectly.png' style='width:80%; height: auto;'/&gt;&lt;/a&gt;</msg>
<status endtime="20190116 10:12:13.268" starttime="20190116 10:12:11.748" status="PASS"></status>
</kw>
<status critical="yes" endtime="20190116 10:12:13.278" starttime="20190116 10:12:11.159" status="PASS"></status>
</test>
<test name="15.Check Regional Factor When SalesOffice Is Changed for Elevator" id="s1-s1-s1-t15">
<kw library="com.KTOC.TRB.testautomation.Keywords.Keywords" name="Goto Configuration Pageand Change The Sales Office">
<msg level="INFO" timestamp="20190116 10:12:17.541">ToConfiguration icon clicked
Project clicked
SalesOffice value VB FRPP Selected
pricing icon Clicked</msg>
<status endtime="20190116 10:12:17.555" starttime="20190116 10:12:13.321" status="PASS"></status>
</kw>
<kw library="com.KTOC.TRB.testautomation.Keywords.Keywords" name="Verify Regional Discount Displayed Correctly">
<msg level="INFO" timestamp="20190116 10:12:21.181">Additional Discount Icon CLICKED</msg>
<status endtime="20190116 10:12:21.183" starttime="20190116 10:12:17.571" status="PASS"></status>
</kw>
<kw library="com.KTOC.TRB.testautomation.Keywords.Keywords" name="Verify Target Price Displayed Correctly">
<arguments>
<arg>0</arg>
</arguments>
<msg level="INFO" timestamp="20190116 10:12:22.766">is read_Regionaldiscountoncomponent_Percent VS regionalDiscount equal:false *** / read_Regionaldiscountoncomponent_Percent:-3.34 / regionalDiscount:-5.0
is final_Regionaldiscountoncomponent VS read_Regionaldiscountoncomponent equal:false *** / final_Regionaldiscountoncomponent:-240.68 / read_Regionaldiscountoncomponent:-160.55
is final_TargetPrice VS read_TargetPrice equal:false *** / final_TargetPrice:5054.32 / read_TargetPrice:4974.19
-0.02 Added in CalculatedMaterialCost hence CalculatedMaterialcost VS ActualMaterialcost shown in Application is: false ***</msg>
<msg level="INFO" html="yes" timestamp="20190116 10:12:22.767">&lt;a href='C:\Users\con_svijay02\KTOC-TRB-Automation\KTOC_TRB_TestAutomation\Screenshots\16Jan2019_10_12_22AM\SS_16Jan2019_10_12_22AM_VerifyTargetPriceDisplayedCorrectly.png' target='_blank'&gt;&lt;img src='C:\Users\con_svijay02\KTOC-TRB-Automation\KTOC_TRB_TestAutomation\Screenshots\16Jan2019_10_12_22AM\SS_16Jan2019_10_12_22AM_VerifyTargetPriceDisplayedCorrectly.png' style='width:80%; height: auto;'/&gt;&lt;/a&gt;</msg>
<status endtime="20190116 10:12:22.791" starttime="20190116 10:12:21.186" status="PASS"></status>
</kw>
<status critical="yes" endtime="20190116 10:12:22.815" starttime="20190116 10:12:13.302" status="PASS"></status>
</test>
<test name="16.Verify ITEFactorValue and LaborRateValue IsTaken From SalesOffice for Elevator" id="s1-s1-s1-t16">
<kw library="com.KTOC.TRB.testautomation.Keywords.Keywords" name="Goto Configuration Pageand Change The Primary Sales Office">
<arguments>
<arg>france</arg>
<arg>\\TestData\\KTOCTRB_AutomationTestData.xlsx</arg>
</arguments>
<msg level="INFO" timestamp="20190116 10:12:26.009">ToConfiguration icon clicked
Project clicked
SalesOffice value VB FRRW Selected
pricing icon Clicked</msg>
<status endtime="20190116 10:12:26.013" starttime="20190116 10:12:22.833" status="PASS"></status>
</kw>
<kw library="com.KTOC.TRB.testautomation.Keywords.Keywords" name="Validate Detail Breakdown Tab">
<msg level="INFO" timestamp="20190116 10:12:36.663">Detailed breakdown Clicked
ROPES CLICKED
Show TotalCost Calculation Details CLICKED
check_showtotal_ITEfactor:2.00 / showtotal_ITEfactor:2.00
check_showtotal_Referencehours:11.16 / showtotal_Referencehours:11.16
check_showtotal_Labourrate:61.90 / showtotal_Labourrate:61.90
LabourRate:61.90 / showtotal_Labourrate:61.90
*** is_showtotal_ITEfactor: true *** / is_Labourrate: true *** / is_showtotal_Labourrate: true *** / is_showtotal_Referencehours: true ***</msg>
<status endtime="20190116 10:12:36.669" starttime="20190116 10:12:26.020" status="PASS"></status>
</kw>
<status critical="yes" endtime="20190116 10:12:36.674" starttime="20190116 10:12:22.826" status="PASS"></status>
</test>
<test name="17 Verify ITEFactorValue and LaborRateValue IsTaken From Changed SalesOffice for Elevator" id="s1-s1-s1-t17">
<kw library="com.KTOC.TRB.testautomation.Keywords.Keywords" name="Goto Configuration Pageand Change The Sales Office">
<msg level="INFO" timestamp="20190116 10:12:39.578">ToConfiguration icon clicked
Project clicked
SalesOffice value VB FRPP Selected
pricing icon Clicked</msg>
<status endtime="20190116 10:12:39.594" starttime="20190116 10:12:36.685" status="PASS"></status>
</kw>
<kw library="com.KTOC.TRB.testautomation.Keywords.Keywords" name="Validate Detail Breakdown Tab">
<msg level="INFO" timestamp="20190116 10:15:42.089">Detailed breakdown Clicked
ROPES CLICKED
Show TotalCost Calculation Details CLICKED
check_showtotal_ITEfactor:2.75 / showtotal_ITEfactor:2.00
check_showtotal_Referencehours:11.16 / showtotal_Referencehours:11.16
check_showtotal_Labourrate:61.00 / showtotal_Labourrate:61.00
LabourRate:61.00 / showtotal_Labourrate:61.00
*** is_showtotal_ITEfactor: false *** / is_Labourrate: true *** / is_showtotal_Labourrate: true *** / is_showtotal_Referencehours: true ***
-0.02 Added in ITEfactor hence CalculatedITEfactor VS ActualITEfactor shown in Application is: false ***</msg>
<msg level="INFO" html="yes" timestamp="20190116 10:15:42.090">&lt;a href='C:\Users\con_svijay02\KTOC-TRB-Automation\KTOC_TRB_TestAutomation\Screenshots\16Jan2019_10_15_39AM\SS_16Jan2019_10_15_39AM_DetailBreakdownTab.png' target='_blank'&gt;&lt;img src='C:\Users\con_svijay02\KTOC-TRB-Automation\KTOC_TRB_TestAutomation\Screenshots\16Jan2019_10_15_39AM\SS_16Jan2019_10_15_39AM_DetailBreakdownTab.png' style='width:80%; height: auto;'/&gt;&lt;/a&gt;</msg>
<status endtime="20190116 10:15:42.111" starttime="20190116 10:12:39.601" status="PASS"></status>
</kw>
<status critical="yes" endtime="20190116 10:15:42.114" starttime="20190116 10:12:36.679" status="PASS"></status>
</test>
<test name="18.Check Cost Calculated Correctly When The Tender Currency Is Different From SLCurrency for Elevator" id="s1-s1-s1-t18">
<kw library="com.KTOC.TRB.testautomation.Keywords.Keywords" name="Verify Cost Calculated Successfully">
<msg level="INFO" timestamp="20190116 10:15:42.127">*** Currencies Tab is applicable for Australia alone hence skipping TC#10 ***</msg>
<status endtime="20190116 10:15:42.129" starttime="20190116 10:15:42.122" status="PASS"></status>
</kw>
<status critical="yes" endtime="20190116 10:15:42.131" starttime="20190116 10:15:42.117" status="PASS"></status>
</test>
<test name="19.Check Price Calculated Correctly When The Tender Currency Is Different From SLCurrency for Elevator" id="s1-s1-s1-t19">
<kw library="com.KTOC.TRB.testautomation.Keywords.Keywords" name="VerifyPriceCalculatedSuccessfully TobecheckedinFrance">
<msg level="INFO" timestamp="20190116 10:17:25.421">*** Currencies Tab is applicable for Australia alone hence skipping TC#10 ***
Show TotalCost Calculation Details CLICKED
totalTargetPrice:4174.19 / subtotal_TargetPrice:4174.19
*** is totalTargetPrice vs subtotal_TargetPrice equal: true
totalMaterialcosts=243.93 / subtotal_Materialcosts:243.93
*** is totalMaterialcosts vs subtotal_Materialcosts equal: true
totalMaterialcostSLCurrency=243.93 / subtotal_MaterialcostSLCurrency:243.93
*** is totalMaterialcostSLCurrency vs subtotal_MaterialcostSLCurrency equal: true
totalReferencehours=11.16 / subtotal_Referencehours:11.16
*** is totalReferencehours vs subtotal_Referencehours equal: true
totalInstallationHours=22.32 / subtotal_InstallationHours:22.32
*** is totalInstallationHours vs subtotal_Materialcosts equal: true
totalLaborCosts=1361.52 / subtotal_LaborCosts:1361.52
*** is totalLaborCosts vs subtotal_LaborCosts equal: true
totalFullCosts=1605.4501 / subtotal_FullCosts:1605.45
*** is totalFullCosts vs subtotal_FullCosts equal: true
totalTotalCost=1605.45 / subtotal_TotalCost:1605.45
*** is totalTotalCost vs subtotal_TotalCost equal: true
totalTenderPrice=1109.96 / subtotal_TenderPrice:1109.96
*** is totalTenderPrice vs subtotal_TenderPrice equal: true
*** Currencies Tab is applicable for Australia alone hence skipping TC#10 ***</msg>
<status endtime="20190116 10:17:25.428" starttime="20190116 10:15:42.139" status="PASS"></status>
</kw>
<status critical="yes" endtime="20190116 10:17:25.430" starttime="20190116 10:15:42.134" status="PASS"></status>
</test>
<test name="20.TestData for Escalator" id="s1-s1-s1-t20">
<kw library="com.KTOC.TRB.testautomation.Keywords.Keywords" name="Read Test Data">
<arguments>
<arg>france</arg>
<arg>\\TestData\\KTOCTRB_AutomationTestData.xlsx</arg>
</arguments>
<status endtime="20190116 10:17:25.605" starttime="20190116 10:17:25.441" status="PASS"></status>
</kw>
<kw library="com.KTOC.TRB.testautomation.Keywords.Keywords" name="Add Multiple Equipments">
<msg level="INFO" timestamp="20190116 10:17:43.660">ToConfiguration icon clicked
scroll UP to Building1 tree
Rightclick performed on Building1
scroll UP to Group Automation_GroupName tree
Rightclick performed on Automation_GroupName GroupName
checkbox clicked
ADD button clicked</msg>
<status endtime="20190116 10:17:43.667" starttime="20190116 10:17:25.617" status="PASS"></status>
</kw>
<status critical="yes" endtime="20190116 10:17:43.676" starttime="20190116 10:17:25.436" status="PASS"></status>
</test>
<test name="21.Verify Tender Created Successfully for Escalator" id="s1-s1-s1-t21">
<kw library="com.KTOC.TRB.testautomation.Keywords.Keywords" name="Add Equipment ID Elevator">
<status endtime="20190116 10:17:43.778" starttime="20190116 10:17:43.689" status="PASS"></status>
</kw>
<kw library="com.KTOC.TRB.testautomation.Keywords.Keywords" name="Check Hand Over Date Is Greater Than Installation Date">
<msg level="INFO" timestamp="20190116 10:17:44.851">Project clicked
Current MS5HO Date: 27/07/2020
MS5HODate Changed to: null</msg>
<status endtime="20190116 10:17:44.857" starttime="20190116 10:17:43.783" status="PASS"></status>
</kw>
<kw library="com.KTOC.TRB.testautomation.Keywords.Keywords" name="Check Sales Officeis Selected">
<msg level="INFO" timestamp="20190116 10:17:45.941">SalesOffice value VB FRRW Selected</msg>
<status endtime="20190116 10:17:45.948" starttime="20190116 10:17:44.860" status="PASS"></status>
</kw>
<kw library="com.KTOC.TRB.testautomation.Keywords.Keywords" name="Additionalfieldsin Project Overviewfor Canada">
<status endtime="20190116 10:17:45.968" starttime="20190116 10:17:45.954" status="PASS"></status>
</kw>
<kw library="com.KTOC.TRB.testautomation.Keywords.Keywords" name="Select Supervisor">
<msg level="INFO" timestamp="20190116 10:17:50.869">06114080 selected in Supervisor</msg>
<status endtime="20190116 10:17:50.872" starttime="20190116 10:17:45.973" status="PASS"></status>
</kw>
<kw library="com.KTOC.TRB.testautomation.Keywords.Keywords" name="Select Equipment In Service">
<msg level="INFO" timestamp="20190116 10:17:52.813">EIS Escalator is clicked in Equipment InService</msg>
<status endtime="20190116 10:17:52.815" starttime="20190116 10:17:50.875" status="PASS"></status>
</kw>
<kw library="com.KTOC.TRB.testautomation.Keywords.Keywords" name="Select Template To Be Uploaded">
<msg level="INFO" timestamp="20190116 10:17:57.758">Rightclick performed on Equipment
Open Templates clicked
Automation_Template_forEscalator Entered in search
Shared templates radio button Clicked
Automation_Template_forEscalator Template Clicked</msg>
<status endtime="20190116 10:17:57.761" starttime="20190116 10:17:52.817" status="PASS"></status>
</kw>
<kw library="com.KTOC.TRB.testautomation.Keywords.Keywords" name="Verify Tender Consistency">
<msg level="INFO" timestamp="20190116 10:18:04.838">FAIL: Tender is NOT Consistent, value:url("https://ktoc-ca3.kone.com/camosHTML5Client/cH5C/SMG?i=0191f5aaded042c33180d357113667fbefc81b95&amp;w=16&amp;h=16")
FAIL: Tender is NOT Consistent, value:url("https://ktoc-ca3.kone.com/camosHTML5Client/cH5C/SMG?i=0191f5aaded042c33180d357113667fbefc81b95&amp;w=16&amp;h=16")
FAIL: Tender is NOT Consistent, value:url("https://ktoc-ca3.kone.com/camosHTML5Client/cH5C/SMG?i=0191f5aaded042c33180d357113667fbefc81b95&amp;w=16&amp;h=16")
FAIL: Tender is NOT Consistent, value:url("https://ktoc-ca3.kone.com/camosHTML5Client/cH5C/SMG?i=0191f5aaded042c33180d357113667fbefc81b95&amp;w=16&amp;h=16")
PASS: Tender is Consistent, value:url("https://ktoc-ca3.kone.com/camosHTML5Client/cH5C/SMG?i=cad9a93f6c879df1ed1373d2853634026ff3224f&amp;w=16&amp;h=16")
FAIL: Tender is NOT Consistent, value:url("https://ktoc-ca3.kone.com/camosHTML5Client/cH5C/SMG?i=0191f5aaded042c33180d357113667fbefc81b95&amp;w=16&amp;h=16")
FAIL: Tender is NOT Consistent, value:url("https://ktoc-ca3.kone.com/camosHTML5Client/cH5C/SMG?i=0191f5aaded042c33180d357113667fbefc81b95&amp;w=16&amp;h=16")
PASS: Tender is Consistent, value:url("https://ktoc-ca3.kone.com/camosHTML5Client/cH5C/SMG?i=cad9a93f6c879df1ed1373d2853634026ff3224f&amp;w=16&amp;h=16")
PASS: Tender is Consistent, value:url("https://ktoc-ca3.kone.com/camosHTML5Client/cH5C/SMG?i=cad9a93f6c879df1ed1373d2853634026ff3224f&amp;w=16&amp;h=16")
PASS: Tender is Consistent, value:url("https://ktoc-ca3.kone.com/camosHTML5Client/cH5C/SMG?i=cad9a93f6c879df1ed1373d2853634026ff3224f&amp;w=16&amp;h=16")
PASS: Tender is Consistent, value:url("https://ktoc-ca3.kone.com/camosHTML5Client/cH5C/SMG?i=cad9a93f6c879df1ed1373d2853634026ff3224f&amp;w=16&amp;h=16")
PASS: Tender is Consistent, value:url("https://ktoc-ca3.kone.com/camosHTML5Client/cH5C/SMG?i=cad9a93f6c879df1ed1373d2853634026ff3224f&amp;w=16&amp;h=16")</msg>
<status endtime="20190116 10:18:04.843" starttime="20190116 10:17:57.765" status="PASS"></status>
</kw>
<kw library="com.KTOC.TRB.testautomation.Keywords.Keywords" name="Get Tender Number">
<msg level="INFO" timestamp="20190116 10:18:04.870">Tender # is :T-0002466310</msg>
<status endtime="20190116 10:18:04.872" starttime="20190116 10:18:04.847" status="PASS"></status>
</kw>
<status critical="yes" endtime="20190116 10:18:04.875" starttime="20190116 10:17:43.681" status="PASS"></status>
</test>
<test name="22.Validate TenderPrice Without FirstMaintenance for Escalator" id="s1-s1-s1-t22">
<kw library="com.KTOC.TRB.testautomation.Keywords.Keywords" name="Pricing Icon Click">
<msg level="INFO" timestamp="20190116 10:18:05.221">pricing icon Clicked</msg>
<status endtime="20190116 10:18:05.226" starttime="20190116 10:18:04.884" status="PASS"></status>
</kw>
<kw library="com.KTOC.TRB.testautomation.Keywords.Keywords" name="Check Tender Price After Discount Update">
<arguments>
<arg>10</arg>
<arg>0</arg>
</arguments>
<msg level="INFO" timestamp="20190116 10:18:14.532">Discount entered as: 10
First maintenance: 0 Clicked</msg>
<status endtime="20190116 10:18:14.536" starttime="20190116 10:18:05.237" status="PASS"></status>
</kw>
<status critical="yes" endtime="20190116 10:18:14.541" starttime="20190116 10:18:04.880" status="PASS"></status>
</test>
<test name="23.Check TenderPrice Without FirstMaintenance for Escalator" id="s1-s1-s1-t23">
<kw library="com.KTOC.TRB.testautomation.Keywords.Keywords" name="Get Target Price">
<msg level="INFO" timestamp="20190116 10:18:15.393">TargetPrice:23049.41
Firstmaintenance:0.0
Discount:10.0
*** TenderPriceFinal:20744.47 / CurrentTenderPrice:20744.47 ***
is TenderPriceFinal VS ApplicationTenderPrice Equal: true ***
null Added in TenderPrice hence TenderPriceFinal VS TenderPrice shown in Application is: true ***</msg>
<status endtime="20190116 10:18:15.397" starttime="20190116 10:18:14.557" status="PASS"></status>
</kw>
<status critical="yes" endtime="20190116 10:18:15.400" starttime="20190116 10:18:14.551" status="PASS"></status>
</test>
<test name="24.Validate Discount Without FirstMaintenance for Escalator" id="s1-s1-s1-t24">
<kw library="com.KTOC.TRB.testautomation.Keywords.Keywords" name="Verify Discount By Changing The Tender Price">
<arguments>
<arg>1011</arg>
<arg>0</arg>
</arguments>
<msg level="INFO" timestamp="20190116 10:18:18.139">TenderPrice entered as: 1011
First maintenance: 0 Clicked</msg>
<status endtime="20190116 10:18:18.142" starttime="20190116 10:18:15.418" status="PASS"></status>
</kw>
<status critical="yes" endtime="20190116 10:18:18.145" starttime="20190116 10:18:15.404" status="PASS"></status>
</test>
<test name="25.Check Discount Without FirstMaintenance for Escalator" id="s1-s1-s1-t25">
<kw library="com.KTOC.TRB.testautomation.Keywords.Keywords" name="Get Target Price">
<msg level="INFO" timestamp="20190116 10:18:18.757">TargetPrice:23049.41
Firstmaintenance:0.0
TenderPrice:1011.0
DiscountFinal:95.61 / Discount shown in Application:95.61
*** is FinalDiscount VS ApplicationDiscount Equal:true ***
null Added in CalculatedDiscountFinal hence DiscountFinal VS Discount shown in Application is: true ***</msg>
<status endtime="20190116 10:18:18.759" starttime="20190116 10:18:18.152" status="PASS"></status>
</kw>
<status critical="yes" endtime="20190116 10:18:18.761" starttime="20190116 10:18:18.148" status="PASS"></status>
</test>
<test name="26.Validate TenderPrice With FirstMaintenance for Escalator" id="s1-s1-s1-t26">
<kw library="com.KTOC.TRB.testautomation.Keywords.Keywords" name="Check Tender Price After Discount Update">
<arguments>
<arg>11</arg>
<arg>3</arg>
</arguments>
<msg level="INFO" timestamp="20190116 10:18:23.254">Discount entered as: 11
First maintenance: 3 Clicked</msg>
<status endtime="20190116 10:18:23.258" starttime="20190116 10:18:18.768" status="PASS"></status>
</kw>
<status critical="yes" endtime="20190116 10:18:23.260" starttime="20190116 10:18:18.765" status="PASS"></status>
</test>
<test name="27.Check TenderPrice With FirstMaintenance for Escalator" id="s1-s1-s1-t27">
<kw library="com.KTOC.TRB.testautomation.Keywords.Keywords" name="Get Target Price">
<msg level="INFO" timestamp="20190116 10:18:24.022">TargetPrice:23849.41
Firstmaintenance:800.0
Discount:11.0
*** TenderPriceFinal:21313.97 / CurrentTenderPrice:21313.97 ***
is TenderPriceFinal VS ApplicationTenderPrice Equal: true ***
null Added in TenderPrice hence TenderPriceFinal VS TenderPrice shown in Application is: true ***</msg>
<status endtime="20190116 10:18:24.024" starttime="20190116 10:18:23.269" status="PASS"></status>
</kw>
<status critical="yes" endtime="20190116 10:18:24.026" starttime="20190116 10:18:23.265" status="PASS"></status>
</test>
<test name="28.Validate Discount With FirstMaintenance for Escalator" id="s1-s1-s1-t28">
<kw library="com.KTOC.TRB.testautomation.Keywords.Keywords" name="Verify Discount By Changing The Tender Price">
<arguments>
<arg>1012</arg>
<arg>0</arg>
</arguments>
<msg level="INFO" timestamp="20190116 10:18:28.840">TenderPrice entered as: 1012
First maintenance: 0 Clicked</msg>
<status endtime="20190116 10:18:28.845" starttime="20190116 10:18:24.034" status="PASS"></status>
</kw>
<status critical="yes" endtime="20190116 10:18:28.849" starttime="20190116 10:18:24.030" status="PASS"></status>
</test>
<test name="29.Check Discount With FirstMaintenance for Escalator" id="s1-s1-s1-t29">
<kw library="com.KTOC.TRB.testautomation.Keywords.Keywords" name="Get Target Price">
<msg level="INFO" timestamp="20190116 10:18:29.606">TargetPrice:23049.41
Firstmaintenance:0.0
TenderPrice:212.0
DiscountFinal:99.08 / Discount shown in Application:99.08
*** is FinalDiscount VS ApplicationDiscount Equal:true ***
null Added in CalculatedDiscountFinal hence DiscountFinal VS Discount shown in Application is: true ***</msg>
<status endtime="20190116 10:18:29.609" starttime="20190116 10:18:28.859" status="PASS"></status>
</kw>
<status critical="yes" endtime="20190116 10:18:29.612" starttime="20190116 10:18:28.852" status="PASS"></status>
</test>
<test name="30.Change and Validate Discount With FirstMaintenance for Escalator" id="s1-s1-s1-t30">
<kw library="com.KTOC.TRB.testautomation.Keywords.Keywords" name="Verify Discount By Changing The Tender Price">
<arguments>
<arg>1013</arg>
<arg>6</arg>
</arguments>
<msg level="INFO" timestamp="20190116 10:18:34.690">TenderPrice entered as: 1013
First maintenance: 6 Clicked</msg>
<status endtime="20190116 10:18:34.692" starttime="20190116 10:18:29.621" status="PASS"></status>
</kw>
<status critical="yes" endtime="20190116 10:18:34.696" starttime="20190116 10:18:29.616" status="PASS"></status>
</test>
<test name="31.Check Changed Discount With FirstMaintenance for Escalator" id="s1-s1-s1-t31">
<kw library="com.KTOC.TRB.testautomation.Keywords.Keywords" name="Get Target Price">
<msg level="INFO" timestamp="20190116 10:18:35.345">TargetPrice:24649.41
Firstmaintenance:1600.0
TenderPrice:2613.0
DiscountFinal:95.61 / Discount shown in Application:95.61
*** is FinalDiscount VS ApplicationDiscount Equal:true ***
null Added in CalculatedDiscountFinal hence DiscountFinal VS Discount shown in Application is: true ***</msg>
<status endtime="20190116 10:18:35.349" starttime="20190116 10:18:34.704" status="PASS"></status>
</kw>
<status critical="yes" endtime="20190116 10:18:35.352" starttime="20190116 10:18:34.701" status="PASS"></status>
</test>
<test name="32.CheckRegionalFactorAtSalesOfficeLevel for Escalator" id="s1-s1-s1-t32">
<kw library="com.KTOC.TRB.testautomation.Keywords.Keywords" name="Verify Regional Discount Displayed Correctly">
<msg level="INFO" timestamp="20190116 10:18:36.273">Additional Discount Icon CLICKED</msg>
<status endtime="20190116 10:18:36.275" starttime="20190116 10:18:35.358" status="PASS"></status>
</kw>
<kw library="com.KTOC.TRB.testautomation.Keywords.Keywords" name="Verify Target Price Displayed Correctly">
<arguments>
<arg>0</arg>
</arguments>
<msg level="INFO" timestamp="20190116 10:18:37.679">is read_Regionaldiscountoncomponent_Percent VS regionalDiscount equal:false *** / read_Regionaldiscountoncomponent_Percent:3.91 / regionalDiscount:4.18
is final_Regionaldiscountoncomponent VS read_Regionaldiscountoncomponent equal:false *** / final_Regionaldiscountoncomponent:1093.65 / read_Regionaldiscountoncomponent:1023.19
is final_TargetPrice VS read_TargetPrice equal:false *** / final_TargetPrice:25070.22 / read_TargetPrice:24649.41
-0.02 Added in CalculatedMaterialCost hence CalculatedMaterialcost VS ActualMaterialcost shown in Application is: false ***</msg>
<msg level="INFO" html="yes" timestamp="20190116 10:18:37.680">&lt;a href='C:\Users\con_svijay02\KTOC-TRB-Automation\KTOC_TRB_TestAutomation\Screenshots\16Jan2019_10_18_37AM\SS_16Jan2019_10_18_37AM_VerifyTargetPriceDisplayedCorrectly.png' target='_blank'&gt;&lt;img src='C:\Users\con_svijay02\KTOC-TRB-Automation\KTOC_TRB_TestAutomation\Screenshots\16Jan2019_10_18_37AM\SS_16Jan2019_10_18_37AM_VerifyTargetPriceDisplayedCorrectly.png' style='width:80%; height: auto;'/&gt;&lt;/a&gt;</msg>
<status endtime="20190116 10:18:37.695" starttime="20190116 10:18:36.279" status="PASS"></status>
</kw>
<status critical="yes" endtime="20190116 10:18:37.703" starttime="20190116 10:18:35.355" status="PASS"></status>
</test>
<test name="33.CheckRegionalFactorWhenSalesOfficeIsChanged for Escalator" id="s1-s1-s1-t33">
<kw library="com.KTOC.TRB.testautomation.Keywords.Keywords" name="Goto Configuration Pageand Change The Sales Office">
<msg level="INFO" timestamp="20190116 10:18:45.158">ToConfiguration icon clicked
Project clicked
SalesOffice value VB FRPP Selected
pricing icon Clicked</msg>
<status endtime="20190116 10:18:45.169" starttime="20190116 10:18:37.718" status="PASS"></status>
</kw>
<kw library="com.KTOC.TRB.testautomation.Keywords.Keywords" name="Verify Regional Discount Displayed Correctly">
<msg level="INFO" timestamp="20190116 10:18:50.375">Additional Discount Icon CLICKED</msg>
<status endtime="20190116 10:18:50.377" starttime="20190116 10:18:45.175" status="PASS"></status>
</kw>
<kw library="com.KTOC.TRB.testautomation.Keywords.Keywords" name="Verify Target Price Displayed Correctly">
<arguments>
<arg>0</arg>
</arguments>
<msg level="INFO" timestamp="20190116 10:18:51.805">is read_Regionaldiscountoncomponent_Percent VS regionalDiscount equal:false *** / read_Regionaldiscountoncomponent_Percent:-4.54 / regionalDiscount:-5.0
is final_Regionaldiscountoncomponent VS read_Regionaldiscountoncomponent equal:false *** / final_Regionaldiscountoncomponent:-1305.68 / read_Regionaldiscountoncomponent:-1185.55
is final_TargetPrice VS read_TargetPrice equal:false *** / final_TargetPrice:27419.32 / read_TargetPrice:27299.19
-0.02 Added in CalculatedMaterialCost hence CalculatedMaterialcost VS ActualMaterialcost shown in Application is: false ***</msg>
<msg level="INFO" html="yes" timestamp="20190116 10:18:51.806">&lt;a href='C:\Users\con_svijay02\KTOC-TRB-Automation\KTOC_TRB_TestAutomation\Screenshots\16Jan2019_10_18_51AM\SS_16Jan2019_10_18_51AM_VerifyTargetPriceDisplayedCorrectly.png' target='_blank'&gt;&lt;img src='C:\Users\con_svijay02\KTOC-TRB-Automation\KTOC_TRB_TestAutomation\Screenshots\16Jan2019_10_18_51AM\SS_16Jan2019_10_18_51AM_VerifyTargetPriceDisplayedCorrectly.png' style='width:80%; height: auto;'/&gt;&lt;/a&gt;</msg>
<status endtime="20190116 10:18:51.816" starttime="20190116 10:18:50.380" status="PASS"></status>
</kw>
<status critical="yes" endtime="20190116 10:18:51.823" starttime="20190116 10:18:37.712" status="PASS"></status>
</test>
<test name="34.Verify ITEFactorValue and LaborRateValue IsTaken From SalesOffice for Escalator" id="s1-s1-s1-t34">
<kw library="com.KTOC.TRB.testautomation.Keywords.Keywords" name="Goto Configuration Pageand Change The Primary Sales Office">
<arguments>
<arg>france</arg>
<arg>\\TestData\\KTOCTRB_AutomationTestData.xlsx</arg>
</arguments>
<msg level="INFO" timestamp="20190116 10:18:56.351">ToConfiguration icon clicked
Project clicked
SalesOffice value VB FRRW Selected
pricing icon Clicked</msg>
<status endtime="20190116 10:18:56.354" starttime="20190116 10:18:51.837" status="PASS"></status>
</kw>
<kw library="com.KTOC.TRB.testautomation.Keywords.Keywords" name="Validate Detail Breakdown Tab">
<msg level="INFO" timestamp="20190116 10:19:10.216">Detailed breakdown Clicked
[[FirefoxDriver: firefox on WINDOWS (3abb39c4-fee7-42b7-affa-d31fe91f37a0)] -&gt; xpath: //*[text()='MMS Electrification Module']] CLICKED
Show TotalCost Calculation Details CLICKED
check_showtotal_ITEfactor:2.00 / showtotal_ITEfactor:2.00
check_showtotal_Referencehours:78.00 / showtotal_Referencehours:78.00
check_showtotal_Labourrate:56.00 / showtotal_Labourrate:56.00
LabourRate:61.90 / showtotal_Labourrate:56.00
*** is_showtotal_ITEfactor: true *** / is_Labourrate: false *** / is_showtotal_Labourrate: true *** / is_showtotal_Referencehours: true ***
-0.02 Added in ITEfactor hence CalculatedLabourrate VS ActualLabourRate shown in Application is: false ***</msg>
<msg level="INFO" html="yes" timestamp="20190116 10:19:10.217">&lt;a href='C:\Users\con_svijay02\KTOC-TRB-Automation\KTOC_TRB_TestAutomation\Screenshots\16Jan2019_10_19_07AM\SS_16Jan2019_10_19_07AM_DetailBreakdownTab.png' target='_blank'&gt;&lt;img src='C:\Users\con_svijay02\KTOC-TRB-Automation\KTOC_TRB_TestAutomation\Screenshots\16Jan2019_10_19_07AM\SS_16Jan2019_10_19_07AM_DetailBreakdownTab.png' style='width:80%; height: auto;'/&gt;&lt;/a&gt;</msg>
<status endtime="20190116 10:19:10.226" starttime="20190116 10:18:56.357" status="PASS"></status>
</kw>
<status critical="yes" endtime="20190116 10:19:10.231" starttime="20190116 10:18:51.831" status="PASS"></status>
</test>
<test name="35. Verify ITEFactorValue and LaborRateValue IsTaken From Changed SalesOffice for Escalator" id="s1-s1-s1-t35">
<kw library="com.KTOC.TRB.testautomation.Keywords.Keywords" name="Goto Configuration Pageand Change The Sales Office">
<msg level="INFO" timestamp="20190116 10:19:14.996">ToConfiguration icon clicked
Project clicked
SalesOffice value VB FRPP Selected
pricing icon Clicked</msg>
<status endtime="20190116 10:19:15.010" starttime="20190116 10:19:10.242" status="PASS"></status>
</kw>
<kw library="com.KTOC.TRB.testautomation.Keywords.Keywords" name="Validate Detail Breakdown Tab">
<msg level="INFO" timestamp="20190116 10:20:09.175">Detailed breakdown Clicked
[[FirefoxDriver: firefox on WINDOWS (3abb39c4-fee7-42b7-affa-d31fe91f37a0)] -&gt; xpath: //*[text()='MMS Electrification Module']] CLICKED
Show TotalCost Calculation Details CLICKED
check_showtotal_ITEfactor:2.75 / showtotal_ITEfactor:2.75
check_showtotal_Referencehours:78.00 / showtotal_Referencehours:78.00
check_showtotal_Labourrate:60.00 / showtotal_Labourrate:60.00
LabourRate:61.00 / showtotal_Labourrate:60.00
*** is_showtotal_ITEfactor: true *** / is_Labourrate: false *** / is_showtotal_Labourrate: true *** / is_showtotal_Referencehours: true ***
-0.02 Added in ITEfactor hence CalculatedLabourrate VS ActualLabourRate shown in Application is: false ***</msg>
<msg level="INFO" html="yes" timestamp="20190116 10:20:09.176">&lt;a href='C:\Users\con_svijay02\KTOC-TRB-Automation\KTOC_TRB_TestAutomation\Screenshots\16Jan2019_10_20_05AM\SS_16Jan2019_10_20_05AM_DetailBreakdownTab.png' target='_blank'&gt;&lt;img src='C:\Users\con_svijay02\KTOC-TRB-Automation\KTOC_TRB_TestAutomation\Screenshots\16Jan2019_10_20_05AM\SS_16Jan2019_10_20_05AM_DetailBreakdownTab.png' style='width:80%; height: auto;'/&gt;&lt;/a&gt;</msg>
<status endtime="20190116 10:20:09.184" starttime="20190116 10:19:15.017" status="PASS"></status>
</kw>
<status critical="yes" endtime="20190116 10:20:09.192" starttime="20190116 10:19:10.237" status="PASS"></status>
</test>
<test name="36.Check Cost Calculated Correctly When The Tender Currency Is Different From SLCurrency for Escalator" id="s1-s1-s1-t36">
<kw library="com.KTOC.TRB.testautomation.Keywords.Keywords" name="Verify Cost Calculated Successfully">
<msg level="INFO" timestamp="20190116 10:20:09.208">*** Currencies Tab is applicable for Australia alone hence skipping TC#10 ***</msg>
<status endtime="20190116 10:20:09.211" starttime="20190116 10:20:09.203" status="PASS"></status>
</kw>
<status critical="yes" endtime="20190116 10:20:09.214" starttime="20190116 10:20:09.196" status="PASS"></status>
</test>
<test name="37.Check Price Calculated Correctly When The Tender Currency Is Different From SLCurrency for Escalator" id="s1-s1-s1-t37">
<kw library="com.KTOC.TRB.testautomation.Keywords.Keywords" name="VerifyPriceCalculatedSuccessfully TobecheckedinFrance">
<msg level="INFO" timestamp="20190116 10:21:35.866">*** Currencies Tab is applicable for Australia alone hence skipping TC#10 ***
Show TotalCost Calculation Details CLICKED
totalTargetPrice:21525.0 / subtotal_TargetPrice:21525.0
*** is totalTargetPrice vs subtotal_TargetPrice equal: true
totalMaterialcosts=3981.40 / subtotal_Materialcosts:3981.4
*** is totalMaterialcosts vs subtotal_Materialcosts equal: true
totalMaterialcostSLCurrency=3981.4 / subtotal_MaterialcostSLCurrency:3981.4
*** is totalMaterialcostSLCurrency vs subtotal_MaterialcostSLCurrency equal: true
totalReferencehours=78.0 / subtotal_Referencehours:78.0
*** is totalReferencehours vs subtotal_Referencehours equal: true
totalInstallationHours=214.5 / subtotal_InstallationHours:214.5
*** is totalInstallationHours vs subtotal_Materialcosts equal: true
totalLaborCosts=12870.0 / subtotal_LaborCosts:12870.0
*** is totalLaborCosts vs subtotal_LaborCosts equal: true
totalFullCosts=16851.4 / subtotal_FullCosts:16851.4
*** is totalFullCosts vs subtotal_FullCosts equal: true
totalTotalCost=16851.40 / subtotal_TotalCost:16851.4
*** is totalTotalCost vs subtotal_TotalCost equal: true
totalTenderPrice=946.0 / subtotal_TenderPrice:946.0
*** is totalTenderPrice vs subtotal_TenderPrice equal: true
*** Currencies Tab is applicable for Australia alone hence skipping TC#10 ***</msg>
<status endtime="20190116 10:21:35.871" starttime="20190116 10:20:09.246" status="PASS"></status>
</kw>
<status critical="yes" endtime="20190116 10:21:35.875" starttime="20190116 10:20:09.222" status="PASS"></status>
</test>
<test name="38.Check TenderLetter Is generated Correctly With All The components for Escalator" id="s1-s1-s1-t38">
<kw library="com.KTOC.TRB.testautomation.Keywords.Keywords" name="Go To Documents Taband Click The Tender">
<msg level="INFO" timestamp="20190116 10:21:48.265">ToWord icon clicked</msg>
<status endtime="20190116 10:21:48.277" starttime="20190116 10:21:35.884" status="PASS"></status>
</kw>
<kw library="com.KTOC.TRB.testautomation.Keywords.Keywords" name="Verify Successful Message Displayed">
<msg level="INFO" timestamp="20190116 10:21:52.473">Create PrintOut icon clicked
No clicked in Do you want to freeze printed version?</msg>
<status endtime="20190116 10:21:52.476" starttime="20190116 10:21:48.284" status="PASS"></status>
</kw>
<status critical="yes" endtime="20190116 10:21:52.485" starttime="20190116 10:21:35.879" status="PASS"></status>
</test>
<test name="39.Close KTOC" id="s1-s1-s1-t39">
<kw library="com.KTOC.TRB.testautomation.Keywords.Keywords" name="Click Saveand Close Button">
<msg level="INFO" timestamp="20190116 10:22:05.193">SaveandClose icon CLICKED
Yes CLICKED in SaveandClose
Automation Test Description entered in Description field in stage / Probability window
OK clicked in SalesForce.com update failed! Pop-up
Close icon CLICKED</msg>
<status endtime="20190116 10:22:05.207" starttime="20190116 10:21:52.493" status="PASS"></status>
</kw>
<status critical="yes" endtime="20190116 10:22:05.210" starttime="20190116 10:21:52.489" status="PASS"></status>
</test>
<test name="40.Verify Total SalesPrice With SF Product Information" id="s1-s1-s1-t40">
<kw library="com.KTOC.TRB.testautomation.Keywords.Keywords" name="Compare Sales Pricebetween Tender Pageand Salesforce">
<msg level="INFO" timestamp="20190116 10:22:24.211">allTender Price:4418.0 / Final_SalesPrice:800.0
is TRB allTenderPrice VS Salesforce TenderPrice equal:false ***</msg>
<msg level="INFO" html="yes" timestamp="20190116 10:22:24.213">&lt;a href='C:\Users\con_svijay02\KTOC-TRB-Automation\KTOC_TRB_TestAutomation\Screenshots\16Jan2019_10_22_20AM\SS_16Jan2019_10_22_20AM_TenderPrice not equal in compareSalesPricebetweenTenderPageandSalesforce for MultipleEquipment.png' target='_blank'&gt;&lt;img src='C:\Users\con_svijay02\KTOC-TRB-Automation\KTOC_TRB_TestAutomation\Screenshots\16Jan2019_10_22_20AM\SS_16Jan2019_10_22_20AM_TenderPrice not equal in compareSalesPricebetweenTenderPageandSalesforce for MultipleEquipment.png' style='width:80%; height: auto;'/&gt;&lt;/a&gt;
Configurator Clicked
No clicked in New Version is available for this product</msg>
<status endtime="20190116 10:22:24.228" starttime="20190116 10:22:05.220" status="PASS"></status>
</kw>
<kw library="com.KTOC.TRB.testautomation.Keywords.Keywords" name="Hand Shake">
<msg level="INFO" timestamp="20190116 10:22:31.120">FAIL: Tender is NOT Consistent, value:url("https://ktoc-ca3.kone.com/camosHTML5Client/cH5C/SMG?i=0191f5aaded042c33180d357113667fbefc81b95&amp;w=16&amp;h=16")
FAIL: Tender is NOT Consistent, value:url("https://ktoc-ca3.kone.com/camosHTML5Client/cH5C/SMG?i=0191f5aaded042c33180d357113667fbefc81b95&amp;w=16&amp;h=16")
FAIL: Tender is NOT Consistent, value:url("https://ktoc-ca3.kone.com/camosHTML5Client/cH5C/SMG?i=0191f5aaded042c33180d357113667fbefc81b95&amp;w=16&amp;h=16")
FAIL: Tender is NOT Consistent, value:url("https://ktoc-ca3.kone.com/camosHTML5Client/cH5C/SMG?i=0191f5aaded042c33180d357113667fbefc81b95&amp;w=16&amp;h=16")
PASS: Tender is Consistent, value:url("https://ktoc-ca3.kone.com/camosHTML5Client/cH5C/SMG?i=cad9a93f6c879df1ed1373d2853634026ff3224f&amp;w=16&amp;h=16")
FAIL: Tender is NOT Consistent, value:url("https://ktoc-ca3.kone.com/camosHTML5Client/cH5C/SMG?i=0191f5aaded042c33180d357113667fbefc81b95&amp;w=16&amp;h=16")
FAIL: Tender is NOT Consistent, value:url("https://ktoc-ca3.kone.com/camosHTML5Client/cH5C/SMG?i=0191f5aaded042c33180d357113667fbefc81b95&amp;w=16&amp;h=16")
FAIL: Tender is NOT Consistent, value:url("https://ktoc-ca3.kone.com/camosHTML5Client/cH5C/SMG?i=0191f5aaded042c33180d357113667fbefc81b95&amp;w=16&amp;h=16")
FAIL: Tender is NOT Consistent, value:url("https://ktoc-ca3.kone.com/camosHTML5Client/cH5C/SMG?i=0191f5aaded042c33180d357113667fbefc81b95&amp;w=16&amp;h=16")
PASS: Tender is Consistent, value:url("https://ktoc-ca3.kone.com/camosHTML5Client/cH5C/SMG?i=cad9a93f6c879df1ed1373d2853634026ff3224f&amp;w=16&amp;h=16")
FAIL: Tender is NOT Consistent, value:url("https://ktoc-ca3.kone.com/camosHTML5Client/cH5C/SMG?i=0191f5aaded042c33180d357113667fbefc81b95&amp;w=16&amp;h=16")
isHandShakeiconisEnabled:true HandShakeicon CLICKED</msg>
<status endtime="20190116 10:22:31.125" starttime="20190116 10:22:24.236" status="PASS"></status>
</kw>
<status critical="yes" endtime="20190116 10:22:31.129" starttime="20190116 10:22:05.215" status="PASS"></status>
</test>
<status endtime="20190116 10:22:31.176" starttime="20190116 10:09:56.696" status="PASS"></status>
</suite>
<status endtime="20190116 10:22:31.366" starttime="20190116 10:09:56.666" status="PASS"></status>
</suite>
<status endtime="20190116 10:22:31.463" starttime="20190116 10:09:56.282" status="PASS"></status>
</suite>
<statistics>
<total>
<stat pass="40" fail="0">Critical Tests</stat>
<stat pass="40" fail="0">All Tests</stat>
</total>
<tag>
</tag>
<suite>
<stat pass="40" fail="0" name="KTOC TRB TestAutomation" id="s1">KTOC TRB TestAutomation</stat>
<stat pass="40" fail="0" name="TestSuites" id="s1-s1">KTOC TRB TestAutomation.TestSuites</stat>
<stat pass="40" fail="0" name="RegressionKTOC TRB France MultipleEquipment" id="s1-s1-s1">KTOC TRB TestAutomation.TestSuites.RegressionKTOC TRB France MultipleEquipment</stat>
</suite>
</statistics>
<errors>
</errors>
</robot>
