<?xml version="1.0" encoding="UTF-8"?>
<robot generator="Robot 3.0.4 (Jython 2.7.0 on java1.8.0_181)" generated="20181219 11:09:49.641">
<suite source="C:\Users\con_svijay02\KTOC-TRB-Automation\KTOC_TRB_TestAutomation" name="KTOC TRB TestAutomation" id="s1">
<suite source="C:\Users\con_svijay02\KTOC-TRB-Automation\KTOC_TRB_TestAutomation\TestSuites" name="TestSuites" id="s1-s1">
<suite source="C:\Users\con_svijay02\KTOC-TRB-Automation\KTOC_TRB_TestAutomation\TestSuites\RegressionKTOC_TRB_France.robot" name="RegressionKTOC TRB France" id="s1-s1-s1">
<kw type="setup" library="com.KTOC.TRB.testautomation.Keywords.Keywords" name="Launch Browser">
<arguments>
<arg>france</arg>
<arg>\\TestData\\KTOCTRB_AutomationTestData.xlsx</arg>
</arguments>
<msg level="INFO" timestamp="20181219 11:10:37.794">1545198026117	mozrunner::runner	INFO	Running command: "C:\\Program Files\\Mozilla Firefox\\firefox.exe" "-marionette" "-foreground" "-no-remote" "-profile" "C:\\Users\\CON_SV~1\\AppData\\Local\\Temp\\rust_mozprofile.CEdhQCULranH"
1545198030466	Marionette	INFO	Listening on port 56572
1545198030591	Marionette	WARN	TLS certificate errors will be ignored for this session
Dec 19, 2018 11:10:30 AM org.openqa.selenium.remote.ProtocolHandshake createSession
INFO: Detected dialect: W3C</msg>
<status endtime="20181219 11:10:37.801" starttime="20181219 11:10:21.451" status="PASS"></status>
</kw>
<test name="1.Logon To Salesforce" id="s1-s1-s1-t1">
<kw library="com.KTOC.TRB.testautomation.Keywords.Keywords" name="Loginto Salesforce">
<status endtime="20181219 11:10:41.944" starttime="20181219 11:10:37.831" status="PASS"></status>
</kw>
<status critical="yes" endtime="20181219 11:10:41.948" starttime="20181219 11:10:37.811" status="PASS"></status>
</test>
<test name="2.Verify Creating Opportunity and Mapping It With FLTender" id="s1-s1-s1-t2">
<kw library="com.KTOC.TRB.testautomation.Keywords.Keywords" name="Create Opportunity OR Search Opportunity">
<msg level="INFO" timestamp="20181219 11:11:09.637">Opportunity Name:KOFCOL TRB SFA entered in Search box
KOFCOL TRB SFA has been clicked</msg>
<status endtime="20181219 11:11:09.641" starttime="20181219 11:10:41.964" status="PASS"></status>
</kw>
<status critical="yes" endtime="20181219 11:11:09.647" starttime="20181219 11:10:41.958" status="PASS"></status>
</test>
<test name="3.Verify Tender Created Successfully for Elevator" id="s1-s1-s1-t3">
<kw library="com.KTOC.TRB.testautomation.Keywords.Keywords" name="Navigateto KTOCTRB">
<msg level="INFO" timestamp="20181219 11:11:18.281">Release 1723 is Selected
Clicked on OK button</msg>
<status endtime="20181219 11:11:18.284" starttime="20181219 11:11:09.667" status="PASS"></status>
</kw>
<kw library="com.KTOC.TRB.testautomation.Keywords.Keywords" name="Add Equipment ID Elevator">
<msg level="INFO" timestamp="20181219 11:11:32.055">10503512 EquipmentID entered
Equipment loader clicked
checkbox clicked
Change button clicked</msg>
<status endtime="20181219 11:11:32.057" starttime="20181219 11:11:18.293" status="PASS"></status>
</kw>
<kw library="com.KTOC.TRB.testautomation.Keywords.Keywords" name="Check Hand Over Date Is Greater Than Installation Date">
<msg level="INFO" timestamp="20181219 11:11:33.144">Project clicked
Current MS5HO Date: 25/07/2020
MS5HODate Changed to: 27/07/2020</msg>
<status endtime="20181219 11:11:33.146" starttime="20181219 11:11:32.059" status="PASS"></status>
</kw>
<kw library="com.KTOC.TRB.testautomation.Keywords.Keywords" name="Check Sales Officeis Selected">
<msg level="INFO" timestamp="20181219 11:11:34.244">SalesOffice value VB FRRW Selected</msg>
<status endtime="20181219 11:11:34.248" starttime="20181219 11:11:33.148" status="PASS"></status>
</kw>
<kw library="com.KTOC.TRB.testautomation.Keywords.Keywords" name="Additionalfieldsin Project Overviewfor Canada">
<status endtime="20181219 11:11:34.267" starttime="20181219 11:11:34.262" status="PASS"></status>
</kw>
<kw library="com.KTOC.TRB.testautomation.Keywords.Keywords" name="Select Supervisor">
<msg level="INFO" timestamp="20181219 11:11:36.325">CustomerID: A10137873 entered
06114080 selected in Supervisor</msg>
<status endtime="20181219 11:11:36.327" starttime="20181219 11:11:34.271" status="PASS"></status>
</kw>
<kw library="com.KTOC.TRB.testautomation.Keywords.Keywords" name="Select Equipment In Service">
<msg level="INFO" timestamp="20181219 11:11:38.439">LIS Elevator is clicked in Equipment InService
HydraulicElevCheck clicked</msg>
<status endtime="20181219 11:11:38.442" starttime="20181219 11:11:36.330" status="PASS"></status>
</kw>
<kw library="com.KTOC.TRB.testautomation.Keywords.Keywords" name="Select Template To Be Uploaded">
<msg level="INFO" timestamp="20181219 11:11:41.765">Rightclick performed on Equipment
Open Templates clicked
Automation_Template_002 Entered in search
Shared templates radio button Clicked
Automation_Template_002 Template Clicked</msg>
<status endtime="20181219 11:11:41.766" starttime="20181219 11:11:38.448" status="PASS"></status>
</kw>
<kw library="com.KTOC.TRB.testautomation.Keywords.Keywords" name="Verify Tender Consistency">
<msg level="INFO" timestamp="20181219 11:11:44.902">PASS: Tender is Consistent, value:url("https://ktoc-ca3.kone.com/camosHTML5Client/cH5C/SMG?i=cad9a93f6c879df1ed1373d2853634026ff3224f&amp;w=16&amp;h=16")
PASS: Tender is Consistent, value:url("https://ktoc-ca3.kone.com/camosHTML5Client/cH5C/SMG?i=cad9a93f6c879df1ed1373d2853634026ff3224f&amp;w=16&amp;h=16")
PASS: Tender is Consistent, value:url("https://ktoc-ca3.kone.com/camosHTML5Client/cH5C/SMG?i=cad9a93f6c879df1ed1373d2853634026ff3224f&amp;w=16&amp;h=16")
PASS: Tender is Consistent, value:url("https://ktoc-ca3.kone.com/camosHTML5Client/cH5C/SMG?i=cad9a93f6c879df1ed1373d2853634026ff3224f&amp;w=16&amp;h=16")
PASS: Tender is Consistent, value:url("https://ktoc-ca3.kone.com/camosHTML5Client/cH5C/SMG?i=cad9a93f6c879df1ed1373d2853634026ff3224f&amp;w=16&amp;h=16")
PASS: Tender is Consistent, value:url("https://ktoc-ca3.kone.com/camosHTML5Client/cH5C/SMG?i=cad9a93f6c879df1ed1373d2853634026ff3224f&amp;w=16&amp;h=16")
PASS: Tender is Consistent, value:url("https://ktoc-ca3.kone.com/camosHTML5Client/cH5C/SMG?i=cad9a93f6c879df1ed1373d2853634026ff3224f&amp;w=16&amp;h=16")</msg>
<status endtime="20181219 11:11:44.903" starttime="20181219 11:11:41.769" status="PASS"></status>
</kw>
<kw library="com.KTOC.TRB.testautomation.Keywords.Keywords" name="Get Tender Number">
<msg level="INFO" timestamp="20181219 11:11:44.944">Tender # is :T-0002465722</msg>
<status endtime="20181219 11:11:44.945" starttime="20181219 11:11:44.905" status="PASS"></status>
</kw>
<status critical="yes" endtime="20181219 11:11:44.947" starttime="20181219 11:11:09.659" status="PASS"></status>
</test>
<test name="4.Validate TenderPrice Without FirstMaintenance for Elevator" id="s1-s1-s1-t4">
<kw library="com.KTOC.TRB.testautomation.Keywords.Keywords" name="Pricing Icon Click">
<msg level="INFO" timestamp="20181219 11:11:45.466">pricing icon Clicked</msg>
<status endtime="20181219 11:11:45.468" starttime="20181219 11:11:44.955" status="PASS"></status>
</kw>
<kw library="com.KTOC.TRB.testautomation.Keywords.Keywords" name="Check Tender Price After Discount Update">
<arguments>
<arg>10</arg>
<arg>0</arg>
</arguments>
<msg level="INFO" timestamp="20181219 11:11:49.291">Discount entered as: 10
First maintenance: 0 Clicked</msg>
<status endtime="20181219 11:11:49.295" starttime="20181219 11:11:45.470" status="PASS"></status>
</kw>
<status critical="yes" endtime="20181219 11:11:49.297" starttime="20181219 11:11:44.951" status="PASS"></status>
</test>
<test name="5.Check TenderPrice Without FirstMaintenance for Elevator" id="s1-s1-s1-t5">
<kw library="com.KTOC.TRB.testautomation.Keywords.Keywords" name="Get Target Price">
<msg level="INFO" timestamp="20181219 11:11:49.784">TargetPrice:3779.41
Firstmaintenance:0.0
Discount:10.0
*** TenderPriceFinal:3401.47 / CurrentTenderPrice:3401.47 ***
is TenderPriceFinal VS ApplicationTenderPrice Equal: true ***
null Added in TenderPrice hence TenderPriceFinal VS TenderPrice shown in Application is: true ***</msg>
<status endtime="20181219 11:11:49.787" starttime="20181219 11:11:49.304" status="PASS"></status>
</kw>
<status critical="yes" endtime="20181219 11:11:49.789" starttime="20181219 11:11:49.300" status="PASS"></status>
</test>
<test name="6.Validate Discount Without FirstMaintenance for Elevator" id="s1-s1-s1-t6">
<kw library="com.KTOC.TRB.testautomation.Keywords.Keywords" name="Verify Discount By Changing The Tender Price">
<arguments>
<arg>2001</arg>
<arg>0</arg>
</arguments>
<msg level="INFO" timestamp="20181219 11:11:52.017">TenderPrice entered as: 2001
First maintenance: 0 Clicked</msg>
<status endtime="20181219 11:11:52.022" starttime="20181219 11:11:49.796" status="PASS"></status>
</kw>
<status critical="yes" endtime="20181219 11:11:52.025" starttime="20181219 11:11:49.792" status="PASS"></status>
</test>
<test name="7.Check Discount Without FirstMaintenance for Elevator" id="s1-s1-s1-t7">
<kw library="com.KTOC.TRB.testautomation.Keywords.Keywords" name="Get Target Price">
<msg level="INFO" timestamp="20181219 11:11:52.739">TargetPrice:3779.41
Firstmaintenance:0.0
TenderPrice:2001.0
DiscountFinal:47.06 / Discount shown in Application:47.06
*** is FinalDiscount VS ApplicationDiscount Equal:true ***
null Added in CalculatedDiscountFinal hence DiscountFinal VS Discount shown in Application is: true ***</msg>
<status endtime="20181219 11:11:52.741" starttime="20181219 11:11:52.034" status="PASS"></status>
</kw>
<status critical="yes" endtime="20181219 11:11:52.743" starttime="20181219 11:11:52.029" status="PASS"></status>
</test>
<test name="8.Validate TenderPrice With FirstMaintenance for Elevator" id="s1-s1-s1-t8">
<kw library="com.KTOC.TRB.testautomation.Keywords.Keywords" name="Check Tender Price After Discount Update">
<arguments>
<arg>11</arg>
<arg>3</arg>
</arguments>
<msg level="INFO" timestamp="20181219 11:11:55.548">Discount entered as: 11
First maintenance: 3 Clicked</msg>
<status endtime="20181219 11:11:55.551" starttime="20181219 11:11:52.751" status="PASS"></status>
</kw>
<status critical="yes" endtime="20181219 11:11:55.554" starttime="20181219 11:11:52.746" status="PASS"></status>
</test>
<test name="9.Check TenderPrice With FirstMaintenance for Elevator" id="s1-s1-s1-t9">
<kw library="com.KTOC.TRB.testautomation.Keywords.Keywords" name="Get Target Price">
<msg level="INFO" timestamp="20181219 11:11:56.071">TargetPrice:4179.41
Firstmaintenance:400.0
Discount:11.0
*** TenderPriceFinal:3763.68 / CurrentTenderPrice:3763.67 ***
is TenderPriceFinal VS ApplicationTenderPrice Equal: false ***
-0.01 Added in TenderPrice hence TenderPriceFinal VS TenderPrice shown in Application is: true ***</msg>
<status endtime="20181219 11:11:56.073" starttime="20181219 11:11:55.562" status="PASS"></status>
</kw>
<status critical="yes" endtime="20181219 11:11:56.076" starttime="20181219 11:11:55.558" status="PASS"></status>
</test>
<test name="10.Validate Discount With FirstMaintenance for Elevator" id="s1-s1-s1-t10">
<kw library="com.KTOC.TRB.testautomation.Keywords.Keywords" name="Verify Discount By Changing The Tender Price">
<arguments>
<arg>1002</arg>
<arg>3</arg>
</arguments>
<msg level="INFO" timestamp="20181219 11:11:58.576">TenderPrice entered as: 1002
First maintenance: 3 Clicked</msg>
<status endtime="20181219 11:11:58.578" starttime="20181219 11:11:56.089" status="PASS"></status>
</kw>
<status critical="yes" endtime="20181219 11:11:58.580" starttime="20181219 11:11:56.082" status="PASS"></status>
</test>
<test name="11.Check Discount With FirstMaintenance for Elevator" id="s1-s1-s1-t11">
<kw library="com.KTOC.TRB.testautomation.Keywords.Keywords" name="Get Target Price">
<msg level="INFO" timestamp="20181219 11:11:59.017">TargetPrice:4179.41
Firstmaintenance:400.0
TenderPrice:1002.0
DiscountFinal:84.07 / Discount shown in Application:84.07
*** is FinalDiscount VS ApplicationDiscount Equal:true ***
null Added in CalculatedDiscountFinal hence DiscountFinal VS Discount shown in Application is: true ***</msg>
<status endtime="20181219 11:11:59.019" starttime="20181219 11:11:58.587" status="PASS"></status>
</kw>
<status critical="yes" endtime="20181219 11:11:59.021" starttime="20181219 11:11:58.584" status="PASS"></status>
</test>
<test name="12.Change and Validate Discount With FirstMaintenance for Elevator" id="s1-s1-s1-t12">
<kw library="com.KTOC.TRB.testautomation.Keywords.Keywords" name="Verify Discount By Changing The Tender Price">
<arguments>
<arg>1003</arg>
<arg>6</arg>
</arguments>
<msg level="INFO" timestamp="20181219 11:12:01.657">TenderPrice entered as: 1003
First maintenance: 6 Clicked</msg>
<status endtime="20181219 11:12:01.659" starttime="20181219 11:11:59.037" status="PASS"></status>
</kw>
<status critical="yes" endtime="20181219 11:12:01.664" starttime="20181219 11:11:59.033" status="PASS"></status>
</test>
<test name="13.Check Changed Discount With FirstMaintenance for Elevator" id="s1-s1-s1-t13">
<kw library="com.KTOC.TRB.testautomation.Keywords.Keywords" name="Get Target Price">
<msg level="INFO" timestamp="20181219 11:12:02.294">org.openqa.selenium.StaleElementReferenceException: The element reference of &lt;input id="v2429_0" class="cogbjenenuknm3 cvkr530esrf001" type="text"&gt; is stale; either the element is no longer attached to the DOM, it is not in the current frame context, or the document has been refreshed
For documentation on this error, please visit: http://seleniumhq.org/exceptions/stale_element_reference.html
Build info: version: '3.12.0', revision: '7c6e0b3', time: '2018-05-08T15:15:03.216Z'
System info: host: '5CG71660NZ', ip: '192.168.0.105', os.name: 'Windows 10', os.arch: 'amd64', os.version: '10.0', java.version: '1.8.0_181'
Driver info: org.openqa.selenium.firefox.FirefoxDriver
Capabilities {acceptInsecureCerts: true, browserName: firefox, browserVersion: 63.0, javascriptEnabled: true, moz:accessibilityChecks: false, moz:geckodriverVersion: 0.23.0, moz:headless: false, moz:processID: 9004, moz:profile: C:\Users\con_svijay02\AppDa..., moz:useNonSpecCompliantPointerOrigin: false, moz:webdriverClick: true, pageLoadStrategy: normal, platform: WINDOWS, platformName: WINDOWS, platformVersion: 10.0, rotatable: false, setWindowRect: true, timeouts: {implicit: 0, pageLoad: 300000, script: 30000}, unhandledPromptBehavior: dismiss and notify}
Session ID: bc08f2e0-17ac-4062-9b73-166a8f682bfa
	at sun.reflect.NativeConstructorAccessorImpl.newInstance0(Native Method)
	at sun.reflect.NativeConstructorAccessorImpl.newInstance(NativeConstructorAccessorImpl.java:62)
	at sun.reflect.DelegatingConstructorAccessorImpl.newInstance(DelegatingConstructorAccessorImpl.java:45)
	at java.lang.reflect.Constructor.newInstance(Constructor.java:423)
	at org.openqa.selenium.remote.http.W3CHttpResponseCodec.createException(W3CHttpResponseCodec.java:187)
	at org.openqa.selenium.remote.http.W3CHttpResponseCodec.decode(W3CHttpResponseCodec.java:122)
	at org.openqa.selenium.remote.http.W3CHttpResponseCodec.decode(W3CHttpResponseCodec.java:49)
	at org.openqa.selenium.remote.HttpCommandExecutor.execute(HttpCommandExecutor.java:158)
	at org.openqa.selenium.remote.service.DriverCommandExecutor.execute(DriverCommandExecutor.java:83)
	at org.openqa.selenium.remote.RemoteWebDriver.execute(RemoteWebDriver.java:543)
	at org.openqa.selenium.remote.RemoteWebElement.execute(RemoteWebElement.java:276)
	at org.openqa.selenium.remote.RemoteWebElement.getAttribute(RemoteWebElement.java:128)
	at com.KTOC.TRB.testautomation.Keywords.Keywords.checkingTargetPrice(Keywords.java:1652)
	at com.KTOC.TRB.testautomation.Keywords.Keywords.GetTargetPrice(Keywords.java:570)
	at sun.reflect.NativeMethodAccessorImpl.invoke0(Native Method)
	at sun.reflect.NativeMethodAccessorImpl.invoke(NativeMethodAccessorImpl.java:62)
	at sun.reflect.DelegatingMethodAccessorImpl.invoke(DelegatingMethodAccessorImpl.java:43)
	at java.lang.reflect.Method.invoke(Method.java:498)
	at org.python.core.PyReflectedFunction.__call__(PyReflectedFunction.java:186)
	at org.python.core.PyObject.__call__(PyObject.java:419)
	at org.python.core.PyMethod.instancemethod___call__(PyMethod.java:237)
	at org.python.core.PyMethod.__call__(PyMethod.java:228)
	at org.python.core.PyMethod.__call__(PyMethod.java:223)
	at org.python.core.PyObject._callextra(PyObject.java:601)
	at robot.running.librarykeywordrunner$py.f$13(C:\jython2.7.0\Lib\site-packages\robot\running\librarykeywordrunner.py:89)
	at robot.running.librarykeywordrunner$py.call_function(C:\jython2.7.0\Lib\site-packages\robot\running\librarykeywordrunner.py)
	at org.python.core.PyTableCode.call(PyTableCode.java:167)
	at org.python.core.PyBaseCode.call(PyBaseCode.java:124)
	at org.python.core.PyFunction.__call__(PyFunction.java:403)
	at robot.running.librarykeywordrunner$py._run_with_signal_monitoring$16(C:\jython2.7.0\Lib\site-packages\robot\running\librarykeywordrunner.py:103)
	at robot.running.librarykeywordrunner$py.call_function(C:\jython2.7.0\Lib\site-packages\robot\running\librarykeywordrunner.py)
	at org.python.core.PyTableCode.call(PyTableCode.java:167)
	at org.python.core.PyBaseCode.call(PyBaseCode.java:170)
	at org.python.core.PyFunction.__call__(PyFunction.java:434)
	at org.python.core.PyMethod.__call__(PyMethod.java:156)
	at robot.running.librarykeywordrunner$py._run_with_output_captured_and_signal_monitor$15(C:\jython2.7.0\Lib\site-packages\robot\running\librarykeywordrunner.py:96)
	at robot.running.librarykeywordrunner$py.call_function(C:\jython2.7.0\Lib\site-packages\robot\running\librarykeywordrunner.py)
	at org.python.core.PyTableCode.call(PyTableCode.java:167)
	at org.python.core.PyBaseCode.call(PyBaseCode.java:170)
	at org.python.core.PyFunction.__call__(PyFunction.java:434)
	at org.python.core.PyMethod.__call__(PyMethod.java:156)
	at robot.running.librarykeywordrunner$py._run$8(C:\jython2.7.0\Lib\site-packages\robot\running\librarykeywordrunner.py:77)
	at robot.running.librarykeywordrunner$py.call_function(C:\jython2.7.0\Lib\site-packages\robot\running\librarykeywordrunner.py)
	at org.python.core.PyTableCode.call(PyTableCode.java:167)
	at org.python.core.PyBaseCode.call(PyBaseCode.java:170)
	at org.python.core.PyFunction.__call__(PyFunction.java:434)
	at org.python.core.PyMethod.__call__(PyMethod.java:156)
	at robot.running.librarykeywordrunner$py.run$6(C:\jython2.7.0\Lib\site-packages\robot\running\librarykeywordrunner.py:56)
	at robot.running.librarykeywordrunner$py.call_function(C:\jython2.7.0\Lib\site-packages\robot\running\librarykeywordrunner.py)
	at org.python.core.PyTableCode.call(PyTableCode.java:167)
	at org.python.core.PyBaseCode.call(PyBaseCode.java:170)
	at org.python.core.PyFunction.__call__(PyFunction.java:434)
	at org.python.core.PyMethod.__call__(PyMethod.java:156)
	at robot.running.steprunner$py.run_step$4(C:\jython2.7.0\Lib\site-packages\robot\running\steprunner.py:57)
	at robot.running.steprunner$py.call_function(C:\jython2.7.0\Lib\site-packages\robot\running\steprunner.py)
	at org.python.core.PyTableCode.call(PyTableCode.java:167)
	at org.python.core.PyBaseCode.call(PyBaseCode.java:307)
	at org.python.core.PyBaseCode.call(PyBaseCode.java:145)
	at org.python.core.PyFunction.__call__(PyFunction.java:423)
	at org.python.core.PyMethod.__call__(PyMethod.java:141)
	at robot.running.steprunner$py.run_steps$3(C:\jython2.7.0\Lib\site-packages\robot\running\steprunner.py:47)
	at robot.running.steprunner$py.call_function(C:\jython2.7.0\Lib\site-packages\robot\running\steprunner.py)
	at org.python.core.PyTableCode.call(PyTableCode.java:167)
	at org.python.core.PyBaseCode.call(PyBaseCode.java:153)
	at org.python.core.PyFunction.__call__(PyFunction.java:423)
	at org.python.core.PyMethod.__call__(PyMethod.java:141)
	at robot.running.runner$py.visit_test$7(C:\jython2.7.0\Lib\site-packages\robot\running\runner.py:160)
	at robot.running.runner$py.call_function(C:\jython2.7.0\Lib\site-packages\robot\running\runner.py)
	at org.python.core.PyTableCode.call(PyTableCode.java:167)
	at org.python.core.PyBaseCode.call(PyBaseCode.java:153)
	at org.python.core.PyFunction.__call__(PyFunction.java:423)
	at org.python.core.PyMethod.__call__(PyMethod.java:141)
	at robot.model.testcase$py.visit$7(C:\jython2.7.0\Lib\site-packages\robot\model\testcase.py:74)
	at robot.model.testcase$py.call_function(C:\jython2.7.0\Lib\site-packages\robot\model\testcase.py)
	at org.python.core.PyTableCode.call(PyTableCode.java:167)
	at org.python.core.PyBaseCode.call(PyBaseCode.java:153)
	at org.python.core.PyFunction.__call__(PyFunction.java:423)
	at org.python.core.PyMethod.__call__(PyMethod.java:141)
	at robot.model.itemlist$py.visit$11(C:\jython2.7.0\Lib\site-packages\robot\model\itemlist.py:75)
	at robot.model.itemlist$py.call_function(C:\jython2.7.0\Lib\site-packages\robot\model\itemlist.py)
	at org.python.core.PyTableCode.call(PyTableCode.java:167)
	at org.python.core.PyBaseCode.call(PyBaseCode.java:153)
	at org.python.core.PyFunction.__call__(PyFunction.java:423)
	at org.python.core.PyMethod.__call__(PyMethod.java:141)
	at robot.model.visitor$py.visit_suite$2(C:\jython2.7.0\Lib\site-packages\robot\model\visitor.py:88)
	at robot.model.visitor$py.call_function(C:\jython2.7.0\Lib\site-packages\robot\model\visitor.py)
	at org.python.core.PyTableCode.call(PyTableCode.java:167)
	at org.python.core.PyBaseCode.call(PyBaseCode.java:153)
	at org.python.core.PyFunction.__call__(PyFunction.java:423)
	at org.python.core.PyMethod.__call__(PyMethod.java:141)
	at robot.model.testsuite$py.visit$19(C:\jython2.7.0\Lib\site-packages\robot\model\testsuite.py:161)
	at robot.model.testsuite$py.call_function(C:\jython2.7.0\Lib\site-packages\robot\model\testsuite.py)
	at org.python.core.PyTableCode.call(PyTableCode.java:167)
	at org.python.core.PyBaseCode.call(PyBaseCode.java:153)
	at org.python.core.PyFunction.__call__(PyFunction.java:423)
	at org.python.core.PyMethod.__call__(PyMethod.java:141)
	at robot.model.itemlist$py.visit$11(C:\jython2.7.0\Lib\site-packages\robot\model\itemlist.py:75)
	at robot.model.itemlist$py.call_function(C:\jython2.7.0\Lib\site-packages\robot\model\itemlist.py)
	at org.python.core.PyTableCode.call(PyTableCode.java:167)
	at org.python.core.PyBaseCode.call(PyBaseCode.java:153)
	at org.python.core.PyFunction.__call__(PyFunction.java:423)
	at org.python.core.PyMethod.__call__(PyMethod.java:141)
	at robot.model.visitor$py.visit_suite$2(C:\jython2.7.0\Lib\site-packages\robot\model\visitor.py:88)
	at robot.model.visitor$py.call_function(C:\jython2.7.0\Lib\site-packages\robot\model\visitor.py)
	at org.python.core.PyTableCode.call(PyTableCode.java:167)
	at org.python.core.PyBaseCode.call(PyBaseCode.java:153)
	at org.python.core.PyFunction.__call__(PyFunction.java:423)
	at org.python.core.PyMethod.__call__(PyMethod.java:141)
	at robot.model.testsuite$py.visit$19(C:\jython2.7.0\Lib\site-packages\robot\model\testsuite.py:161)
	at robot.model.testsuite$py.call_function(C:\jython2.7.0\Lib\site-packages\robot\model\testsuite.py)
	at org.python.core.PyTableCode.call(PyTableCode.java:167)
	at org.python.core.PyBaseCode.call(PyBaseCode.java:153)
	at org.python.core.PyFunction.__call__(PyFunction.java:423)
	at org.python.core.PyMethod.__call__(PyMethod.java:141)
	at robot.model.itemlist$py.visit$11(C:\jython2.7.0\Lib\site-packages\robot\model\itemlist.py:75)
	at robot.model.itemlist$py.call_function(C:\jython2.7.0\Lib\site-packages\robot\model\itemlist.py)
	at org.python.core.PyTableCode.call(PyTableCode.java:167)
	at org.python.core.PyBaseCode.call(PyBaseCode.java:153)
	at org.python.core.PyFunction.__call__(PyFunction.java:423)
	at org.python.core.PyMethod.__call__(PyMethod.java:141)
	at robot.model.visitor$py.visit_suite$2(C:\jython2.7.0\Lib\site-packages\robot\model\visitor.py:88)
	at robot.model.visitor$py.call_function(C:\jython2.7.0\Lib\site-packages\robot\model\visitor.py)
	at org.python.core.PyTableCode.call(PyTableCode.java:167)
	at org.python.core.PyBaseCode.call(PyBaseCode.java:153)
	at org.python.core.PyFunction.__call__(PyFunction.java:423)
	at org.python.core.PyMethod.__call__(PyMethod.java:141)
	at robot.model.testsuite$py.visit$19(C:\jython2.7.0\Lib\site-packages\robot\model\testsuite.py:161)
	at robot.model.testsuite$py.call_function(C:\jython2.7.0\Lib\site-packages\robot\model\testsuite.py)
	at org.python.core.PyTableCode.call(PyTableCode.java:167)
	at org.python.core.PyBaseCode.call(PyBaseCode.java:153)
	at org.python.core.PyFunction.__call__(PyFunction.java:423)
	at org.python.core.PyMethod.__call__(PyMethod.java:141)
	at robot.running.model$py.run$17(C:\jython2.7.0\Lib\site-packages\robot\running\model.py:250)
	at robot.running.model$py.call_function(C:\jython2.7.0\Lib\site-packages\robot\running\model.py)
	at org.python.core.PyTableCode.call(PyTableCode.java:167)
	at org.python.core.PyBaseCode.call(PyBaseCode.java:307)
	at org.python.core.PyBaseCode.call(PyBaseCode.java:145)
	at org.python.core.PyFunction.__call__(PyFunction.java:423)
	at org.python.core.PyMethod.__call__(PyMethod.java:141)
	at org.python.pycode._pyx10.main$3(C:\jython2.7.0\Lib\site-packages\robot\run.py:452)
	at org.python.pycode._pyx10.call_function(C:\jython2.7.0\Lib\site-packages\robot\run.py)
	at org.python.core.PyTableCode.call(PyTableCode.java:167)
	at org.python.core.PyBaseCode.call(PyBaseCode.java:307)
	at org.python.core.PyBaseCode.call(PyBaseCode.java:198)
	at org.python.core.PyFunction.__call__(PyFunction.java:482)
	at org.python.core.PyMethod.instancemethod___call__(PyMethod.java:237)
	at org.python.core.PyMethod.__call__(PyMethod.java:228)
	at org.python.core.PyMethod.__call__(PyMethod.java:223)
	at org.python.core.PyObject._callextra(PyObject.java:601)
	at robot.utils.application$py._execute$10(C:\jython2.7.0\Lib\site-packages\robot\utils\application.py:94)
	at robot.utils.application$py.call_function(C:\jython2.7.0\Lib\site-packages\robot\utils\application.py)
	at org.python.core.PyTableCode.call(PyTableCode.java:167)
	at org.python.core.PyBaseCode.call(PyBaseCode.java:170)
	at org.python.core.PyFunction.__call__(PyFunction.java:434)
	at org.python.core.PyMethod.__call__(PyMethod.java:156)
	at robot.utils.application$py.execute_cli$5(C:\jython2.7.0\Lib\site-packages\robot\utils\application.py:49)
	at robot.utils.application$py.call_function(C:\jython2.7.0\Lib\site-packages\robot\utils\application.py)
	at org.python.core.PyTableCode.call(PyTableCode.java:167)
	at org.python.core.PyBaseCode.call(PyBaseCode.java:307)
	at org.python.core.PyBaseCode.call(PyBaseCode.java:198)
	at org.python.core.PyFunction.__call__(PyFunction.java:482)
	at org.python.core.PyMethod.instancemethod___call__(PyMethod.java:237)
	at org.python.core.PyMethod.__call__(PyMethod.java:228)
	at org.python.pycode._pyx10.run_cli$7(C:\jython2.7.0\Lib\site-packages\robot\run.py:489)
	at org.python.pycode._pyx10.call_function(C:\jython2.7.0\Lib\site-packages\robot\run.py)
	at org.python.core.PyTableCode.call(PyTableCode.java:167)
	at org.python.core.PyBaseCode.call(PyBaseCode.java:307)
	at org.python.core.PyBaseCode.call(PyBaseCode.java:131)
	at org.python.core.PyFunction.__call__(PyFunction.java:413)
	at org.python.pycode._pyx10.f$0(C:\jython2.7.0\Lib\site-packages\robot\run.py:550)
	at org.python.pycode._pyx10.call_function(C:\jython2.7.0\Lib\site-packages\robot\run.py)
	at org.python.core.PyTableCode.call(PyTableCode.java:167)
	at org.python.core.PyCode.call(PyCode.java:18)
	at org.python.core.Py.runCode(Py.java:1386)
	at org.python.core.Py.exec(Py.java:1430)
	at runpy$py._run_code$9(C:\jython2.7.0\Lib\runpy.py:73)
	at runpy$py.call_function(C:\jython2.7.0\Lib\runpy.py)
	at org.python.core.PyTableCode.call(PyTableCode.java:167)
	at org.python.core.PyBaseCode.call(PyBaseCode.java:307)
	at org.python.core.PyFunction.function___call__(PyFunction.java:471)
	at org.python.core.PyFunction.__call__(PyFunction.java:466)
	at org.python.core.PyFunction.__call__(PyFunction.java:456)
	at runpy$py._run_module_as_main$14(C:\jython2.7.0\Lib\runpy.py:161)
	at runpy$py.call_function(C:\jython2.7.0\Lib\runpy.py)
	at org.python.core.PyTableCode.call(PyTableCode.java:167)
	at org.python.core.PyBaseCode.call(PyBaseCode.java:153)
	at org.python.core.PyFunction.__call__(PyFunction.java:423)
	at org.python.core.PyFunction.__call__(PyFunction.java:418)
	at org.python.util.jython.runModule(jython.java:199)
	at org.python.util.jython.runModule(jython.java:191)
	at org.python.util.jython.run(jython.java:402)
	at org.python.util.jython.main(jython.java:142)</msg>
<msg level="FAIL" timestamp="20181219 11:12:02.329">IllegalStateException: failure 'Checking TargetPrice Failed due to: org.openqa.selenium.StaleElementReferenceException: The element reference of &lt;input id="v2429_0" class="cogbjenenuknm3 cvkr530esrf001" type="text"&gt; is stale; either the element is no longer attached to the DOM, it is not in the current frame context, or the document has been refreshed
For documentation on this error, please visit: http://seleniumhq.org/exceptions/stale_element_reference.html
Build info: version: '3.12.0', revision: '7c6e0b3', time: '2018-05-08T15:15:03.216Z'
System info: host: '5CG71660NZ', ip: '192.168.0.105', os.name: 'Windows 10', os.arch: 'amd64', os.version: '10.0', java.version: '1.8.0_181'
Driver info: org.openqa.selenium.firefox.FirefoxDriver
Capabilities {acceptInsecureCerts: true, browserName: firefox, browserVersion: 63.0, javascriptEnabled: true, moz:accessibilityChecks: false, moz:geckodriverVersion: 0.23.0, moz:headless: false, moz:processID: 9004, moz:profile: C:\Users\con_svijay02\AppDa..., moz:useNonSpecCompliantPointerOrigin: false, moz:webdriverClick: true, pageLoadStrategy: normal, platform: WINDOWS, platformName: WINDOWS, platformVersion: 10.0, rotatable: false, setWindowRect: true, timeouts: {implicit: 0, pageLoad: 300000, script: 30000}, unhandledPromptBehavior: dismiss and notify}
Session ID: bc08f2e0-17ac-4062-9b73-166a8f682bfa'</msg>
<status endtime="20181219 11:12:02.331" starttime="20181219 11:12:01.675" status="FAIL"></status>
</kw>
<status critical="yes" endtime="20181219 11:12:02.334" starttime="20181219 11:12:01.671" status="FAIL">IllegalStateException: failure 'Checking TargetPrice Failed due to: org.openqa.selenium.StaleElementReferenceException: The element reference of &lt;input id="v2429_0" class="cogbjenenuknm3 cvkr530esrf001" type="text"&gt; is stale; either the element is no longer attached to the DOM, it is not in the current frame context, or the document has been refreshed
For documentation on this error, please visit: http://seleniumhq.org/exceptions/stale_element_reference.html
Build info: version: '3.12.0', revision: '7c6e0b3', time: '2018-05-08T15:15:03.216Z'
System info: host: '5CG71660NZ', ip: '192.168.0.105', os.name: 'Windows 10', os.arch: 'amd64', os.version: '10.0', java.version: '1.8.0_181'
Driver info: org.openqa.selenium.firefox.FirefoxDriver
Capabilities {acceptInsecureCerts: true, browserName: firefox, browserVersion: 63.0, javascriptEnabled: true, moz:accessibilityChecks: false, moz:geckodriverVersion: 0.23.0, moz:headless: false, moz:processID: 9004, moz:profile: C:\Users\con_svijay02\AppDa..., moz:useNonSpecCompliantPointerOrigin: false, moz:webdriverClick: true, pageLoadStrategy: normal, platform: WINDOWS, platformName: WINDOWS, platformVersion: 10.0, rotatable: false, setWindowRect: true, timeouts: {implicit: 0, pageLoad: 300000, script: 30000}, unhandledPromptBehavior: dismiss and notify}
Session ID: bc08f2e0-17ac-4062-9b73-166a8f682bfa'</status>
</test>
<test name="14.CheckRegionalFactorAtSalesOfficeLevel for Elevator" id="s1-s1-s1-t14">
<kw library="com.KTOC.TRB.testautomation.Keywords.Keywords" name="Verify Regional Discount Displayed Correctly">
<msg level="INFO" timestamp="20181219 11:12:03.015">Additional Discount Icon CLICKED</msg>
<status endtime="20181219 11:12:03.017" starttime="20181219 11:12:02.347" status="PASS"></status>
</kw>
<kw library="com.KTOC.TRB.testautomation.Keywords.Keywords" name="Verify Target Price Displayed Correctly">
<arguments>
<arg>0</arg>
</arguments>
<msg level="INFO" timestamp="20181219 11:12:04.302">is read_Regionaldiscountoncomponent_Percent VS regionalDiscount equal:false *** / read_Regionaldiscountoncomponent_Percent:4.18 / regionalDiscount:4.0
is final_Regionaldiscountoncomponent VS read_Regionaldiscountoncomponent equal:false *** / final_Regionaldiscountoncomponent:194.55 / read_Regionaldiscountoncomponent:203.19
is final_TargetPrice VS read_TargetPrice equal:false *** / final_TargetPrice:4669.32 / read_TargetPrice:4579.41
-0.02 Added in CalculatedMaterialCost hence CalculatedMaterialcost VS ActualMaterialcost shown in Application is: false ***</msg>
<msg level="INFO" html="yes" timestamp="20181219 11:12:04.302">&lt;a href='C:\Users\con_svijay02\KTOC-TRB-Automation\KTOC_TRB_TestAutomation\Screenshots\19Dec2018_11_12_04AM\SS_19Dec2018_11_12_04AM_VerifyTargetPriceDisplayedCorrectly.png' target='_blank'&gt;&lt;img src='C:\Users\con_svijay02\KTOC-TRB-Automation\KTOC_TRB_TestAutomation\Screenshots\19Dec2018_11_12_04AM\SS_19Dec2018_11_12_04AM_VerifyTargetPriceDisplayedCorrectly.png' style='width:80%; height: auto;'/&gt;&lt;/a&gt;</msg>
<msg level="INFO" timestamp="20181219 11:12:04.308">java.lang.IllegalStateException: failure 'Failed due to Get Regional Discount'
	at org.python.icu.impl.Assert.fail(Assert.java:15)
	at com.KTOC.TRB.testautomation.Keywords.Keywords.getRegionalDiscount(Keywords.java:841)
	at com.KTOC.TRB.testautomation.Keywords.Keywords.verifyTargetPriceDisplayedCorrectly(Keywords.java:588)
	at sun.reflect.NativeMethodAccessorImpl.invoke0(Native Method)
	at sun.reflect.NativeMethodAccessorImpl.invoke(NativeMethodAccessorImpl.java:62)
	at sun.reflect.DelegatingMethodAccessorImpl.invoke(DelegatingMethodAccessorImpl.java:43)
	at java.lang.reflect.Method.invoke(Method.java:498)
	at org.python.core.PyReflectedFunction.__call__(PyReflectedFunction.java:186)
	at org.python.core.PyObject.__call__(PyObject.java:419)
	at org.python.core.PyMethod.instancemethod___call__(PyMethod.java:237)
	at org.python.core.PyMethod.__call__(PyMethod.java:228)
	at org.python.core.PyMethod.__call__(PyMethod.java:223)
	at org.python.core.PyObject._callextra(PyObject.java:601)
	at robot.running.librarykeywordrunner$py.f$13(C:\jython2.7.0\Lib\site-packages\robot\running\librarykeywordrunner.py:89)
	at robot.running.librarykeywordrunner$py.call_function(C:\jython2.7.0\Lib\site-packages\robot\running\librarykeywordrunner.py)
	at org.python.core.PyTableCode.call(PyTableCode.java:167)
	at org.python.core.PyBaseCode.call(PyBaseCode.java:124)
	at org.python.core.PyFunction.__call__(PyFunction.java:403)
	at robot.running.librarykeywordrunner$py._run_with_signal_monitoring$16(C:\jython2.7.0\Lib\site-packages\robot\running\librarykeywordrunner.py:103)
	at robot.running.librarykeywordrunner$py.call_function(C:\jython2.7.0\Lib\site-packages\robot\running\librarykeywordrunner.py)
	at org.python.core.PyTableCode.call(PyTableCode.java:167)
	at org.python.core.PyBaseCode.call(PyBaseCode.java:170)
	at org.python.core.PyFunction.__call__(PyFunction.java:434)
	at org.python.core.PyMethod.__call__(PyMethod.java:156)
	at robot.running.librarykeywordrunner$py._run_with_output_captured_and_signal_monitor$15(C:\jython2.7.0\Lib\site-packages\robot\running\librarykeywordrunner.py:96)
	at robot.running.librarykeywordrunner$py.call_function(C:\jython2.7.0\Lib\site-packages\robot\running\librarykeywordrunner.py)
	at org.python.core.PyTableCode.call(PyTableCode.java:167)
	at org.python.core.PyBaseCode.call(PyBaseCode.java:170)
	at org.python.core.PyFunction.__call__(PyFunction.java:434)
	at org.python.core.PyMethod.__call__(PyMethod.java:156)
	at robot.running.librarykeywordrunner$py._run$8(C:\jython2.7.0\Lib\site-packages\robot\running\librarykeywordrunner.py:77)
	at robot.running.librarykeywordrunner$py.call_function(C:\jython2.7.0\Lib\site-packages\robot\running\librarykeywordrunner.py)
	at org.python.core.PyTableCode.call(PyTableCode.java:167)
	at org.python.core.PyBaseCode.call(PyBaseCode.java:170)
	at org.python.core.PyFunction.__call__(PyFunction.java:434)
	at org.python.core.PyMethod.__call__(PyMethod.java:156)
	at robot.running.librarykeywordrunner$py.run$6(C:\jython2.7.0\Lib\site-packages\robot\running\librarykeywordrunner.py:56)
	at robot.running.librarykeywordrunner$py.call_function(C:\jython2.7.0\Lib\site-packages\robot\running\librarykeywordrunner.py)
	at org.python.core.PyTableCode.call(PyTableCode.java:167)
	at org.python.core.PyBaseCode.call(PyBaseCode.java:170)
	at org.python.core.PyFunction.__call__(PyFunction.java:434)
	at org.python.core.PyMethod.__call__(PyMethod.java:156)
	at robot.running.steprunner$py.run_step$4(C:\jython2.7.0\Lib\site-packages\robot\running\steprunner.py:57)
	at robot.running.steprunner$py.call_function(C:\jython2.7.0\Lib\site-packages\robot\running\steprunner.py)
	at org.python.core.PyTableCode.call(PyTableCode.java:167)
	at org.python.core.PyBaseCode.call(PyBaseCode.java:307)
	at org.python.core.PyBaseCode.call(PyBaseCode.java:145)
	at org.python.core.PyFunction.__call__(PyFunction.java:423)
	at org.python.core.PyMethod.__call__(PyMethod.java:141)
	at robot.running.steprunner$py.run_steps$3(C:\jython2.7.0\Lib\site-packages\robot\running\steprunner.py:47)
	at robot.running.steprunner$py.call_function(C:\jython2.7.0\Lib\site-packages\robot\running\steprunner.py)
	at org.python.core.PyTableCode.call(PyTableCode.java:167)
	at org.python.core.PyBaseCode.call(PyBaseCode.java:153)
	at org.python.core.PyFunction.__call__(PyFunction.java:423)
	at org.python.core.PyMethod.__call__(PyMethod.java:141)
	at robot.running.runner$py.visit_test$7(C:\jython2.7.0\Lib\site-packages\robot\running\runner.py:160)
	at robot.running.runner$py.call_function(C:\jython2.7.0\Lib\site-packages\robot\running\runner.py)
	at org.python.core.PyTableCode.call(PyTableCode.java:167)
	at org.python.core.PyBaseCode.call(PyBaseCode.java:153)
	at org.python.core.PyFunction.__call__(PyFunction.java:423)
	at org.python.core.PyMethod.__call__(PyMethod.java:141)
	at robot.model.testcase$py.visit$7(C:\jython2.7.0\Lib\site-packages\robot\model\testcase.py:74)
	at robot.model.testcase$py.call_function(C:\jython2.7.0\Lib\site-packages\robot\model\testcase.py)
	at org.python.core.PyTableCode.call(PyTableCode.java:167)
	at org.python.core.PyBaseCode.call(PyBaseCode.java:153)
	at org.python.core.PyFunction.__call__(PyFunction.java:423)
	at org.python.core.PyMethod.__call__(PyMethod.java:141)
	at robot.model.itemlist$py.visit$11(C:\jython2.7.0\Lib\site-packages\robot\model\itemlist.py:75)
	at robot.model.itemlist$py.call_function(C:\jython2.7.0\Lib\site-packages\robot\model\itemlist.py)
	at org.python.core.PyTableCode.call(PyTableCode.java:167)
	at org.python.core.PyBaseCode.call(PyBaseCode.java:153)
	at org.python.core.PyFunction.__call__(PyFunction.java:423)
	at org.python.core.PyMethod.__call__(PyMethod.java:141)
	at robot.model.visitor$py.visit_suite$2(C:\jython2.7.0\Lib\site-packages\robot\model\visitor.py:88)
	at robot.model.visitor$py.call_function(C:\jython2.7.0\Lib\site-packages\robot\model\visitor.py)
	at org.python.core.PyTableCode.call(PyTableCode.java:167)
	at org.python.core.PyBaseCode.call(PyBaseCode.java:153)
	at org.python.core.PyFunction.__call__(PyFunction.java:423)
	at org.python.core.PyMethod.__call__(PyMethod.java:141)
	at robot.model.testsuite$py.visit$19(C:\jython2.7.0\Lib\site-packages\robot\model\testsuite.py:161)
	at robot.model.testsuite$py.call_function(C:\jython2.7.0\Lib\site-packages\robot\model\testsuite.py)
	at org.python.core.PyTableCode.call(PyTableCode.java:167)
	at org.python.core.PyBaseCode.call(PyBaseCode.java:153)
	at org.python.core.PyFunction.__call__(PyFunction.java:423)
	at org.python.core.PyMethod.__call__(PyMethod.java:141)
	at robot.model.itemlist$py.visit$11(C:\jython2.7.0\Lib\site-packages\robot\model\itemlist.py:75)
	at robot.model.itemlist$py.call_function(C:\jython2.7.0\Lib\site-packages\robot\model\itemlist.py)
	at org.python.core.PyTableCode.call(PyTableCode.java:167)
	at org.python.core.PyBaseCode.call(PyBaseCode.java:153)
	at org.python.core.PyFunction.__call__(PyFunction.java:423)
	at org.python.core.PyMethod.__call__(PyMethod.java:141)
	at robot.model.visitor$py.visit_suite$2(C:\jython2.7.0\Lib\site-packages\robot\model\visitor.py:88)
	at robot.model.visitor$py.call_function(C:\jython2.7.0\Lib\site-packages\robot\model\visitor.py)
	at org.python.core.PyTableCode.call(PyTableCode.java:167)
	at org.python.core.PyBaseCode.call(PyBaseCode.java:153)
	at org.python.core.PyFunction.__call__(PyFunction.java:423)
	at org.python.core.PyMethod.__call__(PyMethod.java:141)
	at robot.model.testsuite$py.visit$19(C:\jython2.7.0\Lib\site-packages\robot\model\testsuite.py:161)
	at robot.model.testsuite$py.call_function(C:\jython2.7.0\Lib\site-packages\robot\model\testsuite.py)
	at org.python.core.PyTableCode.call(PyTableCode.java:167)
	at org.python.core.PyBaseCode.call(PyBaseCode.java:153)
	at org.python.core.PyFunction.__call__(PyFunction.java:423)
	at org.python.core.PyMethod.__call__(PyMethod.java:141)
	at robot.model.itemlist$py.visit$11(C:\jython2.7.0\Lib\site-packages\robot\model\itemlist.py:75)
	at robot.model.itemlist$py.call_function(C:\jython2.7.0\Lib\site-packages\robot\model\itemlist.py)
	at org.python.core.PyTableCode.call(PyTableCode.java:167)
	at org.python.core.PyBaseCode.call(PyBaseCode.java:153)
	at org.python.core.PyFunction.__call__(PyFunction.java:423)
	at org.python.core.PyMethod.__call__(PyMethod.java:141)
	at robot.model.visitor$py.visit_suite$2(C:\jython2.7.0\Lib\site-packages\robot\model\visitor.py:88)
	at robot.model.visitor$py.call_function(C:\jython2.7.0\Lib\site-packages\robot\model\visitor.py)
	at org.python.core.PyTableCode.call(PyTableCode.java:167)
	at org.python.core.PyBaseCode.call(PyBaseCode.java:153)
	at org.python.core.PyFunction.__call__(PyFunction.java:423)
	at org.python.core.PyMethod.__call__(PyMethod.java:141)
	at robot.model.testsuite$py.visit$19(C:\jython2.7.0\Lib\site-packages\robot\model\testsuite.py:161)
	at robot.model.testsuite$py.call_function(C:\jython2.7.0\Lib\site-packages\robot\model\testsuite.py)
	at org.python.core.PyTableCode.call(PyTableCode.java:167)
	at org.python.core.PyBaseCode.call(PyBaseCode.java:153)
	at org.python.core.PyFunction.__call__(PyFunction.java:423)
	at org.python.core.PyMethod.__call__(PyMethod.java:141)
	at robot.running.model$py.run$17(C:\jython2.7.0\Lib\site-packages\robot\running\model.py:250)
	at robot.running.model$py.call_function(C:\jython2.7.0\Lib\site-packages\robot\running\model.py)
	at org.python.core.PyTableCode.call(PyTableCode.java:167)
	at org.python.core.PyBaseCode.call(PyBaseCode.java:307)
	at org.python.core.PyBaseCode.call(PyBaseCode.java:145)
	at org.python.core.PyFunction.__call__(PyFunction.java:423)
	at org.python.core.PyMethod.__call__(PyMethod.java:141)
	at org.python.pycode._pyx10.main$3(C:\jython2.7.0\Lib\site-packages\robot\run.py:452)
	at org.python.pycode._pyx10.call_function(C:\jython2.7.0\Lib\site-packages\robot\run.py)
	at org.python.core.PyTableCode.call(PyTableCode.java:167)
	at org.python.core.PyBaseCode.call(PyBaseCode.java:307)
	at org.python.core.PyBaseCode.call(PyBaseCode.java:198)
	at org.python.core.PyFunction.__call__(PyFunction.java:482)
	at org.python.core.PyMethod.instancemethod___call__(PyMethod.java:237)
	at org.python.core.PyMethod.__call__(PyMethod.java:228)
	at org.python.core.PyMethod.__call__(PyMethod.java:223)
	at org.python.core.PyObject._callextra(PyObject.java:601)
	at robot.utils.application$py._execute$10(C:\jython2.7.0\Lib\site-packages\robot\utils\application.py:94)
	at robot.utils.application$py.call_function(C:\jython2.7.0\Lib\site-packages\robot\utils\application.py)
	at org.python.core.PyTableCode.call(PyTableCode.java:167)
	at org.python.core.PyBaseCode.call(PyBaseCode.java:170)
	at org.python.core.PyFunction.__call__(PyFunction.java:434)
	at org.python.core.PyMethod.__call__(PyMethod.java:156)
	at robot.utils.application$py.execute_cli$5(C:\jython2.7.0\Lib\site-packages\robot\utils\application.py:49)
	at robot.utils.application$py.call_function(C:\jython2.7.0\Lib\site-packages\robot\utils\application.py)
	at org.python.core.PyTableCode.call(PyTableCode.java:167)
	at org.python.core.PyBaseCode.call(PyBaseCode.java:307)
	at org.python.core.PyBaseCode.call(PyBaseCode.java:198)
	at org.python.core.PyFunction.__call__(PyFunction.java:482)
	at org.python.core.PyMethod.instancemethod___call__(PyMethod.java:237)
	at org.python.core.PyMethod.__call__(PyMethod.java:228)
	at org.python.pycode._pyx10.run_cli$7(C:\jython2.7.0\Lib\site-packages\robot\run.py:489)
	at org.python.pycode._pyx10.call_function(C:\jython2.7.0\Lib\site-packages\robot\run.py)
	at org.python.core.PyTableCode.call(PyTableCode.java:167)
	at org.python.core.PyBaseCode.call(PyBaseCode.java:307)
	at org.python.core.PyBaseCode.call(PyBaseCode.java:131)
	at org.python.core.PyFunction.__call__(PyFunction.java:413)
	at org.python.pycode._pyx10.f$0(C:\jython2.7.0\Lib\site-packages\robot\run.py:550)
	at org.python.pycode._pyx10.call_function(C:\jython2.7.0\Lib\site-packages\robot\run.py)
	at org.python.core.PyTableCode.call(PyTableCode.java:167)
	at org.python.core.PyCode.call(PyCode.java:18)
	at org.python.core.Py.runCode(Py.java:1386)
	at org.python.core.Py.exec(Py.java:1430)
	at runpy$py._run_code$9(C:\jython2.7.0\Lib\runpy.py:73)
	at runpy$py.call_function(C:\jython2.7.0\Lib\runpy.py)
	at org.python.core.PyTableCode.call(PyTableCode.java:167)
	at org.python.core.PyBaseCode.call(PyBaseCode.java:307)
	at org.python.core.PyFunction.function___call__(PyFunction.java:471)
	at org.python.core.PyFunction.__call__(PyFunction.java:466)
	at org.python.core.PyFunction.__call__(PyFunction.java:456)
	at runpy$py._run_module_as_main$14(C:\jython2.7.0\Lib\runpy.py:161)
	at runpy$py.call_function(C:\jython2.7.0\Lib\runpy.py)
	at org.python.core.PyTableCode.call(PyTableCode.java:167)
	at org.python.core.PyBaseCode.call(PyBaseCode.java:153)
	at org.python.core.PyFunction.__call__(PyFunction.java:423)
	at org.python.core.PyFunction.__call__(PyFunction.java:418)
	at org.python.util.jython.runModule(jython.java:199)
	at org.python.util.jython.runModule(jython.java:191)
	at org.python.util.jython.run(jython.java:402)
	at org.python.util.jython.main(jython.java:142)</msg>
<msg level="FAIL" timestamp="20181219 11:12:04.332">IllegalStateException: failure 'Get Regional Discount Failed due to:java.lang.IllegalStateException: failure 'Failed due to Get Regional Discount''</msg>
<status endtime="20181219 11:12:04.334" starttime="20181219 11:12:03.019" status="FAIL"></status>
</kw>
<status critical="yes" endtime="20181219 11:12:04.341" starttime="20181219 11:12:02.342" status="FAIL">IllegalStateException: failure 'Get Regional Discount Failed due to:java.lang.IllegalStateException: failure 'Failed due to Get Regional Discount''</status>
</test>
<test name="15.CheckRegionalFactorWhenSalesOfficeIsChanged for Elevator" id="s1-s1-s1-t15">
<kw library="com.KTOC.TRB.testautomation.Keywords.Keywords" name="Goto Configuration Pageand Change The Sales Office">
<msg level="INFO" timestamp="20181219 11:12:07.689">ToConfiguration icon clicked
Project clicked
SalesOffice value VB FRPP Selected
pricing icon Clicked</msg>
<status endtime="20181219 11:12:07.691" starttime="20181219 11:12:04.367" status="PASS"></status>
</kw>
<kw library="com.KTOC.TRB.testautomation.Keywords.Keywords" name="Verify Regional Discount Displayed Correctly">
<msg level="INFO" timestamp="20181219 11:12:09.337">Additional Discount Icon CLICKED</msg>
<status endtime="20181219 11:12:09.339" starttime="20181219 11:12:07.693" status="PASS"></status>
</kw>
<kw library="com.KTOC.TRB.testautomation.Keywords.Keywords" name="Verify Target Price Displayed Correctly">
<arguments>
<arg>0</arg>
</arguments>
<msg level="INFO" timestamp="20181219 11:12:09.579">org.openqa.selenium.StaleElementReferenceException: The element reference of &lt;input id="v4515_0" class="cn4cdqnq7kri19 cvkr530esrf001" type="text"&gt; is stale; either the element is no longer attached to the DOM, it is not in the current frame context, or the document has been refreshed
For documentation on this error, please visit: http://seleniumhq.org/exceptions/stale_element_reference.html
Build info: version: '3.12.0', revision: '7c6e0b3', time: '2018-05-08T15:15:03.216Z'
System info: host: '5CG71660NZ', ip: '192.168.0.105', os.name: 'Windows 10', os.arch: 'amd64', os.version: '10.0', java.version: '1.8.0_181'
Driver info: org.openqa.selenium.firefox.FirefoxDriver
Capabilities {acceptInsecureCerts: true, browserName: firefox, browserVersion: 63.0, javascriptEnabled: true, moz:accessibilityChecks: false, moz:geckodriverVersion: 0.23.0, moz:headless: false, moz:processID: 9004, moz:profile: C:\Users\con_svijay02\AppDa..., moz:useNonSpecCompliantPointerOrigin: false, moz:webdriverClick: true, pageLoadStrategy: normal, platform: WINDOWS, platformName: WINDOWS, platformVersion: 10.0, rotatable: false, setWindowRect: true, timeouts: {implicit: 0, pageLoad: 300000, script: 30000}, unhandledPromptBehavior: dismiss and notify}
Session ID: bc08f2e0-17ac-4062-9b73-166a8f682bfa
	at sun.reflect.NativeConstructorAccessorImpl.newInstance0(Native Method)
	at sun.reflect.NativeConstructorAccessorImpl.newInstance(NativeConstructorAccessorImpl.java:62)
	at sun.reflect.DelegatingConstructorAccessorImpl.newInstance(DelegatingConstructorAccessorImpl.java:45)
	at java.lang.reflect.Constructor.newInstance(Constructor.java:423)
	at org.openqa.selenium.remote.http.W3CHttpResponseCodec.createException(W3CHttpResponseCodec.java:187)
	at org.openqa.selenium.remote.http.W3CHttpResponseCodec.decode(W3CHttpResponseCodec.java:122)
	at org.openqa.selenium.remote.http.W3CHttpResponseCodec.decode(W3CHttpResponseCodec.java:49)
	at org.openqa.selenium.remote.HttpCommandExecutor.execute(HttpCommandExecutor.java:158)
	at org.openqa.selenium.remote.service.DriverCommandExecutor.execute(DriverCommandExecutor.java:83)
	at org.openqa.selenium.remote.RemoteWebDriver.execute(RemoteWebDriver.java:543)
	at org.openqa.selenium.remote.RemoteWebElement.execute(RemoteWebElement.java:276)
	at org.openqa.selenium.remote.RemoteWebElement.getAttribute(RemoteWebElement.java:128)
	at com.KTOC.TRB.testautomation.Keywords.Keywords.getRegionalDiscount(Keywords.java:771)
	at com.KTOC.TRB.testautomation.Keywords.Keywords.verifyTargetPriceDisplayedCorrectly(Keywords.java:588)
	at sun.reflect.NativeMethodAccessorImpl.invoke0(Native Method)
	at sun.reflect.NativeMethodAccessorImpl.invoke(NativeMethodAccessorImpl.java:62)
	at sun.reflect.DelegatingMethodAccessorImpl.invoke(DelegatingMethodAccessorImpl.java:43)
	at java.lang.reflect.Method.invoke(Method.java:498)
	at org.python.core.PyReflectedFunction.__call__(PyReflectedFunction.java:186)
	at org.python.core.PyObject.__call__(PyObject.java:419)
	at org.python.core.PyMethod.instancemethod___call__(PyMethod.java:237)
	at org.python.core.PyMethod.__call__(PyMethod.java:228)
	at org.python.core.PyMethod.__call__(PyMethod.java:223)
	at org.python.core.PyObject._callextra(PyObject.java:601)
	at robot.running.librarykeywordrunner$py.f$13(C:\jython2.7.0\Lib\site-packages\robot\running\librarykeywordrunner.py:89)
	at robot.running.librarykeywordrunner$py.call_function(C:\jython2.7.0\Lib\site-packages\robot\running\librarykeywordrunner.py)
	at org.python.core.PyTableCode.call(PyTableCode.java:167)
	at org.python.core.PyBaseCode.call(PyBaseCode.java:124)
	at org.python.core.PyFunction.__call__(PyFunction.java:403)
	at robot.running.librarykeywordrunner$py._run_with_signal_monitoring$16(C:\jython2.7.0\Lib\site-packages\robot\running\librarykeywordrunner.py:103)
	at robot.running.librarykeywordrunner$py.call_function(C:\jython2.7.0\Lib\site-packages\robot\running\librarykeywordrunner.py)
	at org.python.core.PyTableCode.call(PyTableCode.java:167)
	at org.python.core.PyBaseCode.call(PyBaseCode.java:170)
	at org.python.core.PyFunction.__call__(PyFunction.java:434)
	at org.python.core.PyMethod.__call__(PyMethod.java:156)
	at robot.running.librarykeywordrunner$py._run_with_output_captured_and_signal_monitor$15(C:\jython2.7.0\Lib\site-packages\robot\running\librarykeywordrunner.py:96)
	at robot.running.librarykeywordrunner$py.call_function(C:\jython2.7.0\Lib\site-packages\robot\running\librarykeywordrunner.py)
	at org.python.core.PyTableCode.call(PyTableCode.java:167)
	at org.python.core.PyBaseCode.call(PyBaseCode.java:170)
	at org.python.core.PyFunction.__call__(PyFunction.java:434)
	at org.python.core.PyMethod.__call__(PyMethod.java:156)
	at robot.running.librarykeywordrunner$py._run$8(C:\jython2.7.0\Lib\site-packages\robot\running\librarykeywordrunner.py:77)
	at robot.running.librarykeywordrunner$py.call_function(C:\jython2.7.0\Lib\site-packages\robot\running\librarykeywordrunner.py)
	at org.python.core.PyTableCode.call(PyTableCode.java:167)
	at org.python.core.PyBaseCode.call(PyBaseCode.java:170)
	at org.python.core.PyFunction.__call__(PyFunction.java:434)
	at org.python.core.PyMethod.__call__(PyMethod.java:156)
	at robot.running.librarykeywordrunner$py.run$6(C:\jython2.7.0\Lib\site-packages\robot\running\librarykeywordrunner.py:56)
	at robot.running.librarykeywordrunner$py.call_function(C:\jython2.7.0\Lib\site-packages\robot\running\librarykeywordrunner.py)
	at org.python.core.PyTableCode.call(PyTableCode.java:167)
	at org.python.core.PyBaseCode.call(PyBaseCode.java:170)
	at org.python.core.PyFunction.__call__(PyFunction.java:434)
	at org.python.core.PyMethod.__call__(PyMethod.java:156)
	at robot.running.steprunner$py.run_step$4(C:\jython2.7.0\Lib\site-packages\robot\running\steprunner.py:57)
	at robot.running.steprunner$py.call_function(C:\jython2.7.0\Lib\site-packages\robot\running\steprunner.py)
	at org.python.core.PyTableCode.call(PyTableCode.java:167)
	at org.python.core.PyBaseCode.call(PyBaseCode.java:307)
	at org.python.core.PyBaseCode.call(PyBaseCode.java:145)
	at org.python.core.PyFunction.__call__(PyFunction.java:423)
	at org.python.core.PyMethod.__call__(PyMethod.java:141)
	at robot.running.steprunner$py.run_steps$3(C:\jython2.7.0\Lib\site-packages\robot\running\steprunner.py:47)
	at robot.running.steprunner$py.call_function(C:\jython2.7.0\Lib\site-packages\robot\running\steprunner.py)
	at org.python.core.PyTableCode.call(PyTableCode.java:167)
	at org.python.core.PyBaseCode.call(PyBaseCode.java:153)
	at org.python.core.PyFunction.__call__(PyFunction.java:423)
	at org.python.core.PyMethod.__call__(PyMethod.java:141)
	at robot.running.runner$py.visit_test$7(C:\jython2.7.0\Lib\site-packages\robot\running\runner.py:160)
	at robot.running.runner$py.call_function(C:\jython2.7.0\Lib\site-packages\robot\running\runner.py)
	at org.python.core.PyTableCode.call(PyTableCode.java:167)
	at org.python.core.PyBaseCode.call(PyBaseCode.java:153)
	at org.python.core.PyFunction.__call__(PyFunction.java:423)
	at org.python.core.PyMethod.__call__(PyMethod.java:141)
	at robot.model.testcase$py.visit$7(C:\jython2.7.0\Lib\site-packages\robot\model\testcase.py:74)
	at robot.model.testcase$py.call_function(C:\jython2.7.0\Lib\site-packages\robot\model\testcase.py)
	at org.python.core.PyTableCode.call(PyTableCode.java:167)
	at org.python.core.PyBaseCode.call(PyBaseCode.java:153)
	at org.python.core.PyFunction.__call__(PyFunction.java:423)
	at org.python.core.PyMethod.__call__(PyMethod.java:141)
	at robot.model.itemlist$py.visit$11(C:\jython2.7.0\Lib\site-packages\robot\model\itemlist.py:75)
	at robot.model.itemlist$py.call_function(C:\jython2.7.0\Lib\site-packages\robot\model\itemlist.py)
	at org.python.core.PyTableCode.call(PyTableCode.java:167)
	at org.python.core.PyBaseCode.call(PyBaseCode.java:153)
	at org.python.core.PyFunction.__call__(PyFunction.java:423)
	at org.python.core.PyMethod.__call__(PyMethod.java:141)
	at robot.model.visitor$py.visit_suite$2(C:\jython2.7.0\Lib\site-packages\robot\model\visitor.py:88)
	at robot.model.visitor$py.call_function(C:\jython2.7.0\Lib\site-packages\robot\model\visitor.py)
	at org.python.core.PyTableCode.call(PyTableCode.java:167)
	at org.python.core.PyBaseCode.call(PyBaseCode.java:153)
	at org.python.core.PyFunction.__call__(PyFunction.java:423)
	at org.python.core.PyMethod.__call__(PyMethod.java:141)
	at robot.model.testsuite$py.visit$19(C:\jython2.7.0\Lib\site-packages\robot\model\testsuite.py:161)
	at robot.model.testsuite$py.call_function(C:\jython2.7.0\Lib\site-packages\robot\model\testsuite.py)
	at org.python.core.PyTableCode.call(PyTableCode.java:167)
	at org.python.core.PyBaseCode.call(PyBaseCode.java:153)
	at org.python.core.PyFunction.__call__(PyFunction.java:423)
	at org.python.core.PyMethod.__call__(PyMethod.java:141)
	at robot.model.itemlist$py.visit$11(C:\jython2.7.0\Lib\site-packages\robot\model\itemlist.py:75)
	at robot.model.itemlist$py.call_function(C:\jython2.7.0\Lib\site-packages\robot\model\itemlist.py)
	at org.python.core.PyTableCode.call(PyTableCode.java:167)
	at org.python.core.PyBaseCode.call(PyBaseCode.java:153)
	at org.python.core.PyFunction.__call__(PyFunction.java:423)
	at org.python.core.PyMethod.__call__(PyMethod.java:141)
	at robot.model.visitor$py.visit_suite$2(C:\jython2.7.0\Lib\site-packages\robot\model\visitor.py:88)
	at robot.model.visitor$py.call_function(C:\jython2.7.0\Lib\site-packages\robot\model\visitor.py)
	at org.python.core.PyTableCode.call(PyTableCode.java:167)
	at org.python.core.PyBaseCode.call(PyBaseCode.java:153)
	at org.python.core.PyFunction.__call__(PyFunction.java:423)
	at org.python.core.PyMethod.__call__(PyMethod.java:141)
	at robot.model.testsuite$py.visit$19(C:\jython2.7.0\Lib\site-packages\robot\model\testsuite.py:161)
	at robot.model.testsuite$py.call_function(C:\jython2.7.0\Lib\site-packages\robot\model\testsuite.py)
	at org.python.core.PyTableCode.call(PyTableCode.java:167)
	at org.python.core.PyBaseCode.call(PyBaseCode.java:153)
	at org.python.core.PyFunction.__call__(PyFunction.java:423)
	at org.python.core.PyMethod.__call__(PyMethod.java:141)
	at robot.model.itemlist$py.visit$11(C:\jython2.7.0\Lib\site-packages\robot\model\itemlist.py:75)
	at robot.model.itemlist$py.call_function(C:\jython2.7.0\Lib\site-packages\robot\model\itemlist.py)
	at org.python.core.PyTableCode.call(PyTableCode.java:167)
	at org.python.core.PyBaseCode.call(PyBaseCode.java:153)
	at org.python.core.PyFunction.__call__(PyFunction.java:423)
	at org.python.core.PyMethod.__call__(PyMethod.java:141)
	at robot.model.visitor$py.visit_suite$2(C:\jython2.7.0\Lib\site-packages\robot\model\visitor.py:88)
	at robot.model.visitor$py.call_function(C:\jython2.7.0\Lib\site-packages\robot\model\visitor.py)
	at org.python.core.PyTableCode.call(PyTableCode.java:167)
	at org.python.core.PyBaseCode.call(PyBaseCode.java:153)
	at org.python.core.PyFunction.__call__(PyFunction.java:423)
	at org.python.core.PyMethod.__call__(PyMethod.java:141)
	at robot.model.testsuite$py.visit$19(C:\jython2.7.0\Lib\site-packages\robot\model\testsuite.py:161)
	at robot.model.testsuite$py.call_function(C:\jython2.7.0\Lib\site-packages\robot\model\testsuite.py)
	at org.python.core.PyTableCode.call(PyTableCode.java:167)
	at org.python.core.PyBaseCode.call(PyBaseCode.java:153)
	at org.python.core.PyFunction.__call__(PyFunction.java:423)
	at org.python.core.PyMethod.__call__(PyMethod.java:141)
	at robot.running.model$py.run$17(C:\jython2.7.0\Lib\site-packages\robot\running\model.py:250)
	at robot.running.model$py.call_function(C:\jython2.7.0\Lib\site-packages\robot\running\model.py)
	at org.python.core.PyTableCode.call(PyTableCode.java:167)
	at org.python.core.PyBaseCode.call(PyBaseCode.java:307)
	at org.python.core.PyBaseCode.call(PyBaseCode.java:145)
	at org.python.core.PyFunction.__call__(PyFunction.java:423)
	at org.python.core.PyMethod.__call__(PyMethod.java:141)
	at org.python.pycode._pyx10.main$3(C:\jython2.7.0\Lib\site-packages\robot\run.py:452)
	at org.python.pycode._pyx10.call_function(C:\jython2.7.0\Lib\site-packages\robot\run.py)
	at org.python.core.PyTableCode.call(PyTableCode.java:167)
	at org.python.core.PyBaseCode.call(PyBaseCode.java:307)
	at org.python.core.PyBaseCode.call(PyBaseCode.java:198)
	at org.python.core.PyFunction.__call__(PyFunction.java:482)
	at org.python.core.PyMethod.instancemethod___call__(PyMethod.java:237)
	at org.python.core.PyMethod.__call__(PyMethod.java:228)
	at org.python.core.PyMethod.__call__(PyMethod.java:223)
	at org.python.core.PyObject._callextra(PyObject.java:601)
	at robot.utils.application$py._execute$10(C:\jython2.7.0\Lib\site-packages\robot\utils\application.py:94)
	at robot.utils.application$py.call_function(C:\jython2.7.0\Lib\site-packages\robot\utils\application.py)
	at org.python.core.PyTableCode.call(PyTableCode.java:167)
	at org.python.core.PyBaseCode.call(PyBaseCode.java:170)
	at org.python.core.PyFunction.__call__(PyFunction.java:434)
	at org.python.core.PyMethod.__call__(PyMethod.java:156)
	at robot.utils.application$py.execute_cli$5(C:\jython2.7.0\Lib\site-packages\robot\utils\application.py:49)
	at robot.utils.application$py.call_function(C:\jython2.7.0\Lib\site-packages\robot\utils\application.py)
	at org.python.core.PyTableCode.call(PyTableCode.java:167)
	at org.python.core.PyBaseCode.call(PyBaseCode.java:307)
	at org.python.core.PyBaseCode.call(PyBaseCode.java:198)
	at org.python.core.PyFunction.__call__(PyFunction.java:482)
	at org.python.core.PyMethod.instancemethod___call__(PyMethod.java:237)
	at org.python.core.PyMethod.__call__(PyMethod.java:228)
	at org.python.pycode._pyx10.run_cli$7(C:\jython2.7.0\Lib\site-packages\robot\run.py:489)
	at org.python.pycode._pyx10.call_function(C:\jython2.7.0\Lib\site-packages\robot\run.py)
	at org.python.core.PyTableCode.call(PyTableCode.java:167)
	at org.python.core.PyBaseCode.call(PyBaseCode.java:307)
	at org.python.core.PyBaseCode.call(PyBaseCode.java:131)
	at org.python.core.PyFunction.__call__(PyFunction.java:413)
	at org.python.pycode._pyx10.f$0(C:\jython2.7.0\Lib\site-packages\robot\run.py:550)
	at org.python.pycode._pyx10.call_function(C:\jython2.7.0\Lib\site-packages\robot\run.py)
	at org.python.core.PyTableCode.call(PyTableCode.java:167)
	at org.python.core.PyCode.call(PyCode.java:18)
	at org.python.core.Py.runCode(Py.java:1386)
	at org.python.core.Py.exec(Py.java:1430)
	at runpy$py._run_code$9(C:\jython2.7.0\Lib\runpy.py:73)
	at runpy$py.call_function(C:\jython2.7.0\Lib\runpy.py)
	at org.python.core.PyTableCode.call(PyTableCode.java:167)
	at org.python.core.PyBaseCode.call(PyBaseCode.java:307)
	at org.python.core.PyFunction.function___call__(PyFunction.java:471)
	at org.python.core.PyFunction.__call__(PyFunction.java:466)
	at org.python.core.PyFunction.__call__(PyFunction.java:456)
	at runpy$py._run_module_as_main$14(C:\jython2.7.0\Lib\runpy.py:161)
	at runpy$py.call_function(C:\jython2.7.0\Lib\runpy.py)
	at org.python.core.PyTableCode.call(PyTableCode.java:167)
	at org.python.core.PyBaseCode.call(PyBaseCode.java:153)
	at org.python.core.PyFunction.__call__(PyFunction.java:423)
	at org.python.core.PyFunction.__call__(PyFunction.java:418)
	at org.python.util.jython.runModule(jython.java:199)
	at org.python.util.jython.runModule(jython.java:191)
	at org.python.util.jython.run(jython.java:402)
	at org.p</msg>
<msg level="FAIL" timestamp="20181219 11:12:05.594">IllegalStateException: failure 'Get Regional Discount Failed due to:org.openqa.selenium.StaleElementReferenceException: The element reference of &lt;div id="t4513_0_2" class="ah"&gt; is stale; either the element is no longer attached to the DOM, it is not in the current frame context, or the document has been refreshed
For documentation on this error, please visit: http://seleniumhq.org/exceptions/stale_element_reference.html
Build info: version: '3.12.0', revision: '7c6e0b3', time: '2018-05-08T15:15:03.216Z'
System info: host: '5CG71660NZ', ip: '192.168.0.105', os.name: 'Windows 10', os.arch: 'amd64', os.version: '10.0', java.version: '1.8.0_181'
Driver info: org.openqa.selenium.firefox.FirefoxDriver
Capabilities {acceptInsecureCerts: true, browserName: firefox, browserVersion: 63.0, javascriptEnabled: true, moz:accessibilityChecks: false, moz:geckodriverVersion: 0.23.0, moz:headless: false, moz:processID: 5260, moz:profile: C:\Users\con_svijay02\AppDa..., moz:useNonSpecCompliantPointerOrigin: false, moz:webdriverClick: true, pageLoadStrategy: normal, platform: WINDOWS, platformName: WINDOWS, platformVersion: 10.0, rotatable: false, setWindowRect: true, timeouts: {implicit: 0, pageLoad: 300000, script: 30000}, unhandledPromptBehavior: dismiss and notify}
Session ID: 382c2f25-3736-4b13-b266-12bc2cf12d7c'</msg>
<status endtime="20181219 11:12:05.596" starttime="20181219 11:12:05.339" status="FAIL"></status>
</kw>
<status critical="yes" endtime="20181219 11:12:05.598" starttime="20181219 11:12:00.546" status="FAIL">IllegalStateException: failure 'Get Regional Discount Failed due to:org.openqa.selenium.StaleElementReferenceException: The element reference of &lt;div id="t4513_0_2" class="ah"&gt; is stale; either the element is no longer attached to the DOM, it is not in the current frame context, or the document has been refreshed
For documentation on this error, please visit: http://seleniumhq.org/exceptions/stale_element_reference.html
Build info: version: '3.12.0', revision: '7c6e0b3', time: '2018-05-08T15:15:03.216Z'
System info: host: '5CG71660NZ', ip: '192.168.0.105', os.name: 'Windows 10', os.arch: 'amd64', os.version: '10.0', java.version: '1.8.0_181'
Driver info: org.openqa.selenium.firefox.FirefoxDriver
Capabilities {acceptInsecureCerts: true, browserName: firefox, browserVersion: 63.0, javascriptEnabled: true, moz:accessibilityChecks: false, moz:geckodriverVersion: 0.23.0, moz:headless: false, moz:processID: 5260, moz:profile: C:\Users\con_svijay02\AppDa..., moz:useNonSpecCompliantPointerOrigin: false, moz:webdriverClick: true, pageLoadStrategy: normal, platform: WINDOWS, platformName: WINDOWS, platformVersion: 10.0, rotatable: false, setWindowRect: true, timeouts: {implicit: 0, pageLoad: 300000, script: 30000}, unhandledPromptBehavior: dismiss and notify}
Session ID: 382c2f25-3736-4b13-b266-12bc2cf12d7c'</status>
</test>
<test name="16 Verify ITEFactorValue and LaborRateValue IsTaken From SalesOffice for Elevator" id="s1-s1-s1-t16">
<kw library="com.KTOC.TRB.testautomation.Keywords.Keywords" name="Goto Configuration Pageand Change The Primary Sales Office">
<arguments>
<arg>france</arg>
<arg>\\TestData\\KTOCTRB_AutomationTestData.xlsx</arg>
</arguments>
<msg level="INFO" timestamp="20181219 11:12:09.067">ToConfiguration icon clicked
Project clicked
SalesOffice value VB FRRW Selected
pricing icon Clicked</msg>
<status endtime="20181219 11:12:09.069" starttime="20181219 11:12:05.610" status="PASS"></status>
</kw>
<kw library="com.KTOC.TRB.testautomation.Keywords.Keywords" name="Validate Detail Breakdown Tab">
<msg level="INFO" timestamp="20181219 11:12:16.837">Detailed breakdown Clicked
ROPES CLICKED
Show TotalCost Calculation Details CLICKED
check_showtotal_ITEfactor:2.00 / showtotal_ITEfactor:2.00
check_showtotal_Referencehours:11.16 / showtotal_Referencehours:11.16
check_showtotal_Labourrate:61.90 / showtotal_Labourrate:61.90
LabourRate:61.90 / showtotal_Labourrate:61.90
*** is_showtotal_ITEfactor: true *** / is_Labourrate: true *** / is_showtotal_Labourrate: true *** / is_showtotal_Referencehours: true ***</msg>
<status endtime="20181219 11:12:16.838" starttime="20181219 11:12:09.071" status="PASS"></status>
</kw>
<status critical="yes" endtime="20181219 11:12:16.840" starttime="20181219 11:12:05.605" status="PASS"></status>
</test>
<test name="17 Verify ITEFactorValue and LaborRateValue IsTaken From Changed SalesOffice for Elevator" id="s1-s1-s1-t17">
<kw library="com.KTOC.TRB.testautomation.Keywords.Keywords" name="Goto Configuration Pageand Change The Sales Office">
<msg level="INFO" timestamp="20181219 11:12:19.615">ToConfiguration icon clicked
Project clicked
SalesOffice value VB FRPP Selected
pricing icon Clicked</msg>
<status endtime="20181219 11:12:19.617" starttime="20181219 11:12:16.848" status="PASS"></status>
</kw>
<kw library="com.KTOC.TRB.testautomation.Keywords.Keywords" name="Validate Detail Breakdown Tab">
<msg level="INFO" timestamp="20181219 11:13:39.969">Detailed breakdown Clicked
ROPES CLICKED</msg>
<msg level="INFO" timestamp="20181219 11:13:39.976">org.openqa.selenium.WebDriverException: Failed to decode response from marionette
Build info: version: '3.12.0', revision: '7c6e0b3', time: '2018-05-08T15:15:03.216Z'
System info: host: '5CG71660NZ', ip: '192.168.0.105', os.name: 'Windows 10', os.arch: 'amd64', os.version: '10.0', java.version: '1.8.0_181'
Driver info: org.openqa.selenium.firefox.FirefoxDriver
Capabilities {acceptInsecureCerts: true, browserName: firefox, browserVersion: 63.0, javascriptEnabled: true, moz:accessibilityChecks: false, moz:geckodriverVersion: 0.23.0, moz:headless: false, moz:processID: 5260, moz:profile: C:\Users\con_svijay02\AppDa..., moz:useNonSpecCompliantPointerOrigin: false, moz:webdriverClick: true, pageLoadStrategy: normal, platform: WINDOWS, platformName: WINDOWS, platformVersion: 10.0, rotatable: false, setWindowRect: true, timeouts: {implicit: 0, pageLoad: 300000, script: 30000}, unhandledPromptBehavior: dismiss and notify}
Session ID: 382c2f25-3736-4b13-b266-12bc2cf12d7c
*** Element info: {Using=xpath, value=//*[text()='Ropes' or text()='KCM831 (controller+electrification+trav. Cables+Wiring Duct) - A process']}
	at sun.reflect.NativeConstructorAccessorImpl.newInstance0(Native Method)
	at sun.reflect.NativeConstructorAccessorImpl.newInstance(NativeConstructorAccessorImpl.java:62)
	at sun.reflect.DelegatingConstructorAccessorImpl.newInstance(DelegatingConstructorAccessorImpl.java:45)
	at java.lang.reflect.Constructor.newInstance(Constructor.java:423)
	at org.openqa.selenium.remote.http.W3CHttpResponseCodec.createException(W3CHttpResponseCodec.java:187)
	at org.openqa.selenium.remote.http.W3CHttpResponseCodec.decode(W3CHttpResponseCodec.java:122)
	at org.openqa.selenium.remote.http.W3CHttpResponseCodec.decode(W3CHttpResponseCodec.java:49)
	at org.openqa.selenium.remote.HttpCommandExecutor.execute(HttpCommandExecutor.java:158)
	at org.openqa.selenium.remote.service.DriverCommandExecutor.execute(DriverCommandExecutor.java:83)
	at org.openqa.selenium.remote.RemoteWebDriver.execute(RemoteWebDriver.java:543)
	at org.openqa.selenium.remote.RemoteWebDriver.findElements(RemoteWebDriver.java:344)
	at org.openqa.selenium.remote.RemoteWebDriver.findElementsByXPath(RemoteWebDriver.java:423)
	at org.openqa.selenium.By$ByXPath.findElements(By.java:348)
	at org.openqa.selenium.remote.RemoteWebDriver.findElements(RemoteWebDriver.java:305)
	at org.openqa.selenium.support.ui.ExpectedConditions.findElement(ExpectedConditions.java:895)
	at org.openqa.selenium.support.ui.ExpectedConditions.access$000(ExpectedConditions.java:44)
	at org.openqa.selenium.support.ui.ExpectedConditions$20.apply(ExpectedConditions.java:593)
	at org.openqa.selenium.support.ui.ExpectedConditions$20.apply(ExpectedConditions.java:589)
	at org.openqa.selenium.support.ui.FluentWait.until(FluentWait.java:248)
	at com.KTOC.TRB.testautomation.Utilities.KTOCTRBUtils.waitForinvisibilityOfElementLocated(KTOCTRBUtils.java:455)
	at com.KTOC.TRB.testautomation.Keywords.Keywords.validateDetailBreakdownTab(Keywords.java:882)
	at sun.reflect.NativeMethodAccessorImpl.invoke0(Native Method)
	at sun.reflect.NativeMethodAccessorImpl.invoke(NativeMethodAccessorImpl.java:62)
	at sun.reflect.DelegatingMethodAccessorImpl.invoke(DelegatingMethodAccessorImpl.java:43)
	at java.lang.reflect.Method.invoke(Method.java:498)
	at org.python.core.PyReflectedFunction.__call__(PyReflectedFunction.java:186)
	at org.python.core.PyObject.__call__(PyObject.java:419)
	at org.python.core.PyMethod.instancemethod___call__(PyMethod.java:237)
	at org.python.core.PyMethod.__call__(PyMethod.java:228)
	at org.python.core.PyMethod.__call__(PyMethod.java:223)
	at org.python.core.PyObject._callextra(PyObject.java:601)
	at robot.running.librarykeywordrunner$py.f$13(C:\jython2.7.0\Lib\site-packages\robot\running\librarykeywordrunner.py:89)
	at robot.running.librarykeywordrunner$py.call_function(C:\jython2.7.0\Lib\site-packages\robot\running\librarykeywordrunner.py)
	at org.python.core.PyTableCode.call(PyTableCode.java:167)
	at org.python.core.PyBaseCode.call(PyBaseCode.java:124)
	at org.python.core.PyFunction.__call__(PyFunction.java:403)
	at robot.running.librarykeywordrunner$py._run_with_signal_monitoring$16(C:\jython2.7.0\Lib\site-packages\robot\running\librarykeywordrunner.py:103)
	at robot.running.librarykeywordrunner$py.call_function(C:\jython2.7.0\Lib\site-packages\robot\running\librarykeywordrunner.py)
	at org.python.core.PyTableCode.call(PyTableCode.java:167)
	at org.python.core.PyBaseCode.call(PyBaseCode.java:170)
	at org.python.core.PyFunction.__call__(PyFunction.java:434)
	at org.python.core.PyMethod.__call__(PyMethod.java:156)
	at robot.running.librarykeywordrunner$py._run_with_output_captured_and_signal_monitor$15(C:\jython2.7.0\Lib\site-packages\robot\running\librarykeywordrunner.py:96)
	at robot.running.librarykeywordrunner$py.call_function(C:\jython2.7.0\Lib\site-packages\robot\running\librarykeywordrunner.py)
	at org.python.core.PyTableCode.call(PyTableCode.java:167)
	at org.python.core.PyBaseCode.call(PyBaseCode.java:170)
	at org.python.core.PyFunction.__call__(PyFunction.java:434)
	at org.python.core.PyMethod.__call__(PyMethod.java:156)
	at robot.running.librarykeywordrunner$py._run$8(C:\jython2.7.0\Lib\site-packages\robot\running\librarykeywordrunner.py:77)
	at robot.running.librarykeywordrunner$py.call_function(C:\jython2.7.0\Lib\site-packages\robot\running\librarykeywordrunner.py)
	at org.python.core.PyTableCode.call(PyTableCode.java:167)
	at org.python.core.PyBaseCode.call(PyBaseCode.java:170)
	at org.python.core.PyFunction.__call__(PyFunction.java:434)
	at org.python.core.PyMethod.__call__(PyMethod.java:156)
	at robot.running.librarykeywordrunner$py.run$6(C:\jython2.7.0\Lib\site-packages\robot\running\librarykeywordrunner.py:56)
	at robot.running.librarykeywordrunner$py.call_function(C:\jython2.7.0\Lib\site-packages\robot\running\librarykeywordrunner.py)
	at org.python.core.PyTableCode.call(PyTableCode.java:167)
	at org.python.core.PyBaseCode.call(PyBaseCode.java:170)
	at org.python.core.PyFunction.__call__(PyFunction.java:434)
	at org.python.core.PyMethod.__call__(PyMethod.java:156)
	at robot.running.steprunner$py.run_step$4(C:\jython2.7.0\Lib\site-packages\robot\running\steprunner.py:57)
	at robot.running.steprunner$py.call_function(C:\jython2.7.0\Lib\site-packages\robot\running\steprunner.py)
	at org.python.core.PyTableCode.call(PyTableCode.java:167)
	at org.python.core.PyBaseCode.call(PyBaseCode.java:307)
	at org.python.core.PyBaseCode.call(PyBaseCode.java:145)
	at org.python.core.PyFunction.__call__(PyFunction.java:423)
	at org.python.core.PyMethod.__call__(PyMethod.java:141)
	at robot.running.steprunner$py.run_steps$3(C:\jython2.7.0\Lib\site-packages\robot\running\steprunner.py:47)
	at robot.running.steprunner$py.call_function(C:\jython2.7.0\Lib\site-packages\robot\running\steprunner.py)
	at org.python.core.PyTableCode.call(PyTableCode.java:167)
	at org.python.core.PyBaseCode.call(PyBaseCode.java:153)
	at org.python.core.PyFunction.__call__(PyFunction.java:423)
	at org.python.core.PyMethod.__call__(PyMethod.java:141)
	at robot.running.runner$py.visit_test$7(C:\jython2.7.0\Lib\site-packages\robot\running\runner.py:160)
	at robot.running.runner$py.call_function(C:\jython2.7.0\Lib\site-packages\robot\running\runner.py)
	at org.python.core.PyTableCode.call(PyTableCode.java:167)
	at org.python.core.PyBaseCode.call(PyBaseCode.java:153)
	at org.python.core.PyFunction.__call__(PyFunction.java:423)
	at org.python.core.PyMethod.__call__(PyMethod.java:141)
	at robot.model.testcase$py.visit$7(C:\jython2.7.0\Lib\site-packages\robot\model\testcase.py:74)
	at robot.model.testcase$py.call_function(C:\jython2.7.0\Lib\site-packages\robot\model\testcase.py)
	at org.python.core.PyTableCode.call(PyTableCode.java:167)
	at org.python.core.PyBaseCode.call(PyBaseCode.java:153)
	at org.python.core.PyFunction.__call__(PyFunction.java:423)
	at org.python.core.PyMethod.__call__(PyMethod.java:141)
	at robot.model.itemlist$py.visit$11(C:\jython2.7.0\Lib\site-packages\robot\model\itemlist.py:75)
	at robot.model.itemlist$py.call_function(C:\jython2.7.0\Lib\site-packages\robot\model\itemlist.py)
	at org.python.core.PyTableCode.call(PyTableCode.java:167)
	at org.python.core.PyBaseCode.call(PyBaseCode.java:153)
	at org.python.core.PyFunction.__call__(PyFunction.java:423)
	at org.python.core.PyMethod.__call__(PyMethod.java:141)
	at robot.model.visitor$py.visit_suite$2(C:\jython2.7.0\Lib\site-packages\robot\model\visitor.py:88)
	at robot.model.visitor$py.call_function(C:\jython2.7.0\Lib\site-packages\robot\model\visitor.py)
	at org.python.core.PyTableCode.call(PyTableCode.java:167)
	at org.python.core.PyBaseCode.call(PyBaseCode.java:153)
	at org.python.core.PyFunction.__call__(PyFunction.java:423)
	at org.python.core.PyMethod.__call__(PyMethod.java:141)
	at robot.model.testsuite$py.visit$19(C:\jython2.7.0\Lib\site-packages\robot\model\testsuite.py:161)
	at robot.model.testsuite$py.call_function(C:\jython2.7.0\Lib\site-packages\robot\model\testsuite.py)
	at org.python.core.PyTableCode.call(PyTableCode.java:167)
	at org.python.core.PyBaseCode.call(PyBaseCode.java:153)
	at org.python.core.PyFunction.__call__(PyFunction.java:423)
	at org.python.core.PyMethod.__call__(PyMethod.java:141)
	at robot.model.itemlist$py.visit$11(C:\jython2.7.0\Lib\site-packages\robot\model\itemlist.py:75)
	at robot.model.itemlist$py.call_function(C:\jython2.7.0\Lib\site-packages\robot\model\itemlist.py)
	at org.python.core.PyTableCode.call(PyTableCode.java:167)
	at org.python.core.PyBaseCode.call(PyBaseCode.java:153)
	at org.python.core.PyFunction.__call__(PyFunction.java:423)
	at org.python.core.PyMethod.__call__(PyMethod.java:141)
	at robot.model.visitor$py.visit_suite$2(C:\jython2.7.0\Lib\site-packages\robot\model\visitor.py:88)
	at robot.model.visitor$py.call_function(C:\jython2.7.0\Lib\site-packages\robot\model\visitor.py)
	at org.python.core.PyTableCode.call(PyTableCode.java:167)
	at org.python.core.PyBaseCode.call(PyBaseCode.java:153)
	at org.python.core.PyFunction.__call__(PyFunction.java:423)
	at org.python.core.PyMethod.__call__(PyMethod.java:141)
	at robot.model.testsuite$py.visit$19(C:\jython2.7.0\Lib\site-packages\robot\model\testsuite.py:161)
	at robot.model.testsuite$py.call_function(C:\jython2.7.0\Lib\site-packages\robot\model\testsuite.py)
	at org.python.core.PyTableCode.call(PyTableCode.java:167)
	at org.python.core.PyBaseCode.call(PyBaseCode.java:153)
	at org.python.core.PyFunction.__call__(PyFunction.java:423)
	at org.python.core.PyMethod.__call__(PyMethod.java:141)
	at robot.model.itemlist$py.visit$11(C:\jython2.7.0\Lib\site-packages\robot\model\itemlist.py:75)
	at robot.model.itemlist$py.call_function(C:\jython2.7.0\Lib\site-packages\robot\model\itemlist.py)
	at org.python.core.PyTableCode.call(PyTableCode.java:167)
	at org.python.core.PyBaseCode.call(PyBaseCode.java:153)
	at org.python.core.PyFunction.__call__(PyFunction.java:423)
	at org.python.core.PyMethod.__call__(PyMethod.java:141)
	at robot.model.visitor$py.visit_suite$2(C:\jython2.7.0\Lib\site-packages\robot\model\visitor.py:88)
	at robot.model.visitor$py.call_function(C:\jython2.7.0\Lib\site-packages\robot\model\visitor.py)
	at org.python.core.PyTableCode.call(PyTableCode.java:167)
	at org.python.core.PyBaseCode.call(PyBaseCode.java:153)
	at org.python.core.PyFunction.__call__(PyFunction.java:423)
	at org.python.core.PyMethod.__call__(PyMethod.java:141)
	at robot.model.testsuite$py.visit$19(C:\jython2.7.0\Lib\site-packages\robot\model\testsuite.py:161)
	at robot.model.testsuite$py.call_function(C:\jython2.7.0\Lib\site-packages\robot\model\testsuite.py)
	at org.python.core.PyTableCode.call(PyTableCode.java:167)
[...]
	at org.python.core.PyFunction.__call__(PyFunction.java:423)
	at org.python.core.PyMethod.__call__(PyMethod.java:141)
	at robot.model.testsuite$py.visit$19(C:\jython2.7.0\Lib\site-packages\robot\model\testsuite.py:161)
	at robot.model.testsuite$py.call_function(C:\jython2.7.0\Lib\site-packages\robot\model\testsuite.py)
	at org.python.core.PyTableCode.call(PyTableCode.java:167)
	at org.python.core.PyBaseCode.call(PyBaseCode.java:153)
	at org.python.core.PyFunction.__call__(PyFunction.java:423)
	at org.python.core.PyMethod.__call__(PyMethod.java:141)
	at robot.model.itemlist$py.visit$11(C:\jython2.7.0\Lib\site-packages\robot\model\itemlist.py:75)
	at robot.model.itemlist$py.call_function(C:\jython2.7.0\Lib\site-packages\robot\model\itemlist.py)
	at org.python.core.PyTableCode.call(PyTableCode.java:167)
	at org.python.core.PyBaseCode.call(PyBaseCode.java:153)
	at org.python.core.PyFunction.__call__(PyFunction.java:423)
	at org.python.core.PyMethod.__call__(PyMethod.java:141)
	at robot.model.visitor$py.visit_suite$2(C:\jython2.7.0\Lib\site-packages\robot\model\visitor.py:88)
	at robot.model.visitor$py.call_function(C:\jython2.7.0\Lib\site-packages\robot\model\visitor.py)
	at org.python.core.PyTableCode.call(PyTableCode.java:167)
	at org.python.core.PyBaseCode.call(PyBaseCode.java:153)
	at org.python.core.PyFunction.__call__(PyFunction.java:423)
	at org.python.core.PyMethod.__call__(PyMethod.java:141)
	at robot.model.testsuite$py.visit$19(C:\jython2.7.0\Lib\site-packages\robot\model\testsuite.py:161)
	at robot.model.testsuite$py.call_function(C:\jython2.7.0\Lib\site-packages\robot\model\testsuite.py)
	at org.python.core.PyTableCode.call(PyTableCode.java:167)
	at org.python.core.PyBaseCode.call(PyBaseCode.java:153)
	at org.python.core.PyFunction.__call__(PyFunction.java:423)
	at org.python.core.PyMethod.__call__(PyMethod.java:141)
	at robot.model.itemlist$py.visit$11(C:\jython2.7.0\Lib\site-packages\robot\model\itemlist.py:75)
	at robot.model.itemlist$py.call_function(C:\jython2.7.0\Lib\site-packages\robot\model\itemlist.py)
	at org.python.core.PyTableCode.call(PyTableCode.java:167)
	at org.python.core.PyBaseCode.call(PyBaseCode.java:153)
	at org.python.core.PyFunction.__call__(PyFunction.java:423)
	at org.python.core.PyMethod.__call__(PyMethod.java:141)
	at robot.model.visitor$py.visit_suite$2(C:\jython2.7.0\Lib\site-packages\robot\model\visitor.py:88)
	at robot.model.visitor$py.call_function(C:\jython2.7.0\Lib\site-packages\robot\model\visitor.py)
	at org.python.core.PyTableCode.call(PyTableCode.java:167)
	at org.python.core.PyBaseCode.call(PyBaseCode.java:153)
	at org.python.core.PyFunction.__call__(PyFunction.java:423)
	at org.python.core.PyMethod.__call__(PyMethod.java:141)
	at robot.model.testsuite$py.visit$19(C:\jython2.7.0\Lib\site-packages\robot\model\testsuite.py:161)
	at robot.model.testsuite$py.call_function(C:\jython2.7.0\Lib\site-packages\robot\model\testsuite.py)
	at org.python.core.PyTableCode.call(PyTableCode.java:167)
	at org.python.core.PyBaseCode.call(PyBaseCode.java:153)
	at org.python.core.PyFunction.__call__(PyFunction.java:423)
	at org.python.core.PyMethod.__call__(PyMethod.java:141)
	at robot.running.model$py.run$17(C:\jython2.7.0\Lib\site-packages\robot\running\model.py:250)
	at robot.running.model$py.call_function(C:\jython2.7.0\Lib\site-packages\robot\running\model.py)
	at org.python.core.PyTableCode.call(PyTableCode.java:167)
	at org.python.core.PyBaseCode.call(PyBaseCode.java:307)
	at org.python.core.PyBaseCode.call(PyBaseCode.java:145)
	at org.python.core.PyFunction.__call__(PyFunction.java:423)
	at org.python.core.PyMethod.__call__(PyMethod.java:141)
	at org.python.pycode._pyx10.main$3(C:\jython2.7.0\Lib\site-packages\robot\run.py:452)
	at org.python.pycode._pyx10.call_function(C:\jython2.7.0\Lib\site-packages\robot\run.py)
	at org.python.core.PyTableCode.call(PyTableCode.java:167)
	at org.python.core.PyBaseCode.call(PyBaseCode.java:307)
	at org.python.core.PyBaseCode.call(PyBaseCode.java:198)
	at org.python.core.PyFunction.__call__(PyFunction.java:482)
	at org.python.core.PyMethod.instancemethod___call__(PyMethod.java:237)
	at org.python.core.PyMethod.__call__(PyMethod.java:228)
	at org.python.core.PyMethod.__call__(PyMethod.java:223)
	at org.python.core.PyObject._callextra(PyObject.java:601)
	at robot.utils.application$py._execute$10(C:\jython2.7.0\Lib\site-packages\robot\utils\application.py:94)
	at robot.utils.application$py.call_function(C:\jython2.7.0\Lib\site-packages\robot\utils\application.py)
	at org.python.core.PyTableCode.call(PyTableCode.java:167)
	at org.python.core.PyBaseCode.call(PyBaseCode.java:170)
	at org.python.core.PyFunction.__call__(PyFunction.java:434)
	at org.python.core.PyMethod.__call__(PyMethod.java:156)
	at robot.utils.application$py.execute_cli$5(C:\jython2.7.0\Lib\site-packages\robot\utils\application.py:49)
	at robot.utils.application$py.call_function(C:\jython2.7.0\Lib\site-packages\robot\utils\application.py)
	at org.python.core.PyTableCode.call(PyTableCode.java:167)
	at org.python.core.PyBaseCode.call(PyBaseCode.java:307)
	at org.python.core.PyBaseCode.call(PyBaseCode.java:198)
	at org.python.core.PyFunction.__call__(PyFunction.java:482)
	at org.python.core.PyMethod.instancemethod___call__(PyMethod.java:237)
	at org.python.core.PyMethod.__call__(PyMethod.java:228)
	at org.python.pycode._pyx10.run_cli$7(C:\jython2.7.0\Lib\site-packages\robot\run.py:489)
	at org.python.pycode._pyx10.call_function(C:\jython2.7.0\Lib\site-packages\robot\run.py)
	at org.python.core.PyTableCode.call(PyTableCode.java:167)
	at org.python.core.PyBaseCode.call(PyBaseCode.java:307)
	at org.python.core.PyBaseCode.call(PyBaseCode.java:131)
	at org.python.core.PyFunction.__call__(PyFunction.java:413)
	at org.python.pycode._pyx10.f$0(C:\jython2.7.0\Lib\site-packages\robot\run.py:550)
	at org.python.pycode._pyx10.call_function(C:\jython2.7.0\Lib\site-packages\robot\run.py)
	at org.python.core.PyTableCode.call(PyTableCode.java:167)
	at org.python.core.PyCode.call(PyCode.java:18)
	at org.python.core.Py.runCode(Py.java:1386)
	at org.python.core.Py.exec(Py.java:1430)
	at runpy$py._run_code$9(C:\jython2.7.0\Lib\runpy.py:73)
	at runpy$py.call_function(C:\jython2.7.0\Lib\runpy.py)
	at org.python.core.PyTableCode.call(PyTableCode.java:167)
	at org.python.core.PyBaseCode.call(PyBaseCode.java:307)
	at org.python.core.PyFunction.function___call__(PyFunction.java:471)
	at org.python.core.PyFunction.__call__(PyFunction.java:466)
	at org.python.core.PyFunction.__call__(PyFunction.java:456)
	at runpy$py._run_module_as_main$14(C:\jython2.7.0\Lib\runpy.py:161)
	at runpy$py.call_function(C:\jython2.7.0\Lib\runpy.py)
	at org.python.core.PyTableCode.call(PyTableCode.java:167)
	at org.python.core.PyBaseCode.call(PyBaseCode.java:153)
	at org.python.core.PyFunction.__call__(PyFunction.java:423)
	at org.python.core.PyFunction.__call__(PyFunction.java:418)
	at org.python.util.jython.runModule(jython.java:199)
	at org.python.util.jython.runModule(jython.java:191)
	at org.python.util.jython.run(jython.java:402)
	at org.python.util.jython.main(jython.java:142)
java.lang.NullPointerException
	at com.KTOC.TRB.testautomation.Keywords.Keywords.clickSaveandCloseButton(Keywords.java:1194)
	at sun.reflect.NativeMethodAccessorImpl.invoke0(Native Method)
	at sun.reflect.NativeMethodAccessorImpl.invoke(NativeMethodAccessorImpl.java:62)
	at sun.reflect.DelegatingMethodAccessorImpl.invoke(DelegatingMethodAccessorImpl.java:43)
	at java.lang.reflect.Method.invoke(Method.java:498)
	at org.python.core.PyReflectedFunction.__call__(PyReflectedFunction.java:186)
	at org.python.core.PyObject.__call__(PyObject.java:419)
	at org.python.core.PyMethod.instancemethod___call__(PyMethod.java:237)
	at org.python.core.PyMethod.__call__(PyMethod.java:228)
	at org.python.core.PyMethod.__call__(PyMethod.java:223)
	at org.python.core.PyObject._callextra(PyObject.java:601)
	at robot.running.librarykeywordrunner$py.f$13(C:\jython2.7.0\Lib\site-packages\robot\running\librarykeywordrunner.py:89)
	at robot.running.librarykeywordrunner$py.call_function(C:\jython2.7.0\Lib\site-packages\robot\running\librarykeywordrunner.py)
	at org.python.core.PyTableCode.call(PyTableCode.java:167)
	at org.python.core.PyBaseCode.call(PyBaseCode.java:124)
	at org.python.core.PyFunction.__call__(PyFunction.java:403)
	at robot.running.librarykeywordrunner$py._run_with_signal_monitoring$16(C:\jython2.7.0\Lib\site-packages\robot\running\librarykeywordrunner.py:103)
	at robot.running.librarykeywordrunner$py.call_function(C:\jython2.7.0\Lib\site-packages\robot\running\librarykeywordrunner.py)
	at org.python.core.PyTableCode.call(PyTableCode.java:167)
	at org.python.core.PyBaseCode.call(PyBaseCode.java:170)
	at org.python.core.PyFunction.__call__(PyFunction.java:434)
	at org.python.core.PyMethod.__call__(PyMethod.java:156)
	at robot.running.librarykeywordrunner$py._run_with_output_captured_and_signal_monitor$15(C:\jython2.7.0\Lib\site-packages\robot\running\librarykeywordrunner.py:96)
	at robot.running.librarykeywordrunner$py.call_function(C:\jython2.7.0\Lib\site-packages\robot\running\librarykeywordrunner.py)
	at org.python.core.PyTableCode.call(PyTableCode.java:167)
	at org.python.core.PyBaseCode.call(PyBaseCode.java:170)
	at org.python.core.PyFunction.__call__(PyFunction.java:434)
	at org.python.core.PyMethod.__call__(PyMethod.java:156)
	at robot.running.librarykeywordrunner$py._run$8(C:\jython2.7.0\Lib\site-packages\robot\running\librarykeywordrunner.py:77)
	at robot.running.librarykeywordrunner$py.call_function(C:\jython2.7.0\Lib\site-packages\robot\running\librarykeywordrunner.py)
	at org.python.core.PyTableCode.call(PyTableCode.java:167)
	at org.python.core.PyBaseCode.call(PyBaseCode.java:170)
	at org.python.core.PyFunction.__call__(PyFunction.java:434)
	at org.python.core.PyMethod.__call__(PyMethod.java:156)
	at robot.running.librarykeywordrunner$py.run$6(C:\jython2.7.0\Lib\site-packages\robot\running\librarykeywordrunner.py:56)
	at robot.running.librarykeywordrunner$py.call_function(C:\jython2.7.0\Lib\site-packages\robot\running\librarykeywordrunner.py)
	at org.python.core.PyTableCode.call(PyTableCode.java:167)
	at org.python.core.PyBaseCode.call(PyBaseCode.java:170)
	at org.python.core.PyFunction.__call__(PyFunction.java:434)
	at org.python.core.PyMethod.__call__(PyMethod.java:156)
	at robot.running.steprunner$py.run_step$4(C:\jython2.7.0\Lib\site-packages\robot\running\steprunner.py:57)
	at robot.running.steprunner$py.call_function(C:\jython2.7.0\Lib\site-packages\robot\running\steprunner.py)
	at org.python.core.PyTableCode.call(PyTableCode.java:167)
	at org.python.core.PyBaseCode.call(PyBaseCode.java:307)
	at org.python.core.PyBaseCode.call(PyBaseCode.java:145)
	at org.python.core.PyFunction.__call__(PyFunction.java:423)
	at org.python.core.PyMethod.__call__(PyMethod.java:141)
	at robot.running.steprunner$py.run_steps$3(C:\jython2.7.0\Lib\site-packages\robot\running\steprunner.py:47)
	at robot.running.steprunner$py.call_function(C:\jython2.7.0\Lib\site-packages\robot\running\steprunner.py)
	at org.python.core.PyTableCode.call(PyTableCode.java:167)
	at org.python.core.PyBaseCode.call(PyBaseCode.java:153)
	at org.python.core.PyFunction.__call__(PyFunction.java:423)
	at org.python.core.PyMethod.__call__(PyMethod.java:141)
	at robot.running.runner$py.visit_test$7(C:\jython2.7.0\Lib\site-packages\robot\running\runner.py:160)
	at robot.running.runner$py.call_function(C:\jython2.7.0\Lib\site-packages\robot\running\runner.py)
	at org.python.core.PyTableCode.call(PyTableCode.java:167)
	at org.python.core.PyBaseCode.call(PyBaseCode.java:153)
	at org.python.core.PyFunction.__call__(PyFunction.java:423)
	at org.python.core.PyMethod.__call__(PyMethod.java:141)
	at robot.model.testcase$py.visit$7(C:\jython2.7.0\Lib\site-packages\robot\model\testcase.py:74)
	at robot.model.testcase$py.call_function(C:\jython2.7.0\Lib\site-packages\robot\model\testcase.py)
	at org.python.core.PyTableCode.call(PyTableCode.java:167)
	at org.python.core.PyBaseCode.call(PyBaseCode.java:153)
	at org.python.core.PyFunction.__call__(PyFunction.java:423)
	at org.python.core.PyMethod.__call__(PyMethod.java:141)
	at robot.model.itemlist$py.visit$11(C:\jython2.7.0\Lib\site-packages\robot\model\itemlist.py:75)
	at robot.model.itemlist$py.call_function(C:\jython2.7.0\Lib\site-packages\robot\model\itemlist.py)
	at org.python.core.PyTableCode.call(PyTableCode.java:167)
	at org.python.core.PyBaseCode.call(PyBaseCode.java:153)
	at org.python.core.PyFunction.__call__(PyFunction.java:423)
	at org.python.core.PyMethod.__call__(PyMethod.java:141)
	at robot.model.visitor$py.visit_suite$2(C:\jython2.7.0\Lib\site-packages\robot\model\visitor.py:88)
	at robot.model.visitor$py.call_function(C:\jython2.7.0\Lib\site-packages\robot\model\visitor.py)
	at org.python.core.PyTableCode.call(PyTableCode.java:167)
	at org.python.core.PyBaseCode.call(PyBaseCode.java:153)
	at org.python.core.PyFunction.__call__(PyFunction.java:423)
	at org.python.core.PyMethod.__call__(PyMethod.java:141)
	at robot.model.testsuite$py.visit$19(C:\jython2.7.0\Lib\site-packages\robot\model\testsuite.py:161)
	at robot.model.testsuite$py.call_function(C:\jython2.7.0\Lib\site-packages\robot\model\testsuite.py)
	at org.python.core.PyTableCode.call(PyTableCode.java:167)
	at org.python.core.PyBaseCode.call(PyBaseCode.java:153)
	at org.python.core.PyFunction.__call__(PyFunction.java:423)
	at org.python.core.PyMethod.__call__(PyMethod.java:141)
	at robot.model.itemlist$py.visit$11(C:\jython2.7.0\Lib\site-packages\robot\model\itemlist.py:75)
	at robot.model.itemlist$py.call_function(C:\jython2.7.0\Lib\site-packages\robot\model\itemlist.py)
	at org.python.core.PyTableCode.call(PyTableCode.java:167)
	at org.python.core.PyBaseCode.call(PyBaseCode.java:153)
	at org.python.core.PyFunction.__call__(PyFunction.java:423)
	at org.python.core.PyMethod.__call__(PyMethod.java:141)
	at robot.model.visitor$py.visit_suite$2(C:\jython2.7.0\Lib\site-packages\robot\model\visitor.py:88)
	at robot.model.visitor$py.call_function(C:\jython2.7.0\Lib\site-packages\robot\model\visitor.py)
	at org.python.core.PyTableCode.call(PyTableCode.java:167)
	at org.python.core.PyBaseCode.call(PyBaseCode.java:153)
	at org.python.core.PyFunction.__call__(PyFunction.java:423)
	at org.python.core.PyMethod.__call__(PyMethod.java:141)
	at robot.model.testsuite$py.visit$19(C:\jython2.7.0\Lib\site-packages\robot\model\testsuite.py:161)
	at robot.model.testsuite$py.call_function(C:\jython2.7.0\Lib\site-packages\robot\model\testsuite.py)
	at org.python.core.PyTableCode.call(PyTableCode.java:167)
	at org.python.core.PyBaseCode.call(PyBaseCode.java:153)
	at org.python.core.PyFunction.__call__(PyFunction.java:423)
	at org.python.core.PyMethod.__call__(PyMethod.java:141)
	at robot.model.itemlist$py.visit$11(C:\jython2.7.0\Lib\site-packages\robot\model\itemlist.py:75)
	at robot.model.itemlist$py.call_function(C:\jython2.7.0\Lib\site-packages\robot\model\itemlist.py)
	at org.python.core.PyTableCode.call(PyTableCode.java:167)
	at org.python.core.PyBaseCode.call(PyBaseCode.java:153)
	at org.python.core.PyFunction.__call__(PyFunction.java:423)
	at org.python.core.PyMethod.__call__(PyMethod.java:141)
	at robot.model.visitor$py.visit_suite$2(C:\jython2.7.0\Lib\site-packages\robot\model\visitor.py:88)
	at robot.model.visitor$py.call_function(C:\jython2.7.0\Lib\site-packages\robot\model\visitor.py)
	at org.python.core.PyTableCode.call(PyTableCode.java:167)
	at org.python.core.PyBaseCode.call(PyBaseCode.java:153)
	at org.python.core.PyFunction.__call__(PyFunction.java:423)
	at org.python.core.PyMethod.__call__(PyMethod.java:141)
	at robot.model.testsuite$py.visit$19(C:\jython2.7.0\Lib\site-packages\robot\model\testsuite.py:161)
	at robot.model.testsuite$py.call_function(C:\jython2.7.0\Lib\site-packages\robot\model\testsuite.py)
	at org.python.core.PyTableCode.call(PyTableCode.java:167)
	at org.python.core.PyBaseCode.call(PyBaseCode.java:153)
	at org.python.core.PyFunction.__call__(PyFunction.java:423)
	at org.python.core.PyMethod.__call__(PyMethod.java:141)
	at robot.running.model$py.run$17(C:\jython2.7.0\Lib\site-packages\robot\running\model.py:250)
	at robot.running.model$py.call_function(C:\jython2.7.0\Lib\site-packages\robot\running\model.py)
	at org.python.core.PyTableCode.call(PyTableCode.java:167)
	at org.python.core.PyBaseCode.call(PyBaseCode.java:307)
	at org.python.core.PyBaseCode.call(PyBaseCode.java:145)
	at org.python.core.PyFunction.__call__(PyFunction.java:423)
	at org.python.core.PyMethod.__call__(PyMethod.java:141)
	at org.python.pycode._pyx10.main$3(C:\jython2.7.0\Lib\site-packages\robot\run.py:452)
	at org.python.pycode._pyx10.call_function(C:\jython2.7.0\Lib\site-packages\robot\run.py)
	at org.python.core.PyTableCode.call(PyTableCode.java:167)
	at org.python.core.PyBaseCode.call(PyBaseCode.java:307)
	at org.python.core.PyBaseCode.call(PyBaseCode.java:198)
	at org.python.core.PyFunction.__call__(PyFunction.java:482)
	at org.python.core.PyMethod.instancemethod___call__(PyMethod.java:237)
	at org.python.core.PyMethod.__call__(PyMethod.java:228)
	at org.python.core.PyMethod.__call__(PyMethod.java:223)
	at org.python.core.PyObject._callextra(PyObject.java:601)
	at robot.utils.application$py._execute$10(C:\jython2.7.0\Lib\site-packages\robot\utils\application.py:94)
	at robot.utils.application$py.call_function(C:\jython2.7.0\Lib\site-packages\robot\utils\application.py)
	at org.python.core.PyTableCode.call(PyTableCode.java:167)
	at org.python.core.PyBaseCode.call(PyBaseCode.java:170)
	at org.python.core.PyFunction.__call__(PyFunction.java:434)
	at org.python.core.PyMethod.__call__(PyMethod.java:156)
	at robot.utils.application$py.execute_cli$5(C:\jython2.7.0\Lib\site-packages\robot\utils\application.py:49)
	at robot.utils.application$py.call_function(C:\jython2.7.0\Lib\site-packages\robot\utils\application.py)
	at org.python.core.PyTableCode.call(PyTableCode.java:167)
	at org.python.core.PyBaseCode.call(PyBaseCode.java:307)
	at org.python.core.PyBaseCode.call(PyBaseCode.java:198)
	at org.python.core.PyFunction.__call__(PyFunction.java:482)
	at org.python.core.PyMethod.instancemethod___call__(PyMethod.java:237)
	at org.python.core.PyMethod.__call__(PyMethod.java:228)
	at org.python.pycode._pyx10.run_cli$7(C:\jython2.7.0\Lib\site-packages\robot\run.py:489)
	at org.python.pycode._pyx10.call_function(C:\jython2.7.0\Lib\site-packages\robot\run.py)
	at org.python.core.PyTableCode.call(PyTableCode.java:167)
	at org.python.core.PyBaseCode.call(PyBaseCode.java:307)
	at org.python.core.PyBaseCode.call(PyBaseCode.java:131)
	at org.python.core.PyFunction.__call__(PyFunction.java:413)
	at org.python.pycode._pyx10.f$0(C:\jython2.7.0\Lib\site-packages\robot\run.py:550)
	at org.python.pycode._pyx10.call_function(C:\jython2.7.0\Lib\site-packages\robot\run.py)
	at org.python.core.PyTableCode.call(PyTableCode.java:167)
	at org.python.core.PyCode.call(PyCode.java:18)
	at org.python.core.Py.runCode(Py.java:1386)
	at org.python.core.Py.exec(Py.java:1430)
	at runpy$py._run_code$9(C:\jython2.7.0\Lib\runpy.py:73)
	at runpy$py.call_function(C:\jython2.7.0\Lib\runpy.py)
	at org.python.core.PyTableCode.call(PyTableCode.java:167)
	at org.python.core.PyBaseCode.call(PyBaseCode.java:307)
	at org.python.core.PyFunction.function___call__(PyFunction.java:471)
	at org.python.core.PyFunction.__call__(PyFunction.java:466)
	at org.python.core.PyFunction.__call__(PyFunction.java:456)
	at runpy$py._run_module_as_main$14(C:\jython2.7.0\Lib\runpy.py:161)
	at runpy$py.call_function(C:\jython2.7.0\Lib\runpy.py)
	at org.python.core.PyTableCode.call(PyTableCode.java:167)
	at org.python.core.PyBaseCode.call(PyBaseCode.java:153)
	at org.python.core.PyFunction.__call__(PyFunction.java:423)
	at org.python.core.PyFunction.__call__(PyFunction.java:418)
	at org.python.util.jython.runModule(jython.java:199)
	at org.python.util.jython.runModule(jython.java:191)
	at org.python.util.jython.run(jython.java:402)
	at org.python.util.jython.main(jython.java:142)