<?xml version="1.0" encoding="UTF-8"?>
<robot generator="Robot 3.0.4 (Jython 2.7.0 on java1.8.0_181)" generated="20190212 16:35:39.312">
<suite source="C:\Users\con_svijay02\KTOC-TRB-Automation\KTOC_TRB_TestAutomation" name="KTOC TRB TestAutomation" id="s1">
<suite source="C:\Users\con_svijay02\KTOC-TRB-Automation\KTOC_TRB_TestAutomation\TestSuites" name="TestSuites" id="s1-s1">
<suite source="C:\Users\con_svijay02\KTOC-TRB-Automation\KTOC_TRB_TestAutomation\TestSuites\RegressionKTOC_TRB_France.robot" name="RegressionKTOC TRB France" id="s1-s1-s1">
<kw type="setup" library="com.KTOC.TRB.testautomation.Keywords.Keywords" name="Launch Browser">
<arguments>
<arg>france</arg>
<arg>\\TestData\\KTOCTRB_AutomationTestData.xlsx</arg>
</arguments>
<msg level="INFO" timestamp="20190212 16:35:55.319">1549969545384	mozrunner::runner	INFO	Running command: "C:\\Program Files\\Mozilla Firefox\\firefox.exe" "-marionette" "-foreground" "-no-remote" "-profile" "C:\\Users\\CON_SV~1\\AppData\\Local\\Temp\\rust_mozprofile.QJG5H65Wtuu0"
1549969549074	Marionette	INFO	Listening on port 60732
1549969549269	Marionette	WARN	TLS certificate errors will be ignored for this session
Feb 12, 2019 4:35:49 PM org.openqa.selenium.remote.ProtocolHandshake createSession
INFO: Detected dialect: W3C</msg>
<status endtime="20190212 16:35:55.347" starttime="20190212 16:35:41.236" status="PASS"></status>
</kw>
<test name="1.Logon To Salesforce" id="s1-s1-s1-t1">
<kw library="com.KTOC.TRB.testautomation.Keywords.Keywords" name="Loginto Salesforce">
<status endtime="20190212 16:36:00.147" starttime="20190212 16:35:55.388" status="PASS"></status>
</kw>
<status critical="yes" endtime="20190212 16:36:00.155" starttime="20190212 16:35:55.367" status="PASS"></status>
</test>
<test name="2.Verify Creating Opportunity and Mapping It With FLTender" id="s1-s1-s1-t2">
<kw library="com.KTOC.TRB.testautomation.Keywords.Keywords" name="Create Opportunity OR Search Opportunity">
<msg level="INFO" timestamp="20190212 16:36:24.264">Opportunity Name:KOFCOL TRB SFA entered in Search box
KOFCOL TRB SFA has been clicked</msg>
<status endtime="20190212 16:36:24.272" starttime="20190212 16:36:00.177" status="PASS"></status>
</kw>
<status critical="yes" endtime="20190212 16:36:24.290" starttime="20190212 16:36:00.163" status="PASS"></status>
</test>
<test name="3.Verify Tender Created Successfully for Elevator" id="s1-s1-s1-t3">
<kw library="com.KTOC.TRB.testautomation.Keywords.Keywords" name="Navigateto KTOCTRB">
<msg level="INFO" timestamp="20190212 16:36:34.763">Release 1723 is Selected
Clicked on OK button</msg>
<status endtime="20190212 16:36:34.773" starttime="20190212 16:36:24.354" status="PASS"></status>
</kw>
<kw library="com.KTOC.TRB.testautomation.Keywords.Keywords" name="Add Equipment ID Elevator">
<msg level="INFO" timestamp="20190212 16:36:47.670">10503512 EquipmentID entered
Equipment loader clicked
checkbox clicked
Change button clicked</msg>
<status endtime="20190212 16:36:47.674" starttime="20190212 16:36:34.784" status="PASS"></status>
</kw>
<kw library="com.KTOC.TRB.testautomation.Keywords.Keywords" name="Check Hand Over Date Is Greater Than Installation Date">
<msg level="INFO" timestamp="20190212 16:36:49.783">Project clicked
Current MS5HO Date: 25/07/2020
MS5HODate Changed to: 27/07/2020</msg>
<status endtime="20190212 16:36:49.794" starttime="20190212 16:36:47.678" status="PASS"></status>
</kw>
<kw library="com.KTOC.TRB.testautomation.Keywords.Keywords" name="Check Sales Officeis Selected">
<msg level="INFO" timestamp="20190212 16:36:51.543">SalesOffice value VB FRRW Selected</msg>
<status endtime="20190212 16:36:51.561" starttime="20190212 16:36:49.797" status="PASS"></status>
</kw>
<kw library="com.KTOC.TRB.testautomation.Keywords.Keywords" name="Additionalfieldsin Project Overviewfor Canada">
<status endtime="20190212 16:36:51.605" starttime="20190212 16:36:51.582" status="PASS"></status>
</kw>
<kw library="com.KTOC.TRB.testautomation.Keywords.Keywords" name="Select Supervisor">
<msg level="INFO" timestamp="20190212 16:36:52.963">06114080 selected in Supervisor</msg>
<status endtime="20190212 16:36:52.972" starttime="20190212 16:36:51.618" status="PASS"></status>
</kw>
<kw library="com.KTOC.TRB.testautomation.Keywords.Keywords" name="Select Equipment In Service">
<msg level="INFO" timestamp="20190212 16:36:55.245">LIS Elevator is clicked in Equipment InService
HydraulicElevCheck clicked</msg>
<status endtime="20190212 16:36:55.258" starttime="20190212 16:36:52.979" status="PASS"></status>
</kw>
<kw library="com.KTOC.TRB.testautomation.Keywords.Keywords" name="Select Template To Be Uploaded">
<msg level="INFO" timestamp="20190212 16:36:58.639">Rightclick performed on Equipment
Open Templates clicked
Automation_Template_002 Entered in search
Shared templates radio button Clicked
Automation_Template_002 Template Clicked</msg>
<status endtime="20190212 16:36:58.651" starttime="20190212 16:36:55.274" status="PASS"></status>
</kw>
<kw library="com.KTOC.TRB.testautomation.Keywords.Keywords" name="Verify Tender Consistency">
<msg level="INFO" timestamp="20190212 16:37:02.428">PASS: Tender is Consistent, value:url("https://ktoc-ca3.kone.com/camosHTML5Client/cH5C/SMG?i=cad9a93f6c879df1ed1373d2853634026ff3224f&amp;w=16&amp;h=16")
PASS: Tender is Consistent, value:url("https://ktoc-ca3.kone.com/camosHTML5Client/cH5C/SMG?i=cad9a93f6c879df1ed1373d2853634026ff3224f&amp;w=16&amp;h=16")
PASS: Tender is Consistent, value:url("https://ktoc-ca3.kone.com/camosHTML5Client/cH5C/SMG?i=cad9a93f6c879df1ed1373d2853634026ff3224f&amp;w=16&amp;h=16")
PASS: Tender is Consistent, value:url("https://ktoc-ca3.kone.com/camosHTML5Client/cH5C/SMG?i=cad9a93f6c879df1ed1373d2853634026ff3224f&amp;w=16&amp;h=16")
PASS: Tender is Consistent, value:url("https://ktoc-ca3.kone.com/camosHTML5Client/cH5C/SMG?i=cad9a93f6c879df1ed1373d2853634026ff3224f&amp;w=16&amp;h=16")
PASS: Tender is Consistent, value:url("https://ktoc-ca3.kone.com/camosHTML5Client/cH5C/SMG?i=cad9a93f6c879df1ed1373d2853634026ff3224f&amp;w=16&amp;h=16")
PASS: Tender is Consistent, value:url("https://ktoc-ca3.kone.com/camosHTML5Client/cH5C/SMG?i=cad9a93f6c879df1ed1373d2853634026ff3224f&amp;w=16&amp;h=16")</msg>
<status endtime="20190212 16:37:02.432" starttime="20190212 16:36:58.667" status="PASS"></status>
</kw>
<kw library="com.KTOC.TRB.testautomation.Keywords.Keywords" name="Get Tender Number">
<msg level="INFO" timestamp="20190212 16:37:02.459">Tender # is :T-0002467115</msg>
<status endtime="20190212 16:37:02.462" starttime="20190212 16:37:02.436" status="PASS"></status>
</kw>
<status critical="yes" endtime="20190212 16:37:02.466" starttime="20190212 16:36:24.335" status="PASS"></status>
</test>
<test name="4.Validate TenderPrice Without FirstMaintenance for Elevator" id="s1-s1-s1-t4">
<kw library="com.KTOC.TRB.testautomation.Keywords.Keywords" name="Pricing Icon Click">
<msg level="INFO" timestamp="20190212 16:37:02.807">pricing icon Clicked</msg>
<status endtime="20190212 16:37:02.814" starttime="20190212 16:37:02.477" status="PASS"></status>
</kw>
<kw library="com.KTOC.TRB.testautomation.Keywords.Keywords" name="Check Tender Price After Discount Update">
<arguments>
<arg>10</arg>
<arg>0</arg>
</arguments>
<msg level="INFO" timestamp="20190212 16:37:06.628">Discount entered as: 10
First maintenance: 0 Clicked</msg>
<status endtime="20190212 16:37:06.632" starttime="20190212 16:37:02.829" status="PASS"></status>
</kw>
<status critical="yes" endtime="20190212 16:37:06.635" starttime="20190212 16:37:02.472" status="PASS"></status>
</test>
<test name="5.Check TenderPrice Without FirstMaintenance for Elevator" id="s1-s1-s1-t5">
<kw library="com.KTOC.TRB.testautomation.Keywords.Keywords" name="Get Target Price">
<msg level="INFO" timestamp="20190212 16:37:07.299">TargetPrice:3860.7
Firstmaintenance:0.0
Discount:10.0
*** TenderPriceFinal:3474.63 / CurrentTenderPrice:3474.63 ***
*** null Added in TenderPrice hence TenderPriceFinal VS TenderPrice shown in Application is: true ***</msg>
<status endtime="20190212 16:37:07.302" starttime="20190212 16:37:06.649" status="PASS"></status>
</kw>
<status critical="yes" endtime="20190212 16:37:07.306" starttime="20190212 16:37:06.644" status="PASS"></status>
</test>
<test name="6.Validate Discount Without FirstMaintenance for Elevator" id="s1-s1-s1-t6">
<kw library="com.KTOC.TRB.testautomation.Keywords.Keywords" name="Verify Discount By Changing The Tender Price">
<arguments>
<arg>3600</arg>
<arg>0</arg>
</arguments>
<msg level="INFO" timestamp="20190212 16:37:10.183">TenderPrice entered as: 3600
First maintenance: 0 Clicked</msg>
<status endtime="20190212 16:37:10.186" starttime="20190212 16:37:07.318" status="PASS"></status>
</kw>
<status critical="yes" endtime="20190212 16:37:10.190" starttime="20190212 16:37:07.311" status="PASS"></status>
</test>
<test name="7.Check Discount Without FirstMaintenance for Elevator" id="s1-s1-s1-t7">
<kw library="com.KTOC.TRB.testautomation.Keywords.Keywords" name="Get Target Price">
<msg level="INFO" timestamp="20190212 16:37:10.930">TargetPrice:3860.7
Firstmaintenance:0.0
TenderPrice:3600.0
DiscountFinal:6.75 / Discount shown in Application:6.75
*** null Added in CalculatedDiscountFinal hence DiscountFinal VS Discount shown in Application is: true ***</msg>
<status endtime="20190212 16:37:10.936" starttime="20190212 16:37:10.197" status="PASS"></status>
</kw>
<status critical="yes" endtime="20190212 16:37:10.939" starttime="20190212 16:37:10.193" status="PASS"></status>
</test>
<test name="8.Validate TenderPrice With FirstMaintenance for Elevator" id="s1-s1-s1-t8">
<kw library="com.KTOC.TRB.testautomation.Keywords.Keywords" name="Check Tender Price After Discount Update">
<arguments>
<arg>11</arg>
<arg>3</arg>
</arguments>
<msg level="INFO" timestamp="20190212 16:37:14.194">Discount entered as: 11
First maintenance: 3 Clicked</msg>
<status endtime="20190212 16:37:14.197" starttime="20190212 16:37:10.947" status="PASS"></status>
</kw>
<status critical="yes" endtime="20190212 16:37:14.202" starttime="20190212 16:37:10.943" status="PASS"></status>
</test>
<test name="9.Check TenderPrice With FirstMaintenance for Elevator" id="s1-s1-s1-t9">
<kw library="com.KTOC.TRB.testautomation.Keywords.Keywords" name="Get Target Price">
<msg level="INFO" timestamp="20190212 16:37:15.006">TargetPrice:4260.7
Firstmaintenance:400.0
Discount:11.0
*** TenderPriceFinal:3836.02 / CurrentTenderPrice:3836.02 ***
*** null Added in TenderPrice hence TenderPriceFinal VS TenderPrice shown in Application is: true ***</msg>
<status endtime="20190212 16:37:15.009" starttime="20190212 16:37:14.216" status="PASS"></status>
</kw>
<status critical="yes" endtime="20190212 16:37:15.012" starttime="20190212 16:37:14.209" status="PASS"></status>
</test>
<test name="10.Validate Discount With FirstMaintenance for Elevator" id="s1-s1-s1-t10">
<kw library="com.KTOC.TRB.testautomation.Keywords.Keywords" name="Verify Discount By Changing The Tender Price">
<arguments>
<arg>4100</arg>
<arg>4</arg>
</arguments>
<msg level="INFO" timestamp="20190212 16:37:17.878">TenderPrice entered as: 4100
First maintenance: 4 Clicked</msg>
<status endtime="20190212 16:37:17.883" starttime="20190212 16:37:15.023" status="PASS"></status>
</kw>
<status critical="yes" endtime="20190212 16:37:17.886" starttime="20190212 16:37:15.018" status="PASS"></status>
</test>
<test name="11.Check Discount With FirstMaintenance for Elevator" id="s1-s1-s1-t11">
<kw library="com.KTOC.TRB.testautomation.Keywords.Keywords" name="Get Target Price">
<msg level="INFO" timestamp="20190212 16:37:18.918">TargetPrice:4390.7
Firstmaintenance:530.0
TenderPrice:4230.0
DiscountFinal:4.16 / Discount shown in Application:4.16
*** null Added in CalculatedDiscountFinal hence DiscountFinal VS Discount shown in Application is: true ***</msg>
<status endtime="20190212 16:37:18.920" starttime="20190212 16:37:17.897" status="PASS"></status>
</kw>
<status critical="yes" endtime="20190212 16:37:18.923" starttime="20190212 16:37:17.890" status="PASS"></status>
</test>
<test name="12.Change and Validate Discount With FirstMaintenance for Elevator" id="s1-s1-s1-t12">
<kw library="com.KTOC.TRB.testautomation.Keywords.Keywords" name="Verify Discount By Changing The Tender Price">
<arguments>
<arg>4050</arg>
<arg>3</arg>
</arguments>
<msg level="INFO" timestamp="20190212 16:37:21.456">TenderPrice entered as: 4050
First maintenance: 3 Clicked</msg>
<status endtime="20190212 16:37:21.458" starttime="20190212 16:37:18.931" status="PASS"></status>
</kw>
<status critical="yes" endtime="20190212 16:37:21.461" starttime="20190212 16:37:18.926" status="PASS"></status>
</test>
<test name="13.Check Changed Discount With FirstMaintenance for Elevator" id="s1-s1-s1-t13">
<kw library="com.KTOC.TRB.testautomation.Keywords.Keywords" name="Get Target Price">
<msg level="INFO" timestamp="20190212 16:37:22.342">TargetPrice:4260.7
Firstmaintenance:400.0
TenderPrice:3920.0
DiscountFinal:8.82 / Discount shown in Application:8.82
*** null Added in CalculatedDiscountFinal hence DiscountFinal VS Discount shown in Application is: true ***</msg>
<status endtime="20190212 16:37:22.347" starttime="20190212 16:37:21.468" status="PASS"></status>
</kw>
<status critical="yes" endtime="20190212 16:37:22.351" starttime="20190212 16:37:21.465" status="PASS"></status>
</test>
<test name="14.Check Regional Factor At SalesOffice Level for Elevator" id="s1-s1-s1-t14">
<kw library="com.KTOC.TRB.testautomation.Keywords.Keywords" name="Verify Regional Discount Displayed Correctly">
<msg level="INFO" timestamp="20190212 16:37:23.022">Additional Discount Icon CLICKED</msg>
<status endtime="20190212 16:37:23.025" starttime="20190212 16:37:22.362" status="PASS"></status>
</kw>
<kw library="com.KTOC.TRB.testautomation.Keywords.Keywords" name="Verify Target Price Displayed Correctly">
<msg level="INFO" timestamp="20190212 16:37:31.194">Ropes_calculatedRegionaldiscountoncomponent =203.19 / read_Regionaldiscountoncomponent =203.19
*** is calculated_Regionaldiscountoncomponent vs read_Regionaldiscountoncomponent equal: true
read_Ropes_Regional discount on component (%)=5.0 / testdata_regionalDiscount:5.0
***is read_Ropes_Regional discount on component (%) VS testdata_regionalDiscount equal:true
Solution 2_calculated_Regionaldiscountoncomponent % =4.55 / read_Solution 2_Regional discount on component (%)=4.55
*** is calculated_Regionaldiscountoncomponent % vs read_Regionaldiscountoncomponent % equal = true
Solution 2_calculated_TargetPrice =4260.68 / read_Solution 2_Target Price=4260.70
*** +0.02 Added in calculated_TargetPrice hence calculated_TargetPrice VS read_TargetPrice shown in Application is: true</msg>
<status endtime="20190212 16:37:31.211" starttime="20190212 16:37:23.029" status="PASS"></status>
</kw>
<status critical="yes" endtime="20190212 16:37:31.227" starttime="20190212 16:37:22.355" status="PASS"></status>
</test>
<test name="15.Check Regional Factor When SalesOffice Is Changed for Elevator" id="s1-s1-s1-t15">
<kw library="com.KTOC.TRB.testautomation.Keywords.Keywords" name="Goto Configuration Pageand Change The Sales Office">
<msg level="INFO" timestamp="20190212 16:37:34.928">ToConfiguration icon clicked
Project clicked
SalesOffice value VB FRPP Selected
pricing icon Clicked</msg>
<status endtime="20190212 16:37:34.938" starttime="20190212 16:37:31.266" status="PASS"></status>
</kw>
<kw library="com.KTOC.TRB.testautomation.Keywords.Keywords" name="Verify Regional Discount Displayed Correctly">
<msg level="INFO" timestamp="20190212 16:37:36.646">Additional Discount Icon CLICKED</msg>
<status endtime="20190212 16:37:36.648" starttime="20190212 16:37:34.945" status="PASS"></status>
</kw>
<kw library="com.KTOC.TRB.testautomation.Keywords.Keywords" name="Verify Target Price Displayed Correctly">
<msg level="INFO" timestamp="20190212 16:37:44.812">Ropes_calculatedRegionaldiscountoncomponent =-160.55 / read_Regionaldiscountoncomponent =-160.55
*** is calculated_Regionaldiscountoncomponent vs read_Regionaldiscountoncomponent equal: true
read_Ropes_Regional discount on component (%)=-4.0 / testdata_regionalDiscount:-4.0
***is read_Ropes_Regional discount on component (%) VS testdata_regionalDiscount equal:true
Solution 2_calculated_Regionaldiscountoncomponent % =-3.64 / read_Solution 2_Regional discount on component (%)=-3.64
*** is calculated_Regionaldiscountoncomponent % vs read_Regionaldiscountoncomponent % equal = true
Solution 2_calculated_TargetPrice =4574.19 / read_Solution 2_Target Price=4574.19
*** null Added in calculated_TargetPrice hence calculated_TargetPrice VS read_TargetPrice shown in Application is: true</msg>
<status endtime="20190212 16:37:44.827" starttime="20190212 16:37:36.651" status="PASS"></status>
</kw>
<status critical="yes" endtime="20190212 16:37:44.833" starttime="20190212 16:37:31.253" status="PASS"></status>
</test>
<test name="16 Verify ITEFactorValue and LaborRateValue IsTaken From SalesOffice for Elevator" id="s1-s1-s1-t16">
<kw library="com.KTOC.TRB.testautomation.Keywords.Keywords" name="Goto Configuration Pageand Change The Primary Sales Office">
<arguments>
<arg>france</arg>
<arg>\\TestData\\KTOCTRB_AutomationTestData.xlsx</arg>
</arguments>
<msg level="INFO" timestamp="20190212 16:37:48.531">ToConfiguration icon clicked
Project clicked
SalesOffice value VB FRRW Selected
pricing icon Clicked</msg>
<status endtime="20190212 16:37:48.539" starttime="20190212 16:37:44.843" status="PASS"></status>
</kw>
<kw library="com.KTOC.TRB.testautomation.Keywords.Keywords" name="Validate Detail Breakdown Tab">
<msg level="INFO" timestamp="20190212 16:37:59.030">Detailed breakdown Clicked
ROPES CLICKED
Show TotalCost Calculation Details CLICKED
check_showtotal_ITEfactor:2.00 / showtotal_ITEfactor:2.00
check_showtotal_Referencehours:11.16 / showtotal_Referencehours:11.16
check_showtotal_Labourrate:61.90 / showtotal_Labourrate:61.90
LabourRate:61.90 / showtotal_Labourrate:61.90
*** is_showtotal_ITEfactor: true *** / is_Testdata_Labourrate: true *** / is_showtotal_Labourrate: true *** / is_showtotal_Referencehours: true ***</msg>
<status endtime="20190212 16:37:59.035" starttime="20190212 16:37:48.549" status="PASS"></status>
</kw>
<status critical="yes" endtime="20190212 16:37:59.037" starttime="20190212 16:37:44.839" status="PASS"></status>
</test>
<test name="17 Verify ITEFactorValue and LaborRateValue IsTaken From Changed SalesOffice for Elevator" id="s1-s1-s1-t17">
<kw library="com.KTOC.TRB.testautomation.Keywords.Keywords" name="Goto Configuration Pageand Change The Sales Office">
<msg level="INFO" timestamp="20190212 16:38:01.891">ToConfiguration icon clicked
Project clicked
SalesOffice value VB FRPP Selected
pricing icon Clicked</msg>
<status endtime="20190212 16:38:01.901" starttime="20190212 16:37:59.046" status="PASS"></status>
</kw>
<kw library="com.KTOC.TRB.testautomation.Keywords.Keywords" name="Validate Detail Breakdown Tab">
<msg level="INFO" timestamp="20190212 16:38:13.271">Detailed breakdown Clicked
ROPES CLICKED
Show TotalCost Calculation Details CLICKED
check_showtotal_ITEfactor:2.00 / showtotal_ITEfactor:2.00
check_showtotal_Referencehours:11.16 / showtotal_Referencehours:11.16
check_showtotal_Labourrate:61.00 / showtotal_Labourrate:61.00
LabourRate:61.00 / showtotal_Labourrate:61.00
*** is_showtotal_ITEfactor: true *** / is_Testdata_Labourrate: true *** / is_showtotal_Labourrate: true *** / is_showtotal_Referencehours: true ***</msg>
<status endtime="20190212 16:38:13.282" starttime="20190212 16:38:01.910" status="PASS"></status>
</kw>
<status critical="yes" endtime="20190212 16:38:13.287" starttime="20190212 16:37:59.042" status="PASS"></status>
</test>
<test name="18.Check Cost Calculated Correctly When The Tender Currency Is Different From SLCurrency for Elevator" id="s1-s1-s1-t18">
<kw library="com.KTOC.TRB.testautomation.Keywords.Keywords" name="Verify Cost Calculated Successfully">
<msg level="INFO" timestamp="20190212 16:38:13.316">*** Currencies Tab is applicable for Australia alone hence skipping TC#10 ***</msg>
<status endtime="20190212 16:38:13.325" starttime="20190212 16:38:13.304" status="PASS"></status>
</kw>
<status critical="yes" endtime="20190212 16:38:13.332" starttime="20190212 16:38:13.294" status="PASS"></status>
</test>
<test name="19.Check Price Calculated Correctly When The Tender Currency Is Different From SLCurrency for Elevator" id="s1-s1-s1-t19">
<kw library="com.KTOC.TRB.testautomation.Keywords.Keywords" name="VerifyPriceCalculatedSuccessfully TobecheckedinFrance">
<msg level="INFO" timestamp="20190212 16:40:16.015">Show TotalCost Calculation Details CLICKED
totalTargetPrice:4174.19 / subtotal_TargetPrice:4174.19
*** is totalTargetPrice vs subtotal_TargetPrice equal: true
totalMaterialcosts=243.93 / subtotal_Materialcosts:243.93
*** null Added in totalMaterialcosts hence totalMaterialcosts vs subtotal_Materialcosts equal: true
totalMaterialcostSLCurrency=243.93 / subtotal_MaterialcostSLCurrency:243.93
*** null Added in totalMaterialcostSLCurrency hence totalMaterialcostSLCurrency vs subtotal_MaterialcostSLCurrency equal: true
totalReferencehours=11.16 / subtotal_Referencehours:11.16
*** is totalReferencehours vs subtotal_Referencehours equal: true
totalInstallationHours=22.32 / subtotal_InstallationHours:22.32
*** is totalInstallationHours vs subtotal_Materialcosts equal: true
totalLaborCosts=1361.52 / subtotal_LaborCosts:1361.52
*** is totalLaborCosts vs subtotal_LaborCosts equal: true
totalFullCosts=1605.45 / subtotal_FullCosts:1605.45
*** is totalFullCosts vs subtotal_FullCosts equal: true
totalTotalCost=1605.45 / subtotal_TotalCost:1605.45
*** is totalTotalCost vs subtotal_TotalCost equal: true
totalTenderPrice=3805.82 / subtotal_TenderPrice:3805.82
*** is totalTenderPrice vs subtotal_TenderPrice equal: true</msg>
<status endtime="20190212 16:40:16.029" starttime="20190212 16:38:13.356" status="PASS"></status>
</kw>
<status critical="yes" endtime="20190212 16:40:16.038" starttime="20190212 16:38:13.339" status="PASS"></status>
</test>
<test name="20.Checking Maximum DiscountLimit Exceeded" id="s1-s1-s1-t20">
<kw library="com.KTOC.TRB.testautomation.Keywords.Keywords" name="Checking Maximum Discount Limit Exceeded">
<arguments>
<arg>60</arg>
</arguments>
<msg level="INFO" timestamp="20190212 16:40:23.734">pricing icon Clicked
Discount entered as: 60
*** Project Pricing = 2069.68
*** Discount = 60.0
*** Target Price = 4574.19
*** Billing Plan = SFA30/30/35/5</msg>
<status endtime="20190212 16:40:23.740" starttime="20190212 16:40:16.056" status="PASS"></status>
</kw>
<status critical="yes" endtime="20190212 16:40:23.744" starttime="20190212 16:40:16.046" status="PASS"></status>
</test>
<test name="21.Check TenderLetter Is generated Correctly With All The components" id="s1-s1-s1-t21">
<kw library="com.KTOC.TRB.testautomation.Keywords.Keywords" name="Go To Documents Taband Click The Tender">
<msg level="INFO" timestamp="20190212 16:40:26.191">ToWord icon clicked</msg>
<status endtime="20190212 16:40:26.196" starttime="20190212 16:40:23.755" status="PASS"></status>
</kw>
<kw library="com.KTOC.TRB.testautomation.Keywords.Keywords" name="Verify Successful Message Displayed">
<msg level="INFO" timestamp="20190212 16:40:29.687">Create PrintOut icon clicked
No clicked in Do you want to freeze printed version?</msg>
<status endtime="20190212 16:40:29.692" starttime="20190212 16:40:26.203" status="PASS"></status>
</kw>
<status critical="yes" endtime="20190212 16:40:29.695" starttime="20190212 16:40:23.749" status="PASS"></status>
</test>
<test name="22.Close KTOC" id="s1-s1-s1-t22">
<kw library="com.KTOC.TRB.testautomation.Keywords.Keywords" name="Click Saveand Close Button">
<msg level="INFO" timestamp="20190212 16:40:36.024">SaveandClose icon CLICKED
Yes CLICKED in SaveandClose
Automation Test Description entered in Description field in stage / Probability window</msg>
<status endtime="20190212 16:40:36.029" starttime="20190212 16:40:29.704" status="PASS"></status>
</kw>
<status critical="yes" endtime="20190212 16:40:36.038" starttime="20190212 16:40:29.700" status="PASS"></status>
</test>
<test name="23.Verify Total SalesPrice With SF Product Information" id="s1-s1-s1-t23">
<kw library="com.KTOC.TRB.testautomation.Keywords.Keywords" name="Compare Sales Pricebetween Tender Pageand Salesforce">
<msg level="INFO" timestamp="20190212 16:40:56.043">Tender Price:3920.0 / Final_SalesPrice:400.0
is TRB TenderPrice VS Salesforce TenderPrice equal:false ***</msg>
<msg level="INFO" html="yes" timestamp="20190212 16:40:56.044">&lt;a href='C:\Users\con_svijay02\KTOC-TRB-Automation\KTOC_TRB_TestAutomation\Screenshots\12Feb2019_04_40_55PM\SS_12Feb2019_04_40_55PM_TenderPrice not equal in compareSalesPricebetweenTenderPageandSalesforce for SingleEquipment.png' target='_blank'&gt;&lt;img src='C:\Users\con_svijay02\KTOC-TRB-Automation\KTOC_TRB_TestAutomation\Screenshots\12Feb2019_04_40_55PM\SS_12Feb2019_04_40_55PM_TenderPrice not equal in compareSalesPricebetweenTenderPageandSalesforce for SingleEquipment.png' style='width:80%; height: auto;'/&gt;&lt;/a&gt;</msg>
<msg level="FAIL" timestamp="20190212 16:40:56.063">IllegalStateException: failure 'Get SalesPrice from SalesForce Failed due to: java.lang.IllegalStateException: failure 'Failed due to TenderPrice not equal in Get SalesPrice from SalesForce''</msg>
<status endtime="20190212 16:40:56.067" starttime="20190212 16:40:36.070" status="FAIL"></status>
</kw>
<status critical="yes" endtime="20190212 16:40:56.088" starttime="20190212 16:40:36.050" status="FAIL">IllegalStateException: failure 'Get SalesPrice from SalesForce Failed due to: java.lang.IllegalStateException: failure 'Failed due to TenderPrice not equal in Get SalesPrice from SalesForce''</status>
</test>
<status endtime="20190212 16:40:56.136" starttime="20190212 16:35:40.613" status="FAIL"></status>
</suite>
<status endtime="20190212 16:40:56.428" starttime="20190212 16:35:40.583" status="FAIL"></status>
</suite>
<status endtime="20190212 16:40:56.540" starttime="20190212 16:35:40.258" status="FAIL"></status>
</suite>
<statistics>
<total>
<stat pass="22" fail="1">Critical Tests</stat>
<stat pass="22" fail="1">All Tests</stat>
</total>
<tag>
</tag>
<suite>
<stat pass="22" fail="1" name="KTOC TRB TestAutomation" id="s1">KTOC TRB TestAutomation</stat>
<stat pass="22" fail="1" name="TestSuites" id="s1-s1">KTOC TRB TestAutomation.TestSuites</stat>
<stat pass="22" fail="1" name="RegressionKTOC TRB France" id="s1-s1-s1">KTOC TRB TestAutomation.TestSuites.RegressionKTOC TRB France</stat>
</suite>
</statistics>
<errors>
</errors>
</robot>
