<?xml version="1.0" encoding="UTF-8"?>
<robot generator="Robot 3.0.4 (Jython 2.7.0 on java1.8.0_181)" generated="20180928 10:26:37.760">
<suite source="C:\Users\con_svijay02\KTOC-TRB-Automation\KTOC_TRB_TestAutomation" name="KTOC TRB TestAutomation" id="s1">
<suite source="C:\Users\con_svijay02\KTOC-TRB-Automation\KTOC_TRB_TestAutomation\TestSuites" name="TestSuites" id="s1-s1">
<suite source="C:\Users\con_svijay02\KTOC-TRB-Automation\KTOC_TRB_TestAutomation\TestSuites\RegressionTestSuite.robot" name="RegressionTestSuite" id="s1-s1-s1">
<kw type="setup" library="com.KTOC.TRB.testautomation.Keywords.Keywords" name="Launch Browser">
<msg level="FAIL" timestamp="20180928 10:26:39.340">IllegalStateException: The path to the driver executable must be set by the webdriver.chrome.driver system property; for more information, see https://github.com/SeleniumHQ/selenium/wiki/ChromeDriver. The latest version can be downloaded from http://chromedriver.storage.googleapis.com/index.html</msg>
<status endtime="20180928 10:26:39.350" starttime="20180928 10:26:39.198" status="FAIL"></status>
</kw>
<test name="Verify Logon To Salesforce" id="s1-s1-s1-t1">
<tags>
<tag>Regression Test</tag>
</tags>
<status critical="yes" endtime="20180928 10:26:39.372" starttime="20180928 10:26:39.361" status="FAIL">Parent suite setup failed:
IllegalStateException: The path to the driver executable must be set by the webdriver.chrome.driver system property; for more information, see https://github.com/SeleniumHQ/selenium/wiki/ChromeDriver. The latest version can be downloaded from http://chromedriver.storage.googleapis.com/index.html</status>
</test>
<test name="Verify Creating Opportunity and Mapping It With FLTender" id="s1-s1-s1-t2">
<tags>
<tag>Regression Test</tag>
</tags>
<status critical="yes" endtime="20180928 10:26:39.399" starttime="20180928 10:26:39.390" status="FAIL">Parent suite setup failed:
IllegalStateException: The path to the driver executable must be set by the webdriver.chrome.driver system property; for more information, see https://github.com/SeleniumHQ/selenium/wiki/ChromeDriver. The latest version can be downloaded from http://chromedriver.storage.googleapis.com/index.html</status>
</test>
<kw type="teardown" library="com.KTOC.TRB.testautomation.Keywords.Keywords" name="Close Browser">
<msg level="FAIL" timestamp="20180928 10:26:39.452">IllegalStateException: failure 'Failed closing KTOC.'</msg>
<status endtime="20180928 10:26:39.457" starttime="20180928 10:26:39.411" status="FAIL">IllegalStateException: failure 'Failed closing KTOC.'</status>
</kw>
<status endtime="20180928 10:26:39.467" starttime="20180928 10:26:38.961" status="FAIL">Suite setup failed:
IllegalStateException: The path to the driver executable must be set by the webdriver.chrome.driver system property; for more information, see https://github.com/SeleniumHQ/selenium/wiki/ChromeDriver. The latest version can be downloaded from http://chromedriver.storage.googleapis.com/index.html

Also suite teardown failed:
IllegalStateException: failure 'Failed closing KTOC.'</status>
</suite>
<status endtime="20180928 10:26:39.492" starttime="20180928 10:26:38.935" status="FAIL"></status>
</suite>
<status endtime="20180928 10:26:39.508" starttime="20180928 10:26:38.581" status="FAIL"></status>
</suite>
<statistics>
<total>
<stat pass="0" fail="2">Critical Tests</stat>
<stat pass="0" fail="2">All Tests</stat>
</total>
<tag>
<stat pass="0" fail="2">Regression Test</stat>
</tag>
<suite>
<stat pass="0" fail="2" name="KTOC TRB TestAutomation" id="s1">KTOC TRB TestAutomation</stat>
<stat pass="0" fail="2" name="TestSuites" id="s1-s1">KTOC TRB TestAutomation.TestSuites</stat>
<stat pass="0" fail="2" name="RegressionTestSuite" id="s1-s1-s1">KTOC TRB TestAutomation.TestSuites.RegressionTestSuite</stat>
</suite>
</statistics>
<errors>
</errors>
</robot>
