<?xml version="1.0" encoding="UTF-8"?>
<robot generator="Robot 3.0.4 (Jython 2.7.0 on java1.8.0_181)" generated="20181221 08:51:55.365">
<suite source="C:\Users\con_svijay02\KTOC-TRB-Automation\KTOC_TRB_TestAutomation" name="KTOC TRB TestAutomation" id="s1">
<suite source="C:\Users\con_svijay02\KTOC-TRB-Automation\KTOC_TRB_TestAutomation\TestSuites" name="TestSuites" id="s1-s1">
<suite source="C:\Users\con_svijay02\KTOC-TRB-Automation\KTOC_TRB_TestAutomation\TestSuites\RegressionKTOC_TRB_France.robot" name="RegressionKTOC TRB France" id="s1-s1-s1">
<kw type="setup" library="com.KTOC.TRB.testautomation.Keywords.Keywords" name="Launch Browser">
<arguments>
<arg>france</arg>
<arg>\\TestData\\KTOCTRB_AutomationTestData.xlsx</arg>
</arguments>
<msg level="INFO" timestamp="20181221 08:52:12.181">1545362520503	mozrunner::runner	INFO	Running command: "C:\\Program Files\\Mozilla Firefox\\firefox.exe" "-marionette" "-foreground" "-no-remote" "-profile" "C:\\Users\\CON_SV~1\\AppData\\Local\\Temp\\rust_mozprofile.rSl2c3TAE7GQ"
1545362523125	Marionette	INFO	Listening on port 59556
1545362523283	Marionette	WARN	TLS certificate errors will be ignored for this session
Dec 21, 2018 8:52:03 AM org.openqa.selenium.remote.ProtocolHandshake createSession
INFO: Detected dialect: W3C</msg>
<status endtime="20181221 08:52:12.225" starttime="20181221 08:51:57.210" status="PASS"></status>
</kw>
<test name="1.Logon To Salesforce" id="s1-s1-s1-t1">
<kw library="com.KTOC.TRB.testautomation.Keywords.Keywords" name="Loginto Salesforce">
<status endtime="20181221 08:52:16.616" starttime="20181221 08:52:12.255" status="PASS"></status>
</kw>
<status critical="yes" endtime="20181221 08:52:16.625" starttime="20181221 08:52:12.236" status="PASS"></status>
</test>
<test name="2.Verify Creating Opportunity and Mapping It With FLTender" id="s1-s1-s1-t2">
<kw library="com.KTOC.TRB.testautomation.Keywords.Keywords" name="Create Opportunity OR Search Opportunity">
<msg level="INFO" timestamp="20181221 08:52:44.521">Opportunity Name:KOFCOL TRB SFA entered in Search box
KOFCOL TRB SFA has been clicked</msg>
<status endtime="20181221 08:52:44.532" starttime="20181221 08:52:16.644" status="PASS"></status>
</kw>
<status critical="yes" endtime="20181221 08:52:44.542" starttime="20181221 08:52:16.633" status="PASS"></status>
</test>
<test name="3.Verify Tender Created Successfully for Elevator" id="s1-s1-s1-t3">
<kw library="com.KTOC.TRB.testautomation.Keywords.Keywords" name="Navigateto KTOCTRB">
<msg level="INFO" timestamp="20181221 08:52:54.780">Release 1723 is Selected
Clicked on OK button</msg>
<status endtime="20181221 08:52:54.787" starttime="20181221 08:52:44.575" status="PASS"></status>
</kw>
<kw library="com.KTOC.TRB.testautomation.Keywords.Keywords" name="Add Equipment ID Elevator">
<msg level="INFO" timestamp="20181221 08:53:08.977">10503512 EquipmentID entered
Equipment loader clicked
checkbox clicked
Change button clicked</msg>
<status endtime="20181221 08:53:08.992" starttime="20181221 08:52:54.794" status="PASS"></status>
</kw>
<kw library="com.KTOC.TRB.testautomation.Keywords.Keywords" name="Check Hand Over Date Is Greater Than Installation Date">
<msg level="INFO" timestamp="20181221 08:53:10.898">Project clicked
Current MS5HO Date: 25/07/2020
MS5HODate Changed to: 27/07/2020</msg>
<status endtime="20181221 08:53:10.902" starttime="20181221 08:53:08.998" status="PASS"></status>
</kw>
<kw library="com.KTOC.TRB.testautomation.Keywords.Keywords" name="Check Sales Officeis Selected">
<msg level="INFO" timestamp="20181221 08:53:12.024">SalesOffice value VB FRRW Selected</msg>
<status endtime="20181221 08:53:12.041" starttime="20181221 08:53:10.912" status="PASS"></status>
</kw>
<kw library="com.KTOC.TRB.testautomation.Keywords.Keywords" name="Additionalfieldsin Project Overviewfor Canada">
<status endtime="20181221 08:53:12.068" starttime="20181221 08:53:12.056" status="PASS"></status>
</kw>
<kw library="com.KTOC.TRB.testautomation.Keywords.Keywords" name="Select Supervisor">
<msg level="INFO" timestamp="20181221 08:53:15.093">CustomerID: A10137873 entered
06114080 selected in Supervisor</msg>
<status endtime="20181221 08:53:15.105" starttime="20181221 08:53:12.073" status="PASS"></status>
</kw>
<kw library="com.KTOC.TRB.testautomation.Keywords.Keywords" name="Select Equipment In Service">
<msg level="INFO" timestamp="20181221 08:53:17.783">LIS Elevator is clicked in Equipment InService
HydraulicElevCheck clicked</msg>
<status endtime="20181221 08:53:17.787" starttime="20181221 08:53:15.114" status="PASS"></status>
</kw>
<kw library="com.KTOC.TRB.testautomation.Keywords.Keywords" name="Select Template To Be Uploaded">
<msg level="INFO" timestamp="20181221 08:53:22.048">Rightclick performed on Equipment
Open Templates clicked
Automation_Template_002 Entered in search
Shared templates radio button Clicked
Automation_Template_002 Template Clicked</msg>
<status endtime="20181221 08:53:22.055" starttime="20181221 08:53:17.790" status="PASS"></status>
</kw>
<kw library="com.KTOC.TRB.testautomation.Keywords.Keywords" name="Verify Tender Consistency">
<msg level="INFO" timestamp="20181221 08:53:26.028">PASS: Tender is Consistent, value:url("https://ktoc-ca3.kone.com/camosHTML5Client/cH5C/SMG?i=cad9a93f6c879df1ed1373d2853634026ff3224f&amp;w=16&amp;h=16")
PASS: Tender is Consistent, value:url("https://ktoc-ca3.kone.com/camosHTML5Client/cH5C/SMG?i=cad9a93f6c879df1ed1373d2853634026ff3224f&amp;w=16&amp;h=16")
PASS: Tender is Consistent, value:url("https://ktoc-ca3.kone.com/camosHTML5Client/cH5C/SMG?i=cad9a93f6c879df1ed1373d2853634026ff3224f&amp;w=16&amp;h=16")
PASS: Tender is Consistent, value:url("https://ktoc-ca3.kone.com/camosHTML5Client/cH5C/SMG?i=cad9a93f6c879df1ed1373d2853634026ff3224f&amp;w=16&amp;h=16")
PASS: Tender is Consistent, value:url("https://ktoc-ca3.kone.com/camosHTML5Client/cH5C/SMG?i=cad9a93f6c879df1ed1373d2853634026ff3224f&amp;w=16&amp;h=16")
PASS: Tender is Consistent, value:url("https://ktoc-ca3.kone.com/camosHTML5Client/cH5C/SMG?i=cad9a93f6c879df1ed1373d2853634026ff3224f&amp;w=16&amp;h=16")
PASS: Tender is Consistent, value:url("https://ktoc-ca3.kone.com/camosHTML5Client/cH5C/SMG?i=cad9a93f6c879df1ed1373d2853634026ff3224f&amp;w=16&amp;h=16")</msg>
<status endtime="20181221 08:53:26.034" starttime="20181221 08:53:22.065" status="PASS"></status>
</kw>
<kw library="com.KTOC.TRB.testautomation.Keywords.Keywords" name="Get Tender Number">
<msg level="INFO" timestamp="20181221 08:53:26.069">Tender # is :T-0002465782</msg>
<status endtime="20181221 08:53:26.072" starttime="20181221 08:53:26.039" status="PASS"></status>
</kw>
<status critical="yes" endtime="20181221 08:53:26.081" starttime="20181221 08:52:44.561" status="PASS"></status>
</test>
<test name="4.Validate TenderPrice Without FirstMaintenance for Elevator" id="s1-s1-s1-t4">
<kw library="com.KTOC.TRB.testautomation.Keywords.Keywords" name="Pricing Icon Click">
<msg level="INFO" timestamp="20181221 08:53:26.444">pricing icon Clicked</msg>
<status endtime="20181221 08:53:26.465" starttime="20181221 08:53:26.102" status="PASS"></status>
</kw>
<kw library="com.KTOC.TRB.testautomation.Keywords.Keywords" name="Check Tender Price After Discount Update">
<arguments>
<arg>10</arg>
<arg>0</arg>
</arguments>
<msg level="INFO" timestamp="20181221 08:53:32.265">Discount entered as: 10
First maintenance: 0 Clicked</msg>
<status endtime="20181221 08:53:32.278" starttime="20181221 08:53:26.477" status="PASS"></status>
</kw>
<status critical="yes" endtime="20181221 08:53:32.288" starttime="20181221 08:53:26.091" status="PASS"></status>
</test>
<test name="5.Check TenderPrice Without FirstMaintenance for Elevator" id="s1-s1-s1-t5">
<kw library="com.KTOC.TRB.testautomation.Keywords.Keywords" name="Get Target Price">
<msg level="INFO" timestamp="20181221 08:53:32.864">TargetPrice:3779.41
Firstmaintenance:0.0
Discount:10.0
*** TenderPriceFinal:3401.47 / CurrentTenderPrice:3401.47 ***
is TenderPriceFinal VS ApplicationTenderPrice Equal: true ***
null Added in TenderPrice hence TenderPriceFinal VS TenderPrice shown in Application is: true ***</msg>
<status endtime="20181221 08:53:32.868" starttime="20181221 08:53:32.322" status="PASS"></status>
</kw>
<status critical="yes" endtime="20181221 08:53:32.871" starttime="20181221 08:53:32.309" status="PASS"></status>
</test>
<test name="6.Validate Discount Without FirstMaintenance for Elevator" id="s1-s1-s1-t6">
<kw library="com.KTOC.TRB.testautomation.Keywords.Keywords" name="Verify Discount By Changing The Tender Price">
<arguments>
<arg>2001</arg>
<arg>0</arg>
</arguments>
<msg level="INFO" timestamp="20181221 08:53:37.179">TenderPrice entered as: 2001
First maintenance: 0 Clicked</msg>
<status endtime="20181221 08:53:37.185" starttime="20181221 08:53:32.886" status="PASS"></status>
</kw>
<status critical="yes" endtime="20181221 08:53:37.199" starttime="20181221 08:53:32.876" status="PASS"></status>
</test>
<test name="7.Check Discount Without FirstMaintenance for Elevator" id="s1-s1-s1-t7">
<kw library="com.KTOC.TRB.testautomation.Keywords.Keywords" name="Get Target Price">
<msg level="INFO" timestamp="20181221 08:53:37.690">TargetPrice:3779.41
Firstmaintenance:0.0
TenderPrice:2001.0
DiscountFinal:47.06 / Discount shown in Application:47.06
*** is FinalDiscount VS ApplicationDiscount Equal:true ***
null Added in CalculatedDiscountFinal hence DiscountFinal VS Discount shown in Application is: true ***</msg>
<status endtime="20181221 08:53:37.693" starttime="20181221 08:53:37.234" status="PASS"></status>
</kw>
<status critical="yes" endtime="20181221 08:53:37.696" starttime="20181221 08:53:37.214" status="PASS"></status>
</test>
<test name="8.Validate TenderPrice With FirstMaintenance for Elevator" id="s1-s1-s1-t8">
<kw library="com.KTOC.TRB.testautomation.Keywords.Keywords" name="Check Tender Price After Discount Update">
<arguments>
<arg>11</arg>
<arg>3</arg>
</arguments>
<msg level="INFO" timestamp="20181221 08:53:40.493">Discount entered as: 11
First maintenance: 3 Clicked</msg>
<status endtime="20181221 08:53:40.496" starttime="20181221 08:53:37.706" status="PASS"></status>
</kw>
<status critical="yes" endtime="20181221 08:53:40.499" starttime="20181221 08:53:37.701" status="PASS"></status>
</test>
<test name="9.Check TenderPrice With FirstMaintenance for Elevator" id="s1-s1-s1-t9">
<kw library="com.KTOC.TRB.testautomation.Keywords.Keywords" name="Get Target Price">
<msg level="INFO" timestamp="20181221 08:53:41.189">TargetPrice:4179.41
Firstmaintenance:400.0
Discount:11.0
*** TenderPriceFinal:3763.68 / CurrentTenderPrice:3763.67 ***
is TenderPriceFinal VS ApplicationTenderPrice Equal: false ***
-0.01 Added in TenderPrice hence TenderPriceFinal VS TenderPrice shown in Application is: true ***</msg>
<status endtime="20181221 08:53:41.193" starttime="20181221 08:53:40.514" status="PASS"></status>
</kw>
<status critical="yes" endtime="20181221 08:53:41.196" starttime="20181221 08:53:40.507" status="PASS"></status>
</test>
<test name="10.Validate Discount With FirstMaintenance for Elevator" id="s1-s1-s1-t10">
<kw library="com.KTOC.TRB.testautomation.Keywords.Keywords" name="Verify Discount By Changing The Tender Price">
<arguments>
<arg>1002</arg>
<arg>3</arg>
</arguments>
<msg level="INFO" timestamp="20181221 08:53:43.737">TenderPrice entered as: 1002
First maintenance: 3 Clicked</msg>
<status endtime="20181221 08:53:43.741" starttime="20181221 08:53:41.209" status="PASS"></status>
</kw>
<status critical="yes" endtime="20181221 08:53:43.744" starttime="20181221 08:53:41.203" status="PASS"></status>
</test>
<test name="11.Check Discount With FirstMaintenance for Elevator" id="s1-s1-s1-t11">
<kw library="com.KTOC.TRB.testautomation.Keywords.Keywords" name="Get Target Price">
<msg level="INFO" timestamp="20181221 08:53:44.328">TargetPrice:4179.41
Firstmaintenance:400.0
TenderPrice:1002.0
DiscountFinal:84.07 / Discount shown in Application:84.07
*** is FinalDiscount VS ApplicationDiscount Equal:true ***
null Added in CalculatedDiscountFinal hence DiscountFinal VS Discount shown in Application is: true ***</msg>
<status endtime="20181221 08:53:44.331" starttime="20181221 08:53:43.753" status="PASS"></status>
</kw>
<status critical="yes" endtime="20181221 08:53:44.335" starttime="20181221 08:53:43.748" status="PASS"></status>
</test>
<test name="12.Change and Validate Discount With FirstMaintenance for Elevator" id="s1-s1-s1-t12">
<kw library="com.KTOC.TRB.testautomation.Keywords.Keywords" name="Verify Discount By Changing The Tender Price">
<arguments>
<arg>1003</arg>
<arg>6</arg>
</arguments>
<msg level="INFO" timestamp="20181221 08:53:46.797">TenderPrice entered as: 1003
First maintenance: 6 Clicked</msg>
<status endtime="20181221 08:53:46.800" starttime="20181221 08:53:44.345" status="PASS"></status>
</kw>
<status critical="yes" endtime="20181221 08:53:46.803" starttime="20181221 08:53:44.340" status="PASS"></status>
</test>
<test name="13.Check Changed Discount With FirstMaintenance for Elevator" id="s1-s1-s1-t13">
<kw library="com.KTOC.TRB.testautomation.Keywords.Keywords" name="Get Target Price">
<msg level="INFO" timestamp="20181221 08:53:47.363">TargetPrice:4179.41
Firstmaintenance:400.0
TenderPrice:1003.0
DiscountFinal:84.05 / Discount shown in Application:84.05
*** is FinalDiscount VS ApplicationDiscount Equal:true ***
null Added in CalculatedDiscountFinal hence DiscountFinal VS Discount shown in Application is: true ***</msg>
<status endtime="20181221 08:53:47.367" starttime="20181221 08:53:46.812" status="PASS"></status>
</kw>
<status critical="yes" endtime="20181221 08:53:47.375" starttime="20181221 08:53:46.808" status="PASS"></status>
</test>
<test name="14.Check Regional Factor At SalesOffice Level for Elevator" id="s1-s1-s1-t14">
<kw library="com.KTOC.TRB.testautomation.Keywords.Keywords" name="Verify Regional Discount Displayed Correctly">
<msg level="INFO" timestamp="20181221 08:53:48.840">Additional Discount Icon CLICKED</msg>
<status endtime="20181221 08:53:48.842" starttime="20181221 08:53:47.396" status="PASS"></status>
</kw>
<kw library="com.KTOC.TRB.testautomation.Keywords.Keywords" name="Verify Target Price Displayed Correctly">
<arguments>
<arg>0</arg>
</arguments>
<msg level="INFO" timestamp="20181221 08:53:49.917">is read_Regionaldiscountoncomponent_Percent VS regionalDiscount equal:false *** / read_Regionaldiscountoncomponent_Percent:4.18 / regionalDiscount:4.0
is final_Regionaldiscountoncomponent VS read_Regionaldiscountoncomponent equal:false *** / final_Regionaldiscountoncomponent:194.55 / read_Regionaldiscountoncomponent:203.19
is final_TargetPrice VS read_TargetPrice equal:false *** / final_TargetPrice:4669.32 / read_TargetPrice:4579.41
-0.02 Added in CalculatedMaterialCost hence CalculatedMaterialcost VS ActualMaterialcost shown in Application is: false ***</msg>
<msg level="INFO" html="yes" timestamp="20181221 08:53:49.918">&lt;a href='C:\Users\con_svijay02\KTOC-TRB-Automation\KTOC_TRB_TestAutomation\Screenshots\21Dec2018_08_53_49AM\SS_21Dec2018_08_53_49AM_VerifyTargetPriceDisplayedCorrectly.png' target='_blank'&gt;&lt;img src='C:\Users\con_svijay02\KTOC-TRB-Automation\KTOC_TRB_TestAutomation\Screenshots\21Dec2018_08_53_49AM\SS_21Dec2018_08_53_49AM_VerifyTargetPriceDisplayedCorrectly.png' style='width:80%; height: auto;'/&gt;&lt;/a&gt;</msg>
<msg level="INFO" timestamp="20181221 08:53:49.928">java.lang.IllegalStateException: failure 'Failed due to Get Regional Discount'
	at org.python.icu.impl.Assert.fail(Assert.java:15)
	at com.KTOC.TRB.testautomation.Keywords.Keywords.getRegionalDiscount(Keywords.java:843)
	at com.KTOC.TRB.testautomation.Keywords.Keywords.verifyTargetPriceDisplayedCorrectly(Keywords.java:589)
	at sun.reflect.NativeMethodAccessorImpl.invoke0(Native Method)
	at sun.reflect.NativeMethodAccessorImpl.invoke(NativeMethodAccessorImpl.java:62)
	at sun.reflect.DelegatingMethodAccessorImpl.invoke(DelegatingMethodAccessorImpl.java:43)
	at java.lang.reflect.Method.invoke(Method.java:498)
	at org.python.core.PyReflectedFunction.__call__(PyReflectedFunction.java:186)
	at org.python.core.PyObject.__call__(PyObject.java:419)
	at org.python.core.PyMethod.instancemethod___call__(PyMethod.java:237)
	at org.python.core.PyMethod.__call__(PyMethod.java:228)
	at org.python.core.PyMethod.__call__(PyMethod.java:223)
	at org.python.core.PyObject._callextra(PyObject.java:601)
	at robot.running.librarykeywordrunner$py.f$13(C:\jython2.7.0\Lib\site-packages\robot\running\librarykeywordrunner.py:89)
	at robot.running.librarykeywordrunner$py.call_function(C:\jython2.7.0\Lib\site-packages\robot\running\librarykeywordrunner.py)
	at org.python.core.PyTableCode.call(PyTableCode.java:167)
	at org.python.core.PyBaseCode.call(PyBaseCode.java:124)
	at org.python.core.PyFunction.__call__(PyFunction.java:403)
	at robot.running.librarykeywordrunner$py._run_with_signal_monitoring$16(C:\jython2.7.0\Lib\site-packages\robot\running\librarykeywordrunner.py:103)
	at robot.running.librarykeywordrunner$py.call_function(C:\jython2.7.0\Lib\site-packages\robot\running\librarykeywordrunner.py)
	at org.python.core.PyTableCode.call(PyTableCode.java:167)
	at org.python.core.PyBaseCode.call(PyBaseCode.java:170)
	at org.python.core.PyFunction.__call__(PyFunction.java:434)
	at org.python.core.PyMethod.__call__(PyMethod.java:156)
	at robot.running.librarykeywordrunner$py._run_with_output_captured_and_signal_monitor$15(C:\jython2.7.0\Lib\site-packages\robot\running\librarykeywordrunner.py:96)
	at robot.running.librarykeywordrunner$py.call_function(C:\jython2.7.0\Lib\site-packages\robot\running\librarykeywordrunner.py)
	at org.python.core.PyTableCode.call(PyTableCode.java:167)
	at org.python.core.PyBaseCode.call(PyBaseCode.java:170)
	at org.python.core.PyFunction.__call__(PyFunction.java:434)
	at org.python.core.PyMethod.__call__(PyMethod.java:156)
	at robot.running.librarykeywordrunner$py._run$8(C:\jython2.7.0\Lib\site-packages\robot\running\librarykeywordrunner.py:77)
	at robot.running.librarykeywordrunner$py.call_function(C:\jython2.7.0\Lib\site-packages\robot\running\librarykeywordrunner.py)
	at org.python.core.PyTableCode.call(PyTableCode.java:167)
	at org.python.core.PyBaseCode.call(PyBaseCode.java:170)
	at org.python.core.PyFunction.__call__(PyFunction.java:434)
	at org.python.core.PyMethod.__call__(PyMethod.java:156)
	at robot.running.librarykeywordrunner$py.run$6(C:\jython2.7.0\Lib\site-packages\robot\running\librarykeywordrunner.py:56)
	at robot.running.librarykeywordrunner$py.call_function(C:\jython2.7.0\Lib\site-packages\robot\running\librarykeywordrunner.py)
	at org.python.core.PyTableCode.call(PyTableCode.java:167)
	at org.python.core.PyBaseCode.call(PyBaseCode.java:170)
	at org.python.core.PyFunction.__call__(PyFunction.java:434)
	at org.python.core.PyMethod.__call__(PyMethod.java:156)
	at robot.running.steprunner$py.run_step$4(C:\jython2.7.0\Lib\site-packages\robot\running\steprunner.py:57)
	at robot.running.steprunner$py.call_function(C:\jython2.7.0\Lib\site-packages\robot\running\steprunner.py)
	at org.python.core.PyTableCode.call(PyTableCode.java:167)
	at org.python.core.PyBaseCode.call(PyBaseCode.java:307)
	at org.python.core.PyBaseCode.call(PyBaseCode.java:145)
	at org.python.core.PyFunction.__call__(PyFunction.java:423)
	at org.python.core.PyMethod.__call__(PyMethod.java:141)
	at robot.running.steprunner$py.run_steps$3(C:\jython2.7.0\Lib\site-packages\robot\running\steprunner.py:47)
	at robot.running.steprunner$py.call_function(C:\jython2.7.0\Lib\site-packages\robot\running\steprunner.py)
	at org.python.core.PyTableCode.call(PyTableCode.java:167)
	at org.python.core.PyBaseCode.call(PyBaseCode.java:153)
	at org.python.core.PyFunction.__call__(PyFunction.java:423)
	at org.python.core.PyMethod.__call__(PyMethod.java:141)
	at robot.running.runner$py.visit_test$7(C:\jython2.7.0\Lib\site-packages\robot\running\runner.py:160)
	at robot.running.runner$py.call_function(C:\jython2.7.0\Lib\site-packages\robot\running\runner.py)
	at org.python.core.PyTableCode.call(PyTableCode.java:167)
	at org.python.core.PyBaseCode.call(PyBaseCode.java:153)
	at org.python.core.PyFunction.__call__(PyFunction.java:423)
	at org.python.core.PyMethod.__call__(PyMethod.java:141)
	at robot.model.testcase$py.visit$7(C:\jython2.7.0\Lib\site-packages\robot\model\testcase.py:74)
	at robot.model.testcase$py.call_function(C:\jython2.7.0\Lib\site-packages\robot\model\testcase.py)
	at org.python.core.PyTableCode.call(PyTableCode.java:167)
	at org.python.core.PyBaseCode.call(PyBaseCode.java:153)
	at org.python.core.PyFunction.__call__(PyFunction.java:423)
	at org.python.core.PyMethod.__call__(PyMethod.java:141)
	at robot.model.itemlist$py.visit$11(C:\jython2.7.0\Lib\site-packages\robot\model\itemlist.py:75)
	at robot.model.itemlist$py.call_function(C:\jython2.7.0\Lib\site-packages\robot\model\itemlist.py)
	at org.python.core.PyTableCode.call(PyTableCode.java:167)
	at org.python.core.PyBaseCode.call(PyBaseCode.java:153)
	at org.python.core.PyFunction.__call__(PyFunction.java:423)
	at org.python.core.PyMethod.__call__(PyMethod.java:141)
	at robot.model.visitor$py.visit_suite$2(C:\jython2.7.0\Lib\site-packages\robot\model\visitor.py:88)
	at robot.model.visitor$py.call_function(C:\jython2.7.0\Lib\site-packages\robot\model\visitor.py)
	at org.python.core.PyTableCode.call(PyTableCode.java:167)
	at org.python.core.PyBaseCode.call(PyBaseCode.java:153)
	at org.python.core.PyFunction.__call__(PyFunction.java:423)
	at org.python.core.PyMethod.__call__(PyMethod.java:141)
	at robot.model.testsuite$py.visit$19(C:\jython2.7.0\Lib\site-packages\robot\model\testsuite.py:161)
	at robot.model.testsuite$py.call_function(C:\jython2.7.0\Lib\site-packages\robot\model\testsuite.py)
	at org.python.core.PyTableCode.call(PyTableCode.java:167)
	at org.python.core.PyBaseCode.call(PyBaseCode.java:153)
	at org.python.core.PyFunction.__call__(PyFunction.java:423)
	at org.python.core.PyMethod.__call__(PyMethod.java:141)
	at robot.model.itemlist$py.visit$11(C:\jython2.7.0\Lib\site-packages\robot\model\itemlist.py:75)
	at robot.model.itemlist$py.call_function(C:\jython2.7.0\Lib\site-packages\robot\model\itemlist.py)
	at org.python.core.PyTableCode.call(PyTableCode.java:167)
	at org.python.core.PyBaseCode.call(PyBaseCode.java:153)
	at org.python.core.PyFunction.__call__(PyFunction.java:423)
	at org.python.core.PyMethod.__call__(PyMethod.java:141)
	at robot.model.visitor$py.visit_suite$2(C:\jython2.7.0\Lib\site-packages\robot\model\visitor.py:88)
	at robot.model.visitor$py.call_function(C:\jython2.7.0\Lib\site-packages\robot\model\visitor.py)
	at org.python.core.PyTableCode.call(PyTableCode.java:167)
	at org.python.core.PyBaseCode.call(PyBaseCode.java:153)
	at org.python.core.PyFunction.__call__(PyFunction.java:423)
	at org.python.core.PyMethod.__call__(PyMethod.java:141)
	at robot.model.testsuite$py.visit$19(C:\jython2.7.0\Lib\site-packages\robot\model\testsuite.py:161)
	at robot.model.testsuite$py.call_function(C:\jython2.7.0\Lib\site-packages\robot\model\testsuite.py)
	at org.python.core.PyTableCode.call(PyTableCode.java:167)
	at org.python.core.PyBaseCode.call(PyBaseCode.java:153)
	at org.python.core.PyFunction.__call__(PyFunction.java:423)
	at org.python.core.PyMethod.__call__(PyMethod.java:141)
	at robot.model.itemlist$py.visit$11(C:\jython2.7.0\Lib\site-packages\robot\model\itemlist.py:75)
	at robot.model.itemlist$py.call_function(C:\jython2.7.0\Lib\site-packages\robot\model\itemlist.py)
	at org.python.core.PyTableCode.call(PyTableCode.java:167)
	at org.python.core.PyBaseCode.call(PyBaseCode.java:153)
	at org.python.core.PyFunction.__call__(PyFunction.java:423)
	at org.python.core.PyMethod.__call__(PyMethod.java:141)
	at robot.model.visitor$py.visit_suite$2(C:\jython2.7.0\Lib\site-packages\robot\model\visitor.py:88)
	at robot.model.visitor$py.call_function(C:\jython2.7.0\Lib\site-packages\robot\model\visitor.py)
	at org.python.core.PyTableCode.call(PyTableCode.java:167)
	at org.python.core.PyBaseCode.call(PyBaseCode.java:153)
	at org.python.core.PyFunction.__call__(PyFunction.java:423)
	at org.python.core.PyMethod.__call__(PyMethod.java:141)
	at robot.model.testsuite$py.visit$19(C:\jython2.7.0\Lib\site-packages\robot\model\testsuite.py:161)
	at robot.model.testsuite$py.call_function(C:\jython2.7.0\Lib\site-packages\robot\model\testsuite.py)
	at org.python.core.PyTableCode.call(PyTableCode.java:167)
	at org.python.core.PyBaseCode.call(PyBaseCode.java:153)
	at org.python.core.PyFunction.__call__(PyFunction.java:423)
	at org.python.core.PyMethod.__call__(PyMethod.java:141)
	at robot.running.model$py.run$17(C:\jython2.7.0\Lib\site-packages\robot\running\model.py:250)
	at robot.running.model$py.call_function(C:\jython2.7.0\Lib\site-packages\robot\running\model.py)
	at org.python.core.PyTableCode.call(PyTableCode.java:167)
	at org.python.core.PyBaseCode.call(PyBaseCode.java:307)
	at org.python.core.PyBaseCode.call(PyBaseCode.java:145)
	at org.python.core.PyFunction.__call__(PyFunction.java:423)
	at org.python.core.PyMethod.__call__(PyMethod.java:141)
	at org.python.pycode._pyx10.main$3(C:\jython2.7.0\Lib\site-packages\robot\run.py:452)
	at org.python.pycode._pyx10.call_function(C:\jython2.7.0\Lib\site-packages\robot\run.py)
	at org.python.core.PyTableCode.call(PyTableCode.java:167)
	at org.python.core.PyBaseCode.call(PyBaseCode.java:307)
	at org.python.core.PyBaseCode.call(PyBaseCode.java:198)
	at org.python.core.PyFunction.__call__(PyFunction.java:482)
	at org.python.core.PyMethod.instancemethod___call__(PyMethod.java:237)
	at org.python.core.PyMethod.__call__(PyMethod.java:228)
	at org.python.core.PyMethod.__call__(PyMethod.java:223)
	at org.python.core.PyObject._callextra(PyObject.java:601)
	at robot.utils.application$py._execute$10(C:\jython2.7.0\Lib\site-packages\robot\utils\application.py:94)
	at robot.utils.application$py.call_function(C:\jython2.7.0\Lib\site-packages\robot\utils\application.py)
	at org.python.core.PyTableCode.call(PyTableCode.java:167)
	at org.python.core.PyBaseCode.call(PyBaseCode.java:170)
	at org.python.core.PyFunction.__call__(PyFunction.java:434)
	at org.python.core.PyMethod.__call__(PyMethod.java:156)
	at robot.utils.application$py.execute_cli$5(C:\jython2.7.0\Lib\site-packages\robot\utils\application.py:49)
	at robot.utils.application$py.call_function(C:\jython2.7.0\Lib\site-packages\robot\utils\application.py)
	at org.python.core.PyTableCode.call(PyTableCode.java:167)
	at org.python.core.PyBaseCode.call(PyBaseCode.java:307)
	at org.python.core.PyBaseCode.call(PyBaseCode.java:198)
	at org.python.core.PyFunction.__call__(PyFunction.java:482)
	at org.python.core.PyMethod.instancemethod___call__(PyMethod.java:237)
	at org.python.core.PyMethod.__call__(PyMethod.java:228)
	at org.python.pycode._pyx10.run_cli$7(C:\jython2.7.0\Lib\site-packages\robot\run.py:489)
	at org.python.pycode._pyx10.call_function(C:\jython2.7.0\Lib\site-packages\robot\run.py)
	at org.python.core.PyTableCode.call(PyTableCode.java:167)
	at org.python.core.PyBaseCode.call(PyBaseCode.java:307)
	at org.python.core.PyBaseCode.call(PyBaseCode.java:131)
	at org.python.core.PyFunction.__call__(PyFunction.java:413)
	at org.python.pycode._pyx10.f$0(C:\jython2.7.0\Lib\site-packages\robot\run.py:550)
	at org.python.pycode._pyx10.call_function(C:\jython2.7.0\Lib\site-packages\robot\run.py)
	at org.python.core.PyTableCode.call(PyTableCode.java:167)
	at org.python.core.PyCode.call(PyCode.java:18)
	at org.python.core.Py.runCode(Py.java:1386)
	at org.python.core.Py.exec(Py.java:1430)
	at runpy$py._run_code$9(C:\jython2.7.0\Lib\runpy.py:73)
	at runpy$py.call_function(C:\jython2.7.0\Lib\runpy.py)
	at org.python.core.PyTableCode.call(PyTableCode.java:167)
	at org.python.core.PyBaseCode.call(PyBaseCode.java:307)
	at org.python.core.PyFunction.function___call__(PyFunction.java:471)
	at org.python.core.PyFunction.__call__(PyFunction.java:466)
	at org.python.core.PyFunction.__call__(PyFunction.java:456)
	at runpy$py._run_module_as_main$14(C:\jython2.7.0\Lib\runpy.py:161)
	at runpy$py.call_function(C:\jython2.7.0\Lib\runpy.py)
	at org.python.core.PyTableCode.call(PyTableCode.java:167)
	at org.python.core.PyBaseCode.call(PyBaseCode.java:153)
	at org.python.core.PyFunction.__call__(PyFunction.java:423)
	at org.python.core.PyFunction.__call__(PyFunction.java:418)
	at org.python.util.jython.runModule(jython.java:199)
	at org.python.util.jython.runModule(jython.java:191)
	at org.python.util.jython.run(jython.java:402)
	at org.python.util.jython.main(jython.java:142)</msg>
<msg level="FAIL" timestamp="20181221 08:53:49.973">IllegalStateException: failure 'Get Regional Discount Failed due to:java.lang.IllegalStateException: failure 'Failed due to Get Regional Discount''</msg>
<status endtime="20181221 08:53:49.978" starttime="20181221 08:53:48.844" status="FAIL"></status>
</kw>
<status critical="yes" endtime="20181221 08:53:49.983" starttime="20181221 08:53:47.384" status="FAIL">IllegalStateException: failure 'Get Regional Discount Failed due to:java.lang.IllegalStateException: failure 'Failed due to Get Regional Discount''</status>
</test>
<test name="15.Check Regional Factor When SalesOffice Is Changed for Elevator" id="s1-s1-s1-t15">
<kw library="com.KTOC.TRB.testautomation.Keywords.Keywords" name="Goto Configuration Pageand Change The Sales Office">
<msg level="INFO" timestamp="20181221 08:53:53.440">ToConfiguration icon clicked
Project clicked
SalesOffice value VB FRPP Selected
pricing icon Clicked</msg>
<status endtime="20181221 08:53:53.448" starttime="20181221 08:53:49.997" status="PASS"></status>
</kw>
<kw library="com.KTOC.TRB.testautomation.Keywords.Keywords" name="Verify Regional Discount Displayed Correctly">
<msg level="INFO" timestamp="20181221 08:53:55.198">Additional Discount Icon CLICKED</msg>
<status endtime="20181221 08:53:55.203" starttime="20181221 08:53:53.456" status="PASS"></status>
</kw>
<kw library="com.KTOC.TRB.testautomation.Keywords.Keywords" name="Verify Target Price Displayed Correctly">
<arguments>
<arg>0</arg>
</arguments>
<msg level="INFO" timestamp="20181221 08:54:11.157">is read_Regionaldiscountoncomponent_Percent VS regionalDiscount equal:false *** / read_Regionaldiscountoncomponent_Percent:-3.34 / regionalDiscount:-5.0
is final_Regionaldiscountoncomponent VS read_Regionaldiscountoncomponent equal:false *** / final_Regionaldiscountoncomponent:-240.68 / read_Regionaldiscountoncomponent:-160.55
is final_TargetPrice VS read_TargetPrice equal:false *** / final_TargetPrice:5054.32 / read_TargetPrice:4974.19
-0.02 Added in CalculatedMaterialCost hence CalculatedMaterialcost VS ActualMaterialcost shown in Application is: false ***</msg>
<msg level="INFO" html="yes" timestamp="20181221 08:54:11.158">&lt;a href='C:\Users\con_svijay02\KTOC-TRB-Automation\KTOC_TRB_TestAutomation\Screenshots\21Dec2018_08_54_11AM\SS_21Dec2018_08_54_11AM_VerifyTargetPriceDisplayedCorrectly.png' target='_blank'&gt;&lt;img src='C:\Users\con_svijay02\KTOC-TRB-Automation\KTOC_TRB_TestAutomation\Screenshots\21Dec2018_08_54_11AM\SS_21Dec2018_08_54_11AM_VerifyTargetPriceDisplayedCorrectly.png' style='width:80%; height: auto;'/&gt;&lt;/a&gt;</msg>
<msg level="INFO" timestamp="20181221 08:54:11.164">java.lang.IllegalStateException: failure 'Failed due to Get Regional Discount'
	at org.python.icu.impl.Assert.fail(Assert.java:15)
	at com.KTOC.TRB.testautomation.Keywords.Keywords.getRegionalDiscount(Keywords.java:843)
	at com.KTOC.TRB.testautomation.Keywords.Keywords.verifyTargetPriceDisplayedCorrectly(Keywords.java:589)
	at sun.reflect.NativeMethodAccessorImpl.invoke0(Native Method)
	at sun.reflect.NativeMethodAccessorImpl.invoke(NativeMethodAccessorImpl.java:62)
	at sun.reflect.DelegatingMethodAccessorImpl.invoke(DelegatingMethodAccessorImpl.java:43)
	at java.lang.reflect.Method.invoke(Method.java:498)
	at org.python.core.PyReflectedFunction.__call__(PyReflectedFunction.java:186)
	at org.python.core.PyObject.__call__(PyObject.java:419)
	at org.python.core.PyMethod.instancemethod___call__(PyMethod.java:237)
	at org.python.core.PyMethod.__call__(PyMethod.java:228)
	at org.python.core.PyMethod.__call__(PyMethod.java:223)
	at org.python.core.PyObject._callextra(PyObject.java:601)
	at robot.running.librarykeywordrunner$py.f$13(C:\jython2.7.0\Lib\site-packages\robot\running\librarykeywordrunner.py:89)
	at robot.running.librarykeywordrunner$py.call_function(C:\jython2.7.0\Lib\site-packages\robot\running\librarykeywordrunner.py)
	at org.python.core.PyTableCode.call(PyTableCode.java:167)
	at org.python.core.PyBaseCode.call(PyBaseCode.java:124)
	at org.python.core.PyFunction.__call__(PyFunction.java:403)
	at robot.running.librarykeywordrunner$py._run_with_signal_monitoring$16(C:\jython2.7.0\Lib\site-packages\robot\running\librarykeywordrunner.py:103)
	at robot.running.librarykeywordrunner$py.call_function(C:\jython2.7.0\Lib\site-packages\robot\running\librarykeywordrunner.py)
	at org.python.core.PyTableCode.call(PyTableCode.java:167)
	at org.python.core.PyBaseCode.call(PyBaseCode.java:170)
	at org.python.core.PyFunction.__call__(PyFunction.java:434)
	at org.python.core.PyMethod.__call__(PyMethod.java:156)
	at robot.running.librarykeywordrunner$py._run_with_output_captured_and_signal_monitor$15(C:\jython2.7.0\Lib\site-packages\robot\running\librarykeywordrunner.py:96)
	at robot.running.librarykeywordrunner$py.call_function(C:\jython2.7.0\Lib\site-packages\robot\running\librarykeywordrunner.py)
	at org.python.core.PyTableCode.call(PyTableCode.java:167)
	at org.python.core.PyBaseCode.call(PyBaseCode.java:170)
	at org.python.core.PyFunction.__call__(PyFunction.java:434)
	at org.python.core.PyMethod.__call__(PyMethod.java:156)
	at robot.running.librarykeywordrunner$py._run$8(C:\jython2.7.0\Lib\site-packages\robot\running\librarykeywordrunner.py:77)
	at robot.running.librarykeywordrunner$py.call_function(C:\jython2.7.0\Lib\site-packages\robot\running\librarykeywordrunner.py)
	at org.python.core.PyTableCode.call(PyTableCode.java:167)
	at org.python.core.PyBaseCode.call(PyBaseCode.java:170)
	at org.python.core.PyFunction.__call__(PyFunction.java:434)
	at org.python.core.PyMethod.__call__(PyMethod.java:156)
	at robot.running.librarykeywordrunner$py.run$6(C:\jython2.7.0\Lib\site-packages\robot\running\librarykeywordrunner.py:56)
	at robot.running.librarykeywordrunner$py.call_function(C:\jython2.7.0\Lib\site-packages\robot\running\librarykeywordrunner.py)
	at org.python.core.PyTableCode.call(PyTableCode.java:167)
	at org.python.core.PyBaseCode.call(PyBaseCode.java:170)
	at org.python.core.PyFunction.__call__(PyFunction.java:434)
	at org.python.core.PyMethod.__call__(PyMethod.java:156)
	at robot.running.steprunner$py.run_step$4(C:\jython2.7.0\Lib\site-packages\robot\running\steprunner.py:57)
	at robot.running.steprunner$py.call_function(C:\jython2.7.0\Lib\site-packages\robot\running\steprunner.py)
	at org.python.core.PyTableCode.call(PyTableCode.java:167)
	at org.python.core.PyBaseCode.call(PyBaseCode.java:307)
	at org.python.core.PyBaseCode.call(PyBaseCode.java:145)
	at org.python.core.PyFunction.__call__(PyFunction.java:423)
	at org.python.core.PyMethod.__call__(PyMethod.java:141)
	at robot.running.steprunner$py.run_steps$3(C:\jython2.7.0\Lib\site-packages\robot\running\steprunner.py:47)
	at robot.running.steprunner$py.call_function(C:\jython2.7.0\Lib\site-packages\robot\running\steprunner.py)
	at org.python.core.PyTableCode.call(PyTableCode.java:167)
	at org.python.core.PyBaseCode.call(PyBaseCode.java:153)
	at org.python.core.PyFunction.__call__(PyFunction.java:423)
	at org.python.core.PyMethod.__call__(PyMethod.java:141)
	at robot.running.runner$py.visit_test$7(C:\jython2.7.0\Lib\site-packages\robot\running\runner.py:160)
	at robot.running.runner$py.call_function(C:\jython2.7.0\Lib\site-packages\robot\running\runner.py)
	at org.python.core.PyTableCode.call(PyTableCode.java:167)
	at org.python.core.PyBaseCode.call(PyBaseCode.java:153)
	at org.python.core.PyFunction.__call__(PyFunction.java:423)
	at org.python.core.PyMethod.__call__(PyMethod.java:141)
	at robot.model.testcase$py.visit$7(C:\jython2.7.0\Lib\site-packages\robot\model\testcase.py:74)
	at robot.model.testcase$py.call_function(C:\jython2.7.0\Lib\site-packages\robot\model\testcase.py)
	at org.python.core.PyTableCode.call(PyTableCode.java:167)
	at org.python.core.PyBaseCode.call(PyBaseCode.java:153)
	at org.python.core.PyFunction.__call__(PyFunction.java:423)
	at org.python.core.PyMethod.__call__(PyMethod.java:141)
	at robot.model.itemlist$py.visit$11(C:\jython2.7.0\Lib\site-packages\robot\model\itemlist.py:75)
	at robot.model.itemlist$py.call_function(C:\jython2.7.0\Lib\site-packages\robot\model\itemlist.py)
	at org.python.core.PyTableCode.call(PyTableCode.java:167)
	at org.python.core.PyBaseCode.call(PyBaseCode.java:153)
	at org.python.core.PyFunction.__call__(PyFunction.java:423)
	at org.python.core.PyMethod.__call__(PyMethod.java:141)
	at robot.model.visitor$py.visit_suite$2(C:\jython2.7.0\Lib\site-packages\robot\model\visitor.py:88)
	at robot.model.visitor$py.call_function(C:\jython2.7.0\Lib\site-packages\robot\model\visitor.py)
	at org.python.core.PyTableCode.call(PyTableCode.java:167)
	at org.python.core.PyBaseCode.call(PyBaseCode.java:153)
	at org.python.core.PyFunction.__call__(PyFunction.java:423)
	at org.python.core.PyMethod.__call__(PyMethod.java:141)
	at robot.model.testsuite$py.visit$19(C:\jython2.7.0\Lib\site-packages\robot\model\testsuite.py:161)
	at robot.model.testsuite$py.call_function(C:\jython2.7.0\Lib\site-packages\robot\model\testsuite.py)
	at org.python.core.PyTableCode.call(PyTableCode.java:167)
	at org.python.core.PyBaseCode.call(PyBaseCode.java:153)
	at org.python.core.PyFunction.__call__(PyFunction.java:423)
	at org.python.core.PyMethod.__call__(PyMethod.java:141)
	at robot.model.itemlist$py.visit$11(C:\jython2.7.0\Lib\site-packages\robot\model\itemlist.py:75)
	at robot.model.itemlist$py.call_function(C:\jython2.7.0\Lib\site-packages\robot\model\itemlist.py)
	at org.python.core.PyTableCode.call(PyTableCode.java:167)
	at org.python.core.PyBaseCode.call(PyBaseCode.java:153)
	at org.python.core.PyFunction.__call__(PyFunction.java:423)
	at org.python.core.PyMethod.__call__(PyMethod.java:141)
	at robot.model.visitor$py.visit_suite$2(C:\jython2.7.0\Lib\site-packages\robot\model\visitor.py:88)
	at robot.model.visitor$py.call_function(C:\jython2.7.0\Lib\site-packages\robot\model\visitor.py)
	at org.python.core.PyTableCode.call(PyTableCode.java:167)
	at org.python.core.PyBaseCode.call(PyBaseCode.java:153)
	at org.python.core.PyFunction.__call__(PyFunction.java:423)
	at org.python.core.PyMethod.__call__(PyMethod.java:141)
	at robot.model.testsuite$py.visit$19(C:\jython2.7.0\Lib\site-packages\robot\model\testsuite.py:161)
	at robot.model.testsuite$py.call_function(C:\jython2.7.0\Lib\site-packages\robot\model\testsuite.py)
	at org.python.core.PyTableCode.call(PyTableCode.java:167)
	at org.python.core.PyBaseCode.call(PyBaseCode.java:153)
	at org.python.core.PyFunction.__call__(PyFunction.java:423)
	at org.python.core.PyMethod.__call__(PyMethod.java:141)
	at robot.model.itemlist$py.visit$11(C:\jython2.7.0\Lib\site-packages\robot\model\itemlist.py:75)
	at robot.model.itemlist$py.call_function(C:\jython2.7.0\Lib\site-packages\robot\model\itemlist.py)
	at org.python.core.PyTableCode.call(PyTableCode.java:167)
	at org.python.core.PyBaseCode.call(PyBaseCode.java:153)
	at org.python.core.PyFunction.__call__(PyFunction.java:423)
	at org.python.core.PyMethod.__call__(PyMethod.java:141)
	at robot.model.visitor$py.visit_suite$2(C:\jython2.7.0\Lib\site-packages\robot\model\visitor.py:88)
	at robot.model.visitor$py.call_function(C:\jython2.7.0\Lib\site-packages\robot\model\visitor.py)
	at org.python.core.PyTableCode.call(PyTableCode.java:167)
	at org.python.core.PyBaseCode.call(PyBaseCode.java:153)
	at org.python.core.PyFunction.__call__(PyFunction.java:423)
	at org.python.core.PyMethod.__call__(PyMethod.java:141)
	at robot.model.testsuite$py.visit$19(C:\jython2.7.0\Lib\site-packages\robot\model\testsuite.py:161)
	at robot.model.testsuite$py.call_function(C:\jython2.7.0\Lib\site-packages\robot\model\testsuite.py)
	at org.python.core.PyTableCode.call(PyTableCode.java:167)
	at org.python.core.PyBaseCode.call(PyBaseCode.java:153)
	at org.python.core.PyFunction.__call__(PyFunction.java:423)
	at org.python.core.PyMethod.__call__(PyMethod.java:141)
	at robot.running.model$py.run$17(C:\jython2.7.0\Lib\site-packages\robot\running\model.py:250)
	at robot.running.model$py.call_function(C:\jython2.7.0\Lib\site-packages\robot\running\model.py)
	at org.python.core.PyTableCode.call(PyTableCode.java:167)
	at org.python.core.PyBaseCode.call(PyBaseCode.java:307)
	at org.python.core.PyBaseCode.call(PyBaseCode.java:145)
	at org.python.core.PyFunction.__call__(PyFunction.java:423)
	at org.python.core.PyMethod.__call__(PyMethod.java:141)
	at org.python.pycode._pyx10.main$3(C:\jython2.7.0\Lib\site-packages\robot\run.py:452)
	at org.python.pycode._pyx10.call_function(C:\jython2.7.0\Lib\site-packages\robot\run.py)
	at org.python.core.PyTableCode.call(PyTableCode.java:167)
	at org.python.core.PyBaseCode.call(PyBaseCode.java:307)
	at org.python.core.PyBaseCode.call(PyBaseCode.java:198)
	at org.python.core.PyFunction.__call__(PyFunction.java:482)
	at org.python.core.PyMethod.instancemethod___call__(PyMethod.java:237)
	at org.python.core.PyMethod.__call__(PyMethod.java:228)
	at org.python.core.PyMethod.__call__(PyMethod.java:223)
	at org.python.core.PyObject._callextra(PyObject.java:601)
	at robot.utils.application$py._execute$10(C:\jython2.7.0\Lib\site-packages\robot\utils\application.py:94)
	at robot.utils.application$py.call_function(C:\jython2.7.0\Lib\site-packages\robot\utils\application.py)
	at org.python.core.PyTableCode.call(PyTableCode.java:167)
	at org.python.core.PyBaseCode.call(PyBaseCode.java:170)
	at org.python.core.PyFunction.__call__(PyFunction.java:434)
	at org.python.core.PyMethod.__call__(PyMethod.java:156)
	at robot.utils.application$py.execute_cli$5(C:\jython2.7.0\Lib\site-packages\robot\utils\application.py:49)
	at robot.utils.application$py.call_function(C:\jython2.7.0\Lib\site-packages\robot\utils\application.py)
	at org.python.core.PyTableCode.call(PyTableCode.java:167)
	at org.python.core.PyBaseCode.call(PyBaseCode.java:307)
	at org.python.core.PyBaseCode.call(PyBaseCode.java:198)
	at org.python.core.PyFunction.__call__(PyFunction.java:482)
	at org.python.core.PyMethod.instancemethod___call__(PyMethod.java:237)
	at org.python.core.PyMethod.__call__(PyMethod.java:228)
	at org.python.pycode._pyx10.run_cli$7(C:\jython2.7.0\Lib\site-packages\robot\run.py:489)
	at org.python.pycode._pyx10.call_function(C:\jython2.7.0\Lib\site-packages\robot\run.py)
	at org.python.core.PyTableCode.call(PyTableCode.java:167)
	at org.python.core.PyBaseCode.call(PyBaseCode.java:307)
	at org.python.core.PyBaseCode.call(PyBaseCode.java:131)
	at org.python.core.PyFunction.__call__(PyFunction.java:413)
	at org.python.pycode._pyx10.f$0(C:\jython2.7.0\Lib\site-packages\robot\run.py:550)
	at org.python.pycode._pyx10.call_function(C:\jython2.7.0\Lib\site-packages\robot\run.py)
	at org.python.core.PyTableCode.call(PyTableCode.java:167)
	at org.python.core.PyCode.call(PyCode.java:18)
	at org.python.core.Py.runCode(Py.java:1386)
	at org.python.core.Py.exec(Py.java:1430)
	at runpy$py._run_code$9(C:\jython2.7.0\Lib\runpy.py:73)
	at runpy$py.call_function(C:\jython2.7.0\Lib\runpy.py)
	at org.python.core.PyTableCode.call(PyTableCode.java:167)
	at org.python.core.PyBaseCode.call(PyBaseCode.java:307)
	at org.python.core.PyFunction.function___call__(PyFunction.java:471)
	at org.python.core.PyFunction.__call__(PyFunction.java:466)
	at org.python.core.PyFunction.__call__(PyFunction.java:456)
	at runpy$py._run_module_as_main$14(C:\jython2.7.0\Lib\runpy.py:161)
	at runpy$py.call_function(C:\jython2.7.0\Lib\runpy.py)
	at org.python.core.PyTableCode.call(PyTableCode.java:167)
	at org.python.core.PyBaseCode.call(PyBaseCode.java:153)
	at org.python.core.PyFunction.__call__(PyFunction.java:423)
	at org.python.core.PyFunction.__call__(PyFunction.java:418)
	at org.python.util.jython.runModule(jython.java:199)
	at org.python.util.jython.runModule(jython.java:191)
	at org.python.util.jython.run(jython.java:402)
	at org.python.util.jython.main(jython.java:142)</msg>
<msg level="FAIL" timestamp="20181221 08:54:11.187">IllegalStateException: failure 'Get Regional Discount Failed due to:java.lang.IllegalStateException: failure 'Failed due to Get Regional Discount''</msg>
<status endtime="20181221 08:54:11.190" starttime="20181221 08:53:55.210" status="FAIL"></status>
</kw>
<status critical="yes" endtime="20181221 08:54:11.195" starttime="20181221 08:53:49.991" status="FAIL">IllegalStateException: failure 'Get Regional Discount Failed due to:java.lang.IllegalStateException: failure 'Failed due to Get Regional Discount''</status>
</test>
<test name="16 Verify ITEFactorValue and LaborRateValue IsTaken From SalesOffice for Elevator" id="s1-s1-s1-t16">
<kw library="com.KTOC.TRB.testautomation.Keywords.Keywords" name="Goto Configuration Pageand Change The Primary Sales Office">
<arguments>
<arg>france</arg>
<arg>\\TestData\\KTOCTRB_AutomationTestData.xlsx</arg>
</arguments>
<msg level="INFO" timestamp="20181221 08:54:14.946">ToConfiguration icon clicked
Project clicked
SalesOffice value VB FRRW Selected
pricing icon Clicked</msg>
<status endtime="20181221 08:54:14.953" starttime="20181221 08:54:11.218" status="PASS"></status>
</kw>
<kw library="com.KTOC.TRB.testautomation.Keywords.Keywords" name="Validate Detail Breakdown Tab">
<msg level="INFO" timestamp="20181221 08:54:23.741">Detailed breakdown Clicked
ROPES CLICKED
Show TotalCost Calculation Details CLICKED
check_showtotal_ITEfactor:2.00 / showtotal_ITEfactor:2.00
check_showtotal_Referencehours:11.16 / showtotal_Referencehours:11.16
check_showtotal_Labourrate:61.90 / showtotal_Labourrate:61.90
LabourRate:61.90 / showtotal_Labourrate:61.90
*** is_showtotal_ITEfactor: true *** / is_Labourrate: true *** / is_showtotal_Labourrate: true *** / is_showtotal_Referencehours: true ***</msg>
<status endtime="20181221 08:54:23.745" starttime="20181221 08:54:14.962" status="PASS"></status>
</kw>
<status critical="yes" endtime="20181221 08:54:23.749" starttime="20181221 08:54:11.210" status="PASS"></status>
</test>
<test name="17 Verify ITEFactorValue and LaborRateValue IsTaken From Changed SalesOffice for Elevator" id="s1-s1-s1-t17">
<kw library="com.KTOC.TRB.testautomation.Keywords.Keywords" name="Goto Configuration Pageand Change The Sales Office">
<msg level="INFO" timestamp="20181221 08:54:27.587">ToConfiguration icon clicked
Project clicked
SalesOffice value VB FRPP Selected
pricing icon Clicked</msg>
<status endtime="20181221 08:54:27.594" starttime="20181221 08:54:23.765" status="PASS"></status>
</kw>
<kw library="com.KTOC.TRB.testautomation.Keywords.Keywords" name="Validate Detail Breakdown Tab">
<msg level="INFO" timestamp="20181221 08:55:02.183">Detailed breakdown Clicked
ROPES CLICKED
Show TotalCost Calculation Details CLICKED
check_showtotal_ITEfactor:2.75 / showtotal_ITEfactor:2.00
check_showtotal_Referencehours:11.16 / showtotal_Referencehours:11.16
check_showtotal_Labourrate:61.00 / showtotal_Labourrate:61.00
LabourRate:61.00 / showtotal_Labourrate:61.00
*** is_showtotal_ITEfactor: false *** / is_Labourrate: true *** / is_showtotal_Labourrate: true *** / is_showtotal_Referencehours: true ***
-0.02 Added in ITEfactor hence CalculatedITEfactor VS ActualITEfactor shown in Application is: false ***</msg>
<msg level="INFO" html="yes" timestamp="20181221 08:55:02.184">&lt;a href='C:\Users\con_svijay02\KTOC-TRB-Automation\KTOC_TRB_TestAutomation\Screenshots\21Dec2018_08_55_02AM\SS_21Dec2018_08_55_02AM_DetailBreakdownTab.png' target='_blank'&gt;&lt;img src='C:\Users\con_svijay02\KTOC-TRB-Automation\KTOC_TRB_TestAutomation\Screenshots\21Dec2018_08_55_02AM\SS_21Dec2018_08_55_02AM_DetailBreakdownTab.png' style='width:80%; height: auto;'/&gt;&lt;/a&gt;</msg>
<msg level="INFO" timestamp="20181221 08:55:02.198">java.lang.IllegalStateException: failure 'Failed due to Validate Detail Breakdown Tab'
	at org.python.icu.impl.Assert.fail(Assert.java:15)
	at com.KTOC.TRB.testautomation.Keywords.Keywords.validateDetailBreakdownTab(Keywords.java:1005)
	at sun.reflect.NativeMethodAccessorImpl.invoke0(Native Method)
	at sun.reflect.NativeMethodAccessorImpl.invoke(NativeMethodAccessorImpl.java:62)
	at sun.reflect.DelegatingMethodAccessorImpl.invoke(DelegatingMethodAccessorImpl.java:43)
	at java.lang.reflect.Method.invoke(Method.java:498)
	at org.python.core.PyReflectedFunction.__call__(PyReflectedFunction.java:186)
	at org.python.core.PyObject.__call__(PyObject.java:419)
	at org.python.core.PyMethod.instancemethod___call__(PyMethod.java:237)
	at org.python.core.PyMethod.__call__(PyMethod.java:228)
	at org.python.core.PyMethod.__call__(PyMethod.java:223)
	at org.python.core.PyObject._callextra(PyObject.java:601)
	at robot.running.librarykeywordrunner$py.f$13(C:\jython2.7.0\Lib\site-packages\robot\running\librarykeywordrunner.py:89)
	at robot.running.librarykeywordrunner$py.call_function(C:\jython2.7.0\Lib\site-packages\robot\running\librarykeywordrunner.py)
	at org.python.core.PyTableCode.call(PyTableCode.java:167)
	at org.python.core.PyBaseCode.call(PyBaseCode.java:124)
	at org.python.core.PyFunction.__call__(PyFunction.java:403)
	at robot.running.librarykeywordrunner$py._run_with_signal_monitoring$16(C:\jython2.7.0\Lib\site-packages\robot\running\librarykeywordrunner.py:103)
	at robot.running.librarykeywordrunner$py.call_function(C:\jython2.7.0\Lib\site-packages\robot\running\librarykeywordrunner.py)
	at org.python.core.PyTableCode.call(PyTableCode.java:167)
	at org.python.core.PyBaseCode.call(PyBaseCode.java:170)
	at org.python.core.PyFunction.__call__(PyFunction.java:434)
	at org.python.core.PyMethod.__call__(PyMethod.java:156)
	at robot.running.librarykeywordrunner$py._run_with_output_captured_and_signal_monitor$15(C:\jython2.7.0\Lib\site-packages\robot\running\librarykeywordrunner.py:96)
	at robot.running.librarykeywordrunner$py.call_function(C:\jython2.7.0\Lib\site-packages\robot\running\librarykeywordrunner.py)
	at org.python.core.PyTableCode.call(PyTableCode.java:167)
	at org.python.core.PyBaseCode.call(PyBaseCode.java:170)
	at org.python.core.PyFunction.__call__(PyFunction.java:434)
	at org.python.core.PyMethod.__call__(PyMethod.java:156)
	at robot.running.librarykeywordrunner$py._run$8(C:\jython2.7.0\Lib\site-packages\robot\running\librarykeywordrunner.py:77)
	at robot.running.librarykeywordrunner$py.call_function(C:\jython2.7.0\Lib\site-packages\robot\running\librarykeywordrunner.py)
	at org.python.core.PyTableCode.call(PyTableCode.java:167)
	at org.python.core.PyBaseCode.call(PyBaseCode.java:170)
	at org.python.core.PyFunction.__call__(PyFunction.java:434)
	at org.python.core.PyMethod.__call__(PyMethod.java:156)
	at robot.running.librarykeywordrunner$py.run$6(C:\jython2.7.0\Lib\site-packages\robot\running\librarykeywordrunner.py:56)
	at robot.running.librarykeywordrunner$py.call_function(C:\jython2.7.0\Lib\site-packages\robot\running\librarykeywordrunner.py)
	at org.python.core.PyTableCode.call(PyTableCode.java:167)
	at org.python.core.PyBaseCode.call(PyBaseCode.java:170)
	at org.python.core.PyFunction.__call__(PyFunction.java:434)
	at org.python.core.PyMethod.__call__(PyMethod.java:156)
	at robot.running.steprunner$py.run_step$4(C:\jython2.7.0\Lib\site-packages\robot\running\steprunner.py:57)
	at robot.running.steprunner$py.call_function(C:\jython2.7.0\Lib\site-packages\robot\running\steprunner.py)
	at org.python.core.PyTableCode.call(PyTableCode.java:167)
	at org.python.core.PyBaseCode.call(PyBaseCode.java:307)
	at org.python.core.PyBaseCode.call(PyBaseCode.java:145)
	at org.python.core.PyFunction.__call__(PyFunction.java:423)
	at org.python.core.PyMethod.__call__(PyMethod.java:141)
	at robot.running.steprunner$py.run_steps$3(C:\jython2.7.0\Lib\site-packages\robot\running\steprunner.py:47)
	at robot.running.steprunner$py.call_function(C:\jython2.7.0\Lib\site-packages\robot\running\steprunner.py)
	at org.python.core.PyTableCode.call(PyTableCode.java:167)
	at org.python.core.PyBaseCode.call(PyBaseCode.java:153)
	at org.python.core.PyFunction.__call__(PyFunction.java:423)
	at org.python.core.PyMethod.__call__(PyMethod.java:141)
	at robot.running.runner$py.visit_test$7(C:\jython2.7.0\Lib\site-packages\robot\running\runner.py:160)
	at robot.running.runner$py.call_function(C:\jython2.7.0\Lib\site-packages\robot\running\runner.py)
	at org.python.core.PyTableCode.call(PyTableCode.java:167)
	at org.python.core.PyBaseCode.call(PyBaseCode.java:153)
	at org.python.core.PyFunction.__call__(PyFunction.java:423)
	at org.python.core.PyMethod.__call__(PyMethod.java:141)
	at robot.model.testcase$py.visit$7(C:\jython2.7.0\Lib\site-packages\robot\model\testcase.py:74)
	at robot.model.testcase$py.call_function(C:\jython2.7.0\Lib\site-packages\robot\model\testcase.py)
	at org.python.core.PyTableCode.call(PyTableCode.java:167)
	at org.python.core.PyBaseCode.call(PyBaseCode.java:153)
	at org.python.core.PyFunction.__call__(PyFunction.java:423)
	at org.python.core.PyMethod.__call__(PyMethod.java:141)
	at robot.model.itemlist$py.visit$11(C:\jython2.7.0\Lib\site-packages\robot\model\itemlist.py:75)
	at robot.model.itemlist$py.call_function(C:\jython2.7.0\Lib\site-packages\robot\model\itemlist.py)
	at org.python.core.PyTableCode.call(PyTableCode.java:167)
	at org.python.core.PyBaseCode.call(PyBaseCode.java:153)
	at org.python.core.PyFunction.__call__(PyFunction.java:423)
	at org.python.core.PyMethod.__call__(PyMethod.java:141)
	at robot.model.visitor$py.visit_suite$2(C:\jython2.7.0\Lib\site-packages\robot\model\visitor.py:88)
	at robot.model.visitor$py.call_function(C:\jython2.7.0\Lib\site-packages\robot\model\visitor.py)
	at org.python.core.PyTableCode.call(PyTableCode.java:167)
	at org.python.core.PyBaseCode.call(PyBaseCode.java:153)
	at org.python.core.PyFunction.__call__(PyFunction.java:423)
	at org.python.core.PyMethod.__call__(PyMethod.java:141)
	at robot.model.testsuite$py.visit$19(C:\jython2.7.0\Lib\site-packages\robot\model\testsuite.py:161)
	at robot.model.testsuite$py.call_function(C:\jython2.7.0\Lib\site-packages\robot\model\testsuite.py)
	at org.python.core.PyTableCode.call(PyTableCode.java:167)
	at org.python.core.PyBaseCode.call(PyBaseCode.java:153)
	at org.python.core.PyFunction.__call__(PyFunction.java:423)
	at org.python.core.PyMethod.__call__(PyMethod.java:141)
	at robot.model.itemlist$py.visit$11(C:\jython2.7.0\Lib\site-packages\robot\model\itemlist.py:75)
	at robot.model.itemlist$py.call_function(C:\jython2.7.0\Lib\site-packages\robot\model\itemlist.py)
	at org.python.core.PyTableCode.call(PyTableCode.java:167)
	at org.python.core.PyBaseCode.call(PyBaseCode.java:153)
	at org.python.core.PyFunction.__call__(PyFunction.java:423)
	at org.python.core.PyMethod.__call__(PyMethod.java:141)
	at robot.model.visitor$py.visit_suite$2(C:\jython2.7.0\Lib\site-packages\robot\model\visitor.py:88)
	at robot.model.visitor$py.call_function(C:\jython2.7.0\Lib\site-packages\robot\model\visitor.py)
	at org.python.core.PyTableCode.call(PyTableCode.java:167)
	at org.python.core.PyBaseCode.call(PyBaseCode.java:153)
	at org.python.core.PyFunction.__call__(PyFunction.java:423)
	at org.python.core.PyMethod.__call__(PyMethod.java:141)
	at robot.model.testsuite$py.visit$19(C:\jython2.7.0\Lib\site-packages\robot\model\testsuite.py:161)
	at robot.model.testsuite$py.call_function(C:\jython2.7.0\Lib\site-packages\robot\model\testsuite.py)
	at org.python.core.PyTableCode.call(PyTableCode.java:167)
	at org.python.core.PyBaseCode.call(PyBaseCode.java:153)
	at org.python.core.PyFunction.__call__(PyFunction.java:423)
	at org.python.core.PyMethod.__call__(PyMethod.java:141)
	at robot.model.itemlist$py.visit$11(C:\jython2.7.0\Lib\site-packages\robot\model\itemlist.py:75)
	at robot.model.itemlist$py.call_function(C:\jython2.7.0\Lib\site-packages\robot\model\itemlist.py)
	at org.python.core.PyTableCode.call(PyTableCode.java:167)
	at org.python.core.PyBaseCode.call(PyBaseCode.java:153)
	at org.python.core.PyFunction.__call__(PyFunction.java:423)
	at org.python.core.PyMethod.__call__(PyMethod.java:141)
	at robot.model.visitor$py.visit_suite$2(C:\jython2.7.0\Lib\site-packages\robot\model\visitor.py:88)
	at robot.model.visitor$py.call_function(C:\jython2.7.0\Lib\site-packages\robot\model\visitor.py)
	at org.python.core.PyTableCode.call(PyTableCode.java:167)
	at org.python.core.PyBaseCode.call(PyBaseCode.java:153)
	at org.python.core.PyFunction.__call__(PyFunction.java:423)
	at org.python.core.PyMethod.__call__(PyMethod.java:141)
	at robot.model.testsuite$py.visit$19(C:\jython2.7.0\Lib\site-packages\robot\model\testsuite.py:161)
	at robot.model.testsuite$py.call_function(C:\jython2.7.0\Lib\site-packages\robot\model\testsuite.py)
	at org.python.core.PyTableCode.call(PyTableCode.java:167)
	at org.python.core.PyBaseCode.call(PyBaseCode.java:153)
	at org.python.core.PyFunction.__call__(PyFunction.java:423)
	at org.python.core.PyMethod.__call__(PyMethod.java:141)
	at robot.running.model$py.run$17(C:\jython2.7.0\Lib\site-packages\robot\running\model.py:250)
	at robot.running.model$py.call_function(C:\jython2.7.0\Lib\site-packages\robot\running\model.py)
	at org.python.core.PyTableCode.call(PyTableCode.java:167)
	at org.python.core.PyBaseCode.call(PyBaseCode.java:307)
	at org.python.core.PyBaseCode.call(PyBaseCode.java:145)
	at org.python.core.PyFunction.__call__(PyFunction.java:423)
	at org.python.core.PyMethod.__call__(PyMethod.java:141)
	at org.python.pycode._pyx10.main$3(C:\jython2.7.0\Lib\site-packages\robot\run.py:452)
	at org.python.pycode._pyx10.call_function(C:\jython2.7.0\Lib\site-packages\robot\run.py)
	at org.python.core.PyTableCode.call(PyTableCode.java:167)
	at org.python.core.PyBaseCode.call(PyBaseCode.java:307)
	at org.python.core.PyBaseCode.call(PyBaseCode.java:198)
	at org.python.core.PyFunction.__call__(PyFunction.java:482)
	at org.python.core.PyMethod.instancemethod___call__(PyMethod.java:237)
	at org.python.core.PyMethod.__call__(PyMethod.java:228)
	at org.python.core.PyMethod.__call__(PyMethod.java:223)
	at org.python.core.PyObject._callextra(PyObject.java:601)
	at robot.utils.application$py._execute$10(C:\jython2.7.0\Lib\site-packages\robot\utils\application.py:94)
	at robot.utils.application$py.call_function(C:\jython2.7.0\Lib\site-packages\robot\utils\application.py)
	at org.python.core.PyTableCode.call(PyTableCode.java:167)
	at org.python.core.PyBaseCode.call(PyBaseCode.java:170)
	at org.python.core.PyFunction.__call__(PyFunction.java:434)
	at org.python.core.PyMethod.__call__(PyMethod.java:156)
	at robot.utils.application$py.execute_cli$5(C:\jython2.7.0\Lib\site-packages\robot\utils\application.py:49)
	at robot.utils.application$py.call_function(C:\jython2.7.0\Lib\site-packages\robot\utils\application.py)
	at org.python.core.PyTableCode.call(PyTableCode.java:167)
	at org.python.core.PyBaseCode.call(PyBaseCode.java:307)
	at org.python.core.PyBaseCode.call(PyBaseCode.java:198)
	at org.python.core.PyFunction.__call__(PyFunction.java:482)
	at org.python.core.PyMethod.instancemethod___call__(PyMethod.java:237)
	at org.python.core.PyMethod.__call__(PyMethod.java:228)
	at org.python.pycode._pyx10.run_cli$7(C:\jython2.7.0\Lib\site-packages\robot\run.py:489)
	at org.python.pycode._pyx10.call_function(C:\jython2.7.0\Lib\site-packages\robot\run.py)
	at org.python.core.PyTableCode.call(PyTableCode.java:167)
	at org.python.core.PyBaseCode.call(PyBaseCode.java:307)
	at org.python.core.PyBaseCode.call(PyBaseCode.java:131)
	at org.python.core.PyFunction.__call__(PyFunction.java:413)
	at org.python.pycode._pyx10.f$0(C:\jython2.7.0\Lib\site-packages\robot\run.py:550)
	at org.python.pycode._pyx10.call_function(C:\jython2.7.0\Lib\site-packages\robot\run.py)
	at org.python.core.PyTableCode.call(PyTableCode.java:167)
	at org.python.core.PyCode.call(PyCode.java:18)
	at org.python.core.Py.runCode(Py.java:1386)
	at org.python.core.Py.exec(Py.java:1430)
	at runpy$py._run_code$9(C:\jython2.7.0\Lib\runpy.py:73)
	at runpy$py.call_function(C:\jython2.7.0\Lib\runpy.py)
	at org.python.core.PyTableCode.call(PyTableCode.java:167)
	at org.python.core.PyBaseCode.call(PyBaseCode.java:307)
	at org.python.core.PyFunction.function___call__(PyFunction.java:471)
	at org.python.core.PyFunction.__call__(PyFunction.java:466)
	at org.python.core.PyFunction.__call__(PyFunction.java:456)
	at runpy$py._run_module_as_main$14(C:\jython2.7.0\Lib\runpy.py:161)
	at runpy$py.call_function(C:\jython2.7.0\Lib\runpy.py)
	at org.python.core.PyTableCode.call(PyTableCode.java:167)
	at org.python.core.PyBaseCode.call(PyBaseCode.java:153)
	at org.python.core.PyFunction.__call__(PyFunction.java:423)
	at org.python.core.PyFunction.__call__(PyFunction.java:418)
	at org.python.util.jython.runModule(jython.java:199)
	at org.python.util.jython.runModule(jython.java:191)
	at org.python.util.jython.run(jython.java:402)
	at org.python.util.jython.main(jython.java:142)</msg>
<msg level="FAIL" timestamp="20181221 08:55:02.218">IllegalStateException: failure 'Validate Detail Breakdown Tab Failed due to: java.lang.IllegalStateException: failure 'Failed due to Validate Detail Breakdown Tab''</msg>
<status endtime="20181221 08:55:02.221" starttime="20181221 08:54:27.603" status="FAIL"></status>
</kw>
<status critical="yes" endtime="20181221 08:55:02.225" starttime="20181221 08:54:23.757" status="FAIL">IllegalStateException: failure 'Validate Detail Breakdown Tab Failed due to: java.lang.IllegalStateException: failure 'Failed due to Validate Detail Breakdown Tab''</status>
</test>
<test name="18.Check Cost Calculated Correctly When The Tender Currency Is Different From SLCurrency for Elevator" id="s1-s1-s1-t18">
<kw library="com.KTOC.TRB.testautomation.Keywords.Keywords" name="Verify Cost Calculated Successfully">
<msg level="INFO" timestamp="20181221 08:55:02.245">*** Currencies Tab is applicable for Australia alone hence skipping TC#10 ***</msg>
<status endtime="20181221 08:55:02.247" starttime="20181221 08:55:02.238" status="PASS"></status>
</kw>
<status critical="yes" endtime="20181221 08:55:02.251" starttime="20181221 08:55:02.231" status="PASS"></status>
</test>
<test name="19.Check Price Calculated Correctly When The Tender Currency Is Different From SLCurrency for Elevator" id="s1-s1-s1-t19">
<kw library="com.KTOC.TRB.testautomation.Keywords.Keywords" name="VerifyPriceCalculatedSuccessfully TobecheckedinFrance">
<msg level="INFO" timestamp="20181221 08:55:02.277">*** Currencies Tab is applicable for Australia alone hence skipping TC#10 ***</msg>
<status endtime="20181221 08:55:02.279" starttime="20181221 08:55:02.274" status="PASS"></status>
</kw>
<status critical="yes" endtime="20181221 08:55:02.281" starttime="20181221 08:55:02.256" status="PASS"></status>
</test>
<test name="20.Check TenderLetter Is generated Correctly With All The components" id="s1-s1-s1-t20">
<kw library="com.KTOC.TRB.testautomation.Keywords.Keywords" name="Go To Documents Taband Click The Tender">
<msg level="INFO" timestamp="20181221 08:55:04.690">ToWord icon clicked</msg>
<status endtime="20181221 08:55:04.696" starttime="20181221 08:55:02.292" status="PASS"></status>
</kw>
<kw library="com.KTOC.TRB.testautomation.Keywords.Keywords" name="Verify Successful Message Displayed">
<msg level="INFO" timestamp="20181221 08:55:08.650">Create PrintOut icon clicked
No clicked in Do you want to freeze printed version?</msg>
<status endtime="20181221 08:55:08.657" starttime="20181221 08:55:04.711" status="PASS"></status>
</kw>
<status critical="yes" endtime="20181221 08:55:08.661" starttime="20181221 08:55:02.287" status="PASS"></status>
</test>
<test name="21.Close KTOC" id="s1-s1-s1-t21">
<kw library="com.KTOC.TRB.testautomation.Keywords.Keywords" name="Click Saveand Close Button">
<msg level="INFO" timestamp="20181221 08:55:13.139">SaveandClose icon CLICKED
Yes CLICKED in SaveandClose
Automation Test Description entered in Description field in stage / Probability window</msg>
<status endtime="20181221 08:55:13.144" starttime="20181221 08:55:08.671" status="PASS"></status>
</kw>
<status critical="yes" endtime="20181221 08:55:13.152" starttime="20181221 08:55:08.665" status="PASS"></status>
</test>
<test name="22.Verify Total SalesPrice With SF Product Information" id="s1-s1-s1-t22">
<kw library="com.KTOC.TRB.testautomation.Keywords.Keywords" name="Compare Sales Pricebetween Tender Pageand Salesforce">
<msg level="INFO" timestamp="20181221 08:55:58.574">Tender Price:1003.0 / Final_SalesPrice:null
is TRB TenderPrice VS Salesforce TenderPrice equal:false ***</msg>
<msg level="INFO" html="yes" timestamp="20181221 08:55:58.575">&lt;a href='C:\Users\con_svijay02\KTOC-TRB-Automation\KTOC_TRB_TestAutomation\Screenshots\21Dec2018_08_55_58AM\SS_21Dec2018_08_55_58AM_TenderPrice not equal in compareSalesPricebetweenTenderPageandSalesforce for SingleEquipment.png' target='_blank'&gt;&lt;img src='C:\Users\con_svijay02\KTOC-TRB-Automation\KTOC_TRB_TestAutomation\Screenshots\21Dec2018_08_55_58AM\SS_21Dec2018_08_55_58AM_TenderPrice not equal in compareSalesPricebetweenTenderPageandSalesforce for SingleEquipment.png' style='width:80%; height: auto;'/&gt;&lt;/a&gt;</msg>
<msg level="INFO" timestamp="20181221 08:55:58.587">java.lang.IllegalStateException: failure 'Failed due to TenderPrice not equal in Get SalesPrice from SalesForce'
	at org.python.icu.impl.Assert.fail(Assert.java:15)
	at com.KTOC.TRB.testautomation.Keywords.Keywords.compareSalesPricebetweenTenderPageandSalesforce(Keywords.java:1277)
	at sun.reflect.NativeMethodAccessorImpl.invoke0(Native Method)
	at sun.reflect.NativeMethodAccessorImpl.invoke(NativeMethodAccessorImpl.java:62)
	at sun.reflect.DelegatingMethodAccessorImpl.invoke(DelegatingMethodAccessorImpl.java:43)
	at java.lang.reflect.Method.invoke(Method.java:498)
	at org.python.core.PyReflectedFunction.__call__(PyReflectedFunction.java:186)
	at org.python.core.PyObject.__call__(PyObject.java:419)
	at org.python.core.PyMethod.instancemethod___call__(PyMethod.java:237)
	at org.python.core.PyMethod.__call__(PyMethod.java:228)
	at org.python.core.PyMethod.__call__(PyMethod.java:223)
	at org.python.core.PyObject._callextra(PyObject.java:601)
	at robot.running.librarykeywordrunner$py.f$13(C:\jython2.7.0\Lib\site-packages\robot\running\librarykeywordrunner.py:89)
	at robot.running.librarykeywordrunner$py.call_function(C:\jython2.7.0\Lib\site-packages\robot\running\librarykeywordrunner.py)
	at org.python.core.PyTableCode.call(PyTableCode.java:167)
	at org.python.core.PyBaseCode.call(PyBaseCode.java:124)
	at org.python.core.PyFunction.__call__(PyFunction.java:403)
	at robot.running.librarykeywordrunner$py._run_with_signal_monitoring$16(C:\jython2.7.0\Lib\site-packages\robot\running\librarykeywordrunner.py:103)
	at robot.running.librarykeywordrunner$py.call_function(C:\jython2.7.0\Lib\site-packages\robot\running\librarykeywordrunner.py)
	at org.python.core.PyTableCode.call(PyTableCode.java:167)
	at org.python.core.PyBaseCode.call(PyBaseCode.java:170)
	at org.python.core.PyFunction.__call__(PyFunction.java:434)
	at org.python.core.PyMethod.__call__(PyMethod.java:156)
	at robot.running.librarykeywordrunner$py._run_with_output_captured_and_signal_monitor$15(C:\jython2.7.0\Lib\site-packages\robot\running\librarykeywordrunner.py:96)
	at robot.running.librarykeywordrunner$py.call_function(C:\jython2.7.0\Lib\site-packages\robot\running\librarykeywordrunner.py)
	at org.python.core.PyTableCode.call(PyTableCode.java:167)
	at org.python.core.PyBaseCode.call(PyBaseCode.java:170)
	at org.python.core.PyFunction.__call__(PyFunction.java:434)
	at org.python.core.PyMethod.__call__(PyMethod.java:156)
	at robot.running.librarykeywordrunner$py._run$8(C:\jython2.7.0\Lib\site-packages\robot\running\librarykeywordrunner.py:77)
	at robot.running.librarykeywordrunner$py.call_function(C:\jython2.7.0\Lib\site-packages\robot\running\librarykeywordrunner.py)
	at org.python.core.PyTableCode.call(PyTableCode.java:167)
	at org.python.core.PyBaseCode.call(PyBaseCode.java:170)
	at org.python.core.PyFunction.__call__(PyFunction.java:434)
	at org.python.core.PyMethod.__call__(PyMethod.java:156)
	at robot.running.librarykeywordrunner$py.run$6(C:\jython2.7.0\Lib\site-packages\robot\running\librarykeywordrunner.py:56)
	at robot.running.librarykeywordrunner$py.call_function(C:\jython2.7.0\Lib\site-packages\robot\running\librarykeywordrunner.py)
	at org.python.core.PyTableCode.call(PyTableCode.java:167)
	at org.python.core.PyBaseCode.call(PyBaseCode.java:170)
	at org.python.core.PyFunction.__call__(PyFunction.java:434)
	at org.python.core.PyMethod.__call__(PyMethod.java:156)
	at robot.running.steprunner$py.run_step$4(C:\jython2.7.0\Lib\site-packages\robot\running\steprunner.py:57)
	at robot.running.steprunner$py.call_function(C:\jython2.7.0\Lib\site-packages\robot\running\steprunner.py)
	at org.python.core.PyTableCode.call(PyTableCode.java:167)
	at org.python.core.PyBaseCode.call(PyBaseCode.java:307)
	at org.python.core.PyBaseCode.call(PyBaseCode.java:145)
	at org.python.core.PyFunction.__call__(PyFunction.java:423)
	at org.python.core.PyMethod.__call__(PyMethod.java:141)
	at robot.running.steprunner$py.run_steps$3(C:\jython2.7.0\Lib\site-packages\robot\running\steprunner.py:47)
	at robot.running.steprunner$py.call_function(C:\jython2.7.0\Lib\site-packages\robot\running\steprunner.py)
	at org.python.core.PyTableCode.call(PyTableCode.java:167)
	at org.python.core.PyBaseCode.call(PyBaseCode.java:153)
	at org.python.core.PyFunction.__call__(PyFunction.java:423)
	at org.python.core.PyMethod.__call__(PyMethod.java:141)
	at robot.running.runner$py.visit_test$7(C:\jython2.7.0\Lib\site-packages\robot\running\runner.py:160)
	at robot.running.runner$py.call_function(C:\jython2.7.0\Lib\site-packages\robot\running\runner.py)
	at org.python.core.PyTableCode.call(PyTableCode.java:167)
	at org.python.core.PyBaseCode.call(PyBaseCode.java:153)
	at org.python.core.PyFunction.__call__(PyFunction.java:423)
	at org.python.core.PyMethod.__call__(PyMethod.java:141)
	at robot.model.testcase$py.visit$7(C:\jython2.7.0\Lib\site-packages\robot\model\testcase.py:74)
	at robot.model.testcase$py.call_function(C:\jython2.7.0\Lib\site-packages\robot\model\testcase.py)
	at org.python.core.PyTableCode.call(PyTableCode.java:167)
	at org.python.core.PyBaseCode.call(PyBaseCode.java:153)
	at org.python.core.PyFunction.__call__(PyFunction.java:423)
	at org.python.core.PyMethod.__call__(PyMethod.java:141)
	at robot.model.itemlist$py.visit$11(C:\jython2.7.0\Lib\site-packages\robot\model\itemlist.py:75)
	at robot.model.itemlist$py.call_function(C:\jython2.7.0\Lib\site-packages\robot\model\itemlist.py)
	at org.python.core.PyTableCode.call(PyTableCode.java:167)
	at org.python.core.PyBaseCode.call(PyBaseCode.java:153)
	at org.python.core.PyFunction.__call__(PyFunction.java:423)
	at org.python.core.PyMethod.__call__(PyMethod.java:141)
	at robot.model.visitor$py.visit_suite$2(C:\jython2.7.0\Lib\site-packages\robot\model\visitor.py:88)
	at robot.model.visitor$py.call_function(C:\jython2.7.0\Lib\site-packages\robot\model\visitor.py)
	at org.python.core.PyTableCode.call(PyTableCode.java:167)
	at org.python.core.PyBaseCode.call(PyBaseCode.java:153)
	at org.python.core.PyFunction.__call__(PyFunction.java:423)
	at org.python.core.PyMethod.__call__(PyMethod.java:141)
	at robot.model.testsuite$py.visit$19(C:\jython2.7.0\Lib\site-packages\robot\model\testsuite.py:161)
	at robot.model.testsuite$py.call_function(C:\jython2.7.0\Lib\site-packages\robot\model\testsuite.py)
	at org.python.core.PyTableCode.call(PyTableCode.java:167)
	at org.python.core.PyBaseCode.call(PyBaseCode.java:153)
	at org.python.core.PyFunction.__call__(PyFunction.java:423)
	at org.python.core.PyMethod.__call__(PyMethod.java:141)
	at robot.model.itemlist$py.visit$11(C:\jython2.7.0\Lib\site-packages\robot\model\itemlist.py:75)
	at robot.model.itemlist$py.call_function(C:\jython2.7.0\Lib\site-packages\robot\model\itemlist.py)
	at org.python.core.PyTableCode.call(PyTableCode.java:167)
	at org.python.core.PyBaseCode.call(PyBaseCode.java:153)
	at org.python.core.PyFunction.__call__(PyFunction.java:423)
	at org.python.core.PyMethod.__call__(PyMethod.java:141)
	at robot.model.visitor$py.visit_suite$2(C:\jython2.7.0\Lib\site-packages\robot\model\visitor.py:88)
	at robot.model.visitor$py.call_function(C:\jython2.7.0\Lib\site-packages\robot\model\visitor.py)
	at org.python.core.PyTableCode.call(PyTableCode.java:167)
	at org.python.core.PyBaseCode.call(PyBaseCode.java:153)
	at org.python.core.PyFunction.__call__(PyFunction.java:423)
	at org.python.core.PyMethod.__call__(PyMethod.java:141)
	at robot.model.testsuite$py.visit$19(C:\jython2.7.0\Lib\site-packages\robot\model\testsuite.py:161)
	at robot.model.testsuite$py.call_function(C:\jython2.7.0\Lib\site-packages\robot\model\testsuite.py)
	at org.python.core.PyTableCode.call(PyTableCode.java:167)
	at org.python.core.PyBaseCode.call(PyBaseCode.java:153)
	at org.python.core.PyFunction.__call__(PyFunction.java:423)
	at org.python.core.PyMethod.__call__(PyMethod.java:141)
	at robot.model.itemlist$py.visit$11(C:\jython2.7.0\Lib\site-packages\robot\model\itemlist.py:75)
	at robot.model.itemlist$py.call_function(C:\jython2.7.0\Lib\site-packages\robot\model\itemlist.py)
	at org.python.core.PyTableCode.call(PyTableCode.java:167)
	at org.python.core.PyBaseCode.call(PyBaseCode.java:153)
	at org.python.core.PyFunction.__call__(PyFunction.java:423)
	at org.python.core.PyMethod.__call__(PyMethod.java:141)
	at robot.model.visitor$py.visit_suite$2(C:\jython2.7.0\Lib\site-packages\robot\model\visitor.py:88)
	at robot.model.visitor$py.call_function(C:\jython2.7.0\Lib\site-packages\robot\model\visitor.py)
	at org.python.core.PyTableCode.call(PyTableCode.java:167)
	at org.python.core.PyBaseCode.call(PyBaseCode.java:153)
	at org.python.core.PyFunction.__call__(PyFunction.java:423)
	at org.python.core.PyMethod.__call__(PyMethod.java:141)
	at robot.model.testsuite$py.visit$19(C:\jython2.7.0\Lib\site-packages\robot\model\testsuite.py:161)
	at robot.model.testsuite$py.call_function(C:\jython2.7.0\Lib\site-packages\robot\model\testsuite.py)
	at org.python.core.PyTableCode.call(PyTableCode.java:167)
	at org.python.core.PyBaseCode.call(PyBaseCode.java:153)
	at org.python.core.PyFunction.__call__(PyFunction.java:423)
	at org.python.core.PyMethod.__call__(PyMethod.java:141)
	at robot.running.model$py.run$17(C:\jython2.7.0\Lib\site-packages\robot\running\model.py:250)
	at robot.running.model$py.call_function(C:\jython2.7.0\Lib\site-packages\robot\running\model.py)
	at org.python.core.PyTableCode.call(PyTableCode.java:167)
	at org.python.core.PyBaseCode.call(PyBaseCode.java:307)
	at org.python.core.PyBaseCode.call(PyBaseCode.java:145)
	at org.python.core.PyFunction.__call__(PyFunction.java:423)
	at org.python.core.PyMethod.__call__(PyMethod.java:141)
	at org.python.pycode._pyx10.main$3(C:\jython2.7.0\Lib\site-packages\robot\run.py:452)
	at org.python.pycode._pyx10.call_function(C:\jython2.7.0\Lib\site-packages\robot\run.py)
	at org.python.core.PyTableCode.call(PyTableCode.java:167)
	at org.python.core.PyBaseCode.call(PyBaseCode.java:307)
	at org.python.core.PyBaseCode.call(PyBaseCode.java:198)
	at org.python.core.PyFunction.__call__(PyFunction.java:482)
	at org.python.core.PyMethod.instancemethod___call__(PyMethod.java:237)
	at org.python.core.PyMethod.__call__(PyMethod.java:228)
	at org.python.core.PyMethod.__call__(PyMethod.java:223)
	at org.python.core.PyObject._callextra(PyObject.java:601)
	at robot.utils.application$py._execute$10(C:\jython2.7.0\Lib\site-packages\robot\utils\application.py:94)
	at robot.utils.application$py.call_function(C:\jython2.7.0\Lib\site-packages\robot\utils\application.py)
	at org.python.core.PyTableCode.call(PyTableCode.java:167)
	at org.python.core.PyBaseCode.call(PyBaseCode.java:170)
	at org.python.core.PyFunction.__call__(PyFunction.java:434)
	at org.python.core.PyMethod.__call__(PyMethod.java:156)
	at robot.utils.application$py.execute_cli$5(C:\jython2.7.0\Lib\site-packages\robot\utils\application.py:49)
	at robot.utils.application$py.call_function(C:\jython2.7.0\Lib\site-packages\robot\utils\application.py)
	at org.python.core.PyTableCode.call(PyTableCode.java:167)
	at org.python.core.PyBaseCode.call(PyBaseCode.java:307)
	at org.python.core.PyBaseCode.call(PyBaseCode.java:198)
	at org.python.core.PyFunction.__call__(PyFunction.java:482)
	at org.python.core.PyMethod.instancemethod___call__(PyMethod.java:237)
	at org.python.core.PyMethod.__call__(PyMethod.java:228)
	at org.python.pycode._pyx10.run_cli$7(C:\jython2.7.0\Lib\site-packages\robot\run.py:489)
	at org.python.pycode._pyx10.call_function(C:\jython2.7.0\Lib\site-packages\robot\run.py)
	at org.python.core.PyTableCode.call(PyTableCode.java:167)
	at org.python.core.PyBaseCode.call(PyBaseCode.java:307)
	at org.python.core.PyBaseCode.call(PyBaseCode.java:131)
	at org.python.core.PyFunction.__call__(PyFunction.java:413)
	at org.python.pycode._pyx10.f$0(C:\jython2.7.0\Lib\site-packages\robot\run.py:550)
	at org.python.pycode._pyx10.call_function(C:\jython2.7.0\Lib\site-packages\robot\run.py)
	at org.python.core.PyTableCode.call(PyTableCode.java:167)
	at org.python.core.PyCode.call(PyCode.java:18)
	at org.python.core.Py.runCode(Py.java:1386)
	at org.python.core.Py.exec(Py.java:1430)
	at runpy$py._run_code$9(C:\jython2.7.0\Lib\runpy.py:73)
	at runpy$py.call_function(C:\jython2.7.0\Lib\runpy.py)
	at org.python.core.PyTableCode.call(PyTableCode.java:167)
	at org.python.core.PyBaseCode.call(PyBaseCode.java:307)
	at org.python.core.PyFunction.function___call__(PyFunction.java:471)
	at org.python.core.PyFunction.__call__(PyFunction.java:466)
	at org.python.core.PyFunction.__call__(PyFunction.java:456)
	at runpy$py._run_module_as_main$14(C:\jython2.7.0\Lib\runpy.py:161)
	at runpy$py.call_function(C:\jython2.7.0\Lib\runpy.py)
	at org.python.core.PyTableCode.call(PyTableCode.java:167)
	at org.python.core.PyBaseCode.call(PyBaseCode.java:153)
	at org.python.core.PyFunction.__call__(PyFunction.java:423)
	at org.python.core.PyFunction.__call__(PyFunction.java:418)
	at org.python.util.jython.runModule(jython.java:199)
	at org.python.util.jython.runModule(jython.java:191)
	at org.python.util.jython.run(jython.java:402)
	at org.python.util.jython.main(jython.java:142)</msg>
<msg level="FAIL" timestamp="20181221 08:55:58.604">IllegalStateException: failure 'Get SalesPrice from SalesForce Failed due to: java.lang.IllegalStateException: failure 'Failed due to TenderPrice not equal in Get SalesPrice from SalesForce''</msg>
<status endtime="20181221 08:55:58.606" starttime="20181221 08:55:13.173" status="FAIL"></status>
</kw>
<status critical="yes" endtime="20181221 08:55:58.615" starttime="20181221 08:55:13.164" status="FAIL">IllegalStateException: failure 'Get SalesPrice from SalesForce Failed due to: java.lang.IllegalStateException: failure 'Failed due to TenderPrice not equal in Get SalesPrice from SalesForce''</status>
</test>
<status endtime="20181221 08:55:58.656" starttime="20181221 08:51:56.710" status="FAIL"></status>
</suite>
<status endtime="20181221 08:55:58.956" starttime="20181221 08:51:56.672" status="FAIL"></status>
</suite>
<status endtime="20181221 08:55:59.065" starttime="20181221 08:51:56.308" status="FAIL"></status>
</suite>
<statistics>
<total>
<stat pass="18" fail="4">Critical Tests</stat>
<stat pass="18" fail="4">All Tests</stat>
</total>
<tag>
</tag>
<suite>
<stat pass="18" fail="4" name="KTOC TRB TestAutomation" id="s1">KTOC TRB TestAutomation</stat>
<stat pass="18" fail="4" name="TestSuites" id="s1-s1">KTOC TRB TestAutomation.TestSuites</stat>
<stat pass="18" fail="4" name="RegressionKTOC TRB France" id="s1-s1-s1">KTOC TRB TestAutomation.TestSuites.RegressionKTOC TRB France</stat>
</suite>
</statistics>
<errors>
</errors>
</robot>
