<?xml version="1.0" encoding="UTF-8"?>
<robot generator="Robot 3.0.4 (Jython 2.7.0 on java1.8.0_181)" generated="20181212 12:15:04.210">
<suite source="C:\Users\con_svijay02\KTOC-TRB-Automation\KTOC_TRB_TestAutomation" name="KTOC TRB TestAutomation" id="s1">
<suite source="C:\Users\con_svijay02\KTOC-TRB-Automation\KTOC_TRB_TestAutomation\TestSuites" name="TestSuites" id="s1-s1">
<suite source="C:\Users\con_svijay02\KTOC-TRB-Automation\KTOC_TRB_TestAutomation\TestSuites\RegressionKTOC_TRB_France_MultipleEquipment.robot" name="RegressionKTOC TRB France MultipleEquipment" id="s1-s1-s1">
<kw type="setup" library="com.KTOC.TRB.testautomation.Keywords.Keywords" name="Launch Browser">
<arguments>
<arg>france</arg>
<arg>\\TestData\\KTOCTRB_AutomationTestData.xlsx</arg>
</arguments>
<msg level="INFO" timestamp="20181212 12:15:18.160">1544597108837	mozrunner::runner	INFO	Running command: "C:\\Program Files\\Mozilla Firefox\\firefox.exe" "-marionette" "-foreground" "-no-remote" "-profile" "C:\\Users\\CON_SV~1\\AppData\\Local\\Temp\\rust_mozprofile.SD5ipqOD2meI"
1544597111127	Marionette	INFO	Listening on port 53713
1544597111583	Marionette	WARN	TLS certificate errors will be ignored for this session
Dec 12, 2018 12:15:11 PM org.openqa.selenium.remote.ProtocolHandshake createSession
INFO: Detected dialect: W3C</msg>
<status endtime="20181212 12:15:18.182" starttime="20181212 12:15:05.762" status="PASS"></status>
</kw>
<test name="1.Logon To Salesforce" id="s1-s1-s1-t1">
<kw library="com.KTOC.TRB.testautomation.Keywords.Keywords" name="Loginto Salesforce">
<status endtime="20181212 12:15:22.170" starttime="20181212 12:15:18.232" status="PASS"></status>
</kw>
<status critical="yes" endtime="20181212 12:15:22.185" starttime="20181212 12:15:18.204" status="PASS"></status>
</test>
<test name="2.Verify Creating Opportunity and Mapping It With FLTender" id="s1-s1-s1-t2">
<kw library="com.KTOC.TRB.testautomation.Keywords.Keywords" name="Create Opportunity OR Search Opportunity">
<msg level="INFO" timestamp="20181212 12:15:50.495">Opportunity Name:KOFCOL TRB SFA entered in Search box
KOFCOL TRB SFA has been clicked</msg>
<status endtime="20181212 12:15:50.500" starttime="20181212 12:15:22.212" status="PASS"></status>
</kw>
<status critical="yes" endtime="20181212 12:15:50.509" starttime="20181212 12:15:22.203" status="PASS"></status>
</test>
<test name="3.Verify Tender Created Successfully for Elevator" id="s1-s1-s1-t3">
<kw library="com.KTOC.TRB.testautomation.Keywords.Keywords" name="Navigateto KTOCTRB">
<msg level="INFO" timestamp="20181212 12:15:58.909">Release 1723 is Selected
Clicked on OK button</msg>
<status endtime="20181212 12:15:58.914" starttime="20181212 12:15:50.538" status="PASS"></status>
</kw>
<kw library="com.KTOC.TRB.testautomation.Keywords.Keywords" name="Add Equipment ID Elevator">
<msg level="INFO" timestamp="20181212 12:16:13.941">10503512 EquipmentID entered
Equipment loader clicked
checkbox clicked
Change button clicked</msg>
<status endtime="20181212 12:16:13.945" starttime="20181212 12:15:58.920" status="PASS"></status>
</kw>
<kw library="com.KTOC.TRB.testautomation.Keywords.Keywords" name="Check Hand Over Date Is Greater Than Installation Date">
<msg level="INFO" timestamp="20181212 12:16:14.871">Project clicked
Current MS5HO Date: 25/07/2020
MS5HODate Changed to: 27/07/2020</msg>
<status endtime="20181212 12:16:14.886" starttime="20181212 12:16:13.949" status="PASS"></status>
</kw>
<kw library="com.KTOC.TRB.testautomation.Keywords.Keywords" name="Check Sales Officeis Selected">
<msg level="INFO" timestamp="20181212 12:16:15.524">SalesOffice value VB FRRW Selected</msg>
<status endtime="20181212 12:16:15.533" starttime="20181212 12:16:14.893" status="PASS"></status>
</kw>
<kw library="com.KTOC.TRB.testautomation.Keywords.Keywords" name="Additionalfieldsin Project Overviewfor Canada">
<status endtime="20181212 12:16:15.557" starttime="20181212 12:16:15.545" status="PASS"></status>
</kw>
<kw library="com.KTOC.TRB.testautomation.Keywords.Keywords" name="Select Supervisor">
<msg level="INFO" timestamp="20181212 12:16:18.132">CustomerID: A10137873 entered
06114080 selected in Supervisor</msg>
<status endtime="20181212 12:16:18.141" starttime="20181212 12:16:15.573" status="PASS"></status>
</kw>
<kw library="com.KTOC.TRB.testautomation.Keywords.Keywords" name="Select Equipment In Service">
<msg level="INFO" timestamp="20181212 12:16:20.841">LIS Elevator is clicked in Equipment InService
HydraulicElevCheck clicked</msg>
<status endtime="20181212 12:16:20.852" starttime="20181212 12:16:18.152" status="PASS"></status>
</kw>
<kw library="com.KTOC.TRB.testautomation.Keywords.Keywords" name="Select Template To Be Uploaded">
<msg level="INFO" timestamp="20181212 12:16:23.729">Rightclick performed on Equipment
Open Templates clicked
Automation_Template_002 Entered in search
Shared templates radio button Clicked
Automation_Template_002 Template Clicked</msg>
<status endtime="20181212 12:16:23.737" starttime="20181212 12:16:20.859" status="PASS"></status>
</kw>
<kw library="com.KTOC.TRB.testautomation.Keywords.Keywords" name="Verify Tender Consistency">
<msg level="INFO" timestamp="20181212 12:16:26.732">PASS: Tender is Consistent, value:url("https://ktoc-ca3.kone.com/camosHTML5Client/cH5C/SMG?i=cad9a93f6c879df1ed1373d2853634026ff3224f&amp;w=16&amp;h=16")
PASS: Tender is Consistent, value:url("https://ktoc-ca3.kone.com/camosHTML5Client/cH5C/SMG?i=cad9a93f6c879df1ed1373d2853634026ff3224f&amp;w=16&amp;h=16")
PASS: Tender is Consistent, value:url("https://ktoc-ca3.kone.com/camosHTML5Client/cH5C/SMG?i=cad9a93f6c879df1ed1373d2853634026ff3224f&amp;w=16&amp;h=16")
PASS: Tender is Consistent, value:url("https://ktoc-ca3.kone.com/camosHTML5Client/cH5C/SMG?i=cad9a93f6c879df1ed1373d2853634026ff3224f&amp;w=16&amp;h=16")
PASS: Tender is Consistent, value:url("https://ktoc-ca3.kone.com/camosHTML5Client/cH5C/SMG?i=cad9a93f6c879df1ed1373d2853634026ff3224f&amp;w=16&amp;h=16")
PASS: Tender is Consistent, value:url("https://ktoc-ca3.kone.com/camosHTML5Client/cH5C/SMG?i=cad9a93f6c879df1ed1373d2853634026ff3224f&amp;w=16&amp;h=16")
PASS: Tender is Consistent, value:url("https://ktoc-ca3.kone.com/camosHTML5Client/cH5C/SMG?i=cad9a93f6c879df1ed1373d2853634026ff3224f&amp;w=16&amp;h=16")</msg>
<status endtime="20181212 12:16:26.735" starttime="20181212 12:16:23.747" status="PASS"></status>
</kw>
<kw library="com.KTOC.TRB.testautomation.Keywords.Keywords" name="Get Tender Number">
<msg level="INFO" timestamp="20181212 12:16:26.769">Tender # is :T-0002465550</msg>
<status endtime="20181212 12:16:26.772" starttime="20181212 12:16:26.740" status="PASS"></status>
</kw>
<status critical="yes" endtime="20181212 12:16:26.776" starttime="20181212 12:15:50.525" status="PASS"></status>
</test>
<test name="4.Validate TenderPrice and Discount Without FirstMaintenance for Elevator" id="s1-s1-s1-t4">
<kw library="com.KTOC.TRB.testautomation.Keywords.Keywords" name="Pricing Icon Click">
<msg level="INFO" timestamp="20181212 12:16:27.139">pricing icon Clicked</msg>
<status endtime="20181212 12:16:27.147" starttime="20181212 12:16:26.788" status="PASS"></status>
</kw>
<kw library="com.KTOC.TRB.testautomation.Keywords.Keywords" name="Check Tender Price After Discount Update">
<arguments>
<arg>10</arg>
<arg>0</arg>
</arguments>
<msg level="INFO" timestamp="20181212 12:16:30.388">Discount entered as: 10
First maintenance: 0 Clicked</msg>
<status endtime="20181212 12:16:30.395" starttime="20181212 12:16:27.156" status="PASS"></status>
</kw>
<kw library="com.KTOC.TRB.testautomation.Keywords.Keywords" name="Get Target Price">
<msg level="INFO" timestamp="20181212 12:16:30.761">TargetPrice:3779.41
Firstmaintenance:0.0
Discount:10.0
*** TenderPriceFinal:3401.47 / CurrentTenderPrice:3401.47 ***
is TenderPriceFinal VS ApplicationTenderPrice Equal: true ***</msg>
<status endtime="20181212 12:16:30.763" starttime="20181212 12:16:30.400" status="PASS"></status>
</kw>
<kw library="com.KTOC.TRB.testautomation.Keywords.Keywords" name="Verify Discount By Changing The Tender Price">
<arguments>
<arg>1001</arg>
<arg>0</arg>
</arguments>
<msg level="INFO" timestamp="20181212 12:16:32.988">TenderPrice entered as: 1001
First maintenance: 0 Clicked</msg>
<status endtime="20181212 12:16:32.992" starttime="20181212 12:16:30.766" status="PASS"></status>
</kw>
<kw library="com.KTOC.TRB.testautomation.Keywords.Keywords" name="Get Target Price">
<msg level="INFO" timestamp="20181212 12:16:33.292">TargetPrice:3779.41
Firstmaintenance:0.0
TenderPrice:1001.0
DiscountFinal:73.51 / Current Discount:73.51
*** is FinalDiscount VS ApplicationDiscount Equal:true ***</msg>
<status endtime="20181212 12:16:33.297" starttime="20181212 12:16:32.998" status="PASS"></status>
</kw>
<status critical="yes" endtime="20181212 12:16:33.301" starttime="20181212 12:16:26.782" status="PASS"></status>
</test>
<test name="5.Validate TenderPrice and Discount With FirstMaintenance for Elevator" id="s1-s1-s1-t5">
<kw library="com.KTOC.TRB.testautomation.Keywords.Keywords" name="Check Tender Price After Discount Update">
<arguments>
<arg>11</arg>
<arg>3</arg>
</arguments>
<msg level="INFO" timestamp="20181212 12:16:35.945">Discount entered as: 11
First maintenance: 3 Clicked</msg>
<status endtime="20181212 12:16:35.949" starttime="20181212 12:16:33.311" status="PASS"></status>
</kw>
<kw library="com.KTOC.TRB.testautomation.Keywords.Keywords" name="Get Target Price">
<msg level="INFO" timestamp="20181212 12:16:36.597">TargetPrice:4179.41
Firstmaintenance:400.0
Discount:11.0
*** TenderPriceFinal:3763.68 / CurrentTenderPrice:3763.67 ***
is TenderPriceFinal VS ApplicationTenderPrice Equal: false ***</msg>
<msg level="INFO" html="yes" timestamp="20181212 12:16:36.597">&lt;a href='C:\Users\con_svijay02\KTOC-TRB-Automation\KTOC_TRB_TestAutomation\Screenshots\12Dec2018_12_16_36PM\SS_12Dec2018_12_16_36PM_Discount not equal in CheckTenderPriceAfterDiscountUpdate.png' target='_blank'&gt;&lt;img src='C:\Users\con_svijay02\KTOC-TRB-Automation\KTOC_TRB_TestAutomation\Screenshots\12Dec2018_12_16_36PM\SS_12Dec2018_12_16_36PM_Discount not equal in CheckTenderPriceAfterDiscountUpdate.png' style='width:80%; height: auto;'/&gt;&lt;/a&gt;</msg>
<status endtime="20181212 12:16:36.602" starttime="20181212 12:16:35.952" status="PASS"></status>
</kw>
<kw library="com.KTOC.TRB.testautomation.Keywords.Keywords" name="Verify Discount By Changing The Tender Price">
<arguments>
<arg>1004</arg>
<arg>3</arg>
</arguments>
<msg level="INFO" timestamp="20181212 12:16:39.194">TenderPrice entered as: 1004
First maintenance: 3 Clicked</msg>
<status endtime="20181212 12:16:39.202" starttime="20181212 12:16:36.606" status="PASS"></status>
</kw>
<kw library="com.KTOC.TRB.testautomation.Keywords.Keywords" name="Get Target Price">
<msg level="INFO" timestamp="20181212 12:16:39.580">TargetPrice:4179.41
Firstmaintenance:400.0
TenderPrice:1004.0
DiscountFinal:84.02 / Current Discount:84.02
*** is FinalDiscount VS ApplicationDiscount Equal:true ***</msg>
<status endtime="20181212 12:16:39.583" starttime="20181212 12:16:39.212" status="PASS"></status>
</kw>
<kw library="com.KTOC.TRB.testautomation.Keywords.Keywords" name="Verify Discount By Changing The Tender Price">
<arguments>
<arg>1005</arg>
<arg>6</arg>
</arguments>
<msg level="INFO" timestamp="20181212 12:16:41.697">TenderPrice entered as: 1005
First maintenance: 6 Clicked</msg>
<status endtime="20181212 12:16:41.699" starttime="20181212 12:16:39.585" status="PASS"></status>
</kw>
<kw library="com.KTOC.TRB.testautomation.Keywords.Keywords" name="Get Target Price">
<msg level="INFO" timestamp="20181212 12:16:42.189">org.openqa.selenium.StaleElementReferenceException: The element reference of &lt;input id="v2429_0" class="cogbjenenuknm3 cvkr530esrf001" type="text"&gt; is stale; either the element is no longer attached to the DOM, it is not in the current frame context, or the document has been refreshed
For documentation on this error, please visit: http://seleniumhq.org/exceptions/stale_element_reference.html
Build info: version: '3.12.0', revision: '7c6e0b3', time: '2018-05-08T15:15:03.216Z'
System info: host: '5CG71660NZ', ip: '10.114.127.235', os.name: 'Windows 10', os.arch: 'amd64', os.version: '10.0', java.version: '1.8.0_181'
Driver info: org.openqa.selenium.firefox.FirefoxDriver
Capabilities {acceptInsecureCerts: true, browserName: firefox, browserVersion: 63.0.1, javascriptEnabled: true, moz:accessibilityChecks: false, moz:geckodriverVersion: 0.23.0, moz:headless: false, moz:processID: 14996, moz:profile: C:\Users\con_svijay02\AppDa..., moz:useNonSpecCompliantPointerOrigin: false, moz:webdriverClick: true, pageLoadStrategy: normal, platform: WINDOWS, platformName: WINDOWS, platformVersion: 10.0, rotatable: false, setWindowRect: true, timeouts: {implicit: 0, pageLoad: 300000, script: 30000}, unhandledPromptBehavior: dismiss and notify}
Session ID: a6419f9c-0fd7-4236-92c3-9130ad4b081a
	at sun.reflect.NativeConstructorAccessorImpl.newInstance0(Native Method)
	at sun.reflect.NativeConstructorAccessorImpl.newInstance(NativeConstructorAccessorImpl.java:62)
	at sun.reflect.DelegatingConstructorAccessorImpl.newInstance(DelegatingConstructorAccessorImpl.java:45)
	at java.lang.reflect.Constructor.newInstance(Constructor.java:423)
	at org.openqa.selenium.remote.http.W3CHttpResponseCodec.createException(W3CHttpResponseCodec.java:187)
	at org.openqa.selenium.remote.http.W3CHttpResponseCodec.decode(W3CHttpResponseCodec.java:122)
	at org.openqa.selenium.remote.http.W3CHttpResponseCodec.decode(W3CHttpResponseCodec.java:49)
	at org.openqa.selenium.remote.HttpCommandExecutor.execute(HttpCommandExecutor.java:158)
	at org.openqa.selenium.remote.service.DriverCommandExecutor.execute(DriverCommandExecutor.java:83)
	at org.openqa.selenium.remote.RemoteWebDriver.execute(RemoteWebDriver.java:543)
	at org.openqa.selenium.remote.RemoteWebElement.execute(RemoteWebElement.java:276)
	at org.openqa.selenium.remote.RemoteWebElement.getAttribute(RemoteWebElement.java:128)
	at com.KTOC.TRB.testautomation.Keywords.Keywords.checkingTargetPrice(Keywords.java:1588)
	at com.KTOC.TRB.testautomation.Keywords.Keywords.GetTargetPrice(Keywords.java:569)
	at sun.reflect.NativeMethodAccessorImpl.invoke0(Native Method)
	at sun.reflect.NativeMethodAccessorImpl.invoke(NativeMethodAccessorImpl.java:62)
	at sun.reflect.DelegatingMethodAccessorImpl.invoke(DelegatingMethodAccessorImpl.java:43)
	at java.lang.reflect.Method.invoke(Method.java:498)
	at org.python.core.PyReflectedFunction.__call__(PyReflectedFunction.java:186)
	at org.python.core.PyObject.__call__(PyObject.java:419)
	at org.python.core.PyMethod.instancemethod___call__(PyMethod.java:237)
	at org.python.core.PyMethod.__call__(PyMethod.java:228)
	at org.python.core.PyMethod.__call__(PyMethod.java:223)
	at org.python.core.PyObject._callextra(PyObject.java:601)
	at robot.running.librarykeywordrunner$py.f$13(C:\jython2.7.0\Lib\site-packages\robot\running\librarykeywordrunner.py:89)
	at robot.running.librarykeywordrunner$py.call_function(C:\jython2.7.0\Lib\site-packages\robot\running\librarykeywordrunner.py)
	at org.python.core.PyTableCode.call(PyTableCode.java:167)
	at org.python.core.PyBaseCode.call(PyBaseCode.java:124)
	at org.python.core.PyFunction.__call__(PyFunction.java:403)
	at robot.running.librarykeywordrunner$py._run_with_signal_monitoring$16(C:\jython2.7.0\Lib\site-packages\robot\running\librarykeywordrunner.py:103)
	at robot.running.librarykeywordrunner$py.call_function(C:\jython2.7.0\Lib\site-packages\robot\running\librarykeywordrunner.py)
	at org.python.core.PyTableCode.call(PyTableCode.java:167)
	at org.python.core.PyBaseCode.call(PyBaseCode.java:170)
	at org.python.core.PyFunction.__call__(PyFunction.java:434)
	at org.python.core.PyMethod.__call__(PyMethod.java:156)
	at robot.running.librarykeywordrunner$py._run_with_output_captured_and_signal_monitor$15(C:\jython2.7.0\Lib\site-packages\robot\running\librarykeywordrunner.py:96)
	at robot.running.librarykeywordrunner$py.call_function(C:\jython2.7.0\Lib\site-packages\robot\running\librarykeywordrunner.py)
	at org.python.core.PyTableCode.call(PyTableCode.java:167)
	at org.python.core.PyBaseCode.call(PyBaseCode.java:170)
	at org.python.core.PyFunction.__call__(PyFunction.java:434)
	at org.python.core.PyMethod.__call__(PyMethod.java:156)
	at robot.running.librarykeywordrunner$py._run$8(C:\jython2.7.0\Lib\site-packages\robot\running\librarykeywordrunner.py:77)
	at robot.running.librarykeywordrunner$py.call_function(C:\jython2.7.0\Lib\site-packages\robot\running\librarykeywordrunner.py)
	at org.python.core.PyTableCode.call(PyTableCode.java:167)
	at org.python.core.PyBaseCode.call(PyBaseCode.java:170)
	at org.python.core.PyFunction.__call__(PyFunction.java:434)
	at org.python.core.PyMethod.__call__(PyMethod.java:156)
	at robot.running.librarykeywordrunner$py.run$6(C:\jython2.7.0\Lib\site-packages\robot\running\librarykeywordrunner.py:56)
	at robot.running.librarykeywordrunner$py.call_function(C:\jython2.7.0\Lib\site-packages\robot\running\librarykeywordrunner.py)
	at org.python.core.PyTableCode.call(PyTableCode.java:167)
	at org.python.core.PyBaseCode.call(PyBaseCode.java:170)
	at org.python.core.PyFunction.__call__(PyFunction.java:434)
	at org.python.core.PyMethod.__call__(PyMethod.java:156)
	at robot.running.steprunner$py.run_step$4(C:\jython2.7.0\Lib\site-packages\robot\running\steprunner.py:57)
	at robot.running.steprunner$py.call_function(C:\jython2.7.0\Lib\site-packages\robot\running\steprunner.py)
	at org.python.core.PyTableCode.call(PyTableCode.java:167)
	at org.python.core.PyBaseCode.call(PyBaseCode.java:307)
	at org.python.core.PyBaseCode.call(PyBaseCode.java:145)
	at org.python.core.PyFunction.__call__(PyFunction.java:423)
	at org.python.core.PyMethod.__call__(PyMethod.java:141)
	at robot.running.steprunner$py.run_steps$3(C:\jython2.7.0\Lib\site-packages\robot\running\steprunner.py:47)
	at robot.running.steprunner$py.call_function(C:\jython2.7.0\Lib\site-packages\robot\running\steprunner.py)
	at org.python.core.PyTableCode.call(PyTableCode.java:167)
	at org.python.core.PyBaseCode.call(PyBaseCode.java:153)
	at org.python.core.PyFunction.__call__(PyFunction.java:423)
	at org.python.core.PyMethod.__call__(PyMethod.java:141)
	at robot.running.runner$py.visit_test$7(C:\jython2.7.0\Lib\site-packages\robot\running\runner.py:160)
	at robot.running.runner$py.call_function(C:\jython2.7.0\Lib\site-packages\robot\running\runner.py)
	at org.python.core.PyTableCode.call(PyTableCode.java:167)
	at org.python.core.PyBaseCode.call(PyBaseCode.java:153)
	at org.python.core.PyFunction.__call__(PyFunction.java:423)
	at org.python.core.PyMethod.__call__(PyMethod.java:141)
	at robot.model.testcase$py.visit$7(C:\jython2.7.0\Lib\site-packages\robot\model\testcase.py:74)
	at robot.model.testcase$py.call_function(C:\jython2.7.0\Lib\site-packages\robot\model\testcase.py)
	at org.python.core.PyTableCode.call(PyTableCode.java:167)
	at org.python.core.PyBaseCode.call(PyBaseCode.java:153)
	at org.python.core.PyFunction.__call__(PyFunction.java:423)
	at org.python.core.PyMethod.__call__(PyMethod.java:141)
	at robot.model.itemlist$py.visit$11(C:\jython2.7.0\Lib\site-packages\robot\model\itemlist.py:75)
	at robot.model.itemlist$py.call_function(C:\jython2.7.0\Lib\site-packages\robot\model\itemlist.py)
	at org.python.core.PyTableCode.call(PyTableCode.java:167)
	at org.python.core.PyBaseCode.call(PyBaseCode.java:153)
	at org.python.core.PyFunction.__call__(PyFunction.java:423)
	at org.python.core.PyMethod.__call__(PyMethod.java:141)
	at robot.model.visitor$py.visit_suite$2(C:\jython2.7.0\Lib\site-packages\robot\model\visitor.py:88)
	at robot.model.visitor$py.call_function(C:\jython2.7.0\Lib\site-packages\robot\model\visitor.py)
	at org.python.core.PyTableCode.call(PyTableCode.java:167)
	at org.python.core.PyBaseCode.call(PyBaseCode.java:153)
	at org.python.core.PyFunction.__call__(PyFunction.java:423)
	at org.python.core.PyMethod.__call__(PyMethod.java:141)
	at robot.model.testsuite$py.visit$19(C:\jython2.7.0\Lib\site-packages\robot\model\testsuite.py:161)
	at robot.model.testsuite$py.call_function(C:\jython2.7.0\Lib\site-packages\robot\model\testsuite.py)
	at org.python.core.PyTableCode.call(PyTableCode.java:167)
	at org.python.core.PyBaseCode.call(PyBaseCode.java:153)
	at org.python.core.PyFunction.__call__(PyFunction.java:423)
	at org.python.core.PyMethod.__call__(PyMethod.java:141)
	at robot.model.itemlist$py.visit$11(C:\jython2.7.0\Lib\site-packages\robot\model\itemlist.py:75)
	at robot.model.itemlist$py.call_function(C:\jython2.7.0\Lib\site-packages\robot\model\itemlist.py)
	at org.python.core.PyTableCode.call(PyTableCode.java:167)
	at org.python.core.PyBaseCode.call(PyBaseCode.java:153)
	at org.python.core.PyFunction.__call__(PyFunction.java:423)
	at org.python.core.PyMethod.__call__(PyMethod.java:141)
	at robot.model.visitor$py.visit_suite$2(C:\jython2.7.0\Lib\site-packages\robot\model\visitor.py:88)
	at robot.model.visitor$py.call_function(C:\jython2.7.0\Lib\site-packages\robot\model\visitor.py)
	at org.python.core.PyTableCode.call(PyTableCode.java:167)
	at org.python.core.PyBaseCode.call(PyBaseCode.java:153)
	at org.python.core.PyFunction.__call__(PyFunction.java:423)
	at org.python.core.PyMethod.__call__(PyMethod.java:141)
	at robot.model.testsuite$py.visit$19(C:\jython2.7.0\Lib\site-packages\robot\model\testsuite.py:161)
	at robot.model.testsuite$py.call_function(C:\jython2.7.0\Lib\site-packages\robot\model\testsuite.py)
	at org.python.core.PyTableCode.call(PyTableCode.java:167)
	at org.python.core.PyBaseCode.call(PyBaseCode.java:153)
	at org.python.core.PyFunction.__call__(PyFunction.java:423)
	at org.python.core.PyMethod.__call__(PyMethod.java:141)
	at robot.model.itemlist$py.visit$11(C:\jython2.7.0\Lib\site-packages\robot\model\itemlist.py:75)
	at robot.model.itemlist$py.call_function(C:\jython2.7.0\Lib\site-packages\robot\model\itemlist.py)
	at org.python.core.PyTableCode.call(PyTableCode.java:167)
	at org.python.core.PyBaseCode.call(PyBaseCode.java:153)
	at org.python.core.PyFunction.__call__(PyFunction.java:423)
	at org.python.core.PyMethod.__call__(PyMethod.java:141)
	at robot.model.visitor$py.visit_suite$2(C:\jython2.7.0\Lib\site-packages\robot\model\visitor.py:88)
	at robot.model.visitor$py.call_function(C:\jython2.7.0\Lib\site-packages\robot\model\visitor.py)
	at org.python.core.PyTableCode.call(PyTableCode.java:167)
	at org.python.core.PyBaseCode.call(PyBaseCode.java:153)
	at org.python.core.PyFunction.__call__(PyFunction.java:423)
	at org.python.core.PyMethod.__call__(PyMethod.java:141)
	at robot.model.testsuite$py.visit$19(C:\jython2.7.0\Lib\site-packages\robot\model\testsuite.py:161)
	at robot.model.testsuite$py.call_function(C:\jython2.7.0\Lib\site-packages\robot\model\testsuite.py)
	at org.python.core.PyTableCode.call(PyTableCode.java:167)
	at org.python.core.PyBaseCode.call(PyBaseCode.java:153)
	at org.python.core.PyFunction.__call__(PyFunction.java:423)
	at org.python.core.PyMethod.__call__(PyMethod.java:141)
	at robot.running.model$py.run$17(C:\jython2.7.0\Lib\site-packages\robot\running\model.py:250)
	at robot.running.model$py.call_function(C:\jython2.7.0\Lib\site-packages\robot\running\model.py)
	at org.python.core.PyTableCode.call(PyTableCode.java:167)
	at org.python.core.PyBaseCode.call(PyBaseCode.java:307)
	at org.python.core.PyBaseCode.call(PyBaseCode.java:145)
	at org.python.core.PyFunction.__call__(PyFunction.java:423)
	at org.python.core.PyMethod.__call__(PyMethod.java:141)
	at org.python.pycode._pyx10.main$3(C:\jython2.7.0\Lib\site-packages\robot\run.py:452)
	at org.python.pycode._pyx10.call_function(C:\jython2.7.0\Lib\site-packages\robot\run.py)
	at org.python.core.PyTableCode.call(PyTableCode.java:167)
	at org.python.core.PyBaseCode.call(PyBaseCode.java:307)
	at org.python.core.PyBaseCode.call(PyBaseCode.java:198)
	at org.python.core.PyFunction.__call__(PyFunction.java:482)
	at org.python.core.PyMethod.instancemethod___call__(PyMethod.java:237)
	at org.python.core.PyMethod.__call__(PyMethod.java:228)
	at org.python.core.PyMethod.__call__(PyMethod.java:223)
	at org.python.core.PyObject._callextra(PyObject.java:601)
	at robot.utils.application$py._execute$10(C:\jython2.7.0\Lib\site-packages\robot\utils\application.py:94)
	at robot.utils.application$py.call_function(C:\jython2.7.0\Lib\site-packages\robot\utils\application.py)
	at org.python.core.PyTableCode.call(PyTableCode.java:167)
	at org.python.core.PyBaseCode.call(PyBaseCode.java:170)
	at org.python.core.PyFunction.__call__(PyFunction.java:434)
	at org.python.core.PyMethod.__call__(PyMethod.java:156)
	at robot.utils.application$py.execute_cli$5(C:\jython2.7.0\Lib\site-packages\robot\utils\application.py:49)
	at robot.utils.application$py.call_function(C:\jython2.7.0\Lib\site-packages\robot\utils\application.py)
	at org.python.core.PyTableCode.call(PyTableCode.java:167)
	at org.python.core.PyBaseCode.call(PyBaseCode.java:307)
	at org.python.core.PyBaseCode.call(PyBaseCode.java:198)
	at org.python.core.PyFunction.__call__(PyFunction.java:482)
	at org.python.core.PyMethod.instancemethod___call__(PyMethod.java:237)
	at org.python.core.PyMethod.__call__(PyMethod.java:228)
	at org.python.pycode._pyx10.run_cli$7(C:\jython2.7.0\Lib\site-packages\robot\run.py:489)
	at org.python.pycode._pyx10.call_function(C:\jython2.7.0\Lib\site-packages\robot\run.py)
	at org.python.core.PyTableCode.call(PyTableCode.java:167)
	at org.python.core.PyBaseCode.call(PyBaseCode.java:307)
	at org.python.core.PyBaseCode.call(PyBaseCode.java:131)
	at org.python.core.PyFunction.__call__(PyFunction.java:413)
	at org.python.pycode._pyx10.f$0(C:\jython2.7.0\Lib\site-packages\robot\run.py:550)
	at org.python.pycode._pyx10.call_function(C:\jython2.7.0\Lib\site-packages\robot\run.py)
	at org.python.core.PyTableCode.call(PyTableCode.java:167)
	at org.python.core.PyCode.call(PyCode.java:18)
	at org.python.core.Py.runCode(Py.java:1386)
	at org.python.core.Py.exec(Py.java:1430)
	at runpy$py._run_code$9(C:\jython2.7.0\Lib\runpy.py:73)
	at runpy$py.call_function(C:\jython2.7.0\Lib\runpy.py)
	at org.python.core.PyTableCode.call(PyTableCode.java:167)
	at org.python.core.PyBaseCode.call(PyBaseCode.java:307)
	at org.python.core.PyFunction.function___call__(PyFunction.java:471)
	at org.python.core.PyFunction.__call__(PyFunction.java:466)
	at org.python.core.PyFunction.__call__(PyFunction.java:456)
	at runpy$py._run_module_as_main$14(C:\jython2.7.0\Lib\runpy.py:161)
	at runpy$py.call_function(C:\jython2.7.0\Lib\runpy.py)
	at org.python.core.PyTableCode.call(PyTableCode.java:167)
	at org.python.core.PyBaseCode.call(PyBaseCode.java:153)
	at org.python.core.PyFunction.__call__(PyFunction.java:423)
	at org.python.core.PyFunction.__call__(PyFunction.java:418)
	at org.python.util.jython.runModule(jython.java:199)
	at org.python.util.jython.runModule(jython.java:191)
	at org.python.util.jython.run(jython.java:402)
	at org.python.util.jython.main(jython.java:142)</msg>
<msg level="FAIL" timestamp="20181212 12:16:42.230">IllegalStateException: failure 'Checking TargetPrice Failed due to: org.openqa.selenium.StaleElementReferenceException: The element reference of &lt;input id="v2429_0" class="cogbjenenuknm3 cvkr530esrf001" type="text"&gt; is stale; either the element is no longer attached to the DOM, it is not in the current frame context, or the document has been refreshed
For documentation on this error, please visit: http://seleniumhq.org/exceptions/stale_element_reference.html
Build info: version: '3.12.0', revision: '7c6e0b3', time: '2018-05-08T15:15:03.216Z'
System info: host: '5CG71660NZ', ip: '10.114.127.235', os.name: 'Windows 10', os.arch: 'amd64', os.version: '10.0', java.version: '1.8.0_181'
Driver info: org.openqa.selenium.firefox.FirefoxDriver
Capabilities {acceptInsecureCerts: true, browserName: firefox, browserVersion: 63.0.1, javascriptEnabled: true, moz:accessibilityChecks: false, moz:geckodriverVersion: 0.23.0, moz:headless: false, moz:processID: 14996, moz:profile: C:\Users\con_svijay02\AppDa..., moz:useNonSpecCompliantPointerOrigin: false, moz:webdriverClick: true, pageLoadStrategy: normal, platform: WINDOWS, platformName: WINDOWS, platformVersion: 10.0, rotatable: false, setWindowRect: true, timeouts: {implicit: 0, pageLoad: 300000, script: 30000}, unhandledPromptBehavior: dismiss and notify}
Session ID: a6419f9c-0fd7-4236-92c3-9130ad4b081a'</msg>
<status endtime="20181212 12:16:42.234" starttime="20181212 12:16:41.703" status="FAIL"></status>
</kw>
<status critical="yes" endtime="20181212 12:16:42.239" starttime="20181212 12:16:33.306" status="FAIL">IllegalStateException: failure 'Checking TargetPrice Failed due to: org.openqa.selenium.StaleElementReferenceException: The element reference of &lt;input id="v2429_0" class="cogbjenenuknm3 cvkr530esrf001" type="text"&gt; is stale; either the element is no longer attached to the DOM, it is not in the current frame context, or the document has been refreshed
For documentation on this error, please visit: http://seleniumhq.org/exceptions/stale_element_reference.html
Build info: version: '3.12.0', revision: '7c6e0b3', time: '2018-05-08T15:15:03.216Z'
System info: host: '5CG71660NZ', ip: '10.114.127.235', os.name: 'Windows 10', os.arch: 'amd64', os.version: '10.0', java.version: '1.8.0_181'
Driver info: org.openqa.selenium.firefox.FirefoxDriver
Capabilities {acceptInsecureCerts: true, browserName: firefox, browserVersion: 63.0.1, javascriptEnabled: true, moz:accessibilityChecks: false, moz:geckodriverVersion: 0.23.0, moz:headless: false, moz:processID: 14996, moz:profile: C:\Users\con_svijay02\AppDa..., moz:useNonSpecCompliantPointerOrigin: false, moz:webdriverClick: true, pageLoadStrategy: normal, platform: WINDOWS, platformName: WINDOWS, platformVersion: 10.0, rotatable: false, setWindowRect: true, timeouts: {implicit: 0, pageLoad: 300000, script: 30000}, unhandledPromptBehavior: dismiss and notify}
Session ID: a6419f9c-0fd7-4236-92c3-9130ad4b081a'</status>
</test>
<test name="6.CheckRegionalFactorAtSalesOfficeLevel for Elevator" id="s1-s1-s1-t6">
<kw library="com.KTOC.TRB.testautomation.Keywords.Keywords" name="Verify Regional Discount Displayed Correctly">
<msg level="INFO" timestamp="20181212 12:16:43.182">Additional Discount Icon CLICKED</msg>
<status endtime="20181212 12:16:43.184" starttime="20181212 12:16:42.255" status="PASS"></status>
</kw>
<kw library="com.KTOC.TRB.testautomation.Keywords.Keywords" name="Verify Target Price Displayed Correctly">
<arguments>
<arg>0</arg>
</arguments>
<msg level="INFO" timestamp="20181212 12:16:44.575">is read_Regionaldiscountoncomponent_Percent VS regionalDiscount equal:false *** / read_Regionaldiscountoncomponent_Percent:4.18 / regionalDiscount:4.0
is final_Regionaldiscountoncomponent VS read_Regionaldiscountoncomponent equal:false *** / final_Regionaldiscountoncomponent:194.55 / read_Regionaldiscountoncomponent:203.19
is final_TargetPrice VS read_TargetPrice equal:false *** / final_TargetPrice:4669.32 / read_TargetPrice:4579.41</msg>
<msg level="INFO" html="yes" timestamp="20181212 12:16:44.576">&lt;a href='C:\Users\con_svijay02\KTOC-TRB-Automation\KTOC_TRB_TestAutomation\Screenshots\12Dec2018_12_16_44PM\SS_12Dec2018_12_16_44PM_VerifyTargetPriceDisplayedCorrectly.png' target='_blank'&gt;&lt;img src='C:\Users\con_svijay02\KTOC-TRB-Automation\KTOC_TRB_TestAutomation\Screenshots\12Dec2018_12_16_44PM\SS_12Dec2018_12_16_44PM_VerifyTargetPriceDisplayedCorrectly.png' style='width:80%; height: auto;'/&gt;&lt;/a&gt;</msg>
<status endtime="20181212 12:16:44.591" starttime="20181212 12:16:43.188" status="PASS"></status>
</kw>
<status critical="yes" endtime="20181212 12:16:44.600" starttime="20181212 12:16:42.250" status="PASS"></status>
</test>
<test name="7.CheckRegionalFactorWhenSalesOfficeIsChanged for Elevator" id="s1-s1-s1-t7">
<kw library="com.KTOC.TRB.testautomation.Keywords.Keywords" name="Goto Configuration Pageand Change The Sales Office">
<msg level="INFO" timestamp="20181212 12:16:47.993">ToConfiguration icon clicked
Project clicked
SalesOffice value VB FRPP Selected
pricing icon Clicked</msg>
<status endtime="20181212 12:16:47.999" starttime="20181212 12:16:44.629" status="PASS"></status>
</kw>
<kw library="com.KTOC.TRB.testautomation.Keywords.Keywords" name="Verify Regional Discount Displayed Correctly">
<msg level="INFO" timestamp="20181212 12:16:49.695">Additional Discount Icon CLICKED</msg>
<status endtime="20181212 12:16:49.697" starttime="20181212 12:16:48.009" status="PASS"></status>
</kw>
<kw library="com.KTOC.TRB.testautomation.Keywords.Keywords" name="Verify Target Price Displayed Correctly">
<arguments>
<arg>0</arg>
</arguments>
<msg level="INFO" timestamp="20181212 12:16:51.122">is read_Regionaldiscountoncomponent_Percent VS regionalDiscount equal:false *** / read_Regionaldiscountoncomponent_Percent:-3.34 / regionalDiscount:-5.0
is final_Regionaldiscountoncomponent VS read_Regionaldiscountoncomponent equal:false *** / final_Regionaldiscountoncomponent:-240.68 / read_Regionaldiscountoncomponent:-160.55
is final_TargetPrice VS read_TargetPrice equal:false *** / final_TargetPrice:5054.32 / read_TargetPrice:4974.19</msg>
<msg level="INFO" html="yes" timestamp="20181212 12:16:51.122">&lt;a href='C:\Users\con_svijay02\KTOC-TRB-Automation\KTOC_TRB_TestAutomation\Screenshots\12Dec2018_12_16_50PM\SS_12Dec2018_12_16_50PM_VerifyTargetPriceDisplayedCorrectly.png' target='_blank'&gt;&lt;img src='C:\Users\con_svijay02\KTOC-TRB-Automation\KTOC_TRB_TestAutomation\Screenshots\12Dec2018_12_16_50PM\SS_12Dec2018_12_16_50PM_VerifyTargetPriceDisplayedCorrectly.png' style='width:80%; height: auto;'/&gt;&lt;/a&gt;</msg>
<status endtime="20181212 12:16:51.133" starttime="20181212 12:16:49.700" status="PASS"></status>
</kw>
<status critical="yes" endtime="20181212 12:16:51.144" starttime="20181212 12:16:44.614" status="PASS"></status>
</test>
<test name="8 &amp; 9 Verify ITEFactorValue and LaborRateValue IsTaken From SalesOffice for Elevator" id="s1-s1-s1-t8">
<kw library="com.KTOC.TRB.testautomation.Keywords.Keywords" name="Goto Configuration Pageand Change The Primary Sales Office">
<arguments>
<arg>france</arg>
<arg>\\TestData\\KTOCTRB_AutomationTestData.xlsx</arg>
</arguments>
<msg level="INFO" timestamp="20181212 12:16:54.324">ToConfiguration icon clicked
Project clicked
SalesOffice value VB FRRW Selected
pricing icon Clicked</msg>
<status endtime="20181212 12:16:54.332" starttime="20181212 12:16:51.177" status="PASS"></status>
</kw>
<kw library="com.KTOC.TRB.testautomation.Keywords.Keywords" name="Validate Detail Breakdown Tab">
<msg level="INFO" timestamp="20181212 12:17:01.607">Detailed breakdown Clicked
ROPES CLICKED
Show TotalCost Calculation Details CLICKED
check_showtotal_ITEfactor:2.00 / showtotal_ITEfactor:2.00
check_showtotal_Referencehours:11.16 / showtotal_Referencehours:11.16
check_showtotal_Labourrate:61.90 / showtotal_Labourrate:61.90
LabourRate:61.90 / showtotal_Labourrate:61.90
*** is_showtotal_ITEfactor: true *** / is_Labourrate: true *** / is_showtotal_Labourrate: true *** / is_showtotal_Referencehours: true ***</msg>
<status endtime="20181212 12:17:01.612" starttime="20181212 12:16:54.343" status="PASS"></status>
</kw>
<kw library="com.KTOC.TRB.testautomation.Keywords.Keywords" name="Goto Configuration Pageand Change The Sales Office">
<msg level="INFO" timestamp="20181212 12:17:04.871">ToConfiguration icon clicked
Project clicked
SalesOffice value VB FRPP Selected
pricing icon Clicked</msg>
<status endtime="20181212 12:17:04.877" starttime="20181212 12:17:01.614" status="PASS"></status>
</kw>
<kw library="com.KTOC.TRB.testautomation.Keywords.Keywords" name="Validate Detail Breakdown Tab">
<msg level="INFO" timestamp="20181212 12:17:21.413">Detailed breakdown Clicked
ROPES CLICKED
Show TotalCost Calculation Details CLICKED
check_showtotal_ITEfactor:2.75 / showtotal_ITEfactor:2.00
check_showtotal_Referencehours:11.16 / showtotal_Referencehours:11.16
check_showtotal_Labourrate:61.00 / showtotal_Labourrate:61.00
LabourRate:61.00 / showtotal_Labourrate:61.00
*** is_showtotal_ITEfactor: false *** / is_Labourrate: true *** / is_showtotal_Labourrate: true *** / is_showtotal_Referencehours: true ***</msg>
<msg level="INFO" html="yes" timestamp="20181212 12:17:21.414">&lt;a href='C:\Users\con_svijay02\KTOC-TRB-Automation\KTOC_TRB_TestAutomation\Screenshots\12Dec2018_12_17_20PM\SS_12Dec2018_12_17_20PM_DetailBreakdownTab.png' target='_blank'&gt;&lt;img src='C:\Users\con_svijay02\KTOC-TRB-Automation\KTOC_TRB_TestAutomation\Screenshots\12Dec2018_12_17_20PM\SS_12Dec2018_12_17_20PM_DetailBreakdownTab.png' style='width:80%; height: auto;'/&gt;&lt;/a&gt;</msg>
<status endtime="20181212 12:17:21.432" starttime="20181212 12:17:04.882" status="PASS"></status>
</kw>
<status critical="yes" endtime="20181212 12:17:21.436" starttime="20181212 12:16:51.163" status="PASS"></status>
</test>
<test name="10.CheckCostAndPriceCalculatedCorrectlyWhenTheTenderCurrencyIsDifferentFromSLCurrency for Elevator" id="s1-s1-s1-t9">
<kw library="com.KTOC.TRB.testautomation.Keywords.Keywords" name="Verify Cost Calculated Successfully">
<msg level="INFO" timestamp="20181212 12:17:21.466">*** Currencies Tab is applicable for Australia alone hence skipping TC#10 ***</msg>
<status endtime="20181212 12:17:21.469" starttime="20181212 12:17:21.454" status="PASS"></status>
</kw>
<kw library="com.KTOC.TRB.testautomation.Keywords.Keywords" name="VerifyPriceCalculatedSuccessfully TobecheckedinFrance">
<msg level="INFO" timestamp="20181212 12:17:21.486">*** Currencies Tab is applicable for Australia alone hence skipping TC#10 ***</msg>
<status endtime="20181212 12:17:21.489" starttime="20181212 12:17:21.480" status="PASS"></status>
</kw>
<status critical="yes" endtime="20181212 12:17:21.495" starttime="20181212 12:17:21.446" status="PASS"></status>
</test>
<test name="11.TestData for Escalator" id="s1-s1-s1-t10">
<kw library="com.KTOC.TRB.testautomation.Keywords.Keywords" name="Read Test Data">
<arguments>
<arg>france</arg>
<arg>\\TestData\\KTOCTRB_AutomationTestData.xlsx</arg>
</arguments>
<status endtime="20181212 12:17:21.665" starttime="20181212 12:17:21.526" status="PASS"></status>
</kw>
<kw library="com.KTOC.TRB.testautomation.Keywords.Keywords" name="Add Multiple Equipments">
<msg level="INFO" timestamp="20181212 12:17:38.058">ToConfiguration icon clicked
scroll UP to Building1 tree
Rightclick performed on Building1
scroll UP to Group Automation_GroupName tree
Rightclick performed on Automation_GroupName GroupName
checkbox clicked
ADD button clicked</msg>
<status endtime="20181212 12:17:38.063" starttime="20181212 12:17:21.683" status="PASS"></status>
</kw>
<status critical="yes" endtime="20181212 12:17:38.065" starttime="20181212 12:17:21.499" status="PASS"></status>
</test>
<test name="12.Verify Tender Created Successfully for Escalator" id="s1-s1-s1-t11">
<kw library="com.KTOC.TRB.testautomation.Keywords.Keywords" name="Add Equipment ID Elevator">
<status endtime="20181212 12:17:38.119" starttime="20181212 12:17:38.074" status="PASS"></status>
</kw>
<kw library="com.KTOC.TRB.testautomation.Keywords.Keywords" name="Check Hand Over Date Is Greater Than Installation Date">
<msg level="INFO" timestamp="20181212 12:17:38.902">Project clicked
Current MS5HO Date: 27/07/2020
MS5HODate Changed to: null</msg>
<status endtime="20181212 12:17:38.905" starttime="20181212 12:17:38.121" status="PASS"></status>
</kw>
<kw library="com.KTOC.TRB.testautomation.Keywords.Keywords" name="Check Sales Officeis Selected">
<msg level="INFO" timestamp="20181212 12:17:39.586">SalesOffice value VB FRRW Selected</msg>
<status endtime="20181212 12:17:39.592" starttime="20181212 12:17:38.908" status="PASS"></status>
</kw>
<kw library="com.KTOC.TRB.testautomation.Keywords.Keywords" name="Additionalfieldsin Project Overviewfor Canada">
<status endtime="20181212 12:17:39.611" starttime="20181212 12:17:39.601" status="PASS"></status>
</kw>
<kw library="com.KTOC.TRB.testautomation.Keywords.Keywords" name="Select Supervisor">
<msg level="INFO" timestamp="20181212 12:17:43.587">CustomerID: A10137873 entered
06114080 selected in Supervisor</msg>
<status endtime="20181212 12:17:43.600" starttime="20181212 12:17:39.620" status="PASS"></status>
</kw>
<kw library="com.KTOC.TRB.testautomation.Keywords.Keywords" name="Select Equipment In Service">
<msg level="INFO" timestamp="20181212 12:17:44.852">EIS Escalator is clicked in Equipment InService</msg>
<status endtime="20181212 12:17:44.856" starttime="20181212 12:17:43.604" status="PASS"></status>
</kw>
<kw library="com.KTOC.TRB.testautomation.Keywords.Keywords" name="Select Template To Be Uploaded">
<msg level="INFO" timestamp="20181212 12:17:48.470">Rightclick performed on Equipment
Open Templates clicked
Automation_Template_forEscalator Entered in search
Shared templates radio button Clicked
Automation_Template_forEscalator Template Clicked</msg>
<status endtime="20181212 12:17:48.473" starttime="20181212 12:17:44.859" status="PASS"></status>
</kw>
<kw library="com.KTOC.TRB.testautomation.Keywords.Keywords" name="Verify Tender Consistency">
<msg level="INFO" timestamp="20181212 12:17:51.693">FAIL: Tender is NOT Consistent, value:url("https://ktoc-ca3.kone.com/camosHTML5Client/cH5C/SMG?i=0191f5aaded042c33180d357113667fbefc81b95&amp;w=16&amp;h=16")
FAIL: Tender is NOT Consistent, value:url("https://ktoc-ca3.kone.com/camosHTML5Client/cH5C/SMG?i=0191f5aaded042c33180d357113667fbefc81b95&amp;w=16&amp;h=16")
FAIL: Tender is NOT Consistent, value:url("https://ktoc-ca3.kone.com/camosHTML5Client/cH5C/SMG?i=0191f5aaded042c33180d357113667fbefc81b95&amp;w=16&amp;h=16")
FAIL: Tender is NOT Consistent, value:url("https://ktoc-ca3.kone.com/camosHTML5Client/cH5C/SMG?i=0191f5aaded042c33180d357113667fbefc81b95&amp;w=16&amp;h=16")
PASS: Tender is Consistent, value:url("https://ktoc-ca3.kone.com/camosHTML5Client/cH5C/SMG?i=cad9a93f6c879df1ed1373d2853634026ff3224f&amp;w=16&amp;h=16")
FAIL: Tender is NOT Consistent, value:url("https://ktoc-ca3.kone.com/camosHTML5Client/cH5C/SMG?i=0191f5aaded042c33180d357113667fbefc81b95&amp;w=16&amp;h=16")
FAIL: Tender is NOT Consistent, value:url("https://ktoc-ca3.kone.com/camosHTML5Client/cH5C/SMG?i=0191f5aaded042c33180d357113667fbefc81b95&amp;w=16&amp;h=16")
PASS: Tender is Consistent, value:url("https://ktoc-ca3.kone.com/camosHTML5Client/cH5C/SMG?i=cad9a93f6c879df1ed1373d2853634026ff3224f&amp;w=16&amp;h=16")
PASS: Tender is Consistent, value:url("https://ktoc-ca3.kone.com/camosHTML5Client/cH5C/SMG?i=cad9a93f6c879df1ed1373d2853634026ff3224f&amp;w=16&amp;h=16")
PASS: Tender is Consistent, value:url("https://ktoc-ca3.kone.com/camosHTML5Client/cH5C/SMG?i=cad9a93f6c879df1ed1373d2853634026ff3224f&amp;w=16&amp;h=16")
PASS: Tender is Consistent, value:url("https://ktoc-ca3.kone.com/camosHTML5Client/cH5C/SMG?i=cad9a93f6c879df1ed1373d2853634026ff3224f&amp;w=16&amp;h=16")
PASS: Tender is Consistent, value:url("https://ktoc-ca3.kone.com/camosHTML5Client/cH5C/SMG?i=cad9a93f6c879df1ed1373d2853634026ff3224f&amp;w=16&amp;h=16")</msg>
<status endtime="20181212 12:17:51.696" starttime="20181212 12:17:48.477" status="PASS"></status>
</kw>
<kw library="com.KTOC.TRB.testautomation.Keywords.Keywords" name="Get Tender Number">
<msg level="INFO" timestamp="20181212 12:17:51.719">Tender # is :T-0002465550</msg>
<status endtime="20181212 12:17:51.721" starttime="20181212 12:17:51.699" status="PASS"></status>
</kw>
<status critical="yes" endtime="20181212 12:17:51.726" starttime="20181212 12:17:38.069" status="PASS"></status>
</test>
<test name="13.Validate TenderPrice and Discount Without FirstMaintenance for Escalator" id="s1-s1-s1-t12">
<kw library="com.KTOC.TRB.testautomation.Keywords.Keywords" name="Pricing Icon Click">
<msg level="INFO" timestamp="20181212 12:17:52.090">pricing icon Clicked</msg>
<status endtime="20181212 12:17:52.092" starttime="20181212 12:17:51.737" status="PASS"></status>
</kw>
<kw library="com.KTOC.TRB.testautomation.Keywords.Keywords" name="Check Tender Price After Discount Update">
<arguments>
<arg>10</arg>
<arg>0</arg>
</arguments>
<msg level="INFO" timestamp="20181212 12:17:56.778">Discount entered as: 10
First maintenance: 0 Clicked</msg>
<status endtime="20181212 12:17:56.783" starttime="20181212 12:17:52.096" status="PASS"></status>
</kw>
<kw library="com.KTOC.TRB.testautomation.Keywords.Keywords" name="Get Target Price">
<msg level="INFO" timestamp="20181212 12:17:57.185">TargetPrice:23849.41
Firstmaintenance:800.0
TenderPrice:21544.47
DiscountFinal:10.00 / Current Discount:10.0
*** is FinalDiscount VS ApplicationDiscount Equal:true ***</msg>
<status endtime="20181212 12:17:57.187" starttime="20181212 12:17:56.795" status="PASS"></status>
</kw>
<kw library="com.KTOC.TRB.testautomation.Keywords.Keywords" name="Verify Discount By Changing The Tender Price">
<arguments>
<arg>1011</arg>
<arg>0</arg>
</arguments>
<msg level="INFO" timestamp="20181212 12:18:01.159">TenderPrice entered as: 1011
First maintenance: 0 Clicked</msg>
<status endtime="20181212 12:18:01.166" starttime="20181212 12:17:57.190" status="PASS"></status>
</kw>
<kw library="com.KTOC.TRB.testautomation.Keywords.Keywords" name="Get Target Price">
<msg level="INFO" timestamp="20181212 12:18:01.454">TargetPrice:23049.41
Firstmaintenance:0.0
TenderPrice:1011.0
DiscountFinal:95.61 / Current Discount:95.61
*** is FinalDiscount VS ApplicationDiscount Equal:true ***</msg>
<status endtime="20181212 12:18:01.456" starttime="20181212 12:18:01.176" status="PASS"></status>
</kw>
<status critical="yes" endtime="20181212 12:18:01.459" starttime="20181212 12:17:51.731" status="PASS"></status>
</test>
<test name="14.Validate TenderPrice and Discount With FirstMaintenance for Escalator" id="s1-s1-s1-t13">
<kw library="com.KTOC.TRB.testautomation.Keywords.Keywords" name="Check Tender Price After Discount Update">
<arguments>
<arg>11</arg>
<arg>3</arg>
</arguments>
<msg level="INFO" timestamp="20181212 12:18:05.871">Discount entered as: 11
First maintenance: 3 Clicked</msg>
<status endtime="20181212 12:18:05.876" starttime="20181212 12:18:01.467" status="PASS"></status>
</kw>
<kw library="com.KTOC.TRB.testautomation.Keywords.Keywords" name="Get Target Price">
<msg level="INFO" timestamp="20181212 12:18:06.259">TargetPrice:23849.41
Firstmaintenance:800.0
Discount:11.0
*** TenderPriceFinal:21313.97 / CurrentTenderPrice:21313.97 ***
is TenderPriceFinal VS ApplicationTenderPrice Equal: true ***</msg>
<status endtime="20181212 12:18:06.260" starttime="20181212 12:18:05.880" status="PASS"></status>
</kw>
<kw library="com.KTOC.TRB.testautomation.Keywords.Keywords" name="Verify Discount By Changing The Tender Price">
<arguments>
<arg>1012</arg>
<arg>3</arg>
</arguments>
<msg level="INFO" timestamp="20181212 12:18:08.623">TenderPrice entered as: 1012
First maintenance: 3 Clicked</msg>
<status endtime="20181212 12:18:08.625" starttime="20181212 12:18:06.263" status="PASS"></status>
</kw>
<kw library="com.KTOC.TRB.testautomation.Keywords.Keywords" name="Get Target Price">
<msg level="INFO" timestamp="20181212 12:18:08.938">TargetPrice:23849.41
Firstmaintenance:800.0
TenderPrice:1012.0
DiscountFinal:99.08 / Current Discount:99.08
*** is FinalDiscount VS ApplicationDiscount Equal:true ***</msg>
<status endtime="20181212 12:18:08.940" starttime="20181212 12:18:08.628" status="PASS"></status>
</kw>
<kw library="com.KTOC.TRB.testautomation.Keywords.Keywords" name="Verify Discount By Changing The Tender Price">
<arguments>
<arg>1013</arg>
<arg>6</arg>
</arguments>
<msg level="INFO" timestamp="20181212 12:18:11.190">TenderPrice entered as: 1013
First maintenance: 6 Clicked</msg>
<status endtime="20181212 12:18:11.192" starttime="20181212 12:18:08.943" status="PASS"></status>
</kw>
<kw library="com.KTOC.TRB.testautomation.Keywords.Keywords" name="Get Target Price">
<msg level="INFO" timestamp="20181212 12:18:11.513">TargetPrice:23849.41
Firstmaintenance:800.0
TenderPrice:1013.0
DiscountFinal:99.08 / Current Discount:99.08
*** is FinalDiscount VS ApplicationDiscount Equal:true ***</msg>
<status endtime="20181212 12:18:11.515" starttime="20181212 12:18:11.194" status="PASS"></status>
</kw>
<status critical="yes" endtime="20181212 12:18:11.517" starttime="20181212 12:18:01.463" status="PASS"></status>
</test>
<test name="15.CheckRegionalFactorAtSalesOfficeLevel for Escalator" id="s1-s1-s1-t14">
<kw library="com.KTOC.TRB.testautomation.Keywords.Keywords" name="Verify Regional Discount Displayed Correctly">
<msg level="INFO" timestamp="20181212 12:18:12.735">Additional Discount Icon CLICKED</msg>
<status endtime="20181212 12:18:12.737" starttime="20181212 12:18:11.523" status="PASS"></status>
</kw>
<kw library="com.KTOC.TRB.testautomation.Keywords.Keywords" name="Verify Target Price Displayed Correctly">
<arguments>
<arg>0</arg>
</arguments>
<msg level="INFO" timestamp="20181212 12:18:13.997">is read_Regionaldiscountoncomponent_Percent VS regionalDiscount equal:false *** / read_Regionaldiscountoncomponent_Percent:3.91 / regionalDiscount:4.0
is final_Regionaldiscountoncomponent VS read_Regionaldiscountoncomponent equal:false *** / final_Regionaldiscountoncomponent:1046.55 / read_Regionaldiscountoncomponent:1023.19
is final_TargetPrice VS read_TargetPrice equal:false *** / final_TargetPrice:25117.32 / read_TargetPrice:24649.41</msg>
<msg level="INFO" html="yes" timestamp="20181212 12:18:13.997">&lt;a href='C:\Users\con_svijay02\KTOC-TRB-Automation\KTOC_TRB_TestAutomation\Screenshots\12Dec2018_12_18_13PM\SS_12Dec2018_12_18_13PM_VerifyTargetPriceDisplayedCorrectly.png' target='_blank'&gt;&lt;img src='C:\Users\con_svijay02\KTOC-TRB-Automation\KTOC_TRB_TestAutomation\Screenshots\12Dec2018_12_18_13PM\SS_12Dec2018_12_18_13PM_VerifyTargetPriceDisplayedCorrectly.png' style='width:80%; height: auto;'/&gt;&lt;/a&gt;</msg>
<status endtime="20181212 12:18:14.015" starttime="20181212 12:18:12.740" status="PASS"></status>
</kw>
<status critical="yes" endtime="20181212 12:18:14.028" starttime="20181212 12:18:11.520" status="PASS"></status>
</test>
<test name="16.CheckRegionalFactorWhenSalesOfficeIsChanged for Escalator" id="s1-s1-s1-t15">
<kw library="com.KTOC.TRB.testautomation.Keywords.Keywords" name="Goto Configuration Pageand Change The Sales Office">
<msg level="INFO" timestamp="20181212 12:18:18.732">ToConfiguration icon clicked
Project clicked
SalesOffice value VB FRPP Selected
pricing icon Clicked</msg>
<status endtime="20181212 12:18:18.738" starttime="20181212 12:18:14.046" status="PASS"></status>
</kw>
<kw library="com.KTOC.TRB.testautomation.Keywords.Keywords" name="Verify Regional Discount Displayed Correctly">
<msg level="INFO" timestamp="20181212 12:18:21.666">Additional Discount Icon CLICKED</msg>
<status endtime="20181212 12:18:21.669" starttime="20181212 12:18:18.746" status="PASS"></status>
</kw>
<kw library="com.KTOC.TRB.testautomation.Keywords.Keywords" name="Verify Target Price Displayed Correctly">
<arguments>
<arg>0</arg>
</arguments>
<msg level="INFO" timestamp="20181212 12:18:23.059">is read_Regionaldiscountoncomponent_Percent VS regionalDiscount equal:false *** / read_Regionaldiscountoncomponent_Percent:-4.54 / regionalDiscount:-5.0
is final_Regionaldiscountoncomponent VS read_Regionaldiscountoncomponent equal:false *** / final_Regionaldiscountoncomponent:-1305.68 / read_Regionaldiscountoncomponent:-1185.55
is final_TargetPrice VS read_TargetPrice equal:false *** / final_TargetPrice:27419.32 / read_TargetPrice:27299.19</msg>
<msg level="INFO" html="yes" timestamp="20181212 12:18:23.059">&lt;a href='C:\Users\con_svijay02\KTOC-TRB-Automation\KTOC_TRB_TestAutomation\Screenshots\12Dec2018_12_18_22PM\SS_12Dec2018_12_18_22PM_VerifyTargetPriceDisplayedCorrectly.png' target='_blank'&gt;&lt;img src='C:\Users\con_svijay02\KTOC-TRB-Automation\KTOC_TRB_TestAutomation\Screenshots\12Dec2018_12_18_22PM\SS_12Dec2018_12_18_22PM_VerifyTargetPriceDisplayedCorrectly.png' style='width:80%; height: auto;'/&gt;&lt;/a&gt;</msg>
<status endtime="20181212 12:18:23.068" starttime="20181212 12:18:21.676" status="PASS"></status>
</kw>
<status critical="yes" endtime="20181212 12:18:23.074" starttime="20181212 12:18:14.039" status="PASS"></status>
</test>
<test name="8 &amp; 9 Verify ITEFactorValue and LaborRateValue IsTaken From SalesOffice for Escalator" id="s1-s1-s1-t16">
<kw library="com.KTOC.TRB.testautomation.Keywords.Keywords" name="Goto Configuration Pageand Change The Primary Sales Office">
<arguments>
<arg>france</arg>
<arg>\\TestData\\KTOCTRB_AutomationTestData.xlsx</arg>
</arguments>
<msg level="INFO" timestamp="20181212 12:18:27.203">ToConfiguration icon clicked
Project clicked
SalesOffice value VB FRRW Selected
pricing icon Clicked</msg>
<status endtime="20181212 12:18:27.210" starttime="20181212 12:18:23.093" status="PASS"></status>
</kw>
<kw library="com.KTOC.TRB.testautomation.Keywords.Keywords" name="Validate Detail Breakdown Tab">
<msg level="INFO" timestamp="20181212 12:18:35.465">Detailed breakdown Clicked
ROPES CLICKED
Show TotalCost Calculation Details CLICKED
check_showtotal_ITEfactor:2.00 / showtotal_ITEfactor:2.00
check_showtotal_Referencehours:78.00 / showtotal_Referencehours:78.00
check_showtotal_Labourrate:56.00 / showtotal_Labourrate:56.00
LabourRate:61.90 / showtotal_Labourrate:56.00
*** is_showtotal_ITEfactor: true *** / is_Labourrate: false *** / is_showtotal_Labourrate: true *** / is_showtotal_Referencehours: true ***</msg>
<status endtime="20181212 12:18:35.469" starttime="20181212 12:18:27.226" status="PASS"></status>
</kw>
<kw library="com.KTOC.TRB.testautomation.Keywords.Keywords" name="Goto Configuration Pageand Change The Sales Office">
<msg level="INFO" timestamp="20181212 12:18:38.731">ToConfiguration icon clicked
Project clicked
SalesOffice value VB FRPP Selected
pricing icon Clicked</msg>
<status endtime="20181212 12:18:38.736" starttime="20181212 12:18:35.471" status="PASS"></status>
</kw>
<kw library="com.KTOC.TRB.testautomation.Keywords.Keywords" name="Validate Detail Breakdown Tab">
<msg level="INFO" timestamp="20181212 12:18:50.501">Detailed breakdown Clicked
ROPES CLICKED
Show TotalCost Calculation Details CLICKED
check_showtotal_ITEfactor:2.75 / showtotal_ITEfactor:2.75
check_showtotal_Referencehours:78.00 / showtotal_Referencehours:78.00
check_showtotal_Labourrate:60.00 / showtotal_Labourrate:60.00
LabourRate:61.00 / showtotal_Labourrate:60.00
*** is_showtotal_ITEfactor: true *** / is_Labourrate: false *** / is_showtotal_Labourrate: true *** / is_showtotal_Referencehours: true ***</msg>
<status endtime="20181212 12:18:50.504" starttime="20181212 12:18:38.746" status="PASS"></status>
</kw>
<status critical="yes" endtime="20181212 12:18:50.507" starttime="20181212 12:18:23.085" status="PASS"></status>
</test>
<test name="18.CheckCostAndPriceCalculatedCorrectlyWhenTheTenderCurrencyIsDifferentFromSLCurrency for Escalator" id="s1-s1-s1-t17">
<kw library="com.KTOC.TRB.testautomation.Keywords.Keywords" name="Verify Cost Calculated Successfully">
<msg level="INFO" timestamp="20181212 12:18:50.519">*** Currencies Tab is applicable for Australia alone hence skipping TC#10 ***</msg>
<status endtime="20181212 12:18:50.521" starttime="20181212 12:18:50.515" status="PASS"></status>
</kw>
<kw library="com.KTOC.TRB.testautomation.Keywords.Keywords" name="VerifyPriceCalculatedSuccessfully TobecheckedinFrance">
<msg level="INFO" timestamp="20181212 12:18:50.527">*** Currencies Tab is applicable for Australia alone hence skipping TC#10 ***</msg>
<status endtime="20181212 12:18:50.528" starttime="20181212 12:18:50.524" status="PASS"></status>
</kw>
<status critical="yes" endtime="20181212 12:18:50.531" starttime="20181212 12:18:50.511" status="PASS"></status>
</test>
<test name="19.Check TenderLetter Is generated Correctly With All The components for Escalator" id="s1-s1-s1-t18">
<kw library="com.KTOC.TRB.testautomation.Keywords.Keywords" name="Go To Documents Taband Click The Tender">
<msg level="INFO" timestamp="20181212 12:18:58.981">ToWord icon clicked</msg>
<status endtime="20181212 12:18:58.983" starttime="20181212 12:18:50.539" status="PASS"></status>
</kw>
<kw library="com.KTOC.TRB.testautomation.Keywords.Keywords" name="Verify Successful Message Displayed">
<msg level="INFO" timestamp="20181212 12:19:02.428">Create PrintOut icon clicked
Yes clicked in Do you want to freeze printed version?</msg>
<status endtime="20181212 12:19:02.432" starttime="20181212 12:18:58.986" status="PASS"></status>
</kw>
<status critical="yes" endtime="20181212 12:19:02.437" starttime="20181212 12:18:50.535" status="PASS"></status>
</test>
<test name="20.Close KTOC" id="s1-s1-s1-t19">
<kw library="com.KTOC.TRB.testautomation.Keywords.Keywords" name="Click Saveand Close Button">
<msg level="INFO" timestamp="20181212 12:19:13.836">Automation Test Description entered in Description field in stage / Probability window
OK clicked in SalesForce.com update failed! Pop-up
Close icon CLICKED</msg>
<status endtime="20181212 12:19:13.846" starttime="20181212 12:19:02.453" status="PASS"></status>
</kw>
<status critical="yes" endtime="20181212 12:19:13.849" starttime="20181212 12:19:02.447" status="PASS"></status>
</test>
<test name="21.Verify Total SalesPrice With SF Product Information" id="s1-s1-s1-t20">
<kw library="com.KTOC.TRB.testautomation.Keywords.Keywords" name="Compare Sales Pricebetween Tender Pageand Salesforce">
<msg level="INFO" timestamp="20181212 12:19:31.418">allTender Price:2018.0 / Final_SalesPrice:null
is TRB allTenderPrice VS Salesforce TenderPrice equal:false ***</msg>
<msg level="INFO" html="yes" timestamp="20181212 12:19:31.420">&lt;a href='C:\Users\con_svijay02\KTOC-TRB-Automation\KTOC_TRB_TestAutomation\Screenshots\12Dec2018_12_19_28PM\SS_12Dec2018_12_19_28PM_TenderPrice not equal in compareSalesPricebetweenTenderPageandSalesforce for MultipleEquipment.png' target='_blank'&gt;&lt;img src='C:\Users\con_svijay02\KTOC-TRB-Automation\KTOC_TRB_TestAutomation\Screenshots\12Dec2018_12_19_28PM\SS_12Dec2018_12_19_28PM_TenderPrice not equal in compareSalesPricebetweenTenderPageandSalesforce for MultipleEquipment.png' style='width:80%; height: auto;'/&gt;&lt;/a&gt;
Configurator Clicked
secondFrame:clientTarget/framesize:1
NO clicked in New Version is available for this product</msg>
<status endtime="20181212 12:19:31.430" starttime="20181212 12:19:13.862" status="PASS"></status>
</kw>
<kw library="com.KTOC.TRB.testautomation.Keywords.Keywords" name="Hand Shake">
<msg level="INFO" timestamp="20181212 12:19:36.476">FAIL: Tender is NOT Consistent, value:url("https://ktoc-ca3.kone.com/camosHTML5Client/cH5C/SMG?i=0191f5aaded042c33180d357113667fbefc81b95&amp;w=16&amp;h=16")
FAIL: Tender is NOT Consistent, value:url("https://ktoc-ca3.kone.com/camosHTML5Client/cH5C/SMG?i=0191f5aaded042c33180d357113667fbefc81b95&amp;w=16&amp;h=16")
FAIL: Tender is NOT Consistent, value:url("https://ktoc-ca3.kone.com/camosHTML5Client/cH5C/SMG?i=0191f5aaded042c33180d357113667fbefc81b95&amp;w=16&amp;h=16")
FAIL: Tender is NOT Consistent, value:url("https://ktoc-ca3.kone.com/camosHTML5Client/cH5C/SMG?i=0191f5aaded042c33180d357113667fbefc81b95&amp;w=16&amp;h=16")
PASS: Tender is Consistent, value:url("https://ktoc-ca3.kone.com/camosHTML5Client/cH5C/SMG?i=cad9a93f6c879df1ed1373d2853634026ff3224f&amp;w=16&amp;h=16")
FAIL: Tender is NOT Consistent, value:url("https://ktoc-ca3.kone.com/camosHTML5Client/cH5C/SMG?i=0191f5aaded042c33180d357113667fbefc81b95&amp;w=16&amp;h=16")
FAIL: Tender is NOT Consistent, value:url("https://ktoc-ca3.kone.com/camosHTML5Client/cH5C/SMG?i=0191f5aaded042c33180d357113667fbefc81b95&amp;w=16&amp;h=16")
FAIL: Tender is NOT Consistent, value:url("https://ktoc-ca3.kone.com/camosHTML5Client/cH5C/SMG?i=0191f5aaded042c33180d357113667fbefc81b95&amp;w=16&amp;h=16")
FAIL: Tender is NOT Consistent, value:url("https://ktoc-ca3.kone.com/camosHTML5Client/cH5C/SMG?i=0191f5aaded042c33180d357113667fbefc81b95&amp;w=16&amp;h=16")
PASS: Tender is Consistent, value:url("https://ktoc-ca3.kone.com/camosHTML5Client/cH5C/SMG?i=cad9a93f6c879df1ed1373d2853634026ff3224f&amp;w=16&amp;h=16")
FAIL: Tender is NOT Consistent, value:url("https://ktoc-ca3.kone.com/camosHTML5Client/cH5C/SMG?i=0191f5aaded042c33180d357113667fbefc81b95&amp;w=16&amp;h=16")
FAIL: Tender is NOT Consistent, value:url("https://ktoc-ca3.kone.com/camosHTML5Client/cH5C/SMG?i=0191f5aaded042c33180d357113667fbefc81b95&amp;w=16&amp;h=16")
isHandShakeiconisEnabled:true HandShakeicon CLICKED</msg>
<status endtime="20181212 12:19:36.482" starttime="20181212 12:19:31.440" status="PASS"></status>
</kw>
<status critical="yes" endtime="20181212 12:19:36.488" starttime="20181212 12:19:13.853" status="PASS"></status>
</test>
<status endtime="20181212 12:19:36.527" starttime="20181212 12:15:05.254" status="FAIL"></status>
</suite>
<status endtime="20181212 12:19:36.682" starttime="20181212 12:15:05.221" status="FAIL"></status>
</suite>
<status endtime="20181212 12:19:36.804" starttime="20181212 12:15:04.904" status="FAIL"></status>
</suite>
<statistics>
<total>
<stat pass="19" fail="1">Critical Tests</stat>
<stat pass="19" fail="1">All Tests</stat>
</total>
<tag>
</tag>
<suite>
<stat pass="19" fail="1" name="KTOC TRB TestAutomation" id="s1">KTOC TRB TestAutomation</stat>
<stat pass="19" fail="1" name="TestSuites" id="s1-s1">KTOC TRB TestAutomation.TestSuites</stat>
<stat pass="19" fail="1" name="RegressionKTOC TRB France MultipleEquipment" id="s1-s1-s1">KTOC TRB TestAutomation.TestSuites.RegressionKTOC TRB France MultipleEquipment</stat>
</suite>
</statistics>
<errors>
</errors>
</robot>
