<?xml version="1.0" encoding="UTF-8"?>
<robot generator="Robot 3.0.4 (Jython 2.7.0 on java1.8.0_181)" generated="20190307 14:52:37.672">
<suite source="C:\Users\con_svijay02\KTOC-TRB-Automation\KTOC_TRB_TestAutomation" name="KTOC TRB TestAutomation" id="s1">
<suite source="C:\Users\con_svijay02\KTOC-TRB-Automation\KTOC_TRB_TestAutomation\TestSuites" name="TestSuites" id="s1-s1">
<suite source="C:\Users\con_svijay02\KTOC-TRB-Automation\KTOC_TRB_TestAutomation\TestSuites\RegressionKTOC_TRB_France.robot" name="RegressionKTOC TRB France" id="s1-s1-s1">
<kw type="setup" library="com.KTOC.TRB.testautomation.Keywords.Keywords" name="Launch Browser">
<arguments>
<arg>france</arg>
<arg>\\TestData\\KTOCTRB_AutomationTestData.xlsx</arg>
</arguments>
<msg level="INFO" timestamp="20190307 14:52:52.476">1551950562711	mozrunner::runner	INFO	Running command: "C:\\Program Files\\Mozilla Firefox\\firefox.exe" "-marionette" "-foreground" "-no-remote" "-profile" "C:\\Users\\CON_SV~1\\AppData\\Local\\Temp\\rust_mozprofile.dKXQoBxAjJwx"
1551950565718	Marionette	INFO	Listening on port 53492
1551950565963	Marionette	WARN	TLS certificate errors will be ignored for this session
Mar 07, 2019 2:52:46 PM org.openqa.selenium.remote.ProtocolHandshake createSession
INFO: Detected dialect: W3C</msg>
<status endtime="20190307 14:52:52.508" starttime="20190307 14:52:39.494" status="PASS"></status>
</kw>
<test name="1.Logon To Salesforce" id="s1-s1-s1-t1">
<kw library="com.KTOC.TRB.testautomation.Keywords.Keywords" name="Loginto Salesforce">
<status endtime="20190307 14:52:58.130" starttime="20190307 14:52:52.553" status="PASS"></status>
</kw>
<status critical="yes" endtime="20190307 14:52:58.142" starttime="20190307 14:52:52.534" status="PASS"></status>
</test>
<test name="2.Verify Creating Opportunity and Mapping It With FLTender" id="s1-s1-s1-t2">
<kw library="com.KTOC.TRB.testautomation.Keywords.Keywords" name="Create Opportunity OR Search Opportunity">
<msg level="INFO" timestamp="20190307 14:53:35.100">Opportunity Name:AUTOMATION TRB SFA entered in Search box
AUTOMATION TRB SFA has been clicked</msg>
<status endtime="20190307 14:53:35.110" starttime="20190307 14:52:58.165" status="PASS"></status>
</kw>
<status critical="yes" endtime="20190307 14:53:35.133" starttime="20190307 14:52:58.155" status="PASS"></status>
</test>
<test name="3.Verify Tender Created Successfully for Elevator" id="s1-s1-s1-t3">
<kw library="com.KTOC.TRB.testautomation.Keywords.Keywords" name="Navigateto KTOCTRB">
<msg level="INFO" timestamp="20190307 14:53:51.017">Release 1723 is Selected
Clicked on OK button</msg>
<status endtime="20190307 14:53:51.022" starttime="20190307 14:53:35.200" status="PASS"></status>
</kw>
<kw library="com.KTOC.TRB.testautomation.Keywords.Keywords" name="Add Equipment ID Elevator">
<msg level="INFO" timestamp="20190307 14:54:10.960">10503512 EquipmentID entered
Equipment loader clicked
checkbox clicked
Change button clicked</msg>
<status endtime="20190307 14:54:10.976" starttime="20190307 14:53:51.029" status="PASS"></status>
</kw>
<kw library="com.KTOC.TRB.testautomation.Keywords.Keywords" name="Check Hand Over Date Is Greater Than Installation Date">
<msg level="INFO" timestamp="20190307 14:54:13.723">Project clicked
MS5HODatetoChange:04/26/2020
Current MS5HO Date: 2/26/2020
MS5HODate Changed to: 04/26/2020</msg>
<status endtime="20190307 14:54:13.732" starttime="20190307 14:54:10.985" status="PASS"></status>
</kw>
<kw library="com.KTOC.TRB.testautomation.Keywords.Keywords" name="Check Sales Officeis Selected">
<msg level="INFO" timestamp="20190307 14:54:15.431">SalesOffice value VB FRRW Selected</msg>
<status endtime="20190307 14:54:15.445" starttime="20190307 14:54:13.738" status="PASS"></status>
</kw>
<kw library="com.KTOC.TRB.testautomation.Keywords.Keywords" name="Additionalfieldsin Project Overviewfor Canada">
<status endtime="20190307 14:54:15.465" starttime="20190307 14:54:15.458" status="PASS"></status>
</kw>
<kw library="com.KTOC.TRB.testautomation.Keywords.Keywords" name="Select Supervisor">
<msg level="INFO" timestamp="20190307 14:54:17.461">06114080 selected in Supervisor</msg>
<status endtime="20190307 14:54:17.466" starttime="20190307 14:54:15.469" status="PASS"></status>
</kw>
<kw library="com.KTOC.TRB.testautomation.Keywords.Keywords" name="Select Equipment In Service">
<msg level="INFO" timestamp="20190307 14:54:20.221">LIS Elevator is clicked in Equipment InService
HydraulicElevCheck clicked</msg>
<status endtime="20190307 14:54:20.233" starttime="20190307 14:54:17.476" status="PASS"></status>
</kw>
<kw library="com.KTOC.TRB.testautomation.Keywords.Keywords" name="Select Template To Be Uploaded">
<msg level="INFO" timestamp="20190307 14:54:24.298">Rightclick performed on Equipment
Open Templates clicked
AutomationSFA Entered in search
Shared templates radio button Clicked
AutomationSFA Template Clicked</msg>
<status endtime="20190307 14:54:24.305" starttime="20190307 14:54:20.249" status="PASS"></status>
</kw>
<kw library="com.KTOC.TRB.testautomation.Keywords.Keywords" name="Verify Tender Consistency">
<msg level="INFO" timestamp="20190307 14:54:31.065">PASS: Tender is Consistent, value:url("https://ktoc-ca3.kone.com/camosHTML5Client/cH5C/SMG?i=cad9a93f6c879df1ed1373d2853634026ff3224f&amp;w=16&amp;h=16")
PASS: Tender is Consistent, value:url("https://ktoc-ca3.kone.com/camosHTML5Client/cH5C/SMG?i=cad9a93f6c879df1ed1373d2853634026ff3224f&amp;w=16&amp;h=16")
PASS: Tender is Consistent, value:url("https://ktoc-ca3.kone.com/camosHTML5Client/cH5C/SMG?i=cad9a93f6c879df1ed1373d2853634026ff3224f&amp;w=16&amp;h=16")
PASS: Tender is Consistent, value:url("https://ktoc-ca3.kone.com/camosHTML5Client/cH5C/SMG?i=cad9a93f6c879df1ed1373d2853634026ff3224f&amp;w=16&amp;h=16")
PASS: Tender is Consistent, value:url("https://ktoc-ca3.kone.com/camosHTML5Client/cH5C/SMG?i=cad9a93f6c879df1ed1373d2853634026ff3224f&amp;w=16&amp;h=16")
PASS: Tender is Consistent, value:url("https://ktoc-ca3.kone.com/camosHTML5Client/cH5C/SMG?i=cad9a93f6c879df1ed1373d2853634026ff3224f&amp;w=16&amp;h=16")
PASS: Tender is Consistent, value:url("https://ktoc-ca3.kone.com/camosHTML5Client/cH5C/SMG?i=cad9a93f6c879df1ed1373d2853634026ff3224f&amp;w=16&amp;h=16")</msg>
<status endtime="20190307 14:54:31.071" starttime="20190307 14:54:24.314" status="PASS"></status>
</kw>
<kw library="com.KTOC.TRB.testautomation.Keywords.Keywords" name="Get Tender Number">
<msg level="INFO" timestamp="20190307 14:54:31.099">Tender # is :T-0002463623</msg>
<status endtime="20190307 14:54:31.102" starttime="20190307 14:54:31.074" status="PASS"></status>
</kw>
<status critical="yes" endtime="20190307 14:54:31.106" starttime="20190307 14:53:35.186" status="PASS"></status>
</test>
<test name="4.Validate TenderPrice Without FirstMaintenance for Elevator" id="s1-s1-s1-t4">
<kw library="com.KTOC.TRB.testautomation.Keywords.Keywords" name="Pricing Icon Click">
<msg level="INFO" timestamp="20190307 14:54:31.443">pricing icon Clicked</msg>
<status endtime="20190307 14:54:31.450" starttime="20190307 14:54:31.116" status="PASS"></status>
</kw>
<kw library="com.KTOC.TRB.testautomation.Keywords.Keywords" name="Check Tender Price After Discount Update">
<arguments>
<arg>5</arg>
<arg>0</arg>
</arguments>
<msg level="INFO" timestamp="20190307 14:54:35.715">Discount entered as: 5
First maintenance: 0 Clicked</msg>
<status endtime="20190307 14:54:35.718" starttime="20190307 14:54:31.460" status="PASS"></status>
</kw>
<status critical="yes" endtime="20190307 14:54:35.722" starttime="20190307 14:54:31.112" status="PASS"></status>
</test>
<test name="5.Check TenderPrice Without FirstMaintenance for Elevator" id="s1-s1-s1-t5">
<kw library="com.KTOC.TRB.testautomation.Keywords.Keywords" name="Get Target Price">
<msg level="INFO" timestamp="20190307 14:54:36.413">TargetPrice:3098.71
Firstmaintenance:0.0
Discount:5.0
*** TenderPriceFinal:2943.77 / CurrentTenderPrice:2943.77 ***
*** null Added in TenderPrice hence TenderPriceFinal VS TenderPrice shown in Application is: true ***</msg>
<status endtime="20190307 14:54:36.417" starttime="20190307 14:54:35.734" status="PASS"></status>
</kw>
<status critical="yes" endtime="20190307 14:54:36.424" starttime="20190307 14:54:35.729" status="PASS"></status>
</test>
<test name="6.Validate Discount Without FirstMaintenance for Elevator" id="s1-s1-s1-t6">
<kw library="com.KTOC.TRB.testautomation.Keywords.Keywords" name="Verify Discount By Changing The Tender Price">
<arguments>
<arg>2900</arg>
<arg>0</arg>
</arguments>
<msg level="INFO" timestamp="20190307 14:54:39.005">TenderPrice entered as: 2900
First maintenance: 0 Clicked</msg>
<status endtime="20190307 14:54:39.009" starttime="20190307 14:54:36.435" status="PASS"></status>
</kw>
<status critical="yes" endtime="20190307 14:54:39.014" starttime="20190307 14:54:36.429" status="PASS"></status>
</test>
<test name="7.Check Discount Without FirstMaintenance for Elevator" id="s1-s1-s1-t7">
<kw library="com.KTOC.TRB.testautomation.Keywords.Keywords" name="Get Target Price">
<msg level="INFO" timestamp="20190307 14:54:39.710">TargetPrice:3098.71
Firstmaintenance:0.0
TenderPrice:2900.0
DiscountFinal:6.41 / Discount shown in Application:6.41
*** null Added in CalculatedDiscountFinal hence DiscountFinal VS Discount shown in Application is: true ***</msg>
<status endtime="20190307 14:54:39.713" starttime="20190307 14:54:39.026" status="PASS"></status>
</kw>
<status critical="yes" endtime="20190307 14:54:39.716" starttime="20190307 14:54:39.021" status="PASS"></status>
</test>
<test name="8.Validate TenderPrice With FirstMaintenance for Elevator" id="s1-s1-s1-t8">
<kw library="com.KTOC.TRB.testautomation.Keywords.Keywords" name="Check Tender Price After Discount Update">
<arguments>
<arg>7</arg>
<arg>3</arg>
</arguments>
<msg level="INFO" timestamp="20190307 14:54:42.615">Discount entered as: 7
First maintenance: 3 Clicked</msg>
<status endtime="20190307 14:54:42.618" starttime="20190307 14:54:39.724" status="PASS"></status>
</kw>
<status critical="yes" endtime="20190307 14:54:42.622" starttime="20190307 14:54:39.720" status="PASS"></status>
</test>
<test name="9.Check TenderPrice With FirstMaintenance for Elevator" id="s1-s1-s1-t9">
<kw library="com.KTOC.TRB.testautomation.Keywords.Keywords" name="Get Target Price">
<msg level="INFO" timestamp="20190307 14:54:43.483">TargetPrice:3498.71
Firstmaintenance:400.0
Discount:7.0
*** TenderPriceFinal:3281.80 / CurrentTenderPrice:3281.8 ***
*** null Added in TenderPrice hence TenderPriceFinal VS TenderPrice shown in Application is: true ***</msg>
<status endtime="20190307 14:54:43.488" starttime="20190307 14:54:42.633" status="PASS"></status>
</kw>
<status critical="yes" endtime="20190307 14:54:43.491" starttime="20190307 14:54:42.627" status="PASS"></status>
</test>
<test name="10.Validate Discount With FirstMaintenance for Elevator" id="s1-s1-s1-t10">
<kw library="com.KTOC.TRB.testautomation.Keywords.Keywords" name="Verify Discount By Changing The Tender Price">
<arguments>
<arg>3200</arg>
<arg>6</arg>
</arguments>
<msg level="INFO" timestamp="20190307 14:54:46.399">TenderPrice entered as: 3200
First maintenance: 6 Clicked</msg>
<status endtime="20190307 14:54:46.401" starttime="20190307 14:54:43.502" status="PASS"></status>
</kw>
<status critical="yes" endtime="20190307 14:54:46.404" starttime="20190307 14:54:43.496" status="PASS"></status>
</test>
<test name="11.Check Discount With FirstMaintenance for Elevator" id="s1-s1-s1-t11">
<kw library="com.KTOC.TRB.testautomation.Keywords.Keywords" name="Get Target Price">
<msg level="INFO" timestamp="20190307 14:54:47.531">TargetPrice:3898.71
Firstmaintenance:800.0
TenderPrice:3600.0
DiscountFinal:9.64 / Discount shown in Application:9.64
*** null Added in CalculatedDiscountFinal hence DiscountFinal VS Discount shown in Application is: true ***</msg>
<status endtime="20190307 14:54:47.534" starttime="20190307 14:54:46.414" status="PASS"></status>
</kw>
<status critical="yes" endtime="20190307 14:54:47.537" starttime="20190307 14:54:46.409" status="PASS"></status>
</test>
<test name="12.Change and Validate Discount With FirstMaintenance for Elevator" id="s1-s1-s1-t12">
<kw library="com.KTOC.TRB.testautomation.Keywords.Keywords" name="Verify Discount By Changing The Tender Price">
<arguments>
<arg>3800</arg>
<arg>3</arg>
</arguments>
<msg level="INFO" timestamp="20190307 14:54:50.142">TenderPrice entered as: 3800
First maintenance: 3 Clicked</msg>
<status endtime="20190307 14:54:50.147" starttime="20190307 14:54:47.545" status="PASS"></status>
</kw>
<status critical="yes" endtime="20190307 14:54:50.150" starttime="20190307 14:54:47.541" status="PASS"></status>
</test>
<test name="13.Check Changed Discount With FirstMaintenance for Elevator" id="s1-s1-s1-t13">
<kw library="com.KTOC.TRB.testautomation.Keywords.Keywords" name="Get Target Price">
<msg level="INFO" timestamp="20190307 14:54:51.489">TargetPrice:3498.71
Firstmaintenance:400.0
TenderPrice:3400.0
DiscountFinal:3.19 / Discount shown in Application:3.19
*** null Added in CalculatedDiscountFinal hence DiscountFinal VS Discount shown in Application is: true ***</msg>
<status endtime="20190307 14:54:51.492" starttime="20190307 14:54:50.159" status="PASS"></status>
</kw>
<status critical="yes" endtime="20190307 14:54:51.495" starttime="20190307 14:54:50.155" status="PASS"></status>
</test>
<test name="14.Check Regional Factor At SalesOffice Level for Elevator" id="s1-s1-s1-t14">
<kw library="com.KTOC.TRB.testautomation.Keywords.Keywords" name="Verify Regional Discount Displayed Correctly">
<msg level="INFO" timestamp="20190307 14:54:52.550">Additional Discount Icon CLICKED</msg>
<status endtime="20190307 14:54:52.552" starttime="20190307 14:54:51.504" status="PASS"></status>
</kw>
<kw library="com.KTOC.TRB.testautomation.Keywords.Keywords" name="Verify Target Price Displayed Correctly">
<msg level="INFO" timestamp="20190307 14:55:00.584">Ropes_calculatedRegionaldiscountoncomponent =.00 / read_Regionaldiscountoncomponent =.00
*** is calculated_Regionaldiscountoncomponent vs read_Regionaldiscountoncomponent equal: true
read_Ropes_Regional discount on component (%)=0.0 / testdata_regionalDiscount:0.0
***is read_Ropes_Regional discount on component (%) VS testdata_regionalDiscount equal:true
Solution 2_calculated_Regionaldiscountoncomponent % =.00 / read_Solution 2_Regional discount on component (%)=0.0
*** is calculated_Regionaldiscountoncomponent % vs read_Regionaldiscountoncomponent % equal = true
Solution 2_Sales Office Multiplier =.00
Solution 2_calculated_TargetPrice =3498.71 / read_Solution 2_Target Price=3498.71
*** null Added in calculated_TargetPrice hence calculated_TargetPrice VS read_TargetPrice shown in Application is: true</msg>
<status endtime="20190307 14:55:00.591" starttime="20190307 14:54:52.556" status="PASS"></status>
</kw>
<status critical="yes" endtime="20190307 14:55:00.596" starttime="20190307 14:54:51.500" status="PASS"></status>
</test>
<test name="15.Check Regional Factor When SalesOffice Is Changed for Elevator" id="s1-s1-s1-t15">
<kw library="com.KTOC.TRB.testautomation.Keywords.Keywords" name="Goto Configuration Pageand Change The Sales Office">
<msg level="INFO" timestamp="20190307 14:55:04.740">ToConfiguration icon clicked
Project clicked
SalesOffice value VB FRPP Selected
pricing icon Clicked</msg>
<status endtime="20190307 14:55:04.747" starttime="20190307 14:55:00.611" status="PASS"></status>
</kw>
<kw library="com.KTOC.TRB.testautomation.Keywords.Keywords" name="Verify Regional Discount Displayed Correctly">
<msg level="INFO" timestamp="20190307 14:55:09.410">Additional Discount Icon CLICKED</msg>
<status endtime="20190307 14:55:09.415" starttime="20190307 14:55:04.755" status="PASS"></status>
</kw>
<kw library="com.KTOC.TRB.testautomation.Keywords.Keywords" name="Verify Target Price Displayed Correctly">
<msg level="INFO" timestamp="20190307 14:55:17.855">Ropes_calculatedRegionaldiscountoncomponent =.00 / read_Regionaldiscountoncomponent =.00
*** is calculated_Regionaldiscountoncomponent vs read_Regionaldiscountoncomponent equal: true
read_Ropes_Regional discount on component (%)=0.0 / testdata_regionalDiscount:0.0
***is read_Ropes_Regional discount on component (%) VS testdata_regionalDiscount equal:true
Solution 2_calculated_Regionaldiscountoncomponent % =.00 / read_Solution 2_Regional discount on component (%)=0.0
*** is calculated_Regionaldiscountoncomponent % vs read_Regionaldiscountoncomponent % equal = true
Solution 2_Sales Office Multiplier =.00
Solution 2_calculated_TargetPrice =3498.71 / read_Solution 2_Target Price=3498.71
*** null Added in calculated_TargetPrice hence calculated_TargetPrice VS read_TargetPrice shown in Application is: true</msg>
<status endtime="20190307 14:55:17.876" starttime="20190307 14:55:09.419" status="PASS"></status>
</kw>
<status critical="yes" endtime="20190307 14:55:17.883" starttime="20190307 14:55:00.604" status="PASS"></status>
</test>
<test name="16. Verify ITEFactorValue and LaborRateValue IsTaken From SalesOffice for Elevator" id="s1-s1-s1-t16">
<kw library="com.KTOC.TRB.testautomation.Keywords.Keywords" name="Goto Configuration Pageand Change The Primary Sales Office">
<arguments>
<arg>france</arg>
<arg>\\TestData\\KTOCTRB_AutomationTestData.xlsx</arg>
</arguments>
<msg level="INFO" timestamp="20190307 14:55:22.381">ToConfiguration icon clicked
Project clicked
SalesOffice value VB FRRW Selected
pricing icon Clicked</msg>
<status endtime="20190307 14:55:22.398" starttime="20190307 14:55:17.896" status="PASS"></status>
</kw>
<kw library="com.KTOC.TRB.testautomation.Keywords.Keywords" name="Validate Detail Breakdown Tab">
<msg level="INFO" timestamp="20190307 14:55:35.676">Detailed breakdown Clicked
ROPES CLICKED
Show TotalCost Calculation Details CLICKED
check_showtotal_ITEfactor:.92 / showtotal_ITEfactor:.92
check_showtotal_Referencehours:13.76 / showtotal_Referencehours:13.76
check_showtotal_Labourrate:59.10 / showtotal_Labourrate:59.10
LabourRate:59.10 / showtotal_Labourrate:59.10
*** is_showtotal_ITEfactor: true *** / is_Testdata_Labourrate: true *** / is_showtotal_Labourrate: true *** / is_showtotal_Referencehours: true ***</msg>
<status endtime="20190307 14:55:35.681" starttime="20190307 14:55:22.408" status="PASS"></status>
</kw>
<status critical="yes" endtime="20190307 14:55:35.685" starttime="20190307 14:55:17.889" status="PASS"></status>
</test>
<test name="17. Verify ITEFactorValue and LaborRateValue IsTaken From Changed SalesOffice for Elevator" id="s1-s1-s1-t17">
<kw library="com.KTOC.TRB.testautomation.Keywords.Keywords" name="Goto Configuration Pageand Change The Sales Office">
<msg level="INFO" timestamp="20190307 14:55:39.670">ToConfiguration icon clicked
Project clicked
SalesOffice value VB FRPP Selected
pricing icon Clicked</msg>
<status endtime="20190307 14:55:39.676" starttime="20190307 14:55:35.695" status="PASS"></status>
</kw>
<kw library="com.KTOC.TRB.testautomation.Keywords.Keywords" name="Validate Detail Breakdown Tab">
<msg level="INFO" timestamp="20190307 14:55:53.071">Detailed breakdown Clicked
ROPES CLICKED
Show TotalCost Calculation Details CLICKED
check_showtotal_ITEfactor:.92 / showtotal_ITEfactor:.92
check_showtotal_Referencehours:13.76 / showtotal_Referencehours:13.76
check_showtotal_Labourrate:59.10 / showtotal_Labourrate:59.10
LabourRate:59.10 / showtotal_Labourrate:59.10
*** is_showtotal_ITEfactor: true *** / is_Testdata_Labourrate: true *** / is_showtotal_Labourrate: true *** / is_showtotal_Referencehours: true ***</msg>
<status endtime="20190307 14:55:53.082" starttime="20190307 14:55:39.686" status="PASS"></status>
</kw>
<status critical="yes" endtime="20190307 14:55:53.085" starttime="20190307 14:55:35.690" status="PASS"></status>
</test>
<test name="18.Check Cost Calculated Correctly When The Tender Currency Is Different From SLCurrency for Elevator" id="s1-s1-s1-t18">
<kw library="com.KTOC.TRB.testautomation.Keywords.Keywords" name="Verify Cost Calculated Successfully">
<msg level="INFO" timestamp="20190307 14:55:53.109">*** Currencies Tab is applicable for Australia alone hence skipping TC#10 ***</msg>
<status endtime="20190307 14:55:53.111" starttime="20190307 14:55:53.099" status="PASS"></status>
</kw>
<status critical="yes" endtime="20190307 14:55:53.114" starttime="20190307 14:55:53.093" status="PASS"></status>
</test>
<test name="19.Check Price Calculated Correctly When The Tender Currency Is Different From SLCurrency for Elevator" id="s1-s1-s1-t19">
<kw library="com.KTOC.TRB.testautomation.Keywords.Keywords" name="VerifyPriceCalculatedSuccessfully TobecheckedinFrance">
<msg level="INFO" timestamp="20190307 14:57:49.593">Show TotalCost Calculation Details CLICKED
totalTargetPrice:3098.71 / subtotal_TargetPrice:3098.71
*** is totalTargetPrice vs subtotal_TargetPrice equal: true
totalMaterialcosts=987.12 / subtotal_Materialcosts:987.12
*** null Added in totalMaterialcosts hence totalMaterialcosts vs subtotal_Materialcosts equal: true
totalMaterialcostSLCurrency=987.12 / subtotal_MaterialcostSLCurrency:987.12
*** null Added in totalMaterialcostSLCurrency hence totalMaterialcostSLCurrency vs subtotal_MaterialcostSLCurrency equal: true
totalReferencehours=13.76 / subtotal_Referencehours:13.76
*** is totalReferencehours vs subtotal_Referencehours equal: true
totalInstallationHours=12.66 / subtotal_InstallationHours:12.66
*** is totalInstallationHours vs subtotal_Materialcosts equal: true
totalLaborCosts=748.15 / subtotal_LaborCosts:748.15
*** is totalLaborCosts vs subtotal_LaborCosts equal: true
totalFullCosts=1735.27 / subtotal_FullCosts:1735.27
*** is totalFullCosts vs subtotal_FullCosts equal: true
totalTotalCost=1735.27 / subtotal_TotalCost:1735.27
*** is totalTotalCost vs subtotal_TotalCost equal: true
totalTenderPrice=3000.00 / subtotal_TenderPrice:3000.00
*** is totalTenderPrice vs subtotal_TenderPrice equal: true</msg>
<status endtime="20190307 14:57:49.597" starttime="20190307 14:55:53.132" status="PASS"></status>
</kw>
<status critical="yes" endtime="20190307 14:57:49.602" starttime="20190307 14:55:53.119" status="PASS"></status>
</test>
<test name="20.Checking Maximum DiscountLimit Exceeded" id="s1-s1-s1-t20">
<kw library="com.KTOC.TRB.testautomation.Keywords.Keywords" name="Checking Maximum Discount Limit Exceeded">
<arguments>
<arg>60</arg>
</arguments>
<msg level="INFO" timestamp="20190307 14:58:00.994">pricing icon Clicked
Discount entered as: 60
*** Project Pricing = 1639.48
*** Discount = 60.0
*** Target Price = 3498.71
*** Billing Plan = SFAPUBLIC2FRPP</msg>
<status endtime="20190307 14:58:00.996" starttime="20190307 14:57:49.609" status="PASS"></status>
</kw>
<status critical="yes" endtime="20190307 14:58:00.999" starttime="20190307 14:57:49.605" status="PASS"></status>
</test>
<test name="21.Check TenderLetter Is generated Correctly With All The components" id="s1-s1-s1-t21">
<kw library="com.KTOC.TRB.testautomation.Keywords.Keywords" name="Go To Documents Taband Click The Tender">
<msg level="INFO" timestamp="20190307 14:58:04.022">ToWord icon clicked</msg>
<status endtime="20190307 14:58:04.028" starttime="20190307 14:58:01.010" status="PASS"></status>
</kw>
<kw library="com.KTOC.TRB.testautomation.Keywords.Keywords" name="Verify Successful Message Displayed">
<msg level="INFO" timestamp="20190307 14:58:07.628">Create PrintOut icon clicked
No clicked in Do you want to freeze printed version?</msg>
<status endtime="20190307 14:58:07.640" starttime="20190307 14:58:04.035" status="PASS"></status>
</kw>
<status critical="yes" endtime="20190307 14:58:07.647" starttime="20190307 14:58:01.003" status="PASS"></status>
</test>
<test name="22.Close KTOC" id="s1-s1-s1-t22">
<kw library="com.KTOC.TRB.testautomation.Keywords.Keywords" name="Click Saveand Close Button">
<msg level="INFO" timestamp="20190307 14:58:12.568">SaveandClose icon CLICKED
Yes CLICKED in SaveandClose
Automation Test Description entered in Description field in stage / Probability window</msg>
<status endtime="20190307 14:58:12.574" starttime="20190307 14:58:07.661" status="PASS"></status>
</kw>
<status critical="yes" endtime="20190307 14:58:12.581" starttime="20190307 14:58:07.654" status="PASS"></status>
</test>
<test name="23.Verify Total SalesPrice With SF Product Information" id="s1-s1-s1-t23">
<kw library="com.KTOC.TRB.testautomation.Keywords.Keywords" name="Compare Sales Pricebetween Tender Pageand Salesforce">
<msg level="INFO" timestamp="20190307 14:58:39.036">Tender Price:3400.0 / Final_SalesPrice:3400.0
is TRB TenderPrice VS Salesforce TenderPrice equal:true ***
Configurator Clicked
Yes clicked in New Version is available for this product</msg>
<status endtime="20190307 14:58:39.041" starttime="20190307 14:58:12.591" status="PASS"></status>
</kw>
<kw library="com.KTOC.TRB.testautomation.Keywords.Keywords" name="Hand Shake">
<msg level="INFO" timestamp="20190307 14:58:45.975">PASS: Tender is Consistent, value:url("https://ktoc-ca3.kone.com/camosHTML5Client/cH5C/SMG?i=cad9a93f6c879df1ed1373d2853634026ff3224f&amp;w=16&amp;h=16")
PASS: Tender is Consistent, value:url("https://ktoc-ca3.kone.com/camosHTML5Client/cH5C/SMG?i=cad9a93f6c879df1ed1373d2853634026ff3224f&amp;w=16&amp;h=16")
PASS: Tender is Consistent, value:url("https://ktoc-ca3.kone.com/camosHTML5Client/cH5C/SMG?i=cad9a93f6c879df1ed1373d2853634026ff3224f&amp;w=16&amp;h=16")
PASS: Tender is Consistent, value:url("https://ktoc-ca3.kone.com/camosHTML5Client/cH5C/SMG?i=cad9a93f6c879df1ed1373d2853634026ff3224f&amp;w=16&amp;h=16")
PASS: Tender is Consistent, value:url("https://ktoc-ca3.kone.com/camosHTML5Client/cH5C/SMG?i=cad9a93f6c879df1ed1373d2853634026ff3224f&amp;w=16&amp;h=16")
PASS: Tender is Consistent, value:url("https://ktoc-ca3.kone.com/camosHTML5Client/cH5C/SMG?i=cad9a93f6c879df1ed1373d2853634026ff3224f&amp;w=16&amp;h=16")
PASS: Tender is Consistent, value:url("https://ktoc-ca3.kone.com/camosHTML5Client/cH5C/SMG?i=cad9a93f6c879df1ed1373d2853634026ff3224f&amp;w=16&amp;h=16")
isHandShakeiconisEnabled:true HandShakeicon CLICKED</msg>
<status endtime="20190307 14:58:45.987" starttime="20190307 14:58:39.047" status="PASS"></status>
</kw>
<status critical="yes" endtime="20190307 14:58:45.992" starttime="20190307 14:58:12.586" status="PASS"></status>
</test>
<status endtime="20190307 14:58:46.028" starttime="20190307 14:52:39.012" status="PASS"></status>
</suite>
<status endtime="20190307 14:58:46.304" starttime="20190307 14:52:38.984" status="PASS"></status>
</suite>
<status endtime="20190307 14:58:46.392" starttime="20190307 14:52:38.549" status="PASS"></status>
</suite>
<statistics>
<total>
<stat pass="23" fail="0">Critical Tests</stat>
<stat pass="23" fail="0">All Tests</stat>
</total>
<tag>
</tag>
<suite>
<stat pass="23" fail="0" name="KTOC TRB TestAutomation" id="s1">KTOC TRB TestAutomation</stat>
<stat pass="23" fail="0" name="TestSuites" id="s1-s1">KTOC TRB TestAutomation.TestSuites</stat>
<stat pass="23" fail="0" name="RegressionKTOC TRB France" id="s1-s1-s1">KTOC TRB TestAutomation.TestSuites.RegressionKTOC TRB France</stat>
</suite>
</statistics>
<errors>
</errors>
</robot>
