<?xml version="1.0" encoding="UTF-8"?>
<robot generator="Robot 3.0.4 (Jython 2.7.0 on java1.8.0_181)" generated="20181207 14:33:44.311">
<suite source="C:\Users\con_svijay02\KTOC-TRB-Automation\KTOC_TRB_TestAutomation" name="KTOC TRB TestAutomation" id="s1">
<suite source="C:\Users\con_svijay02\KTOC-TRB-Automation\KTOC_TRB_TestAutomation\TestSuites" name="TestSuites" id="s1-s1">
<suite source="C:\Users\con_svijay02\KTOC-TRB-Automation\KTOC_TRB_TestAutomation\TestSuites\RegressionKTOC_TRB_France_MultipleEquipment.robot" name="RegressionKTOC TRB France MultipleEquipment" id="s1-s1-s1">
<kw type="setup" library="com.KTOC.TRB.testautomation.Keywords.Keywords" name="Launch Browser">
<arguments>
<arg>france</arg>
<arg>\\TestData\\KTOCTRB_AutomationTestData.xlsx</arg>
</arguments>
<msg level="INFO" timestamp="20181207 14:34:01.726">1544173429464	mozrunner::runner	INFO	Running command: "C:\\Program Files\\Mozilla Firefox\\firefox.exe" "-marionette" "-foreground" "-no-remote" "-profile" "C:\\Users\\CON_SV~1\\AppData\\Local\\Temp\\rust_mozprofile.RKmkq7qggOyO"
1544173434018	Marionette	INFO	Listening on port 50193
1544173434414	Marionette	WARN	TLS certificate errors will be ignored for this session
Dec 07, 2018 2:33:54 PM org.openqa.selenium.remote.ProtocolHandshake createSession
INFO: Detected dialect: W3C</msg>
<status endtime="20181207 14:34:01.752" starttime="20181207 14:33:45.983" status="PASS"></status>
</kw>
<test name="1.Logon To Salesforce" id="s1-s1-s1-t1">
<kw library="com.KTOC.TRB.testautomation.Keywords.Keywords" name="Loginto Salesforce">
<status endtime="20181207 14:34:05.943" starttime="20181207 14:34:01.795" status="PASS"></status>
</kw>
<status critical="yes" endtime="20181207 14:34:05.950" starttime="20181207 14:34:01.779" status="PASS"></status>
</test>
<test name="2.Verify Creating Opportunity and Mapping It With FLTender" id="s1-s1-s1-t2">
<kw library="com.KTOC.TRB.testautomation.Keywords.Keywords" name="Create Opportunity OR Search Opportunity">
<msg level="INFO" timestamp="20181207 14:34:33.853">Opportunity Name:KOFCOL TRB SFA entered in Search box
KOFCOL TRB SFA has been clicked</msg>
<status endtime="20181207 14:34:33.865" starttime="20181207 14:34:05.993" status="PASS"></status>
</kw>
<status critical="yes" endtime="20181207 14:34:33.881" starttime="20181207 14:34:05.982" status="PASS"></status>
</test>
<test name="3.Verify Tender Created Successfully for Elevator" id="s1-s1-s1-t3">
<kw library="com.KTOC.TRB.testautomation.Keywords.Keywords" name="Navigateto KTOCTRB">
<msg level="INFO" timestamp="20181207 14:34:45.644">Release 1723 is Selected
Clicked on OK button</msg>
<status endtime="20181207 14:34:45.652" starttime="20181207 14:34:33.908" status="PASS"></status>
</kw>
<kw library="com.KTOC.TRB.testautomation.Keywords.Keywords" name="Add Equipment ID Elevator">
<msg level="INFO" timestamp="20181207 14:35:04.522">10503512 EquipmentID entered
Equipment loader clicked
checkbox clicked
Change button clicked
CustomerID: A10137873 entered</msg>
<status endtime="20181207 14:35:04.533" starttime="20181207 14:34:45.674" status="PASS"></status>
</kw>
<kw library="com.KTOC.TRB.testautomation.Keywords.Keywords" name="Check Hand Over Date Is Greater Than Installation Date">
<msg level="INFO" timestamp="20181207 14:35:05.491">Project clicked
Current MS5HO Date: 25/07/2020
MS5HODate Changed to: 27/07/2020</msg>
<status endtime="20181207 14:35:05.496" starttime="20181207 14:35:04.541" status="PASS"></status>
</kw>
<kw library="com.KTOC.TRB.testautomation.Keywords.Keywords" name="Check Sales Officeis Selected">
<msg level="INFO" timestamp="20181207 14:35:06.156">SalesOffice value VB FRRW Selected</msg>
<status endtime="20181207 14:35:06.169" starttime="20181207 14:35:05.507" status="PASS"></status>
</kw>
<kw library="com.KTOC.TRB.testautomation.Keywords.Keywords" name="Additionalfieldsin Project Overviewfor Canada">
<status endtime="20181207 14:35:06.196" starttime="20181207 14:35:06.182" status="PASS"></status>
</kw>
<kw library="com.KTOC.TRB.testautomation.Keywords.Keywords" name="Select Supervisor">
<msg level="INFO" timestamp="20181207 14:35:08.006">06114080 selected in Supervisor</msg>
<status endtime="20181207 14:35:08.010" starttime="20181207 14:35:06.222" status="PASS"></status>
</kw>
<kw library="com.KTOC.TRB.testautomation.Keywords.Keywords" name="Select Equipment In Service">
<msg level="INFO" timestamp="20181207 14:35:10.190">LIS Elevator is clicked in Equipment InService
HydraulicElevCheck clicked</msg>
<status endtime="20181207 14:35:10.202" starttime="20181207 14:35:08.021" status="PASS"></status>
</kw>
<kw library="com.KTOC.TRB.testautomation.Keywords.Keywords" name="Select Template To Be Uploaded">
<msg level="INFO" timestamp="20181207 14:35:14.261">Rightclick performed on Equipment
Open Templates clicked
Automation_Template_002 Entered in search
Shared templates radio button Clicked
Automation_Template_002 Template Clicked</msg>
<status endtime="20181207 14:35:14.272" starttime="20181207 14:35:10.212" status="PASS"></status>
</kw>
<kw library="com.KTOC.TRB.testautomation.Keywords.Keywords" name="Verify Tender Consistency">
<msg level="INFO" timestamp="20181207 14:35:17.225">PASS: Tender is Consistent, value:url("https://ktoc-ca3.kone.com/camosHTML5Client/cH5C/SMG?i=cad9a93f6c879df1ed1373d2853634026ff3224f&amp;w=16&amp;h=16")
PASS: Tender is Consistent, value:url("https://ktoc-ca3.kone.com/camosHTML5Client/cH5C/SMG?i=cad9a93f6c879df1ed1373d2853634026ff3224f&amp;w=16&amp;h=16")
PASS: Tender is Consistent, value:url("https://ktoc-ca3.kone.com/camosHTML5Client/cH5C/SMG?i=cad9a93f6c879df1ed1373d2853634026ff3224f&amp;w=16&amp;h=16")
PASS: Tender is Consistent, value:url("https://ktoc-ca3.kone.com/camosHTML5Client/cH5C/SMG?i=cad9a93f6c879df1ed1373d2853634026ff3224f&amp;w=16&amp;h=16")
PASS: Tender is Consistent, value:url("https://ktoc-ca3.kone.com/camosHTML5Client/cH5C/SMG?i=cad9a93f6c879df1ed1373d2853634026ff3224f&amp;w=16&amp;h=16")
PASS: Tender is Consistent, value:url("https://ktoc-ca3.kone.com/camosHTML5Client/cH5C/SMG?i=cad9a93f6c879df1ed1373d2853634026ff3224f&amp;w=16&amp;h=16")
PASS: Tender is Consistent, value:url("https://ktoc-ca3.kone.com/camosHTML5Client/cH5C/SMG?i=cad9a93f6c879df1ed1373d2853634026ff3224f&amp;w=16&amp;h=16")</msg>
<status endtime="20181207 14:35:17.230" starttime="20181207 14:35:14.294" status="PASS"></status>
</kw>
<kw library="com.KTOC.TRB.testautomation.Keywords.Keywords" name="Get Tender Number">
<msg level="INFO" timestamp="20181207 14:35:17.271">Tender # is :T-0002465387</msg>
<status endtime="20181207 14:35:17.274" starttime="20181207 14:35:17.235" status="PASS"></status>
</kw>
<status critical="yes" endtime="20181207 14:35:17.278" starttime="20181207 14:34:33.899" status="PASS"></status>
</test>
<test name="4.Validate TenderPrice and Discount Without FirstMaintenance for Elevator" id="s1-s1-s1-t4">
<kw library="com.KTOC.TRB.testautomation.Keywords.Keywords" name="Pricing Icon Click">
<msg level="INFO" timestamp="20181207 14:35:17.664">pricing icon Clicked</msg>
<status endtime="20181207 14:35:17.670" starttime="20181207 14:35:17.295" status="PASS"></status>
</kw>
<kw library="com.KTOC.TRB.testautomation.Keywords.Keywords" name="Check Tender Price After Discount Update">
<arguments>
<arg>10</arg>
<arg>0</arg>
</arguments>
<msg level="INFO" timestamp="20181207 14:35:21.156">Discount entered as: 10
First maintenance: 0 Clicked</msg>
<status endtime="20181207 14:35:21.163" starttime="20181207 14:35:17.677" status="PASS"></status>
</kw>
<kw library="com.KTOC.TRB.testautomation.Keywords.Keywords" name="Get Target Price">
<msg level="INFO" timestamp="20181207 14:35:21.564">TargetPrice:3982.61
Firstmaintenance:0.0
Discount:10.0
*** TenderPriceFinal:3584.35 / CurrentTenderPrice:3584.35 ***
is TenderPriceFinal VS ApplicationTenderPrice Equal: true ***</msg>
<status endtime="20181207 14:35:21.567" starttime="20181207 14:35:21.181" status="PASS"></status>
</kw>
<kw library="com.KTOC.TRB.testautomation.Keywords.Keywords" name="Verify Discount By Changing The Tender Price">
<arguments>
<arg>2001</arg>
<arg>0</arg>
</arguments>
<msg level="INFO" timestamp="20181207 14:35:23.829">TenderPrice entered as: 2001
First maintenance: 0 Clicked</msg>
<status endtime="20181207 14:35:23.841" starttime="20181207 14:35:21.570" status="PASS"></status>
</kw>
<kw library="com.KTOC.TRB.testautomation.Keywords.Keywords" name="Get Target Price">
<msg level="INFO" timestamp="20181207 14:35:24.211">TargetPrice:3982.61
Firstmaintenance:0.0
TenderPrice:2001.0
DiscountFinal:49.76 / Current Discount:49.76
*** is FinalDiscount VS ApplicationDiscount Equal:true ***</msg>
<status endtime="20181207 14:35:24.213" starttime="20181207 14:35:23.858" status="PASS"></status>
</kw>
<status critical="yes" endtime="20181207 14:35:24.217" starttime="20181207 14:35:17.289" status="PASS"></status>
</test>
<test name="5.Validate TenderPrice and Discount With FirstMaintenance for Elevator" id="s1-s1-s1-t5">
<kw library="com.KTOC.TRB.testautomation.Keywords.Keywords" name="Check Tender Price After Discount Update">
<arguments>
<arg>11</arg>
<arg>3</arg>
</arguments>
<msg level="INFO" timestamp="20181207 14:35:26.723">Discount entered as: 11
First maintenance: 3 Clicked</msg>
<status endtime="20181207 14:35:26.725" starttime="20181207 14:35:24.224" status="PASS"></status>
</kw>
<kw library="com.KTOC.TRB.testautomation.Keywords.Keywords" name="Get Target Price">
<msg level="INFO" timestamp="20181207 14:35:27.124">TargetPrice:4382.61
Firstmaintenance:400.0
Discount:11.0
*** TenderPriceFinal:3944.52 / CurrentTenderPrice:3944.52 ***
is TenderPriceFinal VS ApplicationTenderPrice Equal: true ***</msg>
<status endtime="20181207 14:35:27.130" starttime="20181207 14:35:26.730" status="PASS"></status>
</kw>
<kw library="com.KTOC.TRB.testautomation.Keywords.Keywords" name="Verify Discount By Changing The Tender Price">
<arguments>
<arg>2002</arg>
<arg>3</arg>
</arguments>
<msg level="INFO" timestamp="20181207 14:35:29.656">TenderPrice entered as: 2002
First maintenance: 3 Clicked</msg>
<status endtime="20181207 14:35:29.660" starttime="20181207 14:35:27.134" status="PASS"></status>
</kw>
<kw library="com.KTOC.TRB.testautomation.Keywords.Keywords" name="Get Target Price">
<msg level="INFO" timestamp="20181207 14:35:30.111">TargetPrice:4382.61
Firstmaintenance:400.0
TenderPrice:2002.0
DiscountFinal:59.78 / Current Discount:59.78
*** is FinalDiscount VS ApplicationDiscount Equal:true ***</msg>
<status endtime="20181207 14:35:30.117" starttime="20181207 14:35:29.663" status="PASS"></status>
</kw>
<kw library="com.KTOC.TRB.testautomation.Keywords.Keywords" name="Verify Discount By Changing The Tender Price">
<arguments>
<arg>2003</arg>
<arg>6</arg>
</arguments>
<msg level="INFO" timestamp="20181207 14:35:32.311">TenderPrice entered as: 2003
First maintenance: 6 Clicked</msg>
<status endtime="20181207 14:35:32.314" starttime="20181207 14:35:30.121" status="PASS"></status>
</kw>
<kw library="com.KTOC.TRB.testautomation.Keywords.Keywords" name="Get Target Price">
<msg level="INFO" timestamp="20181207 14:35:32.614">TargetPrice:4382.61
Firstmaintenance:400.0
TenderPrice:2003.0
DiscountFinal:59.75 / Current Discount:59.75
*** is FinalDiscount VS ApplicationDiscount Equal:true ***</msg>
<status endtime="20181207 14:35:32.617" starttime="20181207 14:35:32.317" status="PASS"></status>
</kw>
<status critical="yes" endtime="20181207 14:35:32.620" starttime="20181207 14:35:24.220" status="PASS"></status>
</test>
<test name="6.CheckRegionalFactorAtSalesOfficeLevel for Elevator" id="s1-s1-s1-t6">
<kw library="com.KTOC.TRB.testautomation.Keywords.Keywords" name="Verify Regional Discount Displayed Correctly">
<msg level="INFO" timestamp="20181207 14:35:33.297">Additional Discount Icon CLICKED</msg>
<status endtime="20181207 14:35:33.299" starttime="20181207 14:35:32.630" status="PASS"></status>
</kw>
<kw library="com.KTOC.TRB.testautomation.Keywords.Keywords" name="Verify Target Price Displayed Correctly">
<arguments>
<arg>0</arg>
</arguments>
<msg level="INFO" timestamp="20181207 14:35:34.685">is read_Regionaldiscountoncomponent_Percent VS regionalDiscount equal:false *** / read_Regionaldiscountoncomponent_Percent:0.0 / regionalDiscount:4.0
is final_Regionaldiscountoncomponent VS read_Regionaldiscountoncomponent equal:false *** / final_Regionaldiscountoncomponent:194.55 / read_Regionaldiscountoncomponent:0.0
is final_TenderPrice VS read_TargetPrice equal:false *** / final_TenderPrice:4669.32 / read_TargetPrice:4782.61</msg>
<status endtime="20181207 14:35:34.692" starttime="20181207 14:35:33.302" status="PASS"></status>
</kw>
<status critical="yes" endtime="20181207 14:35:34.701" starttime="20181207 14:35:32.624" status="PASS"></status>
</test>
<test name="7.CheckRegionalFactorWhenSalesOfficeIsChanged for Elevator" id="s1-s1-s1-t7">
<kw library="com.KTOC.TRB.testautomation.Keywords.Keywords" name="Goto Configuration Pageand Change The Sales Office">
<msg level="INFO" timestamp="20181207 14:35:38.687">ToConfiguration icon clicked
Project clicked
SalesOffice value VB FRPP Selected
pricing icon Clicked</msg>
<status endtime="20181207 14:35:38.695" starttime="20181207 14:35:34.753" status="PASS"></status>
</kw>
<kw library="com.KTOC.TRB.testautomation.Keywords.Keywords" name="Verify Regional Discount Displayed Correctly">
<msg level="INFO" timestamp="20181207 14:35:40.505">Additional Discount Icon CLICKED</msg>
<status endtime="20181207 14:35:40.509" starttime="20181207 14:35:38.704" status="PASS"></status>
</kw>
<kw library="com.KTOC.TRB.testautomation.Keywords.Keywords" name="Verify Target Price Displayed Correctly">
<arguments>
<arg>0</arg>
</arguments>
<msg level="INFO" timestamp="20181207 14:35:41.791">is read_Regionaldiscountoncomponent_Percent VS regionalDiscount equal:false *** / read_Regionaldiscountoncomponent_Percent:0.0 / regionalDiscount:-5.0
is final_Regionaldiscountoncomponent VS read_Regionaldiscountoncomponent equal:false *** / final_Regionaldiscountoncomponent:-240.68 / read_Regionaldiscountoncomponent:0.0
is final_TenderPrice VS read_TargetPrice equal:false *** / final_TenderPrice:5054.32 / read_TargetPrice:4813.64</msg>
<status endtime="20181207 14:35:41.802" starttime="20181207 14:35:40.512" status="PASS"></status>
</kw>
<status critical="yes" endtime="20181207 14:35:41.810" starttime="20181207 14:35:34.729" status="PASS"></status>
</test>
<test name="8 &amp; 9 Verify ITEFactorValue and LaborRateValue IsTaken From SalesOffice for Elevator" id="s1-s1-s1-t8">
<kw library="com.KTOC.TRB.testautomation.Keywords.Keywords" name="Goto Configuration Pageand Change The Primary Sales Office">
<arguments>
<arg>france</arg>
<arg>\\TestData\\KTOCTRB_AutomationTestData.xlsx</arg>
</arguments>
<msg level="INFO" timestamp="20181207 14:35:44.915">ToConfiguration icon clicked
Project clicked
SalesOffice value VB FRRW Selected
pricing icon Clicked</msg>
<status endtime="20181207 14:35:44.920" starttime="20181207 14:35:41.826" status="PASS"></status>
</kw>
<kw library="com.KTOC.TRB.testautomation.Keywords.Keywords" name="Validate Detail Breakdown Tab">
<msg level="INFO" timestamp="20181207 14:35:57.061">Detailed breakdown Clicked
ROPES CLICKED
Show TotalCost Calculation Details CLICKED
check_showtotal_ITEfactor:2.00 / showtotal_ITEfactor:2.00
check_showtotal_Referencehours:11.16 / showtotal_Referencehours:11.16
check_showtotal_Labourrate:61.90 / showtotal_Labourrate:61.90
*** is_showtotal_ITEfactor: true *** / is_showtotal_Labourrate: true *** / is_showtotal_Referencehours: true ***</msg>
<status endtime="20181207 14:35:57.065" starttime="20181207 14:35:44.929" status="PASS"></status>
</kw>
<kw library="com.KTOC.TRB.testautomation.Keywords.Keywords" name="Goto Configuration Pageand Change The Sales Office">
<msg level="INFO" timestamp="20181207 14:35:59.857">ToConfiguration icon clicked
Project clicked
SalesOffice value VB FRPP Selected
pricing icon Clicked</msg>
<status endtime="20181207 14:35:59.865" starttime="20181207 14:35:57.073" status="PASS"></status>
</kw>
<kw library="com.KTOC.TRB.testautomation.Keywords.Keywords" name="Validate Detail Breakdown Tab">
<msg level="INFO" timestamp="20181207 14:36:17.382">Detailed breakdown Clicked
ROPES CLICKED
Show TotalCost Calculation Details CLICKED
check_showtotal_ITEfactor:2.75 / showtotal_ITEfactor:2.00
check_showtotal_Referencehours:11.16 / showtotal_Referencehours:11.16
check_showtotal_Labourrate:61.00 / showtotal_Labourrate:61.00
*** is_showtotal_ITEfactor: false *** / is_showtotal_Labourrate: true *** / is_showtotal_Referencehours: true ***</msg>
<status endtime="20181207 14:36:17.389" starttime="20181207 14:35:59.876" status="PASS"></status>
</kw>
<status critical="yes" endtime="20181207 14:36:17.394" starttime="20181207 14:35:41.820" status="PASS"></status>
</test>
<test name="10.CheckCostAndPriceCalculatedCorrectlyWhenTheTenderCurrencyIsDifferentFromSLCurrency for Elevator" id="s1-s1-s1-t9">
<kw library="com.KTOC.TRB.testautomation.Keywords.Keywords" name="Verify Cost Calculated Successfully">
<msg level="INFO" timestamp="20181207 14:36:17.416">*** Currencies Tab is applicable for Australia alone hence skipping TC#10 ***</msg>
<status endtime="20181207 14:36:17.419" starttime="20181207 14:36:17.406" status="PASS"></status>
</kw>
<kw library="com.KTOC.TRB.testautomation.Keywords.Keywords" name="VerifyPriceCalculatedSuccessfully TobecheckedinFrance">
<msg level="INFO" timestamp="20181207 14:36:17.429">*** Currencies Tab is applicable for Australia alone hence skipping TC#10 ***</msg>
<status endtime="20181207 14:36:17.433" starttime="20181207 14:36:17.424" status="PASS"></status>
</kw>
<status critical="yes" endtime="20181207 14:36:17.460" starttime="20181207 14:36:17.401" status="PASS"></status>
</test>
<test name="11.TestData for Escalator" id="s1-s1-s1-t10">
<kw library="com.KTOC.TRB.testautomation.Keywords.Keywords" name="Read Test Data">
<arguments>
<arg>france</arg>
<arg>\\TestData\\KTOCTRB_AutomationTestData.xlsx</arg>
</arguments>
<status endtime="20181207 14:36:17.667" starttime="20181207 14:36:17.478" status="PASS"></status>
</kw>
<kw library="com.KTOC.TRB.testautomation.Keywords.Keywords" name="Add Multiple Equipments">
<msg level="INFO" timestamp="20181207 14:36:30.243">ToConfiguration icon clicked
scroll UP to Building1 tree
Rightclick performed on Building1
scroll UP to Group Automation_GroupName tree
Rightclick performed on Automation_GroupName GroupName
checkbox clicked
ADD button clicked</msg>
<status endtime="20181207 14:36:30.252" starttime="20181207 14:36:17.671" status="PASS"></status>
</kw>
<status critical="yes" endtime="20181207 14:36:30.258" starttime="20181207 14:36:17.470" status="PASS"></status>
</test>
<test name="12.Verify Tender Created Successfully for Escalator" id="s1-s1-s1-t11">
<kw library="com.KTOC.TRB.testautomation.Keywords.Keywords" name="Add Equipment ID Elevator">
<msg level="INFO" timestamp="20181207 14:36:30.699">CustomerID: A10137873 entered</msg>
<status endtime="20181207 14:36:30.702" starttime="20181207 14:36:30.273" status="PASS"></status>
</kw>
<kw library="com.KTOC.TRB.testautomation.Keywords.Keywords" name="Check Hand Over Date Is Greater Than Installation Date">
<msg level="INFO" timestamp="20181207 14:36:32.206">Project clicked
Current MS5HO Date: 27/07/2020
MS5HODate Changed to: null</msg>
<status endtime="20181207 14:36:32.211" starttime="20181207 14:36:30.705" status="PASS"></status>
</kw>
<kw library="com.KTOC.TRB.testautomation.Keywords.Keywords" name="Check Sales Officeis Selected">
<msg level="INFO" timestamp="20181207 14:36:33.366">SalesOffice value VB FRRW Selected</msg>
<status endtime="20181207 14:36:33.372" starttime="20181207 14:36:32.215" status="PASS"></status>
</kw>
<kw library="com.KTOC.TRB.testautomation.Keywords.Keywords" name="Additionalfieldsin Project Overviewfor Canada">
<status endtime="20181207 14:36:33.394" starttime="20181207 14:36:33.380" status="PASS"></status>
</kw>
<kw library="com.KTOC.TRB.testautomation.Keywords.Keywords" name="Select Supervisor">
<msg level="INFO" timestamp="20181207 14:36:35.613">06114080 selected in Supervisor</msg>
<status endtime="20181207 14:36:35.618" starttime="20181207 14:36:33.399" status="PASS"></status>
</kw>
<kw library="com.KTOC.TRB.testautomation.Keywords.Keywords" name="Select Equipment In Service">
<msg level="INFO" timestamp="20181207 14:36:38.211">EIS Escalator is clicked in Equipment InService
HydraulicElevCheck clicked</msg>
<status endtime="20181207 14:36:38.218" starttime="20181207 14:36:35.628" status="PASS"></status>
</kw>
<kw library="com.KTOC.TRB.testautomation.Keywords.Keywords" name="Select Template To Be Uploaded">
<msg level="INFO" timestamp="20181207 14:36:56.091">Rightclick performed on Equipment
Open Templates clicked
Automation_Template_forEscalator Entered in search
Shared templates radio button Clicked
Automation_Template_forEscalator Template Clicked</msg>
<status endtime="20181207 14:36:56.099" starttime="20181207 14:36:38.226" status="PASS"></status>
</kw>
<kw library="com.KTOC.TRB.testautomation.Keywords.Keywords" name="Verify Tender Consistency">
<msg level="INFO" timestamp="20181207 14:36:59.947">FAIL: Tender is NOT Consistent, value:url("https://ktoc-ca3.kone.com/camosHTML5Client/cH5C/SMG?i=0191f5aaded042c33180d357113667fbefc81b95&amp;w=16&amp;h=16")
FAIL: Tender is NOT Consistent, value:url("https://ktoc-ca3.kone.com/camosHTML5Client/cH5C/SMG?i=0191f5aaded042c33180d357113667fbefc81b95&amp;w=16&amp;h=16")
FAIL: Tender is NOT Consistent, value:url("https://ktoc-ca3.kone.com/camosHTML5Client/cH5C/SMG?i=0191f5aaded042c33180d357113667fbefc81b95&amp;w=16&amp;h=16")
FAIL: Tender is NOT Consistent, value:url("https://ktoc-ca3.kone.com/camosHTML5Client/cH5C/SMG?i=0191f5aaded042c33180d357113667fbefc81b95&amp;w=16&amp;h=16")
PASS: Tender is Consistent, value:url("https://ktoc-ca3.kone.com/camosHTML5Client/cH5C/SMG?i=cad9a93f6c879df1ed1373d2853634026ff3224f&amp;w=16&amp;h=16")
FAIL: Tender is NOT Consistent, value:url("https://ktoc-ca3.kone.com/camosHTML5Client/cH5C/SMG?i=0191f5aaded042c33180d357113667fbefc81b95&amp;w=16&amp;h=16")
FAIL: Tender is NOT Consistent, value:url("https://ktoc-ca3.kone.com/camosHTML5Client/cH5C/SMG?i=0191f5aaded042c33180d357113667fbefc81b95&amp;w=16&amp;h=16")
FAIL: Tender is NOT Consistent, value:url("https://ktoc-ca3.kone.com/camosHTML5Client/cH5C/SMG?i=0191f5aaded042c33180d357113667fbefc81b95&amp;w=16&amp;h=16")
FAIL: Tender is NOT Consistent, value:url("https://ktoc-ca3.kone.com/camosHTML5Client/cH5C/SMG?i=0191f5aaded042c33180d357113667fbefc81b95&amp;w=16&amp;h=16")
PASS: Tender is Consistent, value:url("https://ktoc-ca3.kone.com/camosHTML5Client/cH5C/SMG?i=cad9a93f6c879df1ed1373d2853634026ff3224f&amp;w=16&amp;h=16")
PASS: Tender is Consistent, value:url("https://ktoc-ca3.kone.com/camosHTML5Client/cH5C/SMG?i=cad9a93f6c879df1ed1373d2853634026ff3224f&amp;w=16&amp;h=16")
PASS: Tender is Consistent, value:url("https://ktoc-ca3.kone.com/camosHTML5Client/cH5C/SMG?i=cad9a93f6c879df1ed1373d2853634026ff3224f&amp;w=16&amp;h=16")</msg>
<status endtime="20181207 14:36:59.951" starttime="20181207 14:36:56.108" status="PASS"></status>
</kw>
<kw library="com.KTOC.TRB.testautomation.Keywords.Keywords" name="Get Tender Number">
<msg level="INFO" timestamp="20181207 14:36:59.989">Tender # is :T-0002465387</msg>
<status endtime="20181207 14:36:59.993" starttime="20181207 14:36:59.954" status="PASS"></status>
</kw>
<status critical="yes" endtime="20181207 14:36:59.998" starttime="20181207 14:36:30.266" status="PASS"></status>
</test>
<test name="13.Validate TenderPrice and Discount Without FirstMaintenance for Escalator" id="s1-s1-s1-t12">
<kw library="com.KTOC.TRB.testautomation.Keywords.Keywords" name="Pricing Icon Click">
<msg level="INFO" timestamp="20181207 14:37:00.349">pricing icon Clicked</msg>
<status endtime="20181207 14:37:00.358" starttime="20181207 14:37:00.015" status="PASS"></status>
</kw>
<kw library="com.KTOC.TRB.testautomation.Keywords.Keywords" name="Check Tender Price After Discount Update">
<arguments>
<arg>10</arg>
<arg>0</arg>
</arguments>
<msg level="INFO" timestamp="20181207 14:37:05.388">Discount entered as: 10
First maintenance: 0 Clicked</msg>
<status endtime="20181207 14:37:05.399" starttime="20181207 14:37:00.375" status="PASS"></status>
</kw>
<kw library="com.KTOC.TRB.testautomation.Keywords.Keywords" name="Get Target Price">
<msg level="INFO" timestamp="20181207 14:37:05.762">TargetPrice:24052.61
Firstmaintenance:800.0
Discount:10.0
*** TenderPriceFinal:21727.35 / CurrentTenderPrice:21727.35 ***
is TenderPriceFinal VS ApplicationTenderPrice Equal: true ***</msg>
<status endtime="20181207 14:37:05.767" starttime="20181207 14:37:05.404" status="PASS"></status>
</kw>
<kw library="com.KTOC.TRB.testautomation.Keywords.Keywords" name="Verify Discount By Changing The Tender Price">
<arguments>
<arg>2001</arg>
<arg>0</arg>
</arguments>
<msg level="INFO" timestamp="20181207 14:37:10.600">TenderPrice entered as: 2001
First maintenance: 0 Clicked</msg>
<status endtime="20181207 14:37:10.607" starttime="20181207 14:37:05.770" status="PASS"></status>
</kw>
<kw library="com.KTOC.TRB.testautomation.Keywords.Keywords" name="Get Target Price">
<msg level="INFO" timestamp="20181207 14:37:11.006">TargetPrice:23252.61
Firstmaintenance:0.0
TenderPrice:2001.0
DiscountFinal:91.39 / Current Discount:91.39
*** is FinalDiscount VS ApplicationDiscount Equal:true ***</msg>
<status endtime="20181207 14:37:11.008" starttime="20181207 14:37:10.619" status="PASS"></status>
</kw>
<status critical="yes" endtime="20181207 14:37:11.013" starttime="20181207 14:37:00.010" status="PASS"></status>
</test>
<test name="14.Validate TenderPrice and Discount With FirstMaintenance for Escalator" id="s1-s1-s1-t13">
<kw library="com.KTOC.TRB.testautomation.Keywords.Keywords" name="Check Tender Price After Discount Update">
<arguments>
<arg>11</arg>
<arg>3</arg>
</arguments>
<msg level="INFO" timestamp="20181207 14:37:15.236">Discount entered as: 11
First maintenance: 3 Clicked</msg>
<status endtime="20181207 14:37:15.238" starttime="20181207 14:37:11.020" status="PASS"></status>
</kw>
<kw library="com.KTOC.TRB.testautomation.Keywords.Keywords" name="Get Target Price">
<msg level="INFO" timestamp="20181207 14:37:15.532">TargetPrice:24052.61
Firstmaintenance:800.0
Discount:11.0
*** TenderPriceFinal:21494.82 / CurrentTenderPrice:21494.82 ***
is TenderPriceFinal VS ApplicationTenderPrice Equal: true ***</msg>
<status endtime="20181207 14:37:15.534" starttime="20181207 14:37:15.240" status="PASS"></status>
</kw>
<kw library="com.KTOC.TRB.testautomation.Keywords.Keywords" name="Verify Discount By Changing The Tender Price">
<arguments>
<arg>2002</arg>
<arg>3</arg>
</arguments>
<msg level="INFO" timestamp="20181207 14:37:18.026">TenderPrice entered as: 2002
First maintenance: 3 Clicked</msg>
<status endtime="20181207 14:37:18.028" starttime="20181207 14:37:15.537" status="PASS"></status>
</kw>
<kw library="com.KTOC.TRB.testautomation.Keywords.Keywords" name="Get Target Price">
<msg level="INFO" timestamp="20181207 14:37:18.324">TargetPrice:24052.61
Firstmaintenance:800.0
TenderPrice:2002.0
DiscountFinal:94.83 / Current Discount:94.83
*** is FinalDiscount VS ApplicationDiscount Equal:true ***</msg>
<status endtime="20181207 14:37:18.328" starttime="20181207 14:37:18.032" status="PASS"></status>
</kw>
<kw library="com.KTOC.TRB.testautomation.Keywords.Keywords" name="Verify Discount By Changing The Tender Price">
<arguments>
<arg>2003</arg>
<arg>6</arg>
</arguments>
<msg level="INFO" timestamp="20181207 14:37:20.401">TenderPrice entered as: 2003
First maintenance: 6 Clicked</msg>
<status endtime="20181207 14:37:20.403" starttime="20181207 14:37:18.330" status="PASS"></status>
</kw>
<kw library="com.KTOC.TRB.testautomation.Keywords.Keywords" name="Get Target Price">
<msg level="INFO" timestamp="20181207 14:37:20.725">TargetPrice:24052.61
Firstmaintenance:800.0
TenderPrice:2003.0
DiscountFinal:94.83 / Current Discount:94.83
*** is FinalDiscount VS ApplicationDiscount Equal:true ***</msg>
<status endtime="20181207 14:37:20.727" starttime="20181207 14:37:20.407" status="PASS"></status>
</kw>
<status critical="yes" endtime="20181207 14:37:20.729" starttime="20181207 14:37:11.017" status="PASS"></status>
</test>
<test name="15.CheckRegionalFactorAtSalesOfficeLevel for Escalator" id="s1-s1-s1-t14">
<kw library="com.KTOC.TRB.testautomation.Keywords.Keywords" name="Verify Regional Discount Displayed Correctly">
<msg level="INFO" timestamp="20181207 14:37:22.380">Additional Discount Icon CLICKED</msg>
<status endtime="20181207 14:37:22.382" starttime="20181207 14:37:20.737" status="PASS"></status>
</kw>
<kw library="com.KTOC.TRB.testautomation.Keywords.Keywords" name="Verify Target Price Displayed Correctly">
<arguments>
<arg>0</arg>
</arguments>
<msg level="INFO" timestamp="20181207 14:37:23.605">is read_Regionaldiscountoncomponent_Percent VS regionalDiscount equal:false *** / read_Regionaldiscountoncomponent_Percent:3.13 / regionalDiscount:4.0
is final_Regionaldiscountoncomponent VS read_Regionaldiscountoncomponent equal:false *** / final_Regionaldiscountoncomponent:1046.55 / read_Regionaldiscountoncomponent:820.0
is final_TenderPrice VS read_TargetPrice equal:false *** / final_TenderPrice:25117.32 / read_TargetPrice:24852.61</msg>
<status endtime="20181207 14:37:23.611" starttime="20181207 14:37:22.384" status="PASS"></status>
</kw>
<status critical="yes" endtime="20181207 14:37:23.618" starttime="20181207 14:37:20.733" status="PASS"></status>
</test>
<test name="16.CheckRegionalFactorWhenSalesOfficeIsChanged for Escalator" id="s1-s1-s1-t15">
<kw library="com.KTOC.TRB.testautomation.Keywords.Keywords" name="Goto Configuration Pageand Change The Sales Office">
<msg level="INFO" timestamp="20181207 14:37:28.568">ToConfiguration icon clicked
Project clicked
SalesOffice value VB FRPP Selected
pricing icon Clicked</msg>
<status endtime="20181207 14:37:28.573" starttime="20181207 14:37:23.633" status="PASS"></status>
</kw>
<kw library="com.KTOC.TRB.testautomation.Keywords.Keywords" name="Verify Regional Discount Displayed Correctly">
<msg level="INFO" timestamp="20181207 14:37:32.589">Additional Discount Icon CLICKED</msg>
<status endtime="20181207 14:37:32.593" starttime="20181207 14:37:28.578" status="PASS"></status>
</kw>
<kw library="com.KTOC.TRB.testautomation.Keywords.Keywords" name="Verify Target Price Displayed Correctly">
<arguments>
<arg>0</arg>
</arguments>
<msg level="INFO" timestamp="20181207 14:37:34.015">is read_Regionaldiscountoncomponent_Percent VS regionalDiscount equal:false *** / read_Regionaldiscountoncomponent_Percent:-3.93 / regionalDiscount:-5.0
is final_Regionaldiscountoncomponent VS read_Regionaldiscountoncomponent equal:false *** / final_Regionaldiscountoncomponent:-1305.68 / read_Regionaldiscountoncomponent:-1025.0
is final_TenderPrice VS read_TargetPrice equal:false *** / final_TenderPrice:27419.32 / read_TargetPrice:27138.64</msg>
<status endtime="20181207 14:37:34.024" starttime="20181207 14:37:32.599" status="PASS"></status>
</kw>
<status critical="yes" endtime="20181207 14:37:34.039" starttime="20181207 14:37:23.626" status="PASS"></status>
</test>
<test name="8 &amp; 9 Verify ITEFactorValue and LaborRateValue IsTaken From SalesOffice for Escalator" id="s1-s1-s1-t16">
<kw library="com.KTOC.TRB.testautomation.Keywords.Keywords" name="Goto Configuration Pageand Change The Primary Sales Office">
<arguments>
<arg>france</arg>
<arg>\\TestData\\KTOCTRB_AutomationTestData.xlsx</arg>
</arguments>
<msg level="INFO" timestamp="20181207 14:37:39.959">ToConfiguration icon clicked
Project clicked
SalesOffice value VB FRRW Selected
pricing icon Clicked</msg>
<status endtime="20181207 14:37:39.961" starttime="20181207 14:37:34.064" status="PASS"></status>
</kw>
<kw library="com.KTOC.TRB.testautomation.Keywords.Keywords" name="Validate Detail Breakdown Tab">
<msg level="INFO" timestamp="20181207 14:37:49.851">Detailed breakdown Clicked
ROPES CLICKED
Show TotalCost Calculation Details CLICKED
check_showtotal_ITEfactor:2.00 / showtotal_ITEfactor:2.00
check_showtotal_Referencehours:78.00 / showtotal_Referencehours:78.00
check_showtotal_Labourrate:56.00 / showtotal_Labourrate:56.00
*** is_showtotal_ITEfactor: true *** / is_showtotal_Labourrate: true *** / is_showtotal_Referencehours: true ***</msg>
<status endtime="20181207 14:37:49.855" starttime="20181207 14:37:39.964" status="PASS"></status>
</kw>
<kw library="com.KTOC.TRB.testautomation.Keywords.Keywords" name="Goto Configuration Pageand Change The Sales Office">
<msg level="INFO" timestamp="20181207 14:37:54.879">ToConfiguration icon clicked
Project clicked
SalesOffice value VB FRPP Selected
pricing icon Clicked</msg>
<status endtime="20181207 14:37:54.885" starttime="20181207 14:37:49.860" status="PASS"></status>
</kw>
<kw library="com.KTOC.TRB.testautomation.Keywords.Keywords" name="Validate Detail Breakdown Tab">
<msg level="INFO" timestamp="20181207 14:38:05.150">Detailed breakdown Clicked
ROPES CLICKED
Show TotalCost Calculation Details CLICKED
check_showtotal_ITEfactor:2.75 / showtotal_ITEfactor:2.75
check_showtotal_Referencehours:78.00 / showtotal_Referencehours:78.00
check_showtotal_Labourrate:60.00 / showtotal_Labourrate:60.00
*** is_showtotal_ITEfactor: true *** / is_showtotal_Labourrate: true *** / is_showtotal_Referencehours: true ***</msg>
<status endtime="20181207 14:38:05.155" starttime="20181207 14:37:54.894" status="PASS"></status>
</kw>
<status critical="yes" endtime="20181207 14:38:05.159" starttime="20181207 14:37:34.055" status="PASS"></status>
</test>
<test name="18.CheckCostAndPriceCalculatedCorrectlyWhenTheTenderCurrencyIsDifferentFromSLCurrency for Escalator" id="s1-s1-s1-t17">
<kw library="com.KTOC.TRB.testautomation.Keywords.Keywords" name="Verify Cost Calculated Successfully">
<msg level="INFO" timestamp="20181207 14:38:05.185">*** Currencies Tab is applicable for Australia alone hence skipping TC#10 ***</msg>
<status endtime="20181207 14:38:05.188" starttime="20181207 14:38:05.177" status="PASS"></status>
</kw>
<kw library="com.KTOC.TRB.testautomation.Keywords.Keywords" name="VerifyPriceCalculatedSuccessfully TobecheckedinFrance">
<msg level="INFO" timestamp="20181207 14:38:05.194">*** Currencies Tab is applicable for Australia alone hence skipping TC#10 ***</msg>
<status endtime="20181207 14:38:05.198" starttime="20181207 14:38:05.191" status="PASS"></status>
</kw>
<status critical="yes" endtime="20181207 14:38:05.201" starttime="20181207 14:38:05.168" status="PASS"></status>
</test>
<test name="19.Check TenderLetter Is generated Correctly With All The components for Escalator" id="s1-s1-s1-t18">
<kw library="com.KTOC.TRB.testautomation.Keywords.Keywords" name="Go To Documents Taband Click The Tender">
<msg level="INFO" timestamp="20181207 14:38:13.648">ToWord icon clicked</msg>
<status endtime="20181207 14:38:13.653" starttime="20181207 14:38:05.209" status="PASS"></status>
</kw>
<kw library="com.KTOC.TRB.testautomation.Keywords.Keywords" name="Verify Successful Message Displayed">
<msg level="INFO" timestamp="20181207 14:38:17.049">Create PrintOut icon clicked
No clicked in Do you want to freeze printed version?</msg>
<status endtime="20181207 14:38:17.051" starttime="20181207 14:38:13.662" status="PASS"></status>
</kw>
<status critical="yes" endtime="20181207 14:38:17.056" starttime="20181207 14:38:05.205" status="PASS"></status>
</test>
<test name="20.Close KTOC" id="s1-s1-s1-t19">
<kw library="com.KTOC.TRB.testautomation.Keywords.Keywords" name="Click Saveand Close Button">
<msg level="INFO" timestamp="20181207 14:38:21.308">SaveandClose icon CLICKED
Yes CLICKED in SaveandClose
Automation Test Description entered in Description field in stage / Probability window</msg>
<status endtime="20181207 14:38:21.321" starttime="20181207 14:38:17.063" status="PASS"></status>
</kw>
<status critical="yes" endtime="20181207 14:38:21.330" starttime="20181207 14:38:17.060" status="PASS"></status>
</test>
<test name="21.Verify Total SalesPrice With SF Product Information" id="s1-s1-s1-t20">
<kw library="com.KTOC.TRB.testautomation.Keywords.Keywords" name="Compare Sales Pricebetween Tender Pageand Salesforce">
<msg level="INFO" timestamp="20181207 14:38:57.679">Salesforce TenderPrice:EUR 800.00 (INR 63,093.47)
allTender Price:4006.0 / Final_SalesPrice:800.0
is TRB allTenderPrice VS Salesforce TenderPrice equal:false ***
Configurator Clicked
secondFrame:clientTarget/framesize:1
NO clicked in New Version is available for this product</msg>
<status endtime="20181207 14:38:57.685" starttime="20181207 14:38:21.358" status="PASS"></status>
</kw>
<kw library="com.KTOC.TRB.testautomation.Keywords.Keywords" name="Hand Shake">
<msg level="INFO" timestamp="20181207 14:39:02.219">FAIL: Tender is NOT Consistent, value:url("https://ktoc-ca3.kone.com/camosHTML5Client/cH5C/SMG?i=0191f5aaded042c33180d357113667fbefc81b95&amp;w=16&amp;h=16")
FAIL: Tender is NOT Consistent, value:url("https://ktoc-ca3.kone.com/camosHTML5Client/cH5C/SMG?i=0191f5aaded042c33180d357113667fbefc81b95&amp;w=16&amp;h=16")
FAIL: Tender is NOT Consistent, value:url("https://ktoc-ca3.kone.com/camosHTML5Client/cH5C/SMG?i=0191f5aaded042c33180d357113667fbefc81b95&amp;w=16&amp;h=16")
FAIL: Tender is NOT Consistent, value:url("https://ktoc-ca3.kone.com/camosHTML5Client/cH5C/SMG?i=0191f5aaded042c33180d357113667fbefc81b95&amp;w=16&amp;h=16")
PASS: Tender is Consistent, value:url("https://ktoc-ca3.kone.com/camosHTML5Client/cH5C/SMG?i=cad9a93f6c879df1ed1373d2853634026ff3224f&amp;w=16&amp;h=16")
FAIL: Tender is NOT Consistent, value:url("https://ktoc-ca3.kone.com/camosHTML5Client/cH5C/SMG?i=0191f5aaded042c33180d357113667fbefc81b95&amp;w=16&amp;h=16")
FAIL: Tender is NOT Consistent, value:url("https://ktoc-ca3.kone.com/camosHTML5Client/cH5C/SMG?i=0191f5aaded042c33180d357113667fbefc81b95&amp;w=16&amp;h=16")
FAIL: Tender is NOT Consistent, value:url("https://ktoc-ca3.kone.com/camosHTML5Client/cH5C/SMG?i=0191f5aaded042c33180d357113667fbefc81b95&amp;w=16&amp;h=16")
FAIL: Tender is NOT Consistent, value:url("https://ktoc-ca3.kone.com/camosHTML5Client/cH5C/SMG?i=0191f5aaded042c33180d357113667fbefc81b95&amp;w=16&amp;h=16")
PASS: Tender is Consistent, value:url("https://ktoc-ca3.kone.com/camosHTML5Client/cH5C/SMG?i=cad9a93f6c879df1ed1373d2853634026ff3224f&amp;w=16&amp;h=16")
FAIL: Tender is NOT Consistent, value:url("https://ktoc-ca3.kone.com/camosHTML5Client/cH5C/SMG?i=0191f5aaded042c33180d357113667fbefc81b95&amp;w=16&amp;h=16")
FAIL: Tender is NOT Consistent, value:url("https://ktoc-ca3.kone.com/camosHTML5Client/cH5C/SMG?i=0191f5aaded042c33180d357113667fbefc81b95&amp;w=16&amp;h=16")
isHandShakeiconisEnabled:true HandShakeicon CLICKED</msg>
<status endtime="20181207 14:39:02.226" starttime="20181207 14:38:57.694" status="PASS"></status>
</kw>
<status critical="yes" endtime="20181207 14:39:02.234" starttime="20181207 14:38:21.346" status="PASS"></status>
</test>
<status endtime="20181207 14:39:02.269" starttime="20181207 14:33:45.618" status="PASS"></status>
</suite>
<status endtime="20181207 14:39:02.491" starttime="20181207 14:33:45.589" status="PASS"></status>
</suite>
<status endtime="20181207 14:39:02.635" starttime="20181207 14:33:45.259" status="PASS"></status>
</suite>
<statistics>
<total>
<stat pass="20" fail="0">Critical Tests</stat>
<stat pass="20" fail="0">All Tests</stat>
</total>
<tag>
</tag>
<suite>
<stat pass="20" fail="0" name="KTOC TRB TestAutomation" id="s1">KTOC TRB TestAutomation</stat>
<stat pass="20" fail="0" name="TestSuites" id="s1-s1">KTOC TRB TestAutomation.TestSuites</stat>
<stat pass="20" fail="0" name="RegressionKTOC TRB France MultipleEquipment" id="s1-s1-s1">KTOC TRB TestAutomation.TestSuites.RegressionKTOC TRB France MultipleEquipment</stat>
</suite>
</statistics>
<errors>
</errors>
</robot>
