<?xml version="1.0" encoding="UTF-8"?>
<robot generator="Robot 3.0.4 (Jython 2.7.0 on java1.8.0_181)" generated="20190211 12:10:33.982">
<suite source="C:\Users\con_svijay02\KTOC-TRB-Automation\KTOC_TRB_TestAutomation" name="KTOC TRB TestAutomation" id="s1">
<suite source="C:\Users\con_svijay02\KTOC-TRB-Automation\KTOC_TRB_TestAutomation\TestSuites" name="TestSuites" id="s1-s1">
<suite source="C:\Users\con_svijay02\KTOC-TRB-Automation\KTOC_TRB_TestAutomation\TestSuites\RegressionKTOC_TRB_France.robot" name="RegressionKTOC TRB France" id="s1-s1-s1">
<kw type="setup" library="com.KTOC.TRB.testautomation.Keywords.Keywords" name="Launch Browser">
<arguments>
<arg>france</arg>
<arg>\\TestData\\KTOCTRB_AutomationTestData.xlsx</arg>
</arguments>
<msg level="INFO" timestamp="20190211 12:10:48.295">1549867238789	mozrunner::runner	INFO	Running command: "C:\\Program Files\\Mozilla Firefox\\firefox.exe" "-marionette" "-foreground" "-no-remote" "-profile" "C:\\Users\\CON_SV~1\\AppData\\Local\\Temp\\rust_mozprofile.NytjVlbXciE1"
1549867241179	Marionette	INFO	Listening on port 55223
1549867241521	Marionette	WARN	TLS certificate errors will be ignored for this session
Feb 11, 2019 12:10:41 PM org.openqa.selenium.remote.ProtocolHandshake createSession
INFO: Detected dialect: W3C</msg>
<status endtime="20190211 12:10:48.337" starttime="20190211 12:10:35.730" status="PASS"></status>
</kw>
<test name="1.Logon To Salesforce" id="s1-s1-s1-t1">
<kw library="com.KTOC.TRB.testautomation.Keywords.Keywords" name="Loginto Salesforce">
<status endtime="20190211 12:10:52.704" starttime="20190211 12:10:48.386" status="PASS"></status>
</kw>
<status critical="yes" endtime="20190211 12:10:52.717" starttime="20190211 12:10:48.368" status="PASS"></status>
</test>
<test name="2.Verify Creating Opportunity and Mapping It With FLTender" id="s1-s1-s1-t2">
<kw library="com.KTOC.TRB.testautomation.Keywords.Keywords" name="Create Opportunity OR Search Opportunity">
<msg level="INFO" timestamp="20190211 12:11:26.242">Opportunity Name:KOFCOL TRB SFA entered in Search box
KOFCOL TRB SFA has been clicked</msg>
<status endtime="20190211 12:11:26.253" starttime="20190211 12:10:52.746" status="PASS"></status>
</kw>
<status critical="yes" endtime="20190211 12:11:26.271" starttime="20190211 12:10:52.737" status="PASS"></status>
</test>
<test name="3.Verify Tender Created Successfully for Elevator" id="s1-s1-s1-t3">
<kw library="com.KTOC.TRB.testautomation.Keywords.Keywords" name="Navigateto KTOCTRB">
<msg level="INFO" timestamp="20190211 12:11:37.889">Release 1723 is Selected
Clicked on OK button</msg>
<status endtime="20190211 12:11:37.895" starttime="20190211 12:11:26.311" status="PASS"></status>
</kw>
<kw library="com.KTOC.TRB.testautomation.Keywords.Keywords" name="Add Equipment ID Elevator">
<msg level="INFO" timestamp="20190211 12:12:27.055">10503512 EquipmentID entered
Equipment loader clicked
checkbox clicked
Change button clicked</msg>
<status endtime="20190211 12:12:27.059" starttime="20190211 12:11:37.904" status="PASS"></status>
</kw>
<kw library="com.KTOC.TRB.testautomation.Keywords.Keywords" name="Check Hand Over Date Is Greater Than Installation Date">
<msg level="INFO" timestamp="20190211 12:12:27.828">Project clicked
Current MS5HO Date: 25/07/2020
MS5HODate Changed to: 27/07/2020</msg>
<status endtime="20190211 12:12:27.832" starttime="20190211 12:12:27.063" status="PASS"></status>
</kw>
<kw library="com.KTOC.TRB.testautomation.Keywords.Keywords" name="Check Sales Officeis Selected">
<msg level="INFO" timestamp="20190211 12:12:29.059">SalesOffice value VB FRRW Selected</msg>
<status endtime="20190211 12:12:29.083" starttime="20190211 12:12:27.845" status="PASS"></status>
</kw>
<kw library="com.KTOC.TRB.testautomation.Keywords.Keywords" name="Additionalfieldsin Project Overviewfor Canada">
<status endtime="20190211 12:12:29.126" starttime="20190211 12:12:29.097" status="PASS"></status>
</kw>
<kw library="com.KTOC.TRB.testautomation.Keywords.Keywords" name="Select Supervisor">
<msg level="INFO" timestamp="20190211 12:12:30.965">06114080 selected in Supervisor</msg>
<status endtime="20190211 12:12:30.977" starttime="20190211 12:12:29.141" status="PASS"></status>
</kw>
<kw library="com.KTOC.TRB.testautomation.Keywords.Keywords" name="Select Equipment In Service">
<msg level="INFO" timestamp="20190211 12:12:33.743">LIS Elevator is clicked in Equipment InService
HydraulicElevCheck clicked</msg>
<status endtime="20190211 12:12:33.757" starttime="20190211 12:12:30.987" status="PASS"></status>
</kw>
<kw library="com.KTOC.TRB.testautomation.Keywords.Keywords" name="Select Template To Be Uploaded">
<msg level="INFO" timestamp="20190211 12:12:37.332">Rightclick performed on Equipment
Open Templates clicked
Automation_Template_002 Entered in search
Shared templates radio button Clicked
Automation_Template_002 Template Clicked</msg>
<status endtime="20190211 12:12:37.336" starttime="20190211 12:12:33.764" status="PASS"></status>
</kw>
<kw library="com.KTOC.TRB.testautomation.Keywords.Keywords" name="Verify Tender Consistency">
<msg level="INFO" timestamp="20190211 12:12:42.147">PASS: Tender is Consistent, value:url("https://ktoc-ca3.kone.com/camosHTML5Client/cH5C/SMG?i=cad9a93f6c879df1ed1373d2853634026ff3224f&amp;w=16&amp;h=16")
PASS: Tender is Consistent, value:url("https://ktoc-ca3.kone.com/camosHTML5Client/cH5C/SMG?i=cad9a93f6c879df1ed1373d2853634026ff3224f&amp;w=16&amp;h=16")
PASS: Tender is Consistent, value:url("https://ktoc-ca3.kone.com/camosHTML5Client/cH5C/SMG?i=cad9a93f6c879df1ed1373d2853634026ff3224f&amp;w=16&amp;h=16")
PASS: Tender is Consistent, value:url("https://ktoc-ca3.kone.com/camosHTML5Client/cH5C/SMG?i=cad9a93f6c879df1ed1373d2853634026ff3224f&amp;w=16&amp;h=16")
PASS: Tender is Consistent, value:url("https://ktoc-ca3.kone.com/camosHTML5Client/cH5C/SMG?i=cad9a93f6c879df1ed1373d2853634026ff3224f&amp;w=16&amp;h=16")
PASS: Tender is Consistent, value:url("https://ktoc-ca3.kone.com/camosHTML5Client/cH5C/SMG?i=cad9a93f6c879df1ed1373d2853634026ff3224f&amp;w=16&amp;h=16")
PASS: Tender is Consistent, value:url("https://ktoc-ca3.kone.com/camosHTML5Client/cH5C/SMG?i=cad9a93f6c879df1ed1373d2853634026ff3224f&amp;w=16&amp;h=16")</msg>
<status endtime="20190211 12:12:42.154" starttime="20190211 12:12:37.344" status="PASS"></status>
</kw>
<kw library="com.KTOC.TRB.testautomation.Keywords.Keywords" name="Get Tender Number">
<msg level="INFO" timestamp="20190211 12:12:42.185">Tender # is :T-0002467033</msg>
<status endtime="20190211 12:12:42.187" starttime="20190211 12:12:42.159" status="PASS"></status>
</kw>
<status critical="yes" endtime="20190211 12:12:42.191" starttime="20190211 12:11:26.294" status="PASS"></status>
</test>
<test name="4.Validate TenderPrice Without FirstMaintenance for Elevator" id="s1-s1-s1-t4">
<kw library="com.KTOC.TRB.testautomation.Keywords.Keywords" name="Pricing Icon Click">
<msg level="INFO" timestamp="20190211 12:12:42.561">pricing icon Clicked</msg>
<status endtime="20190211 12:12:42.575" starttime="20190211 12:12:42.199" status="PASS"></status>
</kw>
<kw library="com.KTOC.TRB.testautomation.Keywords.Keywords" name="Check Tender Price After Discount Update">
<arguments>
<arg>10</arg>
<arg>0</arg>
</arguments>
<msg level="INFO" timestamp="20190211 12:12:48.021">Discount entered as: 10
First maintenance: 0 Clicked</msg>
<status endtime="20190211 12:12:48.026" starttime="20190211 12:12:42.593" status="PASS"></status>
</kw>
<status critical="yes" endtime="20190211 12:12:48.032" starttime="20190211 12:12:42.195" status="PASS"></status>
</test>
<test name="5.Check TenderPrice Without FirstMaintenance for Elevator" id="s1-s1-s1-t5">
<kw library="com.KTOC.TRB.testautomation.Keywords.Keywords" name="Get Target Price">
<msg level="INFO" timestamp="20190211 12:12:48.662">TargetPrice:3860.7
Firstmaintenance:0.0
Discount:10.0
*** TenderPriceFinal:3474.63 / CurrentTenderPrice:3474.63 ***
*** null Added in TenderPrice hence TenderPriceFinal VS TenderPrice shown in Application is: true ***</msg>
<status endtime="20190211 12:12:48.664" starttime="20190211 12:12:48.043" status="PASS"></status>
</kw>
<status critical="yes" endtime="20190211 12:12:48.667" starttime="20190211 12:12:48.038" status="PASS"></status>
</test>
<test name="6.Validate Discount Without FirstMaintenance for Elevator" id="s1-s1-s1-t6">
<kw library="com.KTOC.TRB.testautomation.Keywords.Keywords" name="Verify Discount By Changing The Tender Price">
<arguments>
<arg>3600</arg>
<arg>0</arg>
</arguments>
<msg level="INFO" timestamp="20190211 12:12:51.542">TenderPrice entered as: 3600
First maintenance: 0 Clicked</msg>
<status endtime="20190211 12:12:51.545" starttime="20190211 12:12:48.677" status="PASS"></status>
</kw>
<status critical="yes" endtime="20190211 12:12:51.550" starttime="20190211 12:12:48.672" status="PASS"></status>
</test>
<test name="7.Check Discount Without FirstMaintenance for Elevator" id="s1-s1-s1-t7">
<kw library="com.KTOC.TRB.testautomation.Keywords.Keywords" name="Get Target Price">
<msg level="INFO" timestamp="20190211 12:12:52.300">TargetPrice:3860.7
Firstmaintenance:0.0
TenderPrice:3600.0
DiscountFinal:6.75 / Discount shown in Application:6.75
*** null Added in CalculatedDiscountFinal hence DiscountFinal VS Discount shown in Application is: true ***</msg>
<status endtime="20190211 12:12:52.304" starttime="20190211 12:12:51.559" status="PASS"></status>
</kw>
<status critical="yes" endtime="20190211 12:12:52.308" starttime="20190211 12:12:51.555" status="PASS"></status>
</test>
<test name="8.Validate TenderPrice With FirstMaintenance for Elevator" id="s1-s1-s1-t8">
<kw library="com.KTOC.TRB.testautomation.Keywords.Keywords" name="Check Tender Price After Discount Update">
<arguments>
<arg>11</arg>
<arg>3</arg>
</arguments>
<msg level="INFO" timestamp="20190211 12:12:55.814">Discount entered as: 11
First maintenance: 3 Clicked</msg>
<status endtime="20190211 12:12:55.817" starttime="20190211 12:12:52.320" status="PASS"></status>
</kw>
<status critical="yes" endtime="20190211 12:12:55.822" starttime="20190211 12:12:52.314" status="PASS"></status>
</test>
<test name="9.Check TenderPrice With FirstMaintenance for Elevator" id="s1-s1-s1-t9">
<kw library="com.KTOC.TRB.testautomation.Keywords.Keywords" name="Get Target Price">
<msg level="INFO" timestamp="20190211 12:12:56.592">TargetPrice:4260.7
Firstmaintenance:400.0
Discount:11.0
*** TenderPriceFinal:3836.02 / CurrentTenderPrice:3836.02 ***
*** null Added in TenderPrice hence TenderPriceFinal VS TenderPrice shown in Application is: true ***</msg>
<status endtime="20190211 12:12:56.596" starttime="20190211 12:12:55.834" status="PASS"></status>
</kw>
<status critical="yes" endtime="20190211 12:12:56.601" starttime="20190211 12:12:55.828" status="PASS"></status>
</test>
<test name="10.Validate Discount With FirstMaintenance for Elevator" id="s1-s1-s1-t10">
<kw library="com.KTOC.TRB.testautomation.Keywords.Keywords" name="Verify Discount By Changing The Tender Price">
<arguments>
<arg>4100</arg>
<arg>4</arg>
</arguments>
<msg level="INFO" timestamp="20190211 12:12:59.563">TenderPrice entered as: 4100
First maintenance: 4 Clicked</msg>
<status endtime="20190211 12:12:59.568" starttime="20190211 12:12:56.612" status="PASS"></status>
</kw>
<status critical="yes" endtime="20190211 12:12:59.572" starttime="20190211 12:12:56.606" status="PASS"></status>
</test>
<test name="11.Check Discount With FirstMaintenance for Elevator" id="s1-s1-s1-t11">
<kw library="com.KTOC.TRB.testautomation.Keywords.Keywords" name="Get Target Price">
<msg level="INFO" timestamp="20190211 12:13:00.702">TargetPrice:4390.7
Firstmaintenance:530.0
TenderPrice:4230.0
DiscountFinal:4.16 / Discount shown in Application:4.16
*** null Added in CalculatedDiscountFinal hence DiscountFinal VS Discount shown in Application is: true ***</msg>
<status endtime="20190211 12:13:00.704" starttime="20190211 12:12:59.581" status="PASS"></status>
</kw>
<status critical="yes" endtime="20190211 12:13:00.707" starttime="20190211 12:12:59.577" status="PASS"></status>
</test>
<test name="12.Change and Validate Discount With FirstMaintenance for Elevator" id="s1-s1-s1-t12">
<kw library="com.KTOC.TRB.testautomation.Keywords.Keywords" name="Verify Discount By Changing The Tender Price">
<arguments>
<arg>4050</arg>
<arg>3</arg>
</arguments>
<msg level="INFO" timestamp="20190211 12:13:03.108">TenderPrice entered as: 4050
First maintenance: 3 Clicked</msg>
<status endtime="20190211 12:13:03.111" starttime="20190211 12:13:00.715" status="PASS"></status>
</kw>
<status critical="yes" endtime="20190211 12:13:03.113" starttime="20190211 12:13:00.711" status="PASS"></status>
</test>
<test name="13.Check Changed Discount With FirstMaintenance for Elevator" id="s1-s1-s1-t13">
<kw library="com.KTOC.TRB.testautomation.Keywords.Keywords" name="Get Target Price">
<msg level="INFO" timestamp="20190211 12:13:04.255">TargetPrice:4260.7
Firstmaintenance:400.0
TenderPrice:3920.0
DiscountFinal:8.82 / Discount shown in Application:8.82
*** null Added in CalculatedDiscountFinal hence DiscountFinal VS Discount shown in Application is: true ***</msg>
<status endtime="20190211 12:13:04.261" starttime="20190211 12:13:03.122" status="PASS"></status>
</kw>
<status critical="yes" endtime="20190211 12:13:04.263" starttime="20190211 12:13:03.118" status="PASS"></status>
</test>
<test name="14.Check Regional Factor At SalesOffice Level for Elevator" id="s1-s1-s1-t14">
<kw library="com.KTOC.TRB.testautomation.Keywords.Keywords" name="Verify Regional Discount Displayed Correctly">
<msg level="INFO" timestamp="20190211 12:13:04.916">Additional Discount Icon CLICKED</msg>
<status endtime="20190211 12:13:04.918" starttime="20190211 12:13:04.272" status="PASS"></status>
</kw>
<kw library="com.KTOC.TRB.testautomation.Keywords.Keywords" name="Verify Target Price Displayed Correctly">
<msg level="INFO" timestamp="20190211 12:13:12.894">Ropes_calculatedRegionaldiscountoncomponent =203.19 / read_Regionaldiscountoncomponent =203.19
*** is calculated_Regionaldiscountoncomponent vs read_Regionaldiscountoncomponent equal: true
read_Ropes_Regional discount on component (%)=5.0 / testdata_regionalDiscount:5.0
***is read_Ropes_Regional discount on component (%) VS testdata_regionalDiscount equal:true
Solution 2_calculated_Regionaldiscountoncomponent % =4.55 / read_Solution 2_Regional discount on component (%)=4.55
*** is calculated_Regionaldiscountoncomponent % vs read_Regionaldiscountoncomponent % equal = true
Solution 2_calculated_TargetPrice =4260.68 / read_Solution 2_Target Price=4260.70
*** +0.02 Added in calculated_TargetPrice hence calculated_TargetPrice VS read_TargetPrice shown in Application is: true</msg>
<status endtime="20190211 12:13:12.913" starttime="20190211 12:13:04.921" status="PASS"></status>
</kw>
<status critical="yes" endtime="20190211 12:13:12.923" starttime="20190211 12:13:04.269" status="PASS"></status>
</test>
<test name="15.Check Regional Factor When SalesOffice Is Changed for Elevator" id="s1-s1-s1-t15">
<kw library="com.KTOC.TRB.testautomation.Keywords.Keywords" name="Goto Configuration Pageand Change The Sales Office">
<msg level="INFO" timestamp="20190211 12:13:17.007">ToConfiguration icon clicked
Project clicked
SalesOffice value VB FRPP Selected
pricing icon Clicked</msg>
<status endtime="20190211 12:13:17.010" starttime="20190211 12:13:12.963" status="PASS"></status>
</kw>
<kw library="com.KTOC.TRB.testautomation.Keywords.Keywords" name="Verify Regional Discount Displayed Correctly">
<msg level="INFO" timestamp="20190211 12:13:20.099">Additional Discount Icon CLICKED</msg>
<status endtime="20190211 12:13:20.102" starttime="20190211 12:13:17.014" status="PASS"></status>
</kw>
<kw library="com.KTOC.TRB.testautomation.Keywords.Keywords" name="Verify Target Price Displayed Correctly">
<msg level="INFO" timestamp="20190211 12:13:27.899">Ropes_calculatedRegionaldiscountoncomponent =-160.55 / read_Regionaldiscountoncomponent =-160.55
*** is calculated_Regionaldiscountoncomponent vs read_Regionaldiscountoncomponent equal: true
read_Ropes_Regional discount on component (%)=-4.0 / testdata_regionalDiscount:-4.0
***is read_Ropes_Regional discount on component (%) VS testdata_regionalDiscount equal:true
Solution 2_calculated_Regionaldiscountoncomponent % =-3.64 / read_Solution 2_Regional discount on component (%)=-3.64
*** is calculated_Regionaldiscountoncomponent % vs read_Regionaldiscountoncomponent % equal = true
Solution 2_calculated_TargetPrice =4574.19 / read_Solution 2_Target Price=4574.19
*** null Added in calculated_TargetPrice hence calculated_TargetPrice VS read_TargetPrice shown in Application is: true</msg>
<status endtime="20190211 12:13:27.910" starttime="20190211 12:13:20.105" status="PASS"></status>
</kw>
<status critical="yes" endtime="20190211 12:13:27.914" starttime="20190211 12:13:12.952" status="PASS"></status>
</test>
<test name="16 Verify ITEFactorValue and LaborRateValue IsTaken From SalesOffice for Elevator" id="s1-s1-s1-t16">
<kw library="com.KTOC.TRB.testautomation.Keywords.Keywords" name="Goto Configuration Pageand Change The Primary Sales Office">
<arguments>
<arg>france</arg>
<arg>\\TestData\\KTOCTRB_AutomationTestData.xlsx</arg>
</arguments>
<msg level="INFO" timestamp="20190211 12:13:31.034">ToConfiguration icon clicked
Project clicked
SalesOffice value VB FRRW Selected
pricing icon Clicked</msg>
<status endtime="20190211 12:13:31.042" starttime="20190211 12:13:27.925" status="PASS"></status>
</kw>
<kw library="com.KTOC.TRB.testautomation.Keywords.Keywords" name="Validate Detail Breakdown Tab">
<msg level="INFO" timestamp="20190211 12:13:41.816">Detailed breakdown Clicked
ROPES CLICKED
Show TotalCost Calculation Details CLICKED
check_showtotal_ITEfactor:2.00 / showtotal_ITEfactor:2.00
check_showtotal_Referencehours:11.16 / showtotal_Referencehours:11.16
check_showtotal_Labourrate:61.90 / showtotal_Labourrate:61.90
LabourRate:61.90 / showtotal_Labourrate:61.90
*** is_showtotal_ITEfactor: true *** / is_Labourrate: true *** / is_showtotal_Labourrate: true *** / is_showtotal_Referencehours: true ***</msg>
<status endtime="20190211 12:13:41.821" starttime="20190211 12:13:31.050" status="PASS"></status>
</kw>
<status critical="yes" endtime="20190211 12:13:41.824" starttime="20190211 12:13:27.920" status="PASS"></status>
</test>
<test name="17 Verify ITEFactorValue and LaborRateValue IsTaken From Changed SalesOffice for Elevator" id="s1-s1-s1-t17">
<kw library="com.KTOC.TRB.testautomation.Keywords.Keywords" name="Goto Configuration Pageand Change The Sales Office">
<msg level="INFO" timestamp="20190211 12:13:45.123">ToConfiguration icon clicked
Project clicked
SalesOffice value VB FRPP Selected
pricing icon Clicked</msg>
<status endtime="20190211 12:13:45.130" starttime="20190211 12:13:41.831" status="PASS"></status>
</kw>
<kw library="com.KTOC.TRB.testautomation.Keywords.Keywords" name="Validate Detail Breakdown Tab">
<msg level="INFO" timestamp="20190211 12:14:42.524">Detailed breakdown Clicked
ROPES CLICKED
Show TotalCost Calculation Details CLICKED
check_showtotal_ITEfactor:2.00 / showtotal_ITEfactor:2.00
check_showtotal_Referencehours:11.16 / showtotal_Referencehours:11.16
check_showtotal_Labourrate:61.00 / showtotal_Labourrate:61.00
LabourRate:61.00 / showtotal_Labourrate:61.00
*** is_showtotal_ITEfactor: true *** / is_Labourrate: true *** / is_showtotal_Labourrate: true *** / is_showtotal_Referencehours: true ***</msg>
<status endtime="20190211 12:14:42.529" starttime="20190211 12:13:45.135" status="PASS"></status>
</kw>
<status critical="yes" endtime="20190211 12:14:42.533" starttime="20190211 12:13:41.827" status="PASS"></status>
</test>
<test name="18.Check Cost Calculated Correctly When The Tender Currency Is Different From SLCurrency for Elevator" id="s1-s1-s1-t18">
<kw library="com.KTOC.TRB.testautomation.Keywords.Keywords" name="Verify Cost Calculated Successfully">
<msg level="INFO" timestamp="20190211 12:14:42.553">*** Currencies Tab is applicable for Australia alone hence skipping TC#10 ***</msg>
<status endtime="20190211 12:14:42.558" starttime="20190211 12:14:42.543" status="PASS"></status>
</kw>
<status critical="yes" endtime="20190211 12:14:42.561" starttime="20190211 12:14:42.537" status="PASS"></status>
</test>
<test name="19.Check Price Calculated Correctly When The Tender Currency Is Different From SLCurrency for Elevator" id="s1-s1-s1-t19">
<kw library="com.KTOC.TRB.testautomation.Keywords.Keywords" name="VerifyPriceCalculatedSuccessfully TobecheckedinFrance">
<msg level="INFO" timestamp="20190211 12:16:42.334">Show TotalCost Calculation Details CLICKED
totalTargetPrice:4174.19 / subtotal_TargetPrice:4174.19
*** is totalTargetPrice vs subtotal_TargetPrice equal: true
totalMaterialcosts=243.93 / subtotal_Materialcosts:243.93
*** null Added in totalMaterialcosts hence totalMaterialcosts vs subtotal_Materialcosts equal: true
totalMaterialcostSLCurrency=243.93 / subtotal_MaterialcostSLCurrency:243.93
*** null Added in totalMaterialcostSLCurrency hence totalMaterialcostSLCurrency vs subtotal_MaterialcostSLCurrency equal: true
totalReferencehours=11.16 / subtotal_Referencehours:11.16
*** is totalReferencehours vs subtotal_Referencehours equal: true
totalInstallationHours=22.32 / subtotal_InstallationHours:22.32
*** is totalInstallationHours vs subtotal_Materialcosts equal: true
totalLaborCosts=1361.52 / subtotal_LaborCosts:1361.52
*** is totalLaborCosts vs subtotal_LaborCosts equal: true
totalFullCosts=1605.45 / subtotal_FullCosts:1605.45
*** is totalFullCosts vs subtotal_FullCosts equal: true
totalTotalCost=1605.45 / subtotal_TotalCost:1605.45
*** is totalTotalCost vs subtotal_TotalCost equal: true
totalTenderPrice=3805.82 / subtotal_TenderPrice:3805.82
*** is totalTenderPrice vs subtotal_TenderPrice equal: true</msg>
<status endtime="20190211 12:16:42.341" starttime="20190211 12:14:42.571" status="PASS"></status>
</kw>
<status critical="yes" endtime="20190211 12:16:42.346" starttime="20190211 12:14:42.565" status="PASS"></status>
</test>
<test name="20.Checking Maximum DiscountLimit Exceeded" id="s1-s1-s1-t20">
<kw library="com.KTOC.TRB.testautomation.Keywords.Keywords" name="Checking Maximum Discount Limit Exceeded">
<arguments>
<arg>6</arg>
</arguments>
<msg level="INFO" timestamp="20190211 12:16:47.215">pricing icon Clicked
Discount entered as: 6
*** Maximum Discount LimitExceed Pop-up didn't appeared ***</msg>
<status endtime="20190211 12:16:47.217" starttime="20190211 12:16:42.354" status="PASS"></status>
</kw>
<status critical="yes" endtime="20190211 12:16:47.219" starttime="20190211 12:16:42.350" status="PASS"></status>
</test>
<test name="21.Check TenderLetter Is generated Correctly With All The components" id="s1-s1-s1-t21">
<kw library="com.KTOC.TRB.testautomation.Keywords.Keywords" name="Go To Documents Taband Click The Tender">
<msg level="INFO" timestamp="20190211 12:16:50.641">ToWord icon clicked</msg>
<status endtime="20190211 12:16:50.648" starttime="20190211 12:16:47.229" status="PASS"></status>
</kw>
<kw library="com.KTOC.TRB.testautomation.Keywords.Keywords" name="Verify Successful Message Displayed">
<msg level="INFO" timestamp="20190211 12:16:54.375">Create PrintOut icon clicked
No clicked in Do you want to freeze printed version?</msg>
<status endtime="20190211 12:16:54.381" starttime="20190211 12:16:50.654" status="PASS"></status>
</kw>
<status critical="yes" endtime="20190211 12:16:54.387" starttime="20190211 12:16:47.224" status="PASS"></status>
</test>
<test name="22.Close KTOC" id="s1-s1-s1-t22">
<kw library="com.KTOC.TRB.testautomation.Keywords.Keywords" name="Click Saveand Close Button">
<msg level="INFO" timestamp="20190211 12:16:59.399">SaveandClose icon CLICKED
Yes CLICKED in SaveandClose
Automation Test Description entered in Description field in stage / Probability window</msg>
<status endtime="20190211 12:16:59.404" starttime="20190211 12:16:54.396" status="PASS"></status>
</kw>
<status critical="yes" endtime="20190211 12:16:59.412" starttime="20190211 12:16:54.393" status="PASS"></status>
</test>
<test name="23.Verify Total SalesPrice With SF Product Information" id="s1-s1-s1-t23">
<kw library="com.KTOC.TRB.testautomation.Keywords.Keywords" name="Compare Sales Pricebetween Tender Pageand Salesforce">
<msg level="INFO" timestamp="20190211 12:17:20.777">Tender Price:3920.0 / Final_SalesPrice:400.0
is TRB TenderPrice VS Salesforce TenderPrice equal:false ***</msg>
<msg level="INFO" html="yes" timestamp="20190211 12:17:20.778">&lt;a href='C:\Users\con_svijay02\KTOC-TRB-Automation\KTOC_TRB_TestAutomation\Screenshots\11Feb2019_12_17_20PM\SS_11Feb2019_12_17_20PM_TenderPrice not equal in compareSalesPricebetweenTenderPageandSalesforce for SingleEquipment.png' target='_blank'&gt;&lt;img src='C:\Users\con_svijay02\KTOC-TRB-Automation\KTOC_TRB_TestAutomation\Screenshots\11Feb2019_12_17_20PM\SS_11Feb2019_12_17_20PM_TenderPrice not equal in compareSalesPricebetweenTenderPageandSalesforce for SingleEquipment.png' style='width:80%; height: auto;'/&gt;&lt;/a&gt;</msg>
<msg level="FAIL" timestamp="20190211 12:17:20.828">IllegalStateException: failure 'Get SalesPrice from SalesForce Failed due to: java.lang.IllegalStateException: failure 'Failed due to TenderPrice not equal in Get SalesPrice from SalesForce''</msg>
<status endtime="20190211 12:17:20.834" starttime="20190211 12:16:59.434" status="FAIL"></status>
</kw>
<status critical="yes" endtime="20190211 12:17:20.839" starttime="20190211 12:16:59.423" status="FAIL">IllegalStateException: failure 'Get SalesPrice from SalesForce Failed due to: java.lang.IllegalStateException: failure 'Failed due to TenderPrice not equal in Get SalesPrice from SalesForce''</status>
</test>
<status endtime="20190211 12:17:20.902" starttime="20190211 12:10:35.225" status="FAIL"></status>
</suite>
<status endtime="20190211 12:17:21.289" starttime="20190211 12:10:35.196" status="FAIL"></status>
</suite>
<status endtime="20190211 12:17:21.395" starttime="20190211 12:10:34.828" status="FAIL"></status>
</suite>
<statistics>
<total>
<stat pass="22" fail="1">Critical Tests</stat>
<stat pass="22" fail="1">All Tests</stat>
</total>
<tag>
</tag>
<suite>
<stat pass="22" fail="1" name="KTOC TRB TestAutomation" id="s1">KTOC TRB TestAutomation</stat>
<stat pass="22" fail="1" name="TestSuites" id="s1-s1">KTOC TRB TestAutomation.TestSuites</stat>
<stat pass="22" fail="1" name="RegressionKTOC TRB France" id="s1-s1-s1">KTOC TRB TestAutomation.TestSuites.RegressionKTOC TRB France</stat>
</suite>
</statistics>
<errors>
</errors>
</robot>
