<?xml version="1.0" encoding="UTF-8"?>
<robot generator="Robot 3.0.4 (Jython 2.7.0 on java1.8.0_181)" generated="20190304 10:41:14.532">
<suite source="C:\Users\con_svijay02\KTOC-TRB-Automation\KTOC_TRB_TestAutomation" name="KTOC TRB TestAutomation" id="s1">
<suite source="C:\Users\con_svijay02\KTOC-TRB-Automation\KTOC_TRB_TestAutomation\TestSuites" name="TestSuites" id="s1-s1">
<suite source="C:\Users\con_svijay02\KTOC-TRB-Automation\KTOC_TRB_TestAutomation\TestSuites\RegressionKTOC_TRB_France.robot" name="RegressionKTOC TRB France" id="s1-s1-s1">
<kw type="setup" library="com.KTOC.TRB.testautomation.Keywords.Keywords" name="Launch Browser">
<arguments>
<arg>france</arg>
<arg>\\TestData\\KTOCTRB_AutomationTestData.xlsx</arg>
</arguments>
<msg level="INFO" timestamp="20190304 10:41:30.674">1551676280667	mozrunner::runner	INFO	Running command: "C:\\Program Files\\Mozilla Firefox\\firefox.exe" "-marionette" "-foreground" "-no-remote" "-profile" "C:\\Users\\CON_SV~1\\AppData\\Local\\Temp\\rust_mozprofile.kVowBabNp03S"
1551676283627	Marionette	INFO	Listening on port 53817
1551676283929	Marionette	WARN	TLS certificate errors will be ignored for this session
Mar 04, 2019 10:41:24 AM org.openqa.selenium.remote.ProtocolHandshake createSession
INFO: Detected dialect: W3C</msg>
<status endtime="20190304 10:41:30.695" starttime="20190304 10:41:16.706" status="PASS"></status>
</kw>
<test name="1.Logon To Salesforce" id="s1-s1-s1-t1">
<kw library="com.KTOC.TRB.testautomation.Keywords.Keywords" name="Loginto Salesforce">
<status endtime="20190304 10:41:36.340" starttime="20190304 10:41:30.741" status="PASS"></status>
</kw>
<status critical="yes" endtime="20190304 10:41:36.364" starttime="20190304 10:41:30.724" status="PASS"></status>
</test>
<test name="2.Verify Creating Opportunity and Mapping It With FLTender" id="s1-s1-s1-t2">
<kw library="com.KTOC.TRB.testautomation.Keywords.Keywords" name="Create Opportunity OR Search Opportunity">
<msg level="INFO" timestamp="20190304 10:42:10.597">Opportunity Name:AUTOMATION TRB SFA entered in Search box
AUTOMATION TRB SFA has been clicked</msg>
<status endtime="20190304 10:42:10.612" starttime="20190304 10:41:36.422" status="PASS"></status>
</kw>
<status critical="yes" endtime="20190304 10:42:10.628" starttime="20190304 10:41:36.398" status="PASS"></status>
</test>
<test name="3.Verify Tender Created Successfully for Elevator" id="s1-s1-s1-t3">
<kw library="com.KTOC.TRB.testautomation.Keywords.Keywords" name="Navigateto KTOCTRB">
<msg level="INFO" timestamp="20190304 10:42:32.923">Release 1723 is Selected
Clicked on OK button</msg>
<status endtime="20190304 10:42:32.928" starttime="20190304 10:42:10.689" status="PASS"></status>
</kw>
<kw library="com.KTOC.TRB.testautomation.Keywords.Keywords" name="Add Equipment ID Elevator">
<msg level="INFO" timestamp="20190304 10:43:20.117">10503512 EquipmentID entered
Equipment loader clicked
checkbox clicked
Change button clicked</msg>
<status endtime="20190304 10:43:20.123" starttime="20190304 10:42:32.934" status="PASS"></status>
</kw>
<kw library="com.KTOC.TRB.testautomation.Keywords.Keywords" name="Check Hand Over Date Is Greater Than Installation Date">
<msg level="INFO" timestamp="20190304 10:43:23.984">Project clicked
MS5HODatetoChange:04/26/2020
Current MS5HO Date: 2/26/2020
MS5HODate Changed to: 04/26/2020</msg>
<status endtime="20190304 10:43:23.990" starttime="20190304 10:43:20.128" status="PASS"></status>
</kw>
<kw library="com.KTOC.TRB.testautomation.Keywords.Keywords" name="Check Sales Officeis Selected">
<msg level="INFO" timestamp="20190304 10:43:26.128">SalesOffice value VB FRRW Selected</msg>
<status endtime="20190304 10:43:26.131" starttime="20190304 10:43:23.996" status="PASS"></status>
</kw>
<kw library="com.KTOC.TRB.testautomation.Keywords.Keywords" name="Additionalfieldsin Project Overviewfor Canada">
<status endtime="20190304 10:43:26.145" starttime="20190304 10:43:26.135" status="PASS"></status>
</kw>
<kw library="com.KTOC.TRB.testautomation.Keywords.Keywords" name="Select Supervisor">
<msg level="INFO" timestamp="20190304 10:43:28.462">06114080 selected in Supervisor</msg>
<status endtime="20190304 10:43:28.472" starttime="20190304 10:43:26.151" status="PASS"></status>
</kw>
<kw library="com.KTOC.TRB.testautomation.Keywords.Keywords" name="Select Equipment In Service">
<msg level="INFO" timestamp="20190304 10:43:30.999">LIS Elevator is clicked in Equipment InService
HydraulicElevCheck clicked</msg>
<status endtime="20190304 10:43:31.008" starttime="20190304 10:43:28.482" status="PASS"></status>
</kw>
<kw library="com.KTOC.TRB.testautomation.Keywords.Keywords" name="Select Template To Be Uploaded">
<msg level="INFO" timestamp="20190304 10:43:37.084">Rightclick performed on Equipment
Open Templates clicked
AutomationSFA Entered in search
Shared templates radio button Clicked
AutomationSFA Template Clicked</msg>
<status endtime="20190304 10:43:37.091" starttime="20190304 10:43:31.018" status="PASS"></status>
</kw>
<kw library="com.KTOC.TRB.testautomation.Keywords.Keywords" name="Verify Tender Consistency">
<msg level="INFO" timestamp="20190304 10:43:55.617">PASS: Tender is Consistent, value:url("https://ktoc-ca3.kone.com/camosHTML5Client/cH5C/SMG?i=cad9a93f6c879df1ed1373d2853634026ff3224f&amp;w=16&amp;h=16")
PASS: Tender is Consistent, value:url("https://ktoc-ca3.kone.com/camosHTML5Client/cH5C/SMG?i=cad9a93f6c879df1ed1373d2853634026ff3224f&amp;w=16&amp;h=16")
PASS: Tender is Consistent, value:url("https://ktoc-ca3.kone.com/camosHTML5Client/cH5C/SMG?i=cad9a93f6c879df1ed1373d2853634026ff3224f&amp;w=16&amp;h=16")
PASS: Tender is Consistent, value:url("https://ktoc-ca3.kone.com/camosHTML5Client/cH5C/SMG?i=cad9a93f6c879df1ed1373d2853634026ff3224f&amp;w=16&amp;h=16")
PASS: Tender is Consistent, value:url("https://ktoc-ca3.kone.com/camosHTML5Client/cH5C/SMG?i=cad9a93f6c879df1ed1373d2853634026ff3224f&amp;w=16&amp;h=16")
PASS: Tender is Consistent, value:url("https://ktoc-ca3.kone.com/camosHTML5Client/cH5C/SMG?i=cad9a93f6c879df1ed1373d2853634026ff3224f&amp;w=16&amp;h=16")
PASS: Tender is Consistent, value:url("https://ktoc-ca3.kone.com/camosHTML5Client/cH5C/SMG?i=cad9a93f6c879df1ed1373d2853634026ff3224f&amp;w=16&amp;h=16")</msg>
<status endtime="20190304 10:43:55.621" starttime="20190304 10:43:37.100" status="PASS"></status>
</kw>
<kw library="com.KTOC.TRB.testautomation.Keywords.Keywords" name="Get Tender Number">
<msg level="INFO" timestamp="20190304 10:43:55.646">Tender # is :T-0002463494</msg>
<status endtime="20190304 10:43:55.649" starttime="20190304 10:43:55.625" status="PASS"></status>
</kw>
<status critical="yes" endtime="20190304 10:43:55.652" starttime="20190304 10:42:10.655" status="PASS"></status>
</test>
<test name="4.Validate TenderPrice Without FirstMaintenance for Elevator" id="s1-s1-s1-t4">
<kw library="com.KTOC.TRB.testautomation.Keywords.Keywords" name="Pricing Icon Click">
<msg level="INFO" timestamp="20190304 10:43:55.969">pricing icon Clicked</msg>
<status endtime="20190304 10:43:55.977" starttime="20190304 10:43:55.663" status="PASS"></status>
</kw>
<kw library="com.KTOC.TRB.testautomation.Keywords.Keywords" name="Check Tender Price After Discount Update">
<arguments>
<arg>5</arg>
<arg>0</arg>
</arguments>
<msg level="INFO" timestamp="20190304 10:44:03.179">Discount entered as: 5
First maintenance: 0 Clicked</msg>
<status endtime="20190304 10:44:03.187" starttime="20190304 10:43:55.987" status="PASS"></status>
</kw>
<status critical="yes" endtime="20190304 10:44:03.193" starttime="20190304 10:43:55.658" status="PASS"></status>
</test>
<test name="5.Check TenderPrice Without FirstMaintenance for Elevator" id="s1-s1-s1-t5">
<kw library="com.KTOC.TRB.testautomation.Keywords.Keywords" name="Get Target Price">
<msg level="INFO" timestamp="20190304 10:44:03.962">TargetPrice:3098.71
Firstmaintenance:0.0
Discount:5.0
*** TenderPriceFinal:2943.77 / CurrentTenderPrice:2943.77 ***
*** null Added in TenderPrice hence TenderPriceFinal VS TenderPrice shown in Application is: true ***</msg>
<status endtime="20190304 10:44:03.966" starttime="20190304 10:44:03.210" status="PASS"></status>
</kw>
<status critical="yes" endtime="20190304 10:44:03.984" starttime="20190304 10:44:03.201" status="PASS"></status>
</test>
<test name="6.Validate Discount Without FirstMaintenance for Elevator" id="s1-s1-s1-t6">
<kw library="com.KTOC.TRB.testautomation.Keywords.Keywords" name="Verify Discount By Changing The Tender Price">
<arguments>
<arg>2900</arg>
<arg>0</arg>
</arguments>
<msg level="INFO" timestamp="20190304 10:44:07.352">TenderPrice entered as: 2900
First maintenance: 0 Clicked</msg>
<status endtime="20190304 10:44:07.355" starttime="20190304 10:44:04.014" status="PASS"></status>
</kw>
<status critical="yes" endtime="20190304 10:44:07.358" starttime="20190304 10:44:04.003" status="PASS"></status>
</test>
<test name="7.Check Discount Without FirstMaintenance for Elevator" id="s1-s1-s1-t7">
<kw library="com.KTOC.TRB.testautomation.Keywords.Keywords" name="Get Target Price">
<msg level="INFO" timestamp="20190304 10:44:08.073">TargetPrice:3098.71
Firstmaintenance:0.0
TenderPrice:2900.0
DiscountFinal:6.41 / Discount shown in Application:6.41
*** null Added in CalculatedDiscountFinal hence DiscountFinal VS Discount shown in Application is: true ***</msg>
<status endtime="20190304 10:44:08.078" starttime="20190304 10:44:07.368" status="PASS"></status>
</kw>
<status critical="yes" endtime="20190304 10:44:08.083" starttime="20190304 10:44:07.364" status="PASS"></status>
</test>
<test name="8.Validate TenderPrice With FirstMaintenance for Elevator" id="s1-s1-s1-t8">
<kw library="com.KTOC.TRB.testautomation.Keywords.Keywords" name="Check Tender Price After Discount Update">
<arguments>
<arg>7</arg>
<arg>3</arg>
</arguments>
<msg level="INFO" timestamp="20190304 10:44:12.650">Discount entered as: 7
First maintenance: 3 Clicked</msg>
<status endtime="20190304 10:44:12.655" starttime="20190304 10:44:08.097" status="PASS"></status>
</kw>
<status critical="yes" endtime="20190304 10:44:12.661" starttime="20190304 10:44:08.090" status="PASS"></status>
</test>
<test name="9.Check TenderPrice With FirstMaintenance for Elevator" id="s1-s1-s1-t9">
<kw library="com.KTOC.TRB.testautomation.Keywords.Keywords" name="Get Target Price">
<msg level="INFO" timestamp="20190304 10:44:13.598">TargetPrice:3498.71
Firstmaintenance:400.0
Discount:7.0
*** TenderPriceFinal:3281.80 / CurrentTenderPrice:3281.8 ***
*** null Added in TenderPrice hence TenderPriceFinal VS TenderPrice shown in Application is: true ***</msg>
<status endtime="20190304 10:44:13.602" starttime="20190304 10:44:12.678" status="PASS"></status>
</kw>
<status critical="yes" endtime="20190304 10:44:13.605" starttime="20190304 10:44:12.672" status="PASS"></status>
</test>
<test name="10.Validate Discount With FirstMaintenance for Elevator" id="s1-s1-s1-t10">
<kw library="com.KTOC.TRB.testautomation.Keywords.Keywords" name="Verify Discount By Changing The Tender Price">
<arguments>
<arg>3200</arg>
<arg>6</arg>
</arguments>
<msg level="INFO" timestamp="20190304 10:44:16.907">TenderPrice entered as: 3200
First maintenance: 6 Clicked</msg>
<status endtime="20190304 10:44:16.912" starttime="20190304 10:44:13.621" status="PASS"></status>
</kw>
<status critical="yes" endtime="20190304 10:44:16.915" starttime="20190304 10:44:13.611" status="PASS"></status>
</test>
<test name="11.Check Discount With FirstMaintenance for Elevator" id="s1-s1-s1-t11">
<kw library="com.KTOC.TRB.testautomation.Keywords.Keywords" name="Get Target Price">
<msg level="INFO" timestamp="20190304 10:44:18.156">TargetPrice:3898.71
Firstmaintenance:800.0
TenderPrice:3600.0
DiscountFinal:9.64 / Discount shown in Application:9.64
*** null Added in CalculatedDiscountFinal hence DiscountFinal VS Discount shown in Application is: true ***</msg>
<status endtime="20190304 10:44:18.158" starttime="20190304 10:44:16.923" status="PASS"></status>
</kw>
<status critical="yes" endtime="20190304 10:44:18.161" starttime="20190304 10:44:16.920" status="PASS"></status>
</test>
<test name="12.Change and Validate Discount With FirstMaintenance for Elevator" id="s1-s1-s1-t12">
<kw library="com.KTOC.TRB.testautomation.Keywords.Keywords" name="Verify Discount By Changing The Tender Price">
<arguments>
<arg>3800</arg>
<arg>3</arg>
</arguments>
<msg level="INFO" timestamp="20190304 10:44:20.717">TenderPrice entered as: 3800
First maintenance: 3 Clicked</msg>
<status endtime="20190304 10:44:20.719" starttime="20190304 10:44:18.168" status="PASS"></status>
</kw>
<status critical="yes" endtime="20190304 10:44:20.722" starttime="20190304 10:44:18.165" status="PASS"></status>
</test>
<test name="13.Check Changed Discount With FirstMaintenance for Elevator" id="s1-s1-s1-t13">
<kw library="com.KTOC.TRB.testautomation.Keywords.Keywords" name="Get Target Price">
<msg level="INFO" timestamp="20190304 10:44:22.127">TargetPrice:3498.71
Firstmaintenance:400.0
TenderPrice:3400.0
DiscountFinal:3.19 / Discount shown in Application:3.19
*** null Added in CalculatedDiscountFinal hence DiscountFinal VS Discount shown in Application is: true ***</msg>
<status endtime="20190304 10:44:22.131" starttime="20190304 10:44:20.729" status="PASS"></status>
</kw>
<status critical="yes" endtime="20190304 10:44:22.134" starttime="20190304 10:44:20.726" status="PASS"></status>
</test>
<test name="14.Check Regional Factor At SalesOffice Level for Elevator" id="s1-s1-s1-t14">
<kw library="com.KTOC.TRB.testautomation.Keywords.Keywords" name="Verify Regional Discount Displayed Correctly">
<msg level="INFO" timestamp="20190304 10:44:23.277">Additional Discount Icon CLICKED</msg>
<status endtime="20190304 10:44:23.279" starttime="20190304 10:44:22.146" status="PASS"></status>
</kw>
<kw library="com.KTOC.TRB.testautomation.Keywords.Keywords" name="Verify Target Price Displayed Correctly">
<msg level="INFO" timestamp="20190304 10:44:31.443">Ropes_calculatedRegionaldiscountoncomponent =.00 / read_Regionaldiscountoncomponent =.00
*** is calculated_Regionaldiscountoncomponent vs read_Regionaldiscountoncomponent equal: true
read_Ropes_Regional discount on component (%)=0.0 / testdata_regionalDiscount:0.0
***is read_Ropes_Regional discount on component (%) VS testdata_regionalDiscount equal:true
Solution 2_calculated_Regionaldiscountoncomponent % =.00 / read_Solution 2_Regional discount on component (%)=0.0
*** is calculated_Regionaldiscountoncomponent % vs read_Regionaldiscountoncomponent % equal = true
Solution 2_Sales Office Multiplier =.00
Solution 2_calculated_TargetPrice =3498.71 / read_Solution 2_Target Price=3498.71
*** null Added in calculated_TargetPrice hence calculated_TargetPrice VS read_TargetPrice shown in Application is: true</msg>
<status endtime="20190304 10:44:31.455" starttime="20190304 10:44:23.282" status="PASS"></status>
</kw>
<status critical="yes" endtime="20190304 10:44:31.464" starttime="20190304 10:44:22.141" status="PASS"></status>
</test>
<test name="15.Check Regional Factor When SalesOffice Is Changed for Elevator" id="s1-s1-s1-t15">
<kw library="com.KTOC.TRB.testautomation.Keywords.Keywords" name="Goto Configuration Pageand Change The Sales Office">
<msg level="INFO" timestamp="20190304 10:44:35.889">ToConfiguration icon clicked
Project clicked
SalesOffice value VB FRPP Selected
pricing icon Clicked</msg>
<status endtime="20190304 10:44:35.899" starttime="20190304 10:44:31.478" status="PASS"></status>
</kw>
<kw library="com.KTOC.TRB.testautomation.Keywords.Keywords" name="Verify Regional Discount Displayed Correctly">
<msg level="INFO" timestamp="20190304 10:44:40.495">Additional Discount Icon CLICKED</msg>
<status endtime="20190304 10:44:40.497" starttime="20190304 10:44:35.907" status="PASS"></status>
</kw>
<kw library="com.KTOC.TRB.testautomation.Keywords.Keywords" name="Verify Target Price Displayed Correctly">
<msg level="INFO" timestamp="20190304 10:44:49.082">Ropes_calculatedRegionaldiscountoncomponent =.00 / read_Regionaldiscountoncomponent =.00
*** is calculated_Regionaldiscountoncomponent vs read_Regionaldiscountoncomponent equal: true
read_Ropes_Regional discount on component (%)=0.0 / testdata_regionalDiscount:0.0
***is read_Ropes_Regional discount on component (%) VS testdata_regionalDiscount equal:true
Solution 2_calculated_Regionaldiscountoncomponent % =.00 / read_Solution 2_Regional discount on component (%)=0.0
*** is calculated_Regionaldiscountoncomponent % vs read_Regionaldiscountoncomponent % equal = true
Solution 2_Sales Office Multiplier =.00
Solution 2_calculated_TargetPrice =3498.71 / read_Solution 2_Target Price=3498.71
*** null Added in calculated_TargetPrice hence calculated_TargetPrice VS read_TargetPrice shown in Application is: true</msg>
<status endtime="20190304 10:44:49.097" starttime="20190304 10:44:40.500" status="PASS"></status>
</kw>
<status critical="yes" endtime="20190304 10:44:49.105" starttime="20190304 10:44:31.472" status="PASS"></status>
</test>
<test name="16 Verify ITEFactorValue and LaborRateValue IsTaken From SalesOffice for Elevator" id="s1-s1-s1-t16">
<kw library="com.KTOC.TRB.testautomation.Keywords.Keywords" name="Goto Configuration Pageand Change The Primary Sales Office">
<arguments>
<arg>france</arg>
<arg>\\TestData\\KTOCTRB_AutomationTestData.xlsx</arg>
</arguments>
<msg level="INFO" timestamp="20190304 10:44:53.860">ToConfiguration icon clicked
Project clicked
SalesOffice value VB FRRW Selected
pricing icon Clicked</msg>
<status endtime="20190304 10:44:53.867" starttime="20190304 10:44:49.119" status="PASS"></status>
</kw>
<kw library="com.KTOC.TRB.testautomation.Keywords.Keywords" name="Validate Detail Breakdown Tab">
<msg level="INFO" timestamp="20190304 10:45:10.881">Detailed breakdown Clicked
ROPES CLICKED
Show TotalCost Calculation Details CLICKED
check_showtotal_ITEfactor:.92 / showtotal_ITEfactor:.92
check_showtotal_Referencehours:13.76 / showtotal_Referencehours:13.76
check_showtotal_Labourrate:59.10 / showtotal_Labourrate:59.10
LabourRate:59.10 / showtotal_Labourrate:59.10
*** is_showtotal_ITEfactor: true *** / is_Testdata_Labourrate: true *** / is_showtotal_Labourrate: true *** / is_showtotal_Referencehours: true ***</msg>
<status endtime="20190304 10:45:10.887" starttime="20190304 10:44:53.876" status="PASS"></status>
</kw>
<status critical="yes" endtime="20190304 10:45:10.889" starttime="20190304 10:44:49.113" status="PASS"></status>
</test>
<test name="17 Verify ITEFactorValue and LaborRateValue IsTaken From Changed SalesOffice for Elevator" id="s1-s1-s1-t17">
<kw library="com.KTOC.TRB.testautomation.Keywords.Keywords" name="Goto Configuration Pageand Change The Sales Office">
<msg level="INFO" timestamp="20190304 10:45:14.388">ToConfiguration icon clicked
Project clicked
SalesOffice value VB FRPP Selected
pricing icon Clicked</msg>
<status endtime="20190304 10:45:14.421" starttime="20190304 10:45:10.898" status="PASS"></status>
</kw>
<kw library="com.KTOC.TRB.testautomation.Keywords.Keywords" name="Validate Detail Breakdown Tab">
<msg level="INFO" timestamp="20190304 10:45:29.550">Detailed breakdown Clicked
ROPES CLICKED
Show TotalCost Calculation Details CLICKED
check_showtotal_ITEfactor:.92 / showtotal_ITEfactor:.92
check_showtotal_Referencehours:13.76 / showtotal_Referencehours:13.76
check_showtotal_Labourrate:59.10 / showtotal_Labourrate:59.10
LabourRate:59.10 / showtotal_Labourrate:59.10
*** is_showtotal_ITEfactor: true *** / is_Testdata_Labourrate: true *** / is_showtotal_Labourrate: true *** / is_showtotal_Referencehours: true ***</msg>
<status endtime="20190304 10:45:29.559" starttime="20190304 10:45:14.433" status="PASS"></status>
</kw>
<status critical="yes" endtime="20190304 10:45:29.563" starttime="20190304 10:45:10.893" status="PASS"></status>
</test>
<test name="18.Check Cost Calculated Correctly When The Tender Currency Is Different From SLCurrency for Elevator" id="s1-s1-s1-t18">
<kw library="com.KTOC.TRB.testautomation.Keywords.Keywords" name="Verify Cost Calculated Successfully">
<msg level="INFO" timestamp="20190304 10:45:29.583">*** Currencies Tab is applicable for Australia alone hence skipping TC#10 ***</msg>
<status endtime="20190304 10:45:29.585" starttime="20190304 10:45:29.575" status="PASS"></status>
</kw>
<status critical="yes" endtime="20190304 10:45:29.587" starttime="20190304 10:45:29.568" status="PASS"></status>
</test>
<test name="19.Check Price Calculated Correctly When The Tender Currency Is Different From SLCurrency for Elevator" id="s1-s1-s1-t19">
<kw library="com.KTOC.TRB.testautomation.Keywords.Keywords" name="VerifyPriceCalculatedSuccessfully TobecheckedinFrance">
<msg level="INFO" timestamp="20190304 10:47:38.692">Show TotalCost Calculation Details CLICKED
totalTargetPrice:3098.71 / subtotal_TargetPrice:3098.71
*** is totalTargetPrice vs subtotal_TargetPrice equal: true
totalMaterialcosts=987.12 / subtotal_Materialcosts:987.12
*** null Added in totalMaterialcosts hence totalMaterialcosts vs subtotal_Materialcosts equal: true
totalMaterialcostSLCurrency=987.12 / subtotal_MaterialcostSLCurrency:987.12
*** null Added in totalMaterialcostSLCurrency hence totalMaterialcostSLCurrency vs subtotal_MaterialcostSLCurrency equal: true
totalReferencehours=13.76 / subtotal_Referencehours:13.76
*** is totalReferencehours vs subtotal_Referencehours equal: true
totalInstallationHours=12.66 / subtotal_InstallationHours:12.66
*** is totalInstallationHours vs subtotal_Materialcosts equal: true
totalLaborCosts=748.15 / subtotal_LaborCosts:748.15
*** is totalLaborCosts vs subtotal_LaborCosts equal: true
totalFullCosts=1735.27 / subtotal_FullCosts:1735.27
*** is totalFullCosts vs subtotal_FullCosts equal: true
totalTotalCost=1735.27 / subtotal_TotalCost:1735.27
*** is totalTotalCost vs subtotal_TotalCost equal: true
totalTenderPrice=3000.00 / subtotal_TenderPrice:3000.00
*** is totalTenderPrice vs subtotal_TenderPrice equal: true</msg>
<status endtime="20190304 10:47:38.706" starttime="20190304 10:45:29.594" status="PASS"></status>
</kw>
<status critical="yes" endtime="20190304 10:47:38.715" starttime="20190304 10:45:29.590" status="PASS"></status>
</test>
<test name="20.Checking Maximum DiscountLimit Exceeded" id="s1-s1-s1-t20">
<kw library="com.KTOC.TRB.testautomation.Keywords.Keywords" name="Checking Maximum Discount Limit Exceeded">
<arguments>
<arg>60</arg>
</arguments>
<msg level="INFO" timestamp="20190304 10:47:47.833">pricing icon Clicked
Discount entered as: 60
*** Project Pricing = 1639.48
*** Discount = 60.0
*** Target Price = 3498.71
*** Billing Plan = SFAPUBLIC2FRPP</msg>
<status endtime="20190304 10:47:47.836" starttime="20190304 10:47:38.738" status="PASS"></status>
</kw>
<status critical="yes" endtime="20190304 10:47:47.848" starttime="20190304 10:47:38.726" status="PASS"></status>
</test>
<test name="21.Check TenderLetter Is generated Correctly With All The components" id="s1-s1-s1-t21">
<kw library="com.KTOC.TRB.testautomation.Keywords.Keywords" name="Go To Documents Taband Click The Tender">
<msg level="INFO" timestamp="20190304 10:47:51.028">ToWord icon clicked</msg>
<status endtime="20190304 10:47:51.030" starttime="20190304 10:47:47.862" status="PASS"></status>
</kw>
<kw library="com.KTOC.TRB.testautomation.Keywords.Keywords" name="Verify Successful Message Displayed">
<msg level="INFO" timestamp="20190304 10:47:55.034">Create PrintOut icon clicked
No clicked in Do you want to freeze printed version?</msg>
<status endtime="20190304 10:47:55.040" starttime="20190304 10:47:51.036" status="PASS"></status>
</kw>
<status critical="yes" endtime="20190304 10:47:55.050" starttime="20190304 10:47:47.855" status="PASS"></status>
</test>
<test name="22.Close KTOC" id="s1-s1-s1-t22">
<kw library="com.KTOC.TRB.testautomation.Keywords.Keywords" name="Click Saveand Close Button">
<msg level="INFO" timestamp="20190304 10:48:00.752">SaveandClose icon CLICKED
Yes CLICKED in SaveandClose
Automation Test Description entered in Description field in stage / Probability window</msg>
<status endtime="20190304 10:48:00.758" starttime="20190304 10:47:55.081" status="PASS"></status>
</kw>
<status critical="yes" endtime="20190304 10:48:00.764" starttime="20190304 10:47:55.064" status="PASS"></status>
</test>
<test name="23.Verify Total SalesPrice With SF Product Information" id="s1-s1-s1-t23">
<kw library="com.KTOC.TRB.testautomation.Keywords.Keywords" name="Compare Sales Pricebetween Tender Pageand Salesforce">
<msg level="INFO" timestamp="20190304 10:48:38.998">Tender Price:3400.0 / Final_SalesPrice:3400.0
is TRB TenderPrice VS Salesforce TenderPrice equal:true ***
Configurator Clicked
Yes clicked in New Version is available for this product</msg>
<status endtime="20190304 10:48:39.001" starttime="20190304 10:48:00.780" status="PASS"></status>
</kw>
<kw library="com.KTOC.TRB.testautomation.Keywords.Keywords" name="Hand Shake">
<msg level="INFO" timestamp="20190304 10:48:51.616">PASS: Tender is Consistent, value:url("https://ktoc-ca3.kone.com/camosHTML5Client/cH5C/SMG?i=cad9a93f6c879df1ed1373d2853634026ff3224f&amp;w=16&amp;h=16")
PASS: Tender is Consistent, value:url("https://ktoc-ca3.kone.com/camosHTML5Client/cH5C/SMG?i=cad9a93f6c879df1ed1373d2853634026ff3224f&amp;w=16&amp;h=16")
PASS: Tender is Consistent, value:url("https://ktoc-ca3.kone.com/camosHTML5Client/cH5C/SMG?i=cad9a93f6c879df1ed1373d2853634026ff3224f&amp;w=16&amp;h=16")
PASS: Tender is Consistent, value:url("https://ktoc-ca3.kone.com/camosHTML5Client/cH5C/SMG?i=cad9a93f6c879df1ed1373d2853634026ff3224f&amp;w=16&amp;h=16")
PASS: Tender is Consistent, value:url("https://ktoc-ca3.kone.com/camosHTML5Client/cH5C/SMG?i=cad9a93f6c879df1ed1373d2853634026ff3224f&amp;w=16&amp;h=16")
PASS: Tender is Consistent, value:url("https://ktoc-ca3.kone.com/camosHTML5Client/cH5C/SMG?i=cad9a93f6c879df1ed1373d2853634026ff3224f&amp;w=16&amp;h=16")
PASS: Tender is Consistent, value:url("https://ktoc-ca3.kone.com/camosHTML5Client/cH5C/SMG?i=cad9a93f6c879df1ed1373d2853634026ff3224f&amp;w=16&amp;h=16")
isHandShakeiconisEnabled:true HandShakeicon CLICKED</msg>
<status endtime="20190304 10:48:51.625" starttime="20190304 10:48:39.005" status="PASS"></status>
</kw>
<status critical="yes" endtime="20190304 10:48:51.629" starttime="20190304 10:48:00.773" status="PASS"></status>
</test>
<status endtime="20190304 10:48:51.678" starttime="20190304 10:41:16.074" status="PASS"></status>
</suite>
<status endtime="20190304 10:48:51.863" starttime="20190304 10:41:16.025" status="PASS"></status>
</suite>
<status endtime="20190304 10:48:51.961" starttime="20190304 10:41:15.539" status="PASS"></status>
</suite>
<statistics>
<total>
<stat pass="23" fail="0">Critical Tests</stat>
<stat pass="23" fail="0">All Tests</stat>
</total>
<tag>
</tag>
<suite>
<stat pass="23" fail="0" name="KTOC TRB TestAutomation" id="s1">KTOC TRB TestAutomation</stat>
<stat pass="23" fail="0" name="TestSuites" id="s1-s1">KTOC TRB TestAutomation.TestSuites</stat>
<stat pass="23" fail="0" name="RegressionKTOC TRB France" id="s1-s1-s1">KTOC TRB TestAutomation.TestSuites.RegressionKTOC TRB France</stat>
</suite>
</statistics>
<errors>
</errors>
</robot>
