<?xml version="1.0" encoding="UTF-8"?>
<robot generator="Robot 3.0.4 (Jython 2.7.0 on java1.8.0_181)" generated="20181201 22:10:58.176">
<suite source="C:\Users\con_svijay02\KTOC-TRB-Automation\KTOC_TRB_TestAutomation" name="KTOC TRB TestAutomation" id="s1">
<suite source="C:\Users\con_svijay02\KTOC-TRB-Automation\KTOC_TRB_TestAutomation\TestSuites" name="TestSuites" id="s1-s1">
<suite source="C:\Users\con_svijay02\KTOC-TRB-Automation\KTOC_TRB_TestAutomation\TestSuites\RegressionKTOC_TRB_Canada.robot" name="RegressionKTOC TRB Canada" id="s1-s1-s1">
<kw type="setup" library="com.KTOC.TRB.testautomation.Keywords.Keywords" name="Launch Browser">
<arguments>
<arg>canada</arg>
<arg>C:\\Users\\con_svijay02\\KTOC-TRB-Automation\\KTOC_TRB_TestAutomation\\TestData\\KTOCTRB_AutomationTestData.xlsx</arg>
</arguments>
<msg level="INFO" timestamp="20181201 22:11:12.582">1543682462903	mozrunner::runner	INFO	Running command: "C:\\Program Files\\Mozilla Firefox\\firefox.exe" "-marionette" "-foreground" "-no-remote" "-profile" "C:\\Users\\CON_SV~1\\AppData\\Local\\Temp\\rust_mozprofile.RCDWvxgzDcDw"
1543682464970	Marionette	INFO	Listening on port 57900
1543682465034	Marionette	WARN	TLS certificate errors will be ignored for this session
Dec 01, 2018 10:11:05 PM org.openqa.selenium.remote.ProtocolHandshake createSession
INFO: Detected dialect: W3C</msg>
<status endtime="20181201 22:11:12.604" starttime="20181201 22:10:59.857" status="PASS"></status>
</kw>
<test name="1.Logon To Salesforce" id="s1-s1-s1-t1">
<kw library="com.KTOC.TRB.testautomation.Keywords.Keywords" name="Loginto Salesforce">
<status endtime="20181201 22:11:17.037" starttime="20181201 22:11:12.663" status="PASS"></status>
</kw>
<status critical="yes" endtime="20181201 22:11:17.047" starttime="20181201 22:11:12.636" status="PASS"></status>
</test>
<test name="2.Verify Creating Opportunity and Mapping It With FLTender" id="s1-s1-s1-t2">
<kw library="com.KTOC.TRB.testautomation.Keywords.Keywords" name="Create Opportunity OR Search Opportunity">
<msg level="INFO" timestamp="20181201 22:11:39.638">Opportunity Name:KOFCOL TRB CKE entered in Search box
KOFCOL TRB CKE has been clicked</msg>
<status endtime="20181201 22:11:39.644" starttime="20181201 22:11:17.077" status="PASS"></status>
</kw>
<status critical="yes" endtime="20181201 22:11:39.660" starttime="20181201 22:11:17.064" status="PASS"></status>
</test>
<test name="3.Verify Tender Created Successfully" id="s1-s1-s1-t3">
<kw library="com.KTOC.TRB.testautomation.Keywords.Keywords" name="Add Equipment ID Elevator">
<msg level="INFO" timestamp="20181201 22:12:02.431">20291426 EquipmentID entered
Equipment loader clicked
checkbox clicked
Change button clicked
CustomerID: N194322 entered</msg>
<status endtime="20181201 22:12:02.436" starttime="20181201 22:11:39.691" status="PASS"></status>
</kw>
<kw library="com.KTOC.TRB.testautomation.Keywords.Keywords" name="Check Hand Over Date Is Greater Than Installation Date">
<msg level="INFO" timestamp="20181201 22:12:04.120">Project clicked
Current MS5HO Date: 08/06/2020
MS5HODate Changed to: 10/06/2020</msg>
<status endtime="20181201 22:12:04.124" starttime="20181201 22:12:02.441" status="PASS"></status>
</kw>
<kw library="com.KTOC.TRB.testautomation.Keywords.Keywords" name="Check Sales Officeis Selected">
<msg level="INFO" timestamp="20181201 22:12:05.254">SalesOffice value Montréal Selected</msg>
<status endtime="20181201 22:12:05.265" starttime="20181201 22:12:04.136" status="PASS"></status>
</kw>
<kw library="com.KTOC.TRB.testautomation.Keywords.Keywords" name="Additionalfieldsin Project Overviewfor Canada">
<msg level="INFO" timestamp="20181201 22:12:06.854">2 value selected in SeismicArea
1 value entered in weeklyTeamCostforZone
3 value entered in weeklyTeamCostforRoomandBoard</msg>
<status endtime="20181201 22:12:06.859" starttime="20181201 22:12:05.274" status="PASS"></status>
</kw>
<kw library="com.KTOC.TRB.testautomation.Keywords.Keywords" name="Select Supervisor">
<msg level="INFO" timestamp="20181201 22:12:08.424">07006025 selected in Supervisor</msg>
<status endtime="20181201 22:12:08.443" starttime="20181201 22:12:06.869" status="PASS"></status>
</kw>
<kw library="com.KTOC.TRB.testautomation.Keywords.Keywords" name="Select Equipment In Service">
<msg level="INFO" timestamp="20181201 22:12:10.192">LIS Elevator is clicked in Equipment InService</msg>
<status endtime="20181201 22:12:10.195" starttime="20181201 22:12:08.455" status="PASS"></status>
</kw>
<kw library="com.KTOC.TRB.testautomation.Keywords.Keywords" name="Select Template To Be Uploaded">
<msg level="INFO" timestamp="20181201 22:12:13.383">Rightclick performed on Equipment
Open Templates clicked
Automation_CKEHydromod Entered in search
Shared templates radio button Clicked
Automation_CKEHydromod Template Clicked</msg>
<status endtime="20181201 22:12:13.387" starttime="20181201 22:12:10.199" status="PASS"></status>
</kw>
<kw library="com.KTOC.TRB.testautomation.Keywords.Keywords" name="Verify Tender Consistency">
<msg level="INFO" timestamp="20181201 22:12:30.583">FAIL: Tender is NOT Consistency, value:url("https://ktoc-ca3.kone.com/camosHTML5Client/cH5C/SMG?i=0191f5aaded042c33180d357113667fbefc81b95&amp;w=16&amp;h=16")
FAIL: Tender is NOT Consistency, value:url("https://ktoc-ca3.kone.com/camosHTML5Client/cH5C/SMG?i=0191f5aaded042c33180d357113667fbefc81b95&amp;w=16&amp;h=16")
FAIL: Tender is NOT Consistency, value:url("https://ktoc-ca3.kone.com/camosHTML5Client/cH5C/SMG?i=0191f5aaded042c33180d357113667fbefc81b95&amp;w=16&amp;h=16")
FAIL: Tender is NOT Consistency, value:url("https://ktoc-ca3.kone.com/camosHTML5Client/cH5C/SMG?i=0191f5aaded042c33180d357113667fbefc81b95&amp;w=16&amp;h=16")
PASS: Tender is Consistency, value:url("https://ktoc-ca3.kone.com/camosHTML5Client/cH5C/SMG?i=cad9a93f6c879df1ed1373d2853634026ff3224f&amp;w=16&amp;h=16")
FAIL: Tender is NOT Consistency, value:url("https://ktoc-ca3.kone.com/camosHTML5Client/cH5C/SMG?i=0191f5aaded042c33180d357113667fbefc81b95&amp;w=16&amp;h=16")
FAIL: Tender is NOT Consistency, value:url("https://ktoc-ca3.kone.com/camosHTML5Client/cH5C/SMG?i=0191f5aaded042c33180d357113667fbefc81b95&amp;w=16&amp;h=16")
PASS: Tender is Consistency, value:url("https://ktoc-ca3.kone.com/camosHTML5Client/cH5C/SMG?i=cad9a93f6c879df1ed1373d2853634026ff3224f&amp;w=16&amp;h=16")
FAIL: Tender is NOT Consistency, value:url("https://ktoc-ca3.kone.com/camosHTML5Client/cH5C/SMG?i=0191f5aaded042c33180d357113667fbefc81b95&amp;w=16&amp;h=16")</msg>
<status endtime="20181201 22:12:30.590" starttime="20181201 22:12:13.391" status="PASS"></status>
</kw>
<kw library="com.KTOC.TRB.testautomation.Keywords.Keywords" name="Get Tender Number">
<msg level="INFO" timestamp="20181201 22:12:30.619">Tender # is :T-0002465217</msg>
<status endtime="20181201 22:12:30.622" starttime="20181201 22:12:30.595" status="PASS"></status>
</kw>
<status critical="yes" endtime="20181201 22:12:30.626" starttime="20181201 22:11:39.679" status="PASS"></status>
</test>
<test name="4.Validate TenderPrice and Discount Without FirstMaintenance" id="s1-s1-s1-t4">
<kw library="com.KTOC.TRB.testautomation.Keywords.Keywords" name="Pricing Icon Click">
<status endtime="20181201 22:12:30.955" starttime="20181201 22:12:30.636" status="PASS"></status>
</kw>
<kw library="com.KTOC.TRB.testautomation.Keywords.Keywords" name="Check Tender Price After Discount Update">
<arguments>
<arg>10</arg>
<arg>0</arg>
</arguments>
<msg level="INFO" timestamp="20181201 22:12:40.914">Discount entered as: 10
First maintenance: 0 Clicked</msg>
<status endtime="20181201 22:12:40.923" starttime="20181201 22:12:30.957" status="PASS"></status>
</kw>
<kw library="com.KTOC.TRB.testautomation.Keywords.Keywords" name="Get Target Price">
<msg level="INFO" timestamp="20181201 22:12:41.257">TargetPrice:50859.21
Firstmaintenance:0.0
Discount:10.0
*** TenderPriceFinal:45773.29 / CurrentTenderPrice:45773.29 ***
is TenderPriceFinal VS ApplicationTenderPrice Equal: true ***</msg>
<status endtime="20181201 22:12:41.260" starttime="20181201 22:12:40.930" status="PASS"></status>
</kw>