<?xml version="1.0" encoding="UTF-8"?>
<robot generated="20190510 16:02:07.199" generator="Robot 3.0.4 (Python 2.7.13rc1 on win32)">
<suite source="C:\Users\con_svijay02\KTOC-TRB-Automation\KTOC_TRB_TestAutomation\TestSuites\RegressionTestSuite_KTOC_TRB_France_SingleEquipment.robot" id="s1" name="RegressionTestSuite KTOC TRB France SingleEquipment">
<test id="s1-t1" name="01. Validate TenderPrice Without FirstMaintenance for Elevator">
<kw type="setup" name="Launch Browser">
<arguments>
<arg>${country}</arg>
<arg>&amp;{TESTDATA_FRANCE}</arg>
</arguments>
<msg timestamp="20190510 16:02:07.376" level="FAIL">No keyword with name 'Launch Browser' found.</msg>
<status status="FAIL" endtime="20190510 16:02:07.376" starttime="20190510 16:02:07.376"></status>
</kw>
<kw type="teardown" name="Close Browser">
<msg timestamp="20190510 16:02:07.381" level="FAIL">No keyword with name 'Close Browser' found.</msg>
<status status="FAIL" endtime="20190510 16:02:07.381" starttime="20190510 16:02:07.380">No keyword with name 'Close Browser' found.</status>
</kw>
<status status="FAIL" endtime="20190510 16:02:07.382" critical="yes" starttime="20190510 16:02:07.372">Setup failed:
No keyword with name 'Launch Browser' found.

Also teardown failed:
No keyword with name 'Close Browser' found.</status>
</test>
<test id="s1-t2" name="02. Validate Discount Without FirstMaintenance for Elevator">
<kw type="setup" name="Launch Browser">
<arguments>
<arg>${country}</arg>
<arg>&amp;{TESTDATA_FRANCE}</arg>
</arguments>
<msg timestamp="20190510 16:02:07.411" level="FAIL">No keyword with name 'Launch Browser' found.</msg>
<status status="FAIL" endtime="20190510 16:02:07.411" starttime="20190510 16:02:07.411"></status>
</kw>
<kw type="teardown" name="Close Browser">
<msg timestamp="20190510 16:02:07.415" level="FAIL">No keyword with name 'Close Browser' found.</msg>
<status status="FAIL" endtime="20190510 16:02:07.415" starttime="20190510 16:02:07.414">No keyword with name 'Close Browser' found.</status>
</kw>
<status status="FAIL" endtime="20190510 16:02:07.416" critical="yes" starttime="20190510 16:02:07.395">Setup failed:
No keyword with name 'Launch Browser' found.

Also teardown failed:
No keyword with name 'Close Browser' found.</status>
</test>
<test id="s1-t3" name="03. Validate TenderPrice With FirstMaintenance for Elevator">
<kw type="setup" name="Launch Browser">
<arguments>
<arg>${country}</arg>
<arg>&amp;{TESTDATA_FRANCE}</arg>
</arguments>
<msg timestamp="20190510 16:02:07.431" level="FAIL">No keyword with name 'Launch Browser' found.</msg>
<status status="FAIL" endtime="20190510 16:02:07.432" starttime="20190510 16:02:07.431"></status>
</kw>
<kw type="teardown" name="Close Browser">
<msg timestamp="20190510 16:02:07.436" level="FAIL">No keyword with name 'Close Browser' found.</msg>
<status status="FAIL" endtime="20190510 16:02:07.436" starttime="20190510 16:02:07.436">No keyword with name 'Close Browser' found.</status>
</kw>
<status status="FAIL" endtime="20190510 16:02:07.438" critical="yes" starttime="20190510 16:02:07.424">Setup failed:
No keyword with name 'Launch Browser' found.

Also teardown failed:
No keyword with name 'Close Browser' found.</status>
</test>
<test id="s1-t4" name="04. Validate Discount With FirstMaintenance for Elevator">
<kw type="setup" name="Launch Browser">
<arguments>
<arg>${country}</arg>
<arg>&amp;{TESTDATA_FRANCE}</arg>
</arguments>
<msg timestamp="20190510 16:02:07.453" level="FAIL">No keyword with name 'Launch Browser' found.</msg>
<status status="FAIL" endtime="20190510 16:02:07.453" starttime="20190510 16:02:07.453"></status>
</kw>
<kw type="teardown" name="Close Browser">
<msg timestamp="20190510 16:02:07.456" level="FAIL">No keyword with name 'Close Browser' found.</msg>
<status status="FAIL" endtime="20190510 16:02:07.456" starttime="20190510 16:02:07.456">No keyword with name 'Close Browser' found.</status>
</kw>
<status status="FAIL" endtime="20190510 16:02:07.457" critical="yes" starttime="20190510 16:02:07.444">Setup failed:
No keyword with name 'Launch Browser' found.

Also teardown failed:
No keyword with name 'Close Browser' found.</status>
</test>
<test id="s1-t5" name="05. Check RegionalFactor at SalesOffice Level for Elevator">
<kw type="setup" name="Launch Browser">
<arguments>
<arg>${country}</arg>
<arg>&amp;{TESTDATA_FRANCE}</arg>
</arguments>
<msg timestamp="20190510 16:02:07.479" level="FAIL">No keyword with name 'Launch Browser' found.</msg>
<status status="FAIL" endtime="20190510 16:02:07.479" starttime="20190510 16:02:07.478"></status>
</kw>
<kw type="teardown" name="Close Browser">
<msg timestamp="20190510 16:02:07.483" level="FAIL">No keyword with name 'Close Browser' found.</msg>
<status status="FAIL" endtime="20190510 16:02:07.483" starttime="20190510 16:02:07.482">No keyword with name 'Close Browser' found.</status>
</kw>
<status status="FAIL" endtime="20190510 16:02:07.488" critical="yes" starttime="20190510 16:02:07.475">Setup failed:
No keyword with name 'Launch Browser' found.

Also teardown failed:
No keyword with name 'Close Browser' found.</status>
</test>
<test id="s1-t6" name="06. Verify ITEFactor value and LaborRate value is taken from SalesOffice for Elevator">
<kw type="setup" name="Launch Browser">
<arguments>
<arg>${country}</arg>
<arg>&amp;{TESTDATA_FRANCE}</arg>
</arguments>
<msg timestamp="20190510 16:02:07.511" level="FAIL">No keyword with name 'Launch Browser' found.</msg>
<status status="FAIL" endtime="20190510 16:02:07.511" starttime="20190510 16:02:07.511"></status>
</kw>
<kw type="teardown" name="Close Browser">
<msg timestamp="20190510 16:02:07.516" level="FAIL">No keyword with name 'Close Browser' found.</msg>
<status status="FAIL" endtime="20190510 16:02:07.517" starttime="20190510 16:02:07.516">No keyword with name 'Close Browser' found.</status>
</kw>
<status status="FAIL" endtime="20190510 16:02:07.519" critical="yes" starttime="20190510 16:02:07.507">Setup failed:
No keyword with name 'Launch Browser' found.

Also teardown failed:
No keyword with name 'Close Browser' found.</status>
</test>
<test id="s1-t7" name="07. Check Price Calculated Correctly when the Tender Currency is different from SLCurrency for Elevator">
<kw type="setup" name="Launch Browser">
<arguments>
<arg>${country}</arg>
<arg>&amp;{TESTDATA_FRANCE}</arg>
</arguments>
<msg timestamp="20190510 16:02:07.540" level="FAIL">No keyword with name 'Launch Browser' found.</msg>
<status status="FAIL" endtime="20190510 16:02:07.540" starttime="20190510 16:02:07.540"></status>
</kw>
<kw type="teardown" name="Close Browser">
<msg timestamp="20190510 16:02:07.545" level="FAIL">No keyword with name 'Close Browser' found.</msg>
<status status="FAIL" endtime="20190510 16:02:07.545" starttime="20190510 16:02:07.545">No keyword with name 'Close Browser' found.</status>
</kw>
<status status="FAIL" endtime="20190510 16:02:07.548" critical="yes" starttime="20190510 16:02:07.536">Setup failed:
No keyword with name 'Launch Browser' found.

Also teardown failed:
No keyword with name 'Close Browser' found.</status>
</test>
<test id="s1-t8" name="08. Checking Maximum Discount Limit Exceeded">
<kw type="setup" name="Launch Browser">
<arguments>
<arg>${country}</arg>
<arg>&amp;{TESTDATA_FRANCE}</arg>
</arguments>
<msg timestamp="20190510 16:02:07.575" level="FAIL">No keyword with name 'Launch Browser' found.</msg>
<status status="FAIL" endtime="20190510 16:02:07.575" starttime="20190510 16:02:07.575"></status>
</kw>
<kw type="teardown" name="Close Browser">
<msg timestamp="20190510 16:02:07.578" level="FAIL">No keyword with name 'Close Browser' found.</msg>
<status status="FAIL" endtime="20190510 16:02:07.578" starttime="20190510 16:02:07.578">No keyword with name 'Close Browser' found.</status>
</kw>
<status status="FAIL" endtime="20190510 16:02:07.579" critical="yes" starttime="20190510 16:02:07.560">Setup failed:
No keyword with name 'Launch Browser' found.

Also teardown failed:
No keyword with name 'Close Browser' found.</status>
</test>
<status status="FAIL" endtime="20190510 16:02:07.599" starttime="20190510 16:02:07.209"></status>
</suite>
<statistics>
<total>
<stat fail="8" pass="0">Critical Tests</stat>
<stat fail="8" pass="0">All Tests</stat>
</total>
<tag>
</tag>
<suite>
<stat fail="8" id="s1" name="RegressionTestSuite KTOC TRB France SingleEquipment" pass="0">RegressionTestSuite KTOC TRB France SingleEquipment</stat>
</suite>
</statistics>
<errors>
<msg timestamp="20190510 16:02:07.350" level="ERROR">Error in file 'C:\Users\con_svijay02\KTOC-TRB-Automation\KTOC_TRB_TestAutomation\TestSuites\RegressionTestSuite_KTOC_TRB_France_SingleEquipment.robot': Importing test library 'com.KTOC.TRB.testautomation.Keywords.Keywords' failed: ImportError: No module named com.KTOC.TRB.testautomation.Keywords
Traceback (most recent call last):
  None
PYTHONPATH:
  C:\WINDOWS\SYSTEM32\python27.zip
  c:\python27\DLLs
  c:\python27\lib
  c:\python27\lib\plat-win
  c:\python27\lib\lib-tk
  c:\python27
  c:\python27\lib\site-packages</msg>
</errors>
</robot>
