<?xml version="1.0" encoding="UTF-8"?>
<robot generator="Robot 3.0.4 (Jython 2.7.0 on java1.8.0_181)" generated="20190611 09:36:03.071">
<suite source="C:\Users\con_svijay02\KTOC-TRB-Automation\KTOC_TRB_TestAutomation" name="KTOC TRB TestAutomation" id="s1">
<suite source="C:\Users\con_svijay02\KTOC-TRB-Automation\KTOC_TRB_TestAutomation\TestSuites" name="TestSuites" id="s1-s1">
<suite source="C:\Users\con_svijay02\KTOC-TRB-Automation\KTOC_TRB_TestAutomation\TestSuites\RegressionTestSuite_KTOC_TRB_Australia_SingleEquipment.robot" name="RegressionTestSuite KTOC TRB Australia SingleEquipment" id="s1-s1-s1">
<test name="01. Validate TenderPrice Without FirstMaintenance for Elevator" id="s1-s1-s1-t1">
<kw type="setup" library="com.KTOC.TRB.testautomation.Keywords.Keywords" name="Launch Browser">
<arguments>
<arg>${country}</arg>
<arg>&amp;{TESTDATA_AUSTRALIA}</arg>
</arguments>
<msg level="INFO" timestamp="20190611 09:36:13.341">1560225967205	mozrunner::runner	INFO	Running command: "C:\\Program Files\\Mozilla Firefox\\firefox.exe" "-marionette" "-foreground" "-no-remote" "-profile" "C:\\Users\\CON_SV~1\\AppData\\Local\\Temp\\rust_mozprofile.rQGYv98Qp3kJ"
1560225968208	addons.webextension.screenshots@mozilla.org	WARN	Loading extension 'screenshots@mozilla.org': Reading manifest: Invalid host permission: resource://pdf.js/
1560225968209	addons.webextension.screenshots@mozilla.org	WARN	Loading extension 'screenshots@mozilla.org': Reading manifest: Invalid host permission: about:reader*
1560225970945	Marionette	INFO	Listening on port 53965
1560225971038	Marionette	WARN	TLS certificate errors will be ignored for this session
Jun 11, 2019 9:36:11 AM org.openqa.selenium.remote.ProtocolHandshake createSession
INFO: Detected dialect: W3C</msg>
<status endtime="20190611 09:36:13.351" starttime="20190611 09:36:05.298" status="PASS"></status>
</kw>
<kw name="01_Logon To Salesforce">
<kw library="com.KTOC.TRB.testautomation.Keywords.Keywords" name="Loginto Salesforce">
<status endtime="20190611 09:36:18.876" starttime="20190611 09:36:13.401" status="PASS"></status>
</kw>
<status endtime="20190611 09:36:18.884" starttime="20190611 09:36:13.373" status="PASS"></status>
</kw>
<kw name="02_Verify Creating Opportunity and Mapping It With FLTender">
<kw library="com.KTOC.TRB.testautomation.Keywords.Keywords" name="Create Opportunity OR Search Opportunity">
<msg level="INFO" timestamp="20190611 09:36:42.225">Opportunity Name:AUTOMATION TRB 201 entered in Search box
AUTOMATION TRB 201 has been clicked</msg>
<status endtime="20190611 09:36:42.239" starttime="20190611 09:36:18.903" status="PASS"></status>
</kw>
<status endtime="20190611 09:36:42.252" starttime="20190611 09:36:18.890" status="PASS"></status>
</kw>
<kw name="03_Verify Tender Created Successfully for Elevator">
<kw library="com.KTOC.TRB.testautomation.Keywords.Keywords" name="Navigateto KTOCTRB">
<msg level="INFO" timestamp="20190611 09:36:55.016">Release 1813 is Selected
Clicked on OK button</msg>
<status endtime="20190611 09:36:55.030" starttime="20190611 09:36:42.608" status="PASS"></status>
</kw>
<kw library="com.KTOC.TRB.testautomation.Keywords.Keywords" name="Add Equipment ID Elevator">
<msg level="INFO" timestamp="20190611 09:37:05.011">30493722 EquipmentID entered
Equipment loader clicked
checkbox clicked
Change button clicked</msg>
<status endtime="20190611 09:37:05.015" starttime="20190611 09:36:55.043" status="PASS"></status>
</kw>
<kw library="com.KTOC.TRB.testautomation.Keywords.Keywords" name="Select Template To Be Uploaded">
<msg level="INFO" timestamp="20190611 09:37:23.669">Rightclick performed on Equipment
Open Templates clicked
AustraliaRopes_For Automation_XML Entered in search
Shared templates radio button Clicked
AustraliaRopes_For Automation_XML Template Clicked</msg>
<status endtime="20190611 09:37:23.675" starttime="20190611 09:37:05.019" status="PASS"></status>
</kw>
<kw library="com.KTOC.TRB.testautomation.Keywords.Keywords" name="Check Hand Over Date Is Greater Than Installation Date">
<msg level="INFO" timestamp="20190611 09:37:29.078">Project clicked</msg>
<status endtime="20190611 09:37:29.083" starttime="20190611 09:37:23.682" status="PASS"></status>
</kw>
<kw library="com.KTOC.TRB.testautomation.Keywords.Keywords" name="Check Sales Officeis Selected">
<msg level="INFO" timestamp="20190611 09:37:30.901">SalesOffice value AU21 - Sydney Region Selected
*** Read LaborRate from Maintenance(AutomationTest tab): 75.15
*** Read ITEFactor from Maintenance(AutomationTest tab): 2.47
*** Read RegionalDiscount from Maintenance(AutomationTest tab): 0.0</msg>
<status endtime="20190611 09:37:30.912" starttime="20190611 09:37:29.090" status="PASS"></status>
</kw>
<kw library="com.KTOC.TRB.testautomation.Keywords.Keywords" name="Additionalfieldsin Project Overviewfor Canada">
<status endtime="20190611 09:37:30.945" starttime="20190611 09:37:30.927" status="PASS"></status>
</kw>
<kw library="com.KTOC.TRB.testautomation.Keywords.Keywords" name="Select Supervisor">
<msg level="INFO" timestamp="20190611 09:37:33.543">CustomerID: A10137873 entered
13012004 selected in Supervisor</msg>
<status endtime="20190611 09:37:33.558" starttime="20190611 09:37:30.956" status="PASS"></status>
</kw>
<kw library="com.KTOC.TRB.testautomation.Keywords.Keywords" name="Select Equipment In Service">
<msg level="INFO" timestamp="20190611 09:37:34.973">LIS Elevator is clicked in Equipment InService</msg>
<status endtime="20190611 09:37:34.978" starttime="20190611 09:37:33.569" status="PASS"></status>
</kw>
<kw library="com.KTOC.TRB.testautomation.Keywords.Keywords" name="Verify Tender Consistency">
<msg level="INFO" timestamp="20190611 09:37:35.994">FAIL: Tender is NOT Consistent, value:url("https://ktoc-ca3.kone.com/camosHTML5Client/cH5C/SMG?i=0191f5aaded042c33180d357113667fbefc81b95&amp;w=16&amp;h=16")
FAIL: Tender is NOT Consistent, value:url("https://ktoc-ca3.kone.com/camosHTML5Client/cH5C/SMG?i=0191f5aaded042c33180d357113667fbefc81b95&amp;w=16&amp;h=16")
FAIL: Tender is NOT Consistent, value:url("https://ktoc-ca3.kone.com/camosHTML5Client/cH5C/SMG?i=0191f5aaded042c33180d357113667fbefc81b95&amp;w=16&amp;h=16")
FAIL: Tender is NOT Consistent, value:url("https://ktoc-ca3.kone.com/camosHTML5Client/cH5C/SMG?i=0191f5aaded042c33180d357113667fbefc81b95&amp;w=16&amp;h=16")
PASS: Tender is Consistent, value:url("https://ktoc-ca3.kone.com/camosHTML5Client/cH5C/SMG?i=cad9a93f6c879df1ed1373d2853634026ff3224f&amp;w=16&amp;h=16")
FAIL: Tender is NOT Consistent, value:url("https://ktoc-ca3.kone.com/camosHTML5Client/cH5C/SMG?i=0191f5aaded042c33180d357113667fbefc81b95&amp;w=16&amp;h=16")
FAIL: Tender is NOT Consistent, value:url("https://ktoc-ca3.kone.com/camosHTML5Client/cH5C/SMG?i=0191f5aaded042c33180d357113667fbefc81b95&amp;w=16&amp;h=16")</msg>
<status endtime="20190611 09:37:35.999" starttime="20190611 09:37:34.982" status="PASS"></status>
</kw>
<kw library="com.KTOC.TRB.testautomation.Keywords.Keywords" name="Get Tender Number">
<msg level="INFO" timestamp="20190611 09:37:36.031">Tender # is :T-0002949472</msg>
<status endtime="20190611 09:37:36.033" starttime="20190611 09:37:36.003" status="PASS"></status>
</kw>
<kw library="com.KTOC.TRB.testautomation.Keywords.Keywords" name="Pricing Icon Click">
<msg level="INFO" timestamp="20190611 09:37:36.363">pricing icon Clicked</msg>
<status endtime="20190611 09:37:36.372" starttime="20190611 09:37:36.036" status="PASS"></status>
</kw>
<status endtime="20190611 09:37:36.383" starttime="20190611 09:36:42.593" status="PASS"></status>
</kw>
<kw name="04_Validate TenderPrice Without FirstMaintenance for Elevator">
<kw library="com.KTOC.TRB.testautomation.Keywords.Keywords" name="Check Tender Price After Discount Update">
<arguments>
<arg>&amp;{discount}[discount_1]</arg>
<arg>${withoutfirstmaintenance}</arg>
</arguments>
<msg level="INFO" timestamp="20190611 09:37:41.904">Discount entered as: 3
First maintenance: 0 Clicked</msg>
<status endtime="20190611 09:37:41.907" starttime="20190611 09:37:36.412" status="PASS"></status>
</kw>
<status endtime="20190611 09:37:41.912" starttime="20190611 09:37:36.396" status="PASS"></status>
</kw>
<kw name="05_Check TenderPrice Without FirstMaintenance for Elevator">
<kw library="com.KTOC.TRB.testautomation.Keywords.Keywords" name="Get Target Price">
<msg level="INFO" timestamp="20190611 09:37:42.865">TargetPrice:9028.24
Firstmaintenance:0.0
Discount:4.16
*** TenderPriceFinal:8652.67 / CurrentTenderPrice:8652.39 ***
*** -0.02 Added in TenderPrice hence TenderPriceFinal VS TenderPrice shown in Application is: false ***</msg>
<msg level="INFO" html="yes" timestamp="20190611 09:37:42.865">&lt;a href='C:\Users\con_svijay02\KTOC-TRB-Automation\KTOC_TRB_TestAutomation\Screenshots\11Jun2019_09_37_42AM\SS_11Jun2019_09_37_42AM_Discount not equal in CheckTenderPriceAfterDiscountUpdate.png' target='_blank'&gt;&lt;img src='C:\Users\con_svijay02\KTOC-TRB-Automation\KTOC_TRB_TestAutomation\Screenshots\11Jun2019_09_37_42AM\SS_11Jun2019_09_37_42AM_Discount not equal in CheckTenderPriceAfterDiscountUpdate.png' style='width:80%; height: auto;'/&gt;&lt;/a&gt;</msg>
<msg level="FAIL" timestamp="20190611 09:37:42.887">IllegalStateException: failure 'Checking TargetPrice Failed due to: java.lang.IllegalStateException: failure 'Failed due to Discount not equal in CheckTenderPriceAfterDiscountUpdate Failed''</msg>
<status endtime="20190611 09:37:42.891" starttime="20190611 09:37:41.923" status="FAIL"></status>
</kw>
<status endtime="20190611 09:37:42.897" starttime="20190611 09:37:41.916" status="FAIL"></status>
</kw>
<kw type="teardown" library="com.KTOC.TRB.testautomation.Keywords.Keywords" name="Close Browser">
<status endtime="20190611 09:37:45.812" starttime="20190611 09:37:42.905" status="PASS"></status>
</kw>
<status critical="yes" endtime="20190611 09:37:45.817" starttime="20190611 09:36:05.279" status="FAIL">IllegalStateException: failure 'Checking TargetPrice Failed due to: java.lang.IllegalStateException: failure 'Failed due to Discount not equal in CheckTenderPriceAfterDiscountUpdate Failed''</status>
</test>
<test name="02. Validate Discount Without FirstMaintenance for Elevator" id="s1-s1-s1-t2">
<kw type="setup" library="com.KTOC.TRB.testautomation.Keywords.Keywords" name="Launch Browser">
<arguments>
<arg>${country}</arg>
<arg>&amp;{TESTDATA_AUSTRALIA}</arg>
</arguments>
<msg level="INFO" timestamp="20190611 09:37:53.657">1560226066960	mozrunner::runner	INFO	Running command: "C:\\Program Files\\Mozilla Firefox\\firefox.exe" "-marionette" "-foreground" "-no-remote" "-profile" "C:\\Users\\CON_SV~1\\AppData\\Local\\Temp\\rust_mozprofile.joxCnHAiJ7zk"
1560226067886	addons.webextension.screenshots@mozilla.org	WARN	Loading extension 'screenshots@mozilla.org': Reading manifest: Invalid host permission: resource://pdf.js/
1560226067886	addons.webextension.screenshots@mozilla.org	WARN	Loading extension 'screenshots@mozilla.org': Reading manifest: Invalid host permission: about:reader*
1560226070446	Marionette	INFO	Listening on port 54084
1560226070807	Marionette	WARN	TLS certificate errors will be ignored for this session</msg>
<status endtime="20190611 09:37:53.665" starttime="20190611 09:37:45.831" status="PASS"></status>
</kw>
<kw name="01_Logon To Salesforce">
<kw library="com.KTOC.TRB.testautomation.Keywords.Keywords" name="Loginto Salesforce">
<status endtime="20190611 09:37:59.105" starttime="20190611 09:37:53.679" status="PASS"></status>
</kw>
<status endtime="20190611 09:37:59.114" starttime="20190611 09:37:53.670" status="PASS"></status>
</kw>
<kw name="02_Verify Creating Opportunity and Mapping It With FLTender">
<kw library="com.KTOC.TRB.testautomation.Keywords.Keywords" name="Create Opportunity OR Search Opportunity">
<msg level="INFO" timestamp="20190611 09:38:22.326">Opportunity Name:AUTOMATION TRB 201 entered in Search box
AUTOMATION TRB 201 has been clicked</msg>
<status endtime="20190611 09:38:22.330" starttime="20190611 09:37:59.137" status="PASS"></status>
</kw>
<status endtime="20190611 09:38:22.335" starttime="20190611 09:37:59.119" status="PASS"></status>
</kw>
<kw name="03_Verify Tender Created Successfully for Elevator">
<kw library="com.KTOC.TRB.testautomation.Keywords.Keywords" name="Navigateto KTOCTRB">
<msg level="INFO" timestamp="20190611 09:38:34.933">Release 1813 is Selected
Clicked on OK button</msg>
<status endtime="20190611 09:38:34.936" starttime="20190611 09:38:22.349" status="PASS"></status>
</kw>
<kw library="com.KTOC.TRB.testautomation.Keywords.Keywords" name="Add Equipment ID Elevator">
<msg level="INFO" timestamp="20190611 09:38:54.539">30493722 EquipmentID entered
Equipment loader clicked
checkbox clicked
Change button clicked</msg>
<status endtime="20190611 09:38:54.543" starttime="20190611 09:38:34.941" status="PASS"></status>
</kw>
<kw library="com.KTOC.TRB.testautomation.Keywords.Keywords" name="Select Template To Be Uploaded">
<msg level="INFO" timestamp="20190611 09:38:58.172">Rightclick performed on Equipment
Open Templates clicked
AustraliaRopes_For Automation_XML Entered in search
Shared templates radio button Clicked
AustraliaRopes_For Automation_XML Template Clicked</msg>
<status endtime="20190611 09:38:58.195" starttime="20190611 09:38:54.549" status="PASS"></status>
</kw>
<kw library="com.KTOC.TRB.testautomation.Keywords.Keywords" name="Check Hand Over Date Is Greater Than Installation Date">
<msg level="INFO" timestamp="20190611 09:39:06.972">Project clicked</msg>
<status endtime="20190611 09:39:06.975" starttime="20190611 09:38:58.209" status="PASS"></status>
</kw>
<kw library="com.KTOC.TRB.testautomation.Keywords.Keywords" name="Check Sales Officeis Selected">
<msg level="INFO" timestamp="20190611 09:39:08.628">SalesOffice value AU21 - Sydney Region Selected
*** Read LaborRate from Maintenance(AutomationTest tab): 75.15
*** Read ITEFactor from Maintenance(AutomationTest tab): 2.47
*** Read RegionalDiscount from Maintenance(AutomationTest tab): 0.0</msg>
<status endtime="20190611 09:39:08.632" starttime="20190611 09:39:06.983" status="PASS"></status>
</kw>
<kw library="com.KTOC.TRB.testautomation.Keywords.Keywords" name="Additionalfieldsin Project Overviewfor Canada">
<status endtime="20190611 09:39:08.641" starttime="20190611 09:39:08.636" status="PASS"></status>
</kw>
<kw library="com.KTOC.TRB.testautomation.Keywords.Keywords" name="Select Supervisor">
<msg level="INFO" timestamp="20190611 09:39:11.221">CustomerID: A10137873 entered
13012004 selected in Supervisor</msg>
<status endtime="20190611 09:39:11.228" starttime="20190611 09:39:08.644" status="PASS"></status>
</kw>
<kw library="com.KTOC.TRB.testautomation.Keywords.Keywords" name="Select Equipment In Service">
<msg level="INFO" timestamp="20190611 09:39:13.067">LIS Elevator is clicked in Equipment InService</msg>
<status endtime="20190611 09:39:13.070" starttime="20190611 09:39:11.234" status="PASS"></status>
</kw>
<kw library="com.KTOC.TRB.testautomation.Keywords.Keywords" name="Verify Tender Consistency">
<msg level="INFO" timestamp="20190611 09:39:14.245">FAIL: Tender is NOT Consistent, value:url("https://ktoc-ca3.kone.com/camosHTML5Client/cH5C/SMG?i=0191f5aaded042c33180d357113667fbefc81b95&amp;w=16&amp;h=16")
FAIL: Tender is NOT Consistent, value:url("https://ktoc-ca3.kone.com/camosHTML5Client/cH5C/SMG?i=0191f5aaded042c33180d357113667fbefc81b95&amp;w=16&amp;h=16")
FAIL: Tender is NOT Consistent, value:url("https://ktoc-ca3.kone.com/camosHTML5Client/cH5C/SMG?i=0191f5aaded042c33180d357113667fbefc81b95&amp;w=16&amp;h=16")
FAIL: Tender is NOT Consistent, value:url("https://ktoc-ca3.kone.com/camosHTML5Client/cH5C/SMG?i=0191f5aaded042c33180d357113667fbefc81b95&amp;w=16&amp;h=16")
PASS: Tender is Consistent, value:url("https://ktoc-ca3.kone.com/camosHTML5Client/cH5C/SMG?i=cad9a93f6c879df1ed1373d2853634026ff3224f&amp;w=16&amp;h=16")
FAIL: Tender is NOT Consistent, value:url("https://ktoc-ca3.kone.com/camosHTML5Client/cH5C/SMG?i=0191f5aaded042c33180d357113667fbefc81b95&amp;w=16&amp;h=16")
FAIL: Tender is NOT Consistent, value:url("https://ktoc-ca3.kone.com/camosHTML5Client/cH5C/SMG?i=0191f5aaded042c33180d357113667fbefc81b95&amp;w=16&amp;h=16")</msg>
<status endtime="20190611 09:39:14.249" starttime="20190611 09:39:13.075" status="PASS"></status>
</kw>
<kw library="com.KTOC.TRB.testautomation.Keywords.Keywords" name="Get Tender Number">
<msg level="INFO" timestamp="20190611 09:39:14.282">Tender # is :T-0002949473</msg>
<status endtime="20190611 09:39:14.284" starttime="20190611 09:39:14.252" status="PASS"></status>
</kw>
<kw library="com.KTOC.TRB.testautomation.Keywords.Keywords" name="Pricing Icon Click">
<msg level="INFO" timestamp="20190611 09:39:14.624">pricing icon Clicked</msg>
<status endtime="20190611 09:39:14.630" starttime="20190611 09:39:14.287" status="PASS"></status>
</kw>
<status endtime="20190611 09:39:14.638" starttime="20190611 09:38:22.340" status="PASS"></status>
</kw>
<kw name="06_Validate Discount Without FirstMaintenance for Elevator">
<kw library="com.KTOC.TRB.testautomation.Keywords.Keywords" name="Verify Discount By Changing The Tender Price">
<arguments>
<arg>&amp;{tenderprice}[tenderprice_1]</arg>
<arg>${withoutfirstmaintenance}</arg>
</arguments>
<msg level="INFO" timestamp="20190611 09:39:20.188">TenderPrice entered as: 16200
First maintenance: 0 Clicked</msg>
<status endtime="20190611 09:39:20.192" starttime="20190611 09:39:14.655" status="PASS"></status>
</kw>
<status endtime="20190611 09:39:20.196" starttime="20190611 09:39:14.646" status="PASS"></status>
</kw>
<kw name="07_Check Discount Without FirstMaintenance for Elevator">
<kw library="com.KTOC.TRB.testautomation.Keywords.Keywords" name="Get Target Price">
<msg level="INFO" timestamp="20190611 09:39:21.202">TargetPrice:9028.24
Firstmaintenance:0.0
TenderPrice:9199.35
DiscountFinal:-1.90 / Discount shown in Application:-1.9
*** null Added in CalculatedDiscountFinal hence DiscountFinal VS Discount shown in Application is: true ***</msg>
<status endtime="20190611 09:39:21.204" starttime="20190611 09:39:20.208" status="PASS"></status>
</kw>
<status endtime="20190611 09:39:21.208" starttime="20190611 09:39:20.200" status="PASS"></status>
</kw>
<kw name="21_Check TenderLetter Is generated Correctly With All The components">
<kw library="com.KTOC.TRB.testautomation.Keywords.Keywords" name="Go To Documents Taband Click The Tender">
<msg level="INFO" timestamp="20190611 09:39:23.481">ToWord icon clicked</msg>
<status endtime="20190611 09:39:23.483" starttime="20190611 09:39:21.214" status="PASS"></status>
</kw>
<kw library="com.KTOC.TRB.testautomation.Keywords.Keywords" name="Verify Successful Message Displayed">
<msg level="INFO" timestamp="20190611 09:39:25.367">Create PrintOut icon clicked</msg>
<status endtime="20190611 09:39:25.370" starttime="20190611 09:39:23.487" status="PASS"></status>
</kw>
<status endtime="20190611 09:39:25.374" starttime="20190611 09:39:21.211" status="PASS"></status>
</kw>
<kw name="22_Close KTOC">
<kw library="com.KTOC.TRB.testautomation.Keywords.Keywords" name="Click Saveand Close Button">
<msg level="INFO" timestamp="20190611 09:39:28.811">SaveandClose icon CLICKED
Yes CLICKED in SaveandClose
Automation Test Description entered in Description field in stage / Probability window</msg>
<status endtime="20190611 09:39:28.816" starttime="20190611 09:39:25.386" status="PASS"></status>
</kw>
<status endtime="20190611 09:39:28.823" starttime="20190611 09:39:25.381" status="PASS"></status>
</kw>
<kw type="teardown" library="com.KTOC.TRB.testautomation.Keywords.Keywords" name="Close Browser">
<status endtime="20190611 09:39:31.399" starttime="20190611 09:39:28.827" status="PASS"></status>
</kw>
<status critical="yes" endtime="20190611 09:39:31.401" starttime="20190611 09:37:45.824" status="PASS"></status>
</test>
<test name="03. Validate TenderPrice With FirstMaintenance for Elevator" id="s1-s1-s1-t3">
<kw type="setup" library="com.KTOC.TRB.testautomation.Keywords.Keywords" name="Launch Browser">
<arguments>
<arg>${country}</arg>
<arg>&amp;{TESTDATA_AUSTRALIA}</arg>
</arguments>
<msg level="INFO" timestamp="20190611 09:39:40.459">1560226172483	mozrunner::runner	INFO	Running command: "C:\\Program Files\\Mozilla Firefox\\firefox.exe" "-marionette" "-foreground" "-no-remote" "-profile" "C:\\Users\\CON_SV~1\\AppData\\Local\\Temp\\rust_mozprofile.QoHKfZghjCpN"
1560226173512	addons.webextension.screenshots@mozilla.org	WARN	Loading extension 'screenshots@mozilla.org': Reading manifest: Invalid host permission: resource://pdf.js/
1560226173512	addons.webextension.screenshots@mozilla.org	WARN	Loading extension 'screenshots@mozilla.org': Reading manifest: Invalid host permission: about:reader*
1560226176495	Marionette	INFO	Listening on port 54200
1560226176816	Marionette	WARN	TLS certificate errors will be ignored for this session</msg>
<status endtime="20190611 09:39:40.465" starttime="20190611 09:39:31.412" status="PASS"></status>
</kw>
<kw name="01_Logon To Salesforce">
<kw library="com.KTOC.TRB.testautomation.Keywords.Keywords" name="Loginto Salesforce">
<status endtime="20190611 09:39:46.139" starttime="20190611 09:39:40.476" status="PASS"></status>
</kw>
<status endtime="20190611 09:39:46.146" starttime="20190611 09:39:40.469" status="PASS"></status>
</kw>
<kw name="02_Verify Creating Opportunity and Mapping It With FLTender">
<kw library="com.KTOC.TRB.testautomation.Keywords.Keywords" name="Create Opportunity OR Search Opportunity">
<msg level="INFO" timestamp="20190611 09:40:15.212">Opportunity Name:AUTOMATION TRB 201 entered in Search box
AUTOMATION TRB 201 has been clicked</msg>
<status endtime="20190611 09:40:15.216" starttime="20190611 09:39:46.156" status="PASS"></status>
</kw>
<status endtime="20190611 09:40:15.222" starttime="20190611 09:39:46.150" status="PASS"></status>
</kw>
<kw name="03_Verify Tender Created Successfully for Elevator">
<kw library="com.KTOC.TRB.testautomation.Keywords.Keywords" name="Navigateto KTOCTRB">
<msg level="INFO" timestamp="20190611 09:40:25.587">Release 1813 is Selected
Clicked on OK button</msg>
<status endtime="20190611 09:40:25.591" starttime="20190611 09:40:15.236" status="PASS"></status>
</kw>
<kw library="com.KTOC.TRB.testautomation.Keywords.Keywords" name="Add Equipment ID Elevator">
<msg level="INFO" timestamp="20190611 09:40:43.857">30493722 EquipmentID entered
Equipment loader clicked
checkbox clicked
Change button clicked</msg>
<status endtime="20190611 09:40:43.866" starttime="20190611 09:40:25.597" status="PASS"></status>
</kw>
<kw library="com.KTOC.TRB.testautomation.Keywords.Keywords" name="Select Template To Be Uploaded">
<msg level="INFO" timestamp="20190611 09:40:47.857">Rightclick performed on Equipment
Open Templates clicked
AustraliaRopes_For Automation_XML Entered in search
Shared templates radio button Clicked
AustraliaRopes_For Automation_XML Template Clicked</msg>
<status endtime="20190611 09:40:47.861" starttime="20190611 09:40:43.875" status="PASS"></status>
</kw>
<kw library="com.KTOC.TRB.testautomation.Keywords.Keywords" name="Check Hand Over Date Is Greater Than Installation Date">
<msg level="INFO" timestamp="20190611 09:40:53.405">Project clicked</msg>
<status endtime="20190611 09:40:53.410" starttime="20190611 09:40:47.865" status="PASS"></status>
</kw>
<kw library="com.KTOC.TRB.testautomation.Keywords.Keywords" name="Check Sales Officeis Selected">
<msg level="INFO" timestamp="20190611 09:40:55.782">SalesOffice value AU21 - Sydney Region Selected
*** Read LaborRate from Maintenance(AutomationTest tab): 75.15
*** Read ITEFactor from Maintenance(AutomationTest tab): 2.47
*** Read RegionalDiscount from Maintenance(AutomationTest tab): 0.0</msg>
<status endtime="20190611 09:40:55.791" starttime="20190611 09:40:53.417" status="PASS"></status>
</kw>
<kw library="com.KTOC.TRB.testautomation.Keywords.Keywords" name="Additionalfieldsin Project Overviewfor Canada">
<status endtime="20190611 09:40:55.812" starttime="20190611 09:40:55.796" status="PASS"></status>
</kw>
<kw library="com.KTOC.TRB.testautomation.Keywords.Keywords" name="Select Supervisor">
<msg level="INFO" timestamp="20190611 09:40:58.941">CustomerID: A10137873 entered
13012004 selected in Supervisor</msg>
<status endtime="20190611 09:40:58.947" starttime="20190611 09:40:55.814" status="PASS"></status>
</kw>
<kw library="com.KTOC.TRB.testautomation.Keywords.Keywords" name="Select Equipment In Service">
<msg level="INFO" timestamp="20190611 09:41:00.935">LIS Elevator is clicked in Equipment InService</msg>
<status endtime="20190611 09:41:00.939" starttime="20190611 09:40:58.952" status="PASS"></status>
</kw>
<kw library="com.KTOC.TRB.testautomation.Keywords.Keywords" name="Verify Tender Consistency">
<msg level="INFO" timestamp="20190611 09:41:01.889">FAIL: Tender is NOT Consistent, value:url("https://ktoc-ca3.kone.com/camosHTML5Client/cH5C/SMG?i=0191f5aaded042c33180d357113667fbefc81b95&amp;w=16&amp;h=16")
FAIL: Tender is NOT Consistent, value:url("https://ktoc-ca3.kone.com/camosHTML5Client/cH5C/SMG?i=0191f5aaded042c33180d357113667fbefc81b95&amp;w=16&amp;h=16")
FAIL: Tender is NOT Consistent, value:url("https://ktoc-ca3.kone.com/camosHTML5Client/cH5C/SMG?i=0191f5aaded042c33180d357113667fbefc81b95&amp;w=16&amp;h=16")
FAIL: Tender is NOT Consistent, value:url("https://ktoc-ca3.kone.com/camosHTML5Client/cH5C/SMG?i=0191f5aaded042c33180d357113667fbefc81b95&amp;w=16&amp;h=16")
PASS: Tender is Consistent, value:url("https://ktoc-ca3.kone.com/camosHTML5Client/cH5C/SMG?i=cad9a93f6c879df1ed1373d2853634026ff3224f&amp;w=16&amp;h=16")
FAIL: Tender is NOT Consistent, value:url("https://ktoc-ca3.kone.com/camosHTML5Client/cH5C/SMG?i=0191f5aaded042c33180d357113667fbefc81b95&amp;w=16&amp;h=16")
FAIL: Tender is NOT Consistent, value:url("https://ktoc-ca3.kone.com/camosHTML5Client/cH5C/SMG?i=0191f5aaded042c33180d357113667fbefc81b95&amp;w=16&amp;h=16")</msg>
<status endtime="20190611 09:41:01.891" starttime="20190611 09:41:00.943" status="PASS"></status>
</kw>
<kw library="com.KTOC.TRB.testautomation.Keywords.Keywords" name="Get Tender Number">
<msg level="INFO" timestamp="20190611 09:41:01.920">Tender # is :T-0002949474</msg>
<status endtime="20190611 09:41:01.923" starttime="20190611 09:41:01.895" status="PASS"></status>
</kw>
<kw library="com.KTOC.TRB.testautomation.Keywords.Keywords" name="Pricing Icon Click">
<msg level="INFO" timestamp="20190611 09:41:02.272">pricing icon Clicked</msg>
<status endtime="20190611 09:41:02.276" starttime="20190611 09:41:01.926" status="PASS"></status>
</kw>
<status endtime="20190611 09:41:02.281" starttime="20190611 09:40:15.226" status="PASS"></status>
</kw>
<kw name="08_Validate TenderPrice With FirstMaintenance for Elevator">
<kw library="com.KTOC.TRB.testautomation.Keywords.Keywords" name="Check Tender Price After Discount Update">
<arguments>
<arg>&amp;{discount}[discount_2]</arg>
<arg>&amp;{withfirstmaintenance}[firstmaintenance_1]</arg>
</arguments>
<msg level="INFO" timestamp="20190611 09:41:06.291">Discount entered as: 4
First maintenance: 3 Clicked</msg>
<status endtime="20190611 09:41:06.295" starttime="20190611 09:41:02.288" status="PASS"></status>
</kw>
<status endtime="20190611 09:41:06.298" starttime="20190611 09:41:02.284" status="PASS"></status>
</kw>
<kw name="09_Check TenderPrice With FirstMaintenance for Elevator">
<kw library="com.KTOC.TRB.testautomation.Keywords.Keywords" name="Get Target Price">
<msg level="INFO" timestamp="20190611 09:41:07.183">TargetPrice:16028.88
Firstmaintenance:3500.0
Discount:4.0
*** TenderPriceFinal:15527.72 / CurrentTenderPrice:15527.72 ***
*** null Added in TenderPrice hence TenderPriceFinal VS TenderPrice shown in Application is: true ***</msg>
<status endtime="20190611 09:41:07.185" starttime="20190611 09:41:06.306" status="PASS"></status>
</kw>
<status endtime="20190611 09:41:07.187" starttime="20190611 09:41:06.300" status="PASS"></status>
</kw>
<kw name="21_Check TenderLetter Is generated Correctly With All The components">
<kw library="com.KTOC.TRB.testautomation.Keywords.Keywords" name="Go To Documents Taband Click The Tender">
<msg level="INFO" timestamp="20190611 09:41:09.590">ToWord icon clicked</msg>
<status endtime="20190611 09:41:09.600" starttime="20190611 09:41:07.193" status="PASS"></status>
</kw>
<kw library="com.KTOC.TRB.testautomation.Keywords.Keywords" name="Verify Successful Message Displayed">
<msg level="INFO" timestamp="20190611 09:41:11.908">Create PrintOut icon clicked</msg>
<status endtime="20190611 09:41:11.915" starttime="20190611 09:41:09.609" status="PASS"></status>
</kw>
<status endtime="20190611 09:41:11.931" starttime="20190611 09:41:07.190" status="PASS"></status>
</kw>
<kw name="22_Close KTOC">
<kw library="com.KTOC.TRB.testautomation.Keywords.Keywords" name="Click Saveand Close Button">
<msg level="INFO" timestamp="20190611 09:41:16.406">SaveandClose icon CLICKED
Yes CLICKED in SaveandClose
Automation Test Description entered in Description field in stage / Probability window</msg>
<status endtime="20190611 09:41:16.413" starttime="20190611 09:41:11.965" status="PASS"></status>
</kw>
<status endtime="20190611 09:41:16.424" starttime="20190611 09:41:11.942" status="PASS"></status>
</kw>
<kw type="teardown" library="com.KTOC.TRB.testautomation.Keywords.Keywords" name="Close Browser">
<status endtime="20190611 09:41:18.827" starttime="20190611 09:41:16.435" status="PASS"></status>
</kw>
<status critical="yes" endtime="20190611 09:41:18.830" starttime="20190611 09:39:31.407" status="PASS"></status>
</test>
<test name="04. Validate Discount With FirstMaintenance for Elevator" id="s1-s1-s1-t4">
<kw type="setup" library="com.KTOC.TRB.testautomation.Keywords.Keywords" name="Launch Browser">
<arguments>
<arg>${country}</arg>
<arg>&amp;{TESTDATA_AUSTRALIA}</arg>
</arguments>
<msg level="INFO" timestamp="20190611 09:41:27.126">1560226279989	mozrunner::runner	INFO	Running command: "C:\\Program Files\\Mozilla Firefox\\firefox.exe" "-marionette" "-foreground" "-no-remote" "-profile" "C:\\Users\\CON_SV~1\\AppData\\Local\\Temp\\rust_mozprofile.i69emiFg2mEk"
1560226281249	addons.webextension.screenshots@mozilla.org	WARN	Loading extension 'screenshots@mozilla.org': Reading manifest: Invalid host permission: resource://pdf.js/
1560226281249	addons.webextension.screenshots@mozilla.org	WARN	Loading extension 'screenshots@mozilla.org': Reading manifest: Invalid host permission: about:reader*
1560226283896	Marionette	INFO	Listening on port 54316
1560226284349	Marionette	WARN	TLS certificate errors will be ignored for this session</msg>
<status endtime="20190611 09:41:27.131" starttime="20190611 09:41:18.839" status="PASS"></status>
</kw>
<kw name="01_Logon To Salesforce">
<kw library="com.KTOC.TRB.testautomation.Keywords.Keywords" name="Loginto Salesforce">
<status endtime="20190611 09:41:32.758" starttime="20190611 09:41:27.145" status="PASS"></status>
</kw>
<status endtime="20190611 09:41:32.764" starttime="20190611 09:41:27.136" status="PASS"></status>
</kw>
<kw name="02_Verify Creating Opportunity and Mapping It With FLTender">
<kw library="com.KTOC.TRB.testautomation.Keywords.Keywords" name="Create Opportunity OR Search Opportunity">
<msg level="INFO" timestamp="20190611 09:42:01.559">Opportunity Name:AUTOMATION TRB 201 entered in Search box
AUTOMATION TRB 201 has been clicked</msg>
<status endtime="20190611 09:42:01.565" starttime="20190611 09:41:32.775" status="PASS"></status>
</kw>
<status endtime="20190611 09:42:01.573" starttime="20190611 09:41:32.768" status="PASS"></status>
</kw>
<kw name="03_Verify Tender Created Successfully for Elevator">
<kw library="com.KTOC.TRB.testautomation.Keywords.Keywords" name="Navigateto KTOCTRB">
<msg level="INFO" timestamp="20190611 09:42:11.631">Release 1813 is Selected
Clicked on OK button</msg>
<status endtime="20190611 09:42:11.634" starttime="20190611 09:42:01.618" status="PASS"></status>
</kw>
<kw library="com.KTOC.TRB.testautomation.Keywords.Keywords" name="Add Equipment ID Elevator">
<msg level="INFO" timestamp="20190611 09:42:25.478">30493722 EquipmentID entered
Equipment loader clicked
checkbox clicked
Change button clicked</msg>
<status endtime="20190611 09:42:25.481" starttime="20190611 09:42:11.638" status="PASS"></status>
</kw>
<kw library="com.KTOC.TRB.testautomation.Keywords.Keywords" name="Select Template To Be Uploaded">
<msg level="INFO" timestamp="20190611 09:45:51.378">Rightclick performed on Equipment
Open Templates clicked
AustraliaRopes_For Automation_XML Entered in search
Shared templates radio button Clicked
AustraliaRopes_For Automation_XML Template Clicked</msg>
<status endtime="20190611 09:45:51.383" starttime="20190611 09:42:25.485" status="PASS"></status>
</kw>
<kw library="com.KTOC.TRB.testautomation.Keywords.Keywords" name="Check Hand Over Date Is Greater Than Installation Date">
<msg level="INFO" timestamp="20190611 09:45:57.237">Project clicked</msg>
<status endtime="20190611 09:45:57.243" starttime="20190611 09:45:51.389" status="PASS"></status>
</kw>
<kw library="com.KTOC.TRB.testautomation.Keywords.Keywords" name="Check Sales Officeis Selected">
<msg level="INFO" timestamp="20190611 09:45:58.972">SalesOffice value AU21 - Sydney Region Selected
*** Read LaborRate from Maintenance(AutomationTest tab): 75.15
*** Read ITEFactor from Maintenance(AutomationTest tab): 2.47
*** Read RegionalDiscount from Maintenance(AutomationTest tab): 0.0</msg>
<status endtime="20190611 09:45:58.979" starttime="20190611 09:45:57.253" status="PASS"></status>
</kw>
<kw library="com.KTOC.TRB.testautomation.Keywords.Keywords" name="Additionalfieldsin Project Overviewfor Canada">
<status endtime="20190611 09:45:59.001" starttime="20190611 09:45:58.990" status="PASS"></status>
</kw>
<kw library="com.KTOC.TRB.testautomation.Keywords.Keywords" name="Select Supervisor">
<msg level="INFO" timestamp="20190611 09:46:00.576">CustomerID: A10137873 entered
13012004 selected in Supervisor</msg>
<status endtime="20190611 09:46:00.579" starttime="20190611 09:45:59.021" status="PASS"></status>
</kw>
<kw library="com.KTOC.TRB.testautomation.Keywords.Keywords" name="Select Equipment In Service">
<msg level="INFO" timestamp="20190611 09:46:02.567">LIS Elevator is clicked in Equipment InService</msg>
<status endtime="20190611 09:46:02.577" starttime="20190611 09:46:00.582" status="PASS"></status>
</kw>
<kw library="com.KTOC.TRB.testautomation.Keywords.Keywords" name="Verify Tender Consistency">
<msg level="INFO" timestamp="20190611 09:46:03.576">FAIL: Tender is NOT Consistent, value:url("https://ktoc-ca3.kone.com/camosHTML5Client/cH5C/SMG?i=0191f5aaded042c33180d357113667fbefc81b95&amp;w=16&amp;h=16")
FAIL: Tender is NOT Consistent, value:url("https://ktoc-ca3.kone.com/camosHTML5Client/cH5C/SMG?i=0191f5aaded042c33180d357113667fbefc81b95&amp;w=16&amp;h=16")
FAIL: Tender is NOT Consistent, value:url("https://ktoc-ca3.kone.com/camosHTML5Client/cH5C/SMG?i=0191f5aaded042c33180d357113667fbefc81b95&amp;w=16&amp;h=16")
FAIL: Tender is NOT Consistent, value:url("https://ktoc-ca3.kone.com/camosHTML5Client/cH5C/SMG?i=0191f5aaded042c33180d357113667fbefc81b95&amp;w=16&amp;h=16")
PASS: Tender is Consistent, value:url("https://ktoc-ca3.kone.com/camosHTML5Client/cH5C/SMG?i=cad9a93f6c879df1ed1373d2853634026ff3224f&amp;w=16&amp;h=16")
FAIL: Tender is NOT Consistent, value:url("https://ktoc-ca3.kone.com/camosHTML5Client/cH5C/SMG?i=0191f5aaded042c33180d357113667fbefc81b95&amp;w=16&amp;h=16")
FAIL: Tender is NOT Consistent, value:url("https://ktoc-ca3.kone.com/camosHTML5Client/cH5C/SMG?i=0191f5aaded042c33180d357113667fbefc81b95&amp;w=16&amp;h=16")</msg>
<status endtime="20190611 09:46:03.578" starttime="20190611 09:46:02.582" status="PASS"></status>
</kw>
<kw library="com.KTOC.TRB.testautomation.Keywords.Keywords" name="Get Tender Number">
<msg level="INFO" timestamp="20190611 09:46:03.600">Tender # is :T-0002949475</msg>
<status endtime="20190611 09:46:03.602" starttime="20190611 09:46:03.580" status="PASS"></status>
</kw>
<kw library="com.KTOC.TRB.testautomation.Keywords.Keywords" name="Pricing Icon Click">
<msg level="INFO" timestamp="20190611 09:46:03.911">pricing icon Clicked</msg>
<status endtime="20190611 09:46:03.919" starttime="20190611 09:46:03.604" status="PASS"></status>
</kw>
<status endtime="20190611 09:46:03.928" starttime="20190611 09:42:01.586" status="PASS"></status>
</kw>
<kw name="10_Validate Discount With FirstMaintenance for Elevator">
<kw library="com.KTOC.TRB.testautomation.Keywords.Keywords" name="Verify Discount By Changing The Tender Price">
<arguments>
<arg>&amp;{tenderprice}[tenderprice_2]</arg>
<arg>&amp;{withfirstmaintenance}[firstmaintenance_2]</arg>
</arguments>
<msg level="INFO" timestamp="20190611 09:46:08.422">TenderPrice entered as: 16300
First maintenance: 6 Clicked</msg>
<status endtime="20190611 09:46:08.423" starttime="20190611 09:46:03.949" status="PASS"></status>
</kw>
<status endtime="20190611 09:46:08.426" starttime="20190611 09:46:03.938" status="PASS"></status>
</kw>
<kw name="11_Check Discount With FirstMaintenance for Elevator">
<kw library="com.KTOC.TRB.testautomation.Keywords.Keywords" name="Get Target Price">
<msg level="INFO" timestamp="20190611 09:46:09.193">TargetPrice:16028.88
Firstmaintenance:3500.0
TenderPrice:16300.0
DiscountFinal:-2.16 / Discount shown in Application:-2.16
*** null Added in CalculatedDiscountFinal hence DiscountFinal VS Discount shown in Application is: true ***</msg>
<status endtime="20190611 09:46:09.197" starttime="20190611 09:46:08.433" status="PASS"></status>
</kw>
<status endtime="20190611 09:46:09.200" starttime="20190611 09:46:08.428" status="PASS"></status>
</kw>
<kw name="12_Change and Validate Discount With FirstMaintenance for Elevator">
<kw library="com.KTOC.TRB.testautomation.Keywords.Keywords" name="Verify Discount By Changing The Tender Price">
<arguments>
<arg>&amp;{tenderprice}[tenderprice_3]</arg>
<arg>&amp;{withfirstmaintenance}[firstmaintenance_3]</arg>
</arguments>
<msg level="INFO" timestamp="20190611 09:46:12.311">TenderPrice entered as: 16100
First maintenance: 3 Clicked</msg>
<status endtime="20190611 09:46:12.313" starttime="20190611 09:46:09.205" status="PASS"></status>
</kw>
<status endtime="20190611 09:46:12.316" starttime="20190611 09:46:09.202" status="PASS"></status>
</kw>
<kw name="13_Check Changed Discount With FirstMaintenance for Elevator">
<kw library="com.KTOC.TRB.testautomation.Keywords.Keywords" name="Get Target Price">
<msg level="INFO" timestamp="20190611 09:46:13.123">TargetPrice:16028.88
Firstmaintenance:3500.0
TenderPrice:16100.0
DiscountFinal:-.57 / Discount shown in Application:-0.57
*** null Added in CalculatedDiscountFinal hence DiscountFinal VS Discount shown in Application is: true ***</msg>
<status endtime="20190611 09:46:13.127" starttime="20190611 09:46:12.325" status="PASS"></status>
</kw>
<status endtime="20190611 09:46:13.130" starttime="20190611 09:46:12.319" status="PASS"></status>
</kw>
<kw name="21_Check TenderLetter Is generated Correctly With All The components">
<kw library="com.KTOC.TRB.testautomation.Keywords.Keywords" name="Go To Documents Taband Click The Tender">
<msg level="INFO" timestamp="20190611 09:46:15.646">ToWord icon clicked</msg>
<status endtime="20190611 09:46:15.652" starttime="20190611 09:46:13.135" status="PASS"></status>
</kw>
<kw library="com.KTOC.TRB.testautomation.Keywords.Keywords" name="Verify Successful Message Displayed">
<msg level="FAIL" timestamp="20190611 09:46:16.501">IllegalStateException: failure 'Verify Successful Message Displayed Failed due to: org.openqa.selenium.ElementClickInterceptedException: Element &lt;div id="b4865_12" class="tbw1 tbw0 "&gt; is not clickable at point (14,318) because another element &lt;div id="gp" class="gp"&gt; obscures it
Build info: version: '3.12.0', revision: '7c6e0b3', time: '2018-05-08T15:15:03.216Z'
System info: host: '5CG71660NZ', ip: '10.114.116.233', os.name: 'Windows 10', os.arch: 'amd64', os.version: '10.0', java.version: '1.8.0_181'
Driver info: org.openqa.selenium.firefox.FirefoxDriver
Capabilities {acceptInsecureCerts: true, browserName: firefox, browserVersion: 65.0.1, javascriptEnabled: true, moz:accessibilityChecks: false, moz:geckodriverVersion: 0.23.0, moz:headless: false, moz:processID: 18740, moz:profile: C:\Users\con_svijay02\AppDa..., moz:shutdownTimeout: 60000, moz:useNonSpecCompliantPointerOrigin: false, moz:webdriverClick: true, pageLoadStrategy: normal, platform: WINDOWS, platformName: WINDOWS, platformVersion: 10.0, rotatable: false, setWindowRect: true, strictFileInteractability: false, timeouts: {implicit: 0, pageLoad: 300000, script: 30000}, unhandledPromptBehavior: dismiss and notify}
Session ID: f7773c4c-fbb6-4326-8723-e3209108dd70'</msg>
<status endtime="20190611 09:46:16.504" starttime="20190611 09:46:15.661" status="FAIL"></status>
</kw>
<status endtime="20190611 09:46:16.510" starttime="20190611 09:46:13.132" status="FAIL"></status>
</kw>
<kw type="teardown" library="com.KTOC.TRB.testautomation.Keywords.Keywords" name="Close Browser">
<status endtime="20190611 09:46:18.591" starttime="20190611 09:46:16.515" status="PASS"></status>
</kw>
<status critical="yes" endtime="20190611 09:46:18.594" starttime="20190611 09:41:18.835" status="FAIL">IllegalStateException: failure 'Verify Successful Message Displayed Failed due to: org.openqa.selenium.ElementClickInterceptedException: Element &lt;div id="b4865_12" class="tbw1 tbw0 "&gt; is not clickable at point (14,318) because another element &lt;div id="gp" class="gp"&gt; obscures it
Build info: version: '3.12.0', revision: '7c6e0b3', time: '2018-05-08T15:15:03.216Z'
System info: host: '5CG71660NZ', ip: '10.114.116.233', os.name: 'Windows 10', os.arch: 'amd64', os.version: '10.0', java.version: '1.8.0_181'
Driver info: org.openqa.selenium.firefox.FirefoxDriver
Capabilities {acceptInsecureCerts: true, browserName: firefox, browserVersion: 65.0.1, javascriptEnabled: true, moz:accessibilityChecks: false, moz:geckodriverVersion: 0.23.0, moz:headless: false, moz:processID: 18740, moz:profile: C:\Users\con_svijay02\AppDa..., moz:shutdownTimeout: 60000, moz:useNonSpecCompliantPointerOrigin: false, moz:webdriverClick: true, pageLoadStrategy: normal, platform: WINDOWS, platformName: WINDOWS, platformVersion: 10.0, rotatable: false, setWindowRect: true, strictFileInteractability: false, timeouts: {implicit: 0, pageLoad: 300000, script: 30000}, unhandledPromptBehavior: dismiss and notify}
Session ID: f7773c4c-fbb6-4326-8723-e3209108dd70'</status>
</test>
<test name="05. Check RegionalFactor at SalesOffice Level for Elevator" id="s1-s1-s1-t5">
<kw type="setup" library="com.KTOC.TRB.testautomation.Keywords.Keywords" name="Launch Browser">
<arguments>
<arg>${country}</arg>
<arg>&amp;{TESTDATA_AUSTRALIA}</arg>
</arguments>
<msg level="INFO" timestamp="20190611 09:46:26.543">1560226579697	mozrunner::runner	INFO	Running command: "C:\\Program Files\\Mozilla Firefox\\firefox.exe" "-marionette" "-foreground" "-no-remote" "-profile" "C:\\Users\\CON_SV~1\\AppData\\Local\\Temp\\rust_mozprofile.9wB8HzWC0GTD"
1560226580655	addons.webextension.screenshots@mozilla.org	WARN	Loading extension 'screenshots@mozilla.org': Reading manifest: Invalid host permission: resource://pdf.js/
1560226580656	addons.webextension.screenshots@mozilla.org	WARN	Loading extension 'screenshots@mozilla.org': Reading manifest: Invalid host permission: about:reader*
1560226583197	Marionette	INFO	Listening on port 54439
1560226583579	Marionette	WARN	TLS certificate errors will be ignored for this session</msg>
<status endtime="20190611 09:46:26.548" starttime="20190611 09:46:18.604" status="PASS"></status>
</kw>
<kw name="01_Logon To Salesforce">
<kw library="com.KTOC.TRB.testautomation.Keywords.Keywords" name="Loginto Salesforce">
<status endtime="20190611 09:46:47.596" starttime="20190611 09:46:26.562" status="PASS"></status>
</kw>
<status endtime="20190611 09:46:47.601" starttime="20190611 09:46:26.555" status="PASS"></status>
</kw>
<kw name="02_Verify Creating Opportunity and Mapping It With FLTender">
<kw library="com.KTOC.TRB.testautomation.Keywords.Keywords" name="Create Opportunity OR Search Opportunity">
<msg level="INFO" timestamp="20190611 09:47:02.712">Opportunity Name:AUTOMATION TRB 201 entered in Search box
AUTOMATION TRB 201 has been clicked</msg>
<status endtime="20190611 09:47:02.715" starttime="20190611 09:46:47.611" status="PASS"></status>
</kw>
<status endtime="20190611 09:47:02.718" starttime="20190611 09:46:47.605" status="PASS"></status>
</kw>
<kw name="03_Verify Tender Created Successfully for Elevator">
<kw library="com.KTOC.TRB.testautomation.Keywords.Keywords" name="Navigateto KTOCTRB">
<msg level="INFO" timestamp="20190611 09:47:13.651">Release 1813 is Selected
Clicked on OK button</msg>
<status endtime="20190611 09:47:13.654" starttime="20190611 09:47:02.729" status="PASS"></status>
</kw>
<kw library="com.KTOC.TRB.testautomation.Keywords.Keywords" name="Add Equipment ID Elevator">
<msg level="INFO" timestamp="20190611 09:47:27.035">30493722 EquipmentID entered
Equipment loader clicked
checkbox clicked
Change button clicked</msg>
<status endtime="20190611 09:47:27.045" starttime="20190611 09:47:13.659" status="PASS"></status>
</kw>
<kw library="com.KTOC.TRB.testautomation.Keywords.Keywords" name="Select Template To Be Uploaded">
<msg level="INFO" timestamp="20190611 09:47:30.809">Rightclick performed on Equipment
Open Templates clicked
AustraliaRopes_For Automation_XML Entered in search
Shared templates radio button Clicked
AustraliaRopes_For Automation_XML Template Clicked</msg>
<status endtime="20190611 09:47:30.814" starttime="20190611 09:47:27.050" status="PASS"></status>
</kw>
<kw library="com.KTOC.TRB.testautomation.Keywords.Keywords" name="Check Hand Over Date Is Greater Than Installation Date">
<msg level="INFO" timestamp="20190611 09:47:38.531">Project clicked</msg>
<status endtime="20190611 09:47:38.538" starttime="20190611 09:47:30.819" status="PASS"></status>
</kw>
<kw library="com.KTOC.TRB.testautomation.Keywords.Keywords" name="Check Sales Officeis Selected">
<msg level="INFO" timestamp="20190611 09:47:40.220">SalesOffice value AU21 - Sydney Region Selected
*** Read LaborRate from Maintenance(AutomationTest tab): 75.15
*** Read ITEFactor from Maintenance(AutomationTest tab): 2.47
*** Read RegionalDiscount from Maintenance(AutomationTest tab): 0.0</msg>
<status endtime="20190611 09:47:40.227" starttime="20190611 09:47:38.541" status="PASS"></status>
</kw>
<kw library="com.KTOC.TRB.testautomation.Keywords.Keywords" name="Additionalfieldsin Project Overviewfor Canada">
<status endtime="20190611 09:47:40.248" starttime="20190611 09:47:40.236" status="PASS"></status>
</kw>
<kw library="com.KTOC.TRB.testautomation.Keywords.Keywords" name="Select Supervisor">
<msg level="INFO" timestamp="20190611 09:47:44.264">CustomerID: A10137873 entered
13012004 selected in Supervisor</msg>
<status endtime="20190611 09:47:44.267" starttime="20190611 09:47:40.257" status="PASS"></status>
</kw>
<kw library="com.KTOC.TRB.testautomation.Keywords.Keywords" name="Select Equipment In Service">
<msg level="INFO" timestamp="20190611 09:47:45.665">LIS Elevator is clicked in Equipment InService</msg>
<status endtime="20190611 09:47:45.667" starttime="20190611 09:47:44.270" status="PASS"></status>
</kw>
<kw library="com.KTOC.TRB.testautomation.Keywords.Keywords" name="Verify Tender Consistency">
<msg level="INFO" timestamp="20190611 09:47:46.612">FAIL: Tender is NOT Consistent, value:url("https://ktoc-ca3.kone.com/camosHTML5Client/cH5C/SMG?i=0191f5aaded042c33180d357113667fbefc81b95&amp;w=16&amp;h=16")
FAIL: Tender is NOT Consistent, value:url("https://ktoc-ca3.kone.com/camosHTML5Client/cH5C/SMG?i=0191f5aaded042c33180d357113667fbefc81b95&amp;w=16&amp;h=16")
FAIL: Tender is NOT Consistent, value:url("https://ktoc-ca3.kone.com/camosHTML5Client/cH5C/SMG?i=0191f5aaded042c33180d357113667fbefc81b95&amp;w=16&amp;h=16")
FAIL: Tender is NOT Consistent, value:url("https://ktoc-ca3.kone.com/camosHTML5Client/cH5C/SMG?i=0191f5aaded042c33180d357113667fbefc81b95&amp;w=16&amp;h=16")
PASS: Tender is Consistent, value:url("https://ktoc-ca3.kone.com/camosHTML5Client/cH5C/SMG?i=cad9a93f6c879df1ed1373d2853634026ff3224f&amp;w=16&amp;h=16")
FAIL: Tender is NOT Consistent, value:url("https://ktoc-ca3.kone.com/camosHTML5Client/cH5C/SMG?i=0191f5aaded042c33180d357113667fbefc81b95&amp;w=16&amp;h=16")
FAIL: Tender is NOT Consistent, value:url("https://ktoc-ca3.kone.com/camosHTML5Client/cH5C/SMG?i=0191f5aaded042c33180d357113667fbefc81b95&amp;w=16&amp;h=16")</msg>
<status endtime="20190611 09:47:46.615" starttime="20190611 09:47:45.670" status="PASS"></status>
</kw>
<kw library="com.KTOC.TRB.testautomation.Keywords.Keywords" name="Get Tender Number">
<msg level="INFO" timestamp="20190611 09:47:46.640">Tender # is :T-0002949476</msg>
<status endtime="20190611 09:47:46.642" starttime="20190611 09:47:46.618" status="PASS"></status>
</kw>
<kw library="com.KTOC.TRB.testautomation.Keywords.Keywords" name="Pricing Icon Click">
<msg level="INFO" timestamp="20190611 09:47:46.983">pricing icon Clicked</msg>
<status endtime="20190611 09:47:46.991" starttime="20190611 09:47:46.645" status="PASS"></status>
</kw>
<status endtime="20190611 09:47:47.002" starttime="20190611 09:47:02.722" status="PASS"></status>
</kw>
<kw name="08_Validate TenderPrice With FirstMaintenance for Elevator">
<kw library="com.KTOC.TRB.testautomation.Keywords.Keywords" name="Check Tender Price After Discount Update">
<arguments>
<arg>&amp;{discount}[discount_2]</arg>
<arg>&amp;{withfirstmaintenance}[firstmaintenance_1]</arg>
</arguments>
<msg level="INFO" timestamp="20190611 09:47:51.500">Discount entered as: 4
First maintenance: 3 Clicked</msg>
<status endtime="20190611 09:47:51.502" starttime="20190611 09:47:47.024" status="PASS"></status>
</kw>
<status endtime="20190611 09:47:51.505" starttime="20190611 09:47:47.012" status="PASS"></status>
</kw>
<kw name="09_Check TenderPrice With FirstMaintenance for Elevator">
<kw library="com.KTOC.TRB.testautomation.Keywords.Keywords" name="Get Target Price">
<msg level="INFO" timestamp="20190611 09:47:52.449">TargetPrice:16028.88
Firstmaintenance:3500.0
Discount:4.0
*** TenderPriceFinal:15527.72 / CurrentTenderPrice:15527.72 ***
*** null Added in TenderPrice hence TenderPriceFinal VS TenderPrice shown in Application is: true ***</msg>
<status endtime="20190611 09:47:52.451" starttime="20190611 09:47:51.515" status="PASS"></status>
</kw>
<status endtime="20190611 09:47:52.456" starttime="20190611 09:47:51.508" status="PASS"></status>
</kw>
<kw name="14_Check Regional Factor At SalesOffice Level for Elevator">
<kw library="com.KTOC.TRB.testautomation.Keywords.Keywords" name="Verify Regional Discount Displayed Correctly">
<msg level="INFO" timestamp="20190611 09:47:53.674">Additional Discount Icon CLICKED</msg>
<status endtime="20190611 09:47:53.676" starttime="20190611 09:47:52.462" status="PASS"></status>
</kw>
<kw library="com.KTOC.TRB.testautomation.Keywords.Keywords" name="Verify Target Price Displayed Correctly">
<msg level="INFO" timestamp="20190611 09:48:04.747">Ropes_calculatedRegionaldiscountoncomponent =.00 / read_Regionaldiscountoncomponent =.00
*** is calculated_Regionaldiscountoncomponent vs read_Regionaldiscountoncomponent equal: true
read_Ropes_Regional discount on component (%)=0.0 / testdata_regionalDiscount:0.0
***is read_Ropes_Regional discount on component (%) VS testdata_regionalDiscount equal:true
Local Options_calculated_Regionaldiscountoncomponent %: .00 / read_Local Options_Regional discount on component (%)= 0.0
*** is calculated_Regionaldiscountoncomponent % vs read_Regionaldiscountoncomponent % equal: true
Local Options_Sales Office Multiplier: -37.08
Local Options_calculated_TargetPrice: 1890.84 / read_Local Options_Target Price:1890.84
*** null Added in calculated_TargetPrice hence calculated_TargetPrice VS read_TargetPrice shown in Application is: true</msg>
<status endtime="20190611 09:48:04.762" starttime="20190611 09:47:53.680" status="PASS"></status>
</kw>
<status endtime="20190611 09:48:04.770" starttime="20190611 09:47:52.459" status="PASS"></status>
</kw>
<kw name="15_Check Regional Factor When SalesOffice Is Changed for Elevator">
<kw library="com.KTOC.TRB.testautomation.Keywords.Keywords" name="Goto Configuration Pageand Change The Sales Office">
<msg level="INFO" timestamp="20190611 09:48:10.673">ToConfiguration icon clicked
Project clicked
SalesOffice value AU22 - Newcastle Region Selected
*** Read LaborRate from Maintenance(AutomationTest tab): 75.15
*** Read ITEFactor from Maintenance(AutomationTest tab): 2.47
*** Read RegionalDiscount from Maintenance(AutomationTest tab): 0.0
pricing icon Clicked</msg>
<status endtime="20190611 09:48:10.687" starttime="20190611 09:48:04.793" status="PASS"></status>
</kw>
<kw library="com.KTOC.TRB.testautomation.Keywords.Keywords" name="Verify Regional Discount Displayed Correctly">
<msg level="INFO" timestamp="20190611 09:48:12.673">Additional Discount Icon CLICKED</msg>
<status endtime="20190611 09:48:12.676" starttime="20190611 09:48:10.695" status="PASS"></status>
</kw>
<kw library="com.KTOC.TRB.testautomation.Keywords.Keywords" name="Verify Target Price Displayed Correctly">
<msg level="INFO" timestamp="20190611 09:48:23.567">Ropes_calculatedRegionaldiscountoncomponent =.00 / read_Regionaldiscountoncomponent =.00
*** is calculated_Regionaldiscountoncomponent vs read_Regionaldiscountoncomponent equal: true
read_Ropes_Regional discount on component (%)=0.0 / testdata_regionalDiscount:0.0
***is read_Ropes_Regional discount on component (%) VS testdata_regionalDiscount equal:true
Local Options_calculated_Regionaldiscountoncomponent %: .00 / read_Local Options_Regional discount on component (%)= 0.0
*** is calculated_Regionaldiscountoncomponent % vs read_Regionaldiscountoncomponent % equal: true
Local Options_Sales Office Multiplier: -185.38
Local Options_calculated_TargetPrice: 2039.14 / read_Local Options_Target Price:2039.14
*** null Added in calculated_TargetPrice hence calculated_TargetPrice VS read_TargetPrice shown in Application is: true</msg>
<status endtime="20190611 09:48:23.579" starttime="20190611 09:48:12.678" status="PASS"></status>
</kw>
<status endtime="20190611 09:48:23.586" starttime="20190611 09:48:04.778" status="PASS"></status>
</kw>
<kw name="21_Check TenderLetter Is generated Correctly With All The components">
<kw library="com.KTOC.TRB.testautomation.Keywords.Keywords" name="Go To Documents Taband Click The Tender">
<msg level="INFO" timestamp="20190611 09:48:26.247">ToWord icon clicked</msg>
<status endtime="20190611 09:48:26.255" starttime="20190611 09:48:23.606" status="PASS"></status>
</kw>
<kw library="com.KTOC.TRB.testautomation.Keywords.Keywords" name="Verify Successful Message Displayed">
<msg level="INFO" timestamp="20190611 09:48:28.425">Create PrintOut icon clicked</msg>
<status endtime="20190611 09:48:28.427" starttime="20190611 09:48:26.267" status="PASS"></status>
</kw>
<status endtime="20190611 09:48:28.430" starttime="20190611 09:48:23.593" status="PASS"></status>
</kw>
<kw name="22_Close KTOC">
<kw library="com.KTOC.TRB.testautomation.Keywords.Keywords" name="Click Saveand Close Button">
<msg level="INFO" timestamp="20190611 09:48:32.761">SaveandClose icon CLICKED
Yes CLICKED in SaveandClose
Automation Test Description entered in Description field in stage / Probability window</msg>
<status endtime="20190611 09:48:32.768" starttime="20190611 09:48:28.437" status="PASS"></status>
</kw>
<status endtime="20190611 09:48:32.776" starttime="20190611 09:48:28.432" status="PASS"></status>
</kw>
<kw type="teardown" library="com.KTOC.TRB.testautomation.Keywords.Keywords" name="Close Browser">
<status endtime="20190611 09:48:35.027" starttime="20190611 09:48:32.788" status="PASS"></status>
</kw>
<status critical="yes" endtime="20190611 09:48:35.030" starttime="20190611 09:46:18.600" status="PASS"></status>
</test>
<test name="06. Verify ITEFactor value and LaborRate value is taken from SalesOffice for Elevator" id="s1-s1-s1-t6">
<kw type="setup" library="com.KTOC.TRB.testautomation.Keywords.Keywords" name="Launch Browser">
<arguments>
<arg>${country}</arg>
<arg>&amp;{TESTDATA_AUSTRALIA}</arg>
</arguments>
<msg level="INFO" timestamp="20190611 09:48:42.723">1560226716112	mozrunner::runner	INFO	Running command: "C:\\Program Files\\Mozilla Firefox\\firefox.exe" "-marionette" "-foreground" "-no-remote" "-profile" "C:\\Users\\CON_SV~1\\AppData\\Local\\Temp\\rust_mozprofile.HzZG32Rtyas1"
1560226717008	addons.webextension.screenshots@mozilla.org	WARN	Loading extension 'screenshots@mozilla.org': Reading manifest: Invalid host permission: resource://pdf.js/
1560226717008	addons.webextension.screenshots@mozilla.org	WARN	Loading extension 'screenshots@mozilla.org': Reading manifest: Invalid host permission: about:reader*
1560226719475	Marionette	INFO	Listening on port 54548
1560226719942	Marionette	WARN	TLS certificate errors will be ignored for this session</msg>
<status endtime="20190611 09:48:42.727" starttime="20190611 09:48:35.039" status="PASS"></status>
</kw>
<kw name="01_Logon To Salesforce">
<kw library="com.KTOC.TRB.testautomation.Keywords.Keywords" name="Loginto Salesforce">
<status endtime="20190611 09:48:48.515" starttime="20190611 09:48:42.737" status="PASS"></status>
</kw>
<status endtime="20190611 09:48:48.518" starttime="20190611 09:48:42.731" status="PASS"></status>
</kw>
<kw name="02_Verify Creating Opportunity and Mapping It With FLTender">
<kw library="com.KTOC.TRB.testautomation.Keywords.Keywords" name="Create Opportunity OR Search Opportunity">
<msg level="INFO" timestamp="20190611 09:49:12.606">Opportunity Name:AUTOMATION TRB 201 entered in Search box
AUTOMATION TRB 201 has been clicked</msg>
<status endtime="20190611 09:49:12.614" starttime="20190611 09:48:48.527" status="PASS"></status>
</kw>
<status endtime="20190611 09:49:12.620" starttime="20190611 09:48:48.522" status="PASS"></status>
</kw>
<kw name="03_Verify Tender Created Successfully for Elevator">
<kw library="com.KTOC.TRB.testautomation.Keywords.Keywords" name="Navigateto KTOCTRB">
<msg level="INFO" timestamp="20190611 09:49:24.555">Release 1813 is Selected
Clicked on OK button</msg>
<status endtime="20190611 09:49:24.558" starttime="20190611 09:49:12.632" status="PASS"></status>
</kw>
<kw library="com.KTOC.TRB.testautomation.Keywords.Keywords" name="Add Equipment ID Elevator">
<msg level="INFO" timestamp="20190611 09:49:40.403">30493722 EquipmentID entered
Equipment loader clicked
checkbox clicked
Change button clicked</msg>
<status endtime="20190611 09:49:40.410" starttime="20190611 09:49:24.562" status="PASS"></status>
</kw>
<kw library="com.KTOC.TRB.testautomation.Keywords.Keywords" name="Select Template To Be Uploaded">
<msg level="INFO" timestamp="20190611 09:51:36.723">Rightclick performed on Equipment
Open Templates clicked
AustraliaRopes_For Automation_XML Entered in search
Shared templates radio button Clicked
AustraliaRopes_For Automation_XML Template Clicked</msg>
<status endtime="20190611 09:51:36.728" starttime="20190611 09:49:40.417" status="PASS"></status>
</kw>
<kw library="com.KTOC.TRB.testautomation.Keywords.Keywords" name="Check Hand Over Date Is Greater Than Installation Date">
<msg level="INFO" timestamp="20190611 09:51:41.923">Project clicked</msg>
<status endtime="20190611 09:51:41.932" starttime="20190611 09:51:36.732" status="PASS"></status>
</kw>
<kw library="com.KTOC.TRB.testautomation.Keywords.Keywords" name="Check Sales Officeis Selected">
<msg level="INFO" timestamp="20190611 09:51:44.044">SalesOffice value AU21 - Sydney Region Selected
*** Read LaborRate from Maintenance(AutomationTest tab): 75.15
*** Read ITEFactor from Maintenance(AutomationTest tab): 2.47
*** Read RegionalDiscount from Maintenance(AutomationTest tab): 0.0</msg>
<status endtime="20190611 09:51:44.050" starttime="20190611 09:51:41.935" status="PASS"></status>
</kw>
<kw library="com.KTOC.TRB.testautomation.Keywords.Keywords" name="Additionalfieldsin Project Overviewfor Canada">
<status endtime="20190611 09:51:44.073" starttime="20190611 09:51:44.058" status="PASS"></status>
</kw>
<kw library="com.KTOC.TRB.testautomation.Keywords.Keywords" name="Select Supervisor">
<msg level="INFO" timestamp="20190611 09:51:45.966">CustomerID: A10137873 entered
13012004 selected in Supervisor</msg>
<status endtime="20190611 09:51:45.973" starttime="20190611 09:51:44.078" status="PASS"></status>
</kw>
<kw library="com.KTOC.TRB.testautomation.Keywords.Keywords" name="Select Equipment In Service">
<msg level="INFO" timestamp="20190611 09:51:48.048">LIS Elevator is clicked in Equipment InService</msg>
<status endtime="20190611 09:51:48.052" starttime="20190611 09:51:45.977" status="PASS"></status>
</kw>
<kw library="com.KTOC.TRB.testautomation.Keywords.Keywords" name="Verify Tender Consistency">
<msg level="INFO" timestamp="20190611 09:51:49.763">FAIL: Tender is NOT Consistent, value:url("https://ktoc-ca3.kone.com/camosHTML5Client/cH5C/SMG?i=0191f5aaded042c33180d357113667fbefc81b95&amp;w=16&amp;h=16")
FAIL: Tender is NOT Consistent, value:url("https://ktoc-ca3.kone.com/camosHTML5Client/cH5C/SMG?i=0191f5aaded042c33180d357113667fbefc81b95&amp;w=16&amp;h=16")
FAIL: Tender is NOT Consistent, value:url("https://ktoc-ca3.kone.com/camosHTML5Client/cH5C/SMG?i=0191f5aaded042c33180d357113667fbefc81b95&amp;w=16&amp;h=16")
FAIL: Tender is NOT Consistent, value:url("https://ktoc-ca3.kone.com/camosHTML5Client/cH5C/SMG?i=0191f5aaded042c33180d357113667fbefc81b95&amp;w=16&amp;h=16")
PASS: Tender is Consistent, value:url("https://ktoc-ca3.kone.com/camosHTML5Client/cH5C/SMG?i=cad9a93f6c879df1ed1373d2853634026ff3224f&amp;w=16&amp;h=16")
FAIL: Tender is NOT Consistent, value:url("https://ktoc-ca3.kone.com/camosHTML5Client/cH5C/SMG?i=0191f5aaded042c33180d357113667fbefc81b95&amp;w=16&amp;h=16")
FAIL: Tender is NOT Consistent, value:url("https://ktoc-ca3.kone.com/camosHTML5Client/cH5C/SMG?i=0191f5aaded042c33180d357113667fbefc81b95&amp;w=16&amp;h=16")</msg>
<status endtime="20190611 09:51:49.769" starttime="20190611 09:51:48.060" status="PASS"></status>
</kw>
<kw library="com.KTOC.TRB.testautomation.Keywords.Keywords" name="Get Tender Number">
<msg level="INFO" timestamp="20190611 09:51:49.806">Tender # is :T-0002949477</msg>
<status endtime="20190611 09:51:49.809" starttime="20190611 09:51:49.773" status="PASS"></status>
</kw>
<kw library="com.KTOC.TRB.testautomation.Keywords.Keywords" name="Pricing Icon Click">
<msg level="INFO" timestamp="20190611 09:51:50.177">pricing icon Clicked</msg>
<status endtime="20190611 09:51:50.185" starttime="20190611 09:51:49.812" status="PASS"></status>
</kw>
<status endtime="20190611 09:51:50.190" starttime="20190611 09:49:12.624" status="PASS"></status>
</kw>
<kw name="04_Validate TenderPrice Without FirstMaintenance for Elevator">
<kw library="com.KTOC.TRB.testautomation.Keywords.Keywords" name="Check Tender Price After Discount Update">
<arguments>
<arg>&amp;{discount}[discount_1]</arg>
<arg>${withoutfirstmaintenance}</arg>
</arguments>
<msg level="INFO" timestamp="20190611 09:51:55.865">Discount entered as: 3
First maintenance: 0 Clicked</msg>
<status endtime="20190611 09:51:55.881" starttime="20190611 09:51:50.201" status="PASS"></status>
</kw>
<status endtime="20190611 09:51:55.889" starttime="20190611 09:51:50.194" status="PASS"></status>
</kw>
<kw name="05_Check TenderPrice Without FirstMaintenance for Elevator">
<kw library="com.KTOC.TRB.testautomation.Keywords.Keywords" name="Get Target Price">
<msg level="INFO" timestamp="20190611 09:51:56.847">TargetPrice:9028.24
Firstmaintenance:0.0
Discount:4.16
*** TenderPriceFinal:8652.67 / CurrentTenderPrice:8652.39 ***
*** -0.02 Added in TenderPrice hence TenderPriceFinal VS TenderPrice shown in Application is: false ***</msg>
<msg level="INFO" html="yes" timestamp="20190611 09:51:56.848">&lt;a href='C:\Users\con_svijay02\KTOC-TRB-Automation\KTOC_TRB_TestAutomation\Screenshots\11Jun2019_09_51_56AM\SS_11Jun2019_09_51_56AM_Discount not equal in CheckTenderPriceAfterDiscountUpdate.png' target='_blank'&gt;&lt;img src='C:\Users\con_svijay02\KTOC-TRB-Automation\KTOC_TRB_TestAutomation\Screenshots\11Jun2019_09_51_56AM\SS_11Jun2019_09_51_56AM_Discount not equal in CheckTenderPriceAfterDiscountUpdate.png' style='width:80%; height: auto;'/&gt;&lt;/a&gt;</msg>
<msg level="FAIL" timestamp="20190611 09:51:56.863">IllegalStateException: failure 'Checking TargetPrice Failed due to: java.lang.IllegalStateException: failure 'Failed due to Discount not equal in CheckTenderPriceAfterDiscountUpdate Failed''</msg>
<status endtime="20190611 09:51:56.866" starttime="20190611 09:51:55.912" status="FAIL"></status>
</kw>
<status endtime="20190611 09:51:56.870" starttime="20190611 09:51:55.897" status="FAIL"></status>
</kw>
<kw type="teardown" library="com.KTOC.TRB.testautomation.Keywords.Keywords" name="Close Browser">
<status endtime="20190611 09:51:59.246" starttime="20190611 09:51:56.879" status="PASS"></status>
</kw>
<status critical="yes" endtime="20190611 09:51:59.248" starttime="20190611 09:48:35.034" status="FAIL">IllegalStateException: failure 'Checking TargetPrice Failed due to: java.lang.IllegalStateException: failure 'Failed due to Discount not equal in CheckTenderPriceAfterDiscountUpdate Failed''</status>
</test>
<test name="07. Check Price Calculated Correctly when the Tender Currency is different from SLCurrency for Elevator" id="s1-s1-s1-t7">
<kw type="setup" library="com.KTOC.TRB.testautomation.Keywords.Keywords" name="Launch Browser">
<arguments>
<arg>${country}</arg>
<arg>&amp;{TESTDATA_AUSTRALIA}</arg>
</arguments>
<msg level="INFO" timestamp="20190611 09:52:07.470">1560226920394	mozrunner::runner	INFO	Running command: "C:\\Program Files\\Mozilla Firefox\\firefox.exe" "-marionette" "-foreground" "-no-remote" "-profile" "C:\\Users\\CON_SV~1\\AppData\\Local\\Temp\\rust_mozprofile.QwbdNCotR9h0"
1560226921556	addons.webextension.screenshots@mozilla.org	WARN	Loading extension 'screenshots@mozilla.org': Reading manifest: Invalid host permission: resource://pdf.js/
1560226921556	addons.webextension.screenshots@mozilla.org	WARN	Loading extension 'screenshots@mozilla.org': Reading manifest: Invalid host permission: about:reader*
1560226924352	Marionette	INFO	Listening on port 54740
1560226924731	Marionette	WARN	TLS certificate errors will be ignored for this session</msg>
<status endtime="20190611 09:52:07.473" starttime="20190611 09:51:59.262" status="PASS"></status>
</kw>
<kw name="01_Logon To Salesforce">
<kw library="com.KTOC.TRB.testautomation.Keywords.Keywords" name="Loginto Salesforce">
<status endtime="20190611 09:52:12.657" starttime="20190611 09:52:07.482" status="PASS"></status>
</kw>
<status endtime="20190611 09:52:12.661" starttime="20190611 09:52:07.476" status="PASS"></status>
</kw>
<kw name="02_Verify Creating Opportunity and Mapping It With FLTender">
<kw library="com.KTOC.TRB.testautomation.Keywords.Keywords" name="Create Opportunity OR Search Opportunity">
<msg level="INFO" timestamp="20190611 09:52:39.421">Opportunity Name:AUTOMATION TRB 201 entered in Search box
AUTOMATION TRB 201 has been clicked</msg>
<status endtime="20190611 09:52:39.425" starttime="20190611 09:52:12.670" status="PASS"></status>
</kw>
<status endtime="20190611 09:52:39.430" starttime="20190611 09:52:12.665" status="PASS"></status>
</kw>
<kw name="03_Verify Tender Created Successfully for Elevator">
<kw library="com.KTOC.TRB.testautomation.Keywords.Keywords" name="Navigateto KTOCTRB">
<msg level="INFO" timestamp="20190611 09:52:52.398">Release 1813 is Selected
Clicked on OK button</msg>
<status endtime="20190611 09:52:52.401" starttime="20190611 09:52:39.438" status="PASS"></status>
</kw>
<kw library="com.KTOC.TRB.testautomation.Keywords.Keywords" name="Add Equipment ID Elevator">
<msg level="INFO" timestamp="20190611 09:53:02.689">30493722 EquipmentID entered
Equipment loader clicked
checkbox clicked
Change button clicked</msg>
<status endtime="20190611 09:53:02.693" starttime="20190611 09:52:52.404" status="PASS"></status>
</kw>
<kw library="com.KTOC.TRB.testautomation.Keywords.Keywords" name="Select Template To Be Uploaded">
<msg level="INFO" timestamp="20190611 09:53:06.429">Rightclick performed on Equipment
Open Templates clicked
AustraliaRopes_For Automation_XML Entered in search
Shared templates radio button Clicked
AustraliaRopes_For Automation_XML Template Clicked</msg>
<status endtime="20190611 09:53:06.445" starttime="20190611 09:53:02.698" status="PASS"></status>
</kw>
<kw library="com.KTOC.TRB.testautomation.Keywords.Keywords" name="Check Hand Over Date Is Greater Than Installation Date">
<msg level="INFO" timestamp="20190611 09:53:12.051">Project clicked</msg>
<status endtime="20190611 09:53:12.056" starttime="20190611 09:53:06.454" status="PASS"></status>
</kw>
<kw library="com.KTOC.TRB.testautomation.Keywords.Keywords" name="Check Sales Officeis Selected">
<msg level="INFO" timestamp="20190611 09:53:13.913">SalesOffice value AU21 - Sydney Region Selected
*** Read LaborRate from Maintenance(AutomationTest tab): 75.15
*** Read ITEFactor from Maintenance(AutomationTest tab): 2.47
*** Read RegionalDiscount from Maintenance(AutomationTest tab): 0.0</msg>
<status endtime="20190611 09:53:13.918" starttime="20190611 09:53:12.059" status="PASS"></status>
</kw>
<kw library="com.KTOC.TRB.testautomation.Keywords.Keywords" name="Additionalfieldsin Project Overviewfor Canada">
<status endtime="20190611 09:53:13.931" starttime="20190611 09:53:13.925" status="PASS"></status>
</kw>
<kw library="com.KTOC.TRB.testautomation.Keywords.Keywords" name="Select Supervisor">
<msg level="INFO" timestamp="20190611 09:53:15.567">CustomerID: A10137873 entered
13012004 selected in Supervisor</msg>
<status endtime="20190611 09:53:15.570" starttime="20190611 09:53:13.936" status="PASS"></status>
</kw>
<kw library="com.KTOC.TRB.testautomation.Keywords.Keywords" name="Select Equipment In Service">
<msg level="INFO" timestamp="20190611 09:53:17.093">LIS Elevator is clicked in Equipment InService</msg>
<status endtime="20190611 09:53:17.094" starttime="20190611 09:53:15.573" status="PASS"></status>
</kw>
<kw library="com.KTOC.TRB.testautomation.Keywords.Keywords" name="Verify Tender Consistency">
<msg level="INFO" timestamp="20190611 09:53:18.169">FAIL: Tender is NOT Consistent, value:url("https://ktoc-ca3.kone.com/camosHTML5Client/cH5C/SMG?i=0191f5aaded042c33180d357113667fbefc81b95&amp;w=16&amp;h=16")
FAIL: Tender is NOT Consistent, value:url("https://ktoc-ca3.kone.com/camosHTML5Client/cH5C/SMG?i=0191f5aaded042c33180d357113667fbefc81b95&amp;w=16&amp;h=16")
FAIL: Tender is NOT Consistent, value:url("https://ktoc-ca3.kone.com/camosHTML5Client/cH5C/SMG?i=0191f5aaded042c33180d357113667fbefc81b95&amp;w=16&amp;h=16")
FAIL: Tender is NOT Consistent, value:url("https://ktoc-ca3.kone.com/camosHTML5Client/cH5C/SMG?i=0191f5aaded042c33180d357113667fbefc81b95&amp;w=16&amp;h=16")
PASS: Tender is Consistent, value:url("https://ktoc-ca3.kone.com/camosHTML5Client/cH5C/SMG?i=cad9a93f6c879df1ed1373d2853634026ff3224f&amp;w=16&amp;h=16")
FAIL: Tender is NOT Consistent, value:url("https://ktoc-ca3.kone.com/camosHTML5Client/cH5C/SMG?i=0191f5aaded042c33180d357113667fbefc81b95&amp;w=16&amp;h=16")
FAIL: Tender is NOT Consistent, value:url("https://ktoc-ca3.kone.com/camosHTML5Client/cH5C/SMG?i=0191f5aaded042c33180d357113667fbefc81b95&amp;w=16&amp;h=16")</msg>
<status endtime="20190611 09:53:18.173" starttime="20190611 09:53:17.097" status="PASS"></status>
</kw>
<kw library="com.KTOC.TRB.testautomation.Keywords.Keywords" name="Get Tender Number">
<msg level="INFO" timestamp="20190611 09:53:18.200">Tender # is :T-0002949479</msg>
<status endtime="20190611 09:53:18.203" starttime="20190611 09:53:18.175" status="PASS"></status>
</kw>
<kw library="com.KTOC.TRB.testautomation.Keywords.Keywords" name="Pricing Icon Click">
<msg level="INFO" timestamp="20190611 09:53:18.549">pricing icon Clicked</msg>
<status endtime="20190611 09:53:18.551" starttime="20190611 09:53:18.208" status="PASS"></status>
</kw>
<status endtime="20190611 09:53:18.553" starttime="20190611 09:52:39.433" status="PASS"></status>
</kw>
<kw name="04_Validate TenderPrice Without FirstMaintenance for Elevator">
<kw library="com.KTOC.TRB.testautomation.Keywords.Keywords" name="Check Tender Price After Discount Update">
<arguments>
<arg>&amp;{discount}[discount_1]</arg>
<arg>${withoutfirstmaintenance}</arg>
</arguments>
<msg level="INFO" timestamp="20190611 09:53:23.157">Discount entered as: 3
First maintenance: 0 Clicked</msg>
<status endtime="20190611 09:53:23.161" starttime="20190611 09:53:18.558" status="PASS"></status>
</kw>
<status endtime="20190611 09:53:23.167" starttime="20190611 09:53:18.556" status="PASS"></status>
</kw>
<kw name="05_Check TenderPrice Without FirstMaintenance for Elevator">
<kw library="com.KTOC.TRB.testautomation.Keywords.Keywords" name="Get Target Price">
<msg level="INFO" timestamp="20190611 09:53:24.192">TargetPrice:9028.24
Firstmaintenance:0.0
Discount:4.16
*** TenderPriceFinal:8652.67 / CurrentTenderPrice:8652.39 ***
*** -0.02 Added in TenderPrice hence TenderPriceFinal VS TenderPrice shown in Application is: false ***</msg>
<msg level="INFO" html="yes" timestamp="20190611 09:53:24.193">&lt;a href='C:\Users\con_svijay02\KTOC-TRB-Automation\KTOC_TRB_TestAutomation\Screenshots\11Jun2019_09_53_24AM\SS_11Jun2019_09_53_24AM_Discount not equal in CheckTenderPriceAfterDiscountUpdate.png' target='_blank'&gt;&lt;img src='C:\Users\con_svijay02\KTOC-TRB-Automation\KTOC_TRB_TestAutomation\Screenshots\11Jun2019_09_53_24AM\SS_11Jun2019_09_53_24AM_Discount not equal in CheckTenderPriceAfterDiscountUpdate.png' style='width:80%; height: auto;'/&gt;&lt;/a&gt;</msg>
<msg level="FAIL" timestamp="20190611 09:53:24.207">IllegalStateException: failure 'Checking TargetPrice Failed due to: java.lang.IllegalStateException: failure 'Failed due to Discount not equal in CheckTenderPriceAfterDiscountUpdate Failed''</msg>
<status endtime="20190611 09:53:24.210" starttime="20190611 09:53:23.182" status="FAIL"></status>
</kw>
<status endtime="20190611 09:53:24.214" starttime="20190611 09:53:23.172" status="FAIL"></status>
</kw>
<kw type="teardown" library="com.KTOC.TRB.testautomation.Keywords.Keywords" name="Close Browser">
<status endtime="20190611 09:53:27.030" starttime="20190611 09:53:24.219" status="PASS"></status>
</kw>
<status critical="yes" endtime="20190611 09:53:27.033" starttime="20190611 09:51:59.253" status="FAIL">IllegalStateException: failure 'Checking TargetPrice Failed due to: java.lang.IllegalStateException: failure 'Failed due to Discount not equal in CheckTenderPriceAfterDiscountUpdate Failed''</status>
</test>
<test name="08. Checking Maximum Discount Limit Exceeded" id="s1-s1-s1-t8">
<kw type="setup" library="com.KTOC.TRB.testautomation.Keywords.Keywords" name="Launch Browser">
<arguments>
<arg>${country}</arg>
<arg>&amp;{TESTDATA_AUSTRALIA}</arg>
</arguments>
<msg level="INFO" timestamp="20190611 09:53:35.747">1560227008121	mozrunner::runner	INFO	Running command: "C:\\Program Files\\Mozilla Firefox\\firefox.exe" "-marionette" "-foreground" "-no-remote" "-profile" "C:\\Users\\CON_SV~1\\AppData\\Local\\Temp\\rust_mozprofile.KVm79mCwbKG4"
1560227009129	addons.webextension.screenshots@mozilla.org	WARN	Loading extension 'screenshots@mozilla.org': Reading manifest: Invalid host permission: resource://pdf.js/
1560227009129	addons.webextension.screenshots@mozilla.org	WARN	Loading extension 'screenshots@mozilla.org': Reading manifest: Invalid host permission: about:reader*
1560227012035	Marionette	INFO	Listening on port 54839
1560227012482	Marionette	WARN	TLS certificate errors will be ignored for this session</msg>
<status endtime="20190611 09:53:35.751" starttime="20190611 09:53:27.042" status="PASS"></status>
</kw>
<kw name="01_Logon To Salesforce">
<kw library="com.KTOC.TRB.testautomation.Keywords.Keywords" name="Loginto Salesforce">
<status endtime="20190611 09:53:59.193" starttime="20190611 09:53:35.764" status="PASS"></status>
</kw>
<status endtime="20190611 09:53:59.197" starttime="20190611 09:53:35.754" status="PASS"></status>
</kw>
<kw name="02_Verify Creating Opportunity and Mapping It With FLTender">
<kw library="com.KTOC.TRB.testautomation.Keywords.Keywords" name="Create Opportunity OR Search Opportunity">
<msg level="INFO" timestamp="20190611 09:54:13.254">Opportunity Name:AUTOMATION TRB 201 entered in Search box
AUTOMATION TRB 201 has been clicked</msg>
<status endtime="20190611 09:54:13.256" starttime="20190611 09:53:59.205" status="PASS"></status>
</kw>
<status endtime="20190611 09:54:13.260" starttime="20190611 09:53:59.200" status="PASS"></status>
</kw>
<kw name="03_Verify Tender Created Successfully for Elevator">
<kw library="com.KTOC.TRB.testautomation.Keywords.Keywords" name="Navigateto KTOCTRB">
<msg level="INFO" timestamp="20190611 09:54:25.442">Release 1813 is Selected
Clicked on OK button</msg>
<status endtime="20190611 09:54:25.447" starttime="20190611 09:54:13.269" status="PASS"></status>
</kw>
<kw library="com.KTOC.TRB.testautomation.Keywords.Keywords" name="Add Equipment ID Elevator">
<msg level="INFO" timestamp="20190611 09:54:35.190">30493722 EquipmentID entered
Equipment loader clicked
checkbox clicked
Change button clicked</msg>
<status endtime="20190611 09:54:35.200" starttime="20190611 09:54:25.454" status="PASS"></status>
</kw>
<kw library="com.KTOC.TRB.testautomation.Keywords.Keywords" name="Select Template To Be Uploaded">
<msg level="INFO" timestamp="20190611 09:54:39.203">Rightclick performed on Equipment
Open Templates clicked
AustraliaRopes_For Automation_XML Entered in search
Shared templates radio button Clicked
AustraliaRopes_For Automation_XML Template Clicked</msg>
<status endtime="20190611 09:54:39.206" starttime="20190611 09:54:35.207" status="PASS"></status>
</kw>
<kw library="com.KTOC.TRB.testautomation.Keywords.Keywords" name="Check Hand Over Date Is Greater Than Installation Date">
<msg level="INFO" timestamp="20190611 09:54:44.582">Project clicked</msg>
<status endtime="20190611 09:54:44.588" starttime="20190611 09:54:39.209" status="PASS"></status>
</kw>
<kw library="com.KTOC.TRB.testautomation.Keywords.Keywords" name="Check Sales Officeis Selected">
<msg level="INFO" timestamp="20190611 09:54:46.929">SalesOffice value AU21 - Sydney Region Selected
*** Read LaborRate from Maintenance(AutomationTest tab): 75.15
*** Read ITEFactor from Maintenance(AutomationTest tab): 2.47
*** Read RegionalDiscount from Maintenance(AutomationTest tab): 0.0</msg>
<status endtime="20190611 09:54:46.935" starttime="20190611 09:54:44.593" status="PASS"></status>
</kw>
<kw library="com.KTOC.TRB.testautomation.Keywords.Keywords" name="Additionalfieldsin Project Overviewfor Canada">
<status endtime="20190611 09:54:46.953" starttime="20190611 09:54:46.942" status="PASS"></status>
</kw>
<kw library="com.KTOC.TRB.testautomation.Keywords.Keywords" name="Select Supervisor">
<msg level="INFO" timestamp="20190611 09:54:50.070">CustomerID: A10137873 entered
13012004 selected in Supervisor</msg>
<status endtime="20190611 09:54:50.078" starttime="20190611 09:54:46.959" status="PASS"></status>
</kw>
<kw library="com.KTOC.TRB.testautomation.Keywords.Keywords" name="Select Equipment In Service">
<msg level="INFO" timestamp="20190611 09:54:52.188">LIS Elevator is clicked in Equipment InService</msg>
<status endtime="20190611 09:54:52.195" starttime="20190611 09:54:50.081" status="PASS"></status>
</kw>
<kw library="com.KTOC.TRB.testautomation.Keywords.Keywords" name="Verify Tender Consistency">
<msg level="INFO" timestamp="20190611 09:54:53.251">FAIL: Tender is NOT Consistent, value:url("https://ktoc-ca3.kone.com/camosHTML5Client/cH5C/SMG?i=0191f5aaded042c33180d357113667fbefc81b95&amp;w=16&amp;h=16")
FAIL: Tender is NOT Consistent, value:url("https://ktoc-ca3.kone.com/camosHTML5Client/cH5C/SMG?i=0191f5aaded042c33180d357113667fbefc81b95&amp;w=16&amp;h=16")
FAIL: Tender is NOT Consistent, value:url("https://ktoc-ca3.kone.com/camosHTML5Client/cH5C/SMG?i=0191f5aaded042c33180d357113667fbefc81b95&amp;w=16&amp;h=16")
FAIL: Tender is NOT Consistent, value:url("https://ktoc-ca3.kone.com/camosHTML5Client/cH5C/SMG?i=0191f5aaded042c33180d357113667fbefc81b95&amp;w=16&amp;h=16")
PASS: Tender is Consistent, value:url("https://ktoc-ca3.kone.com/camosHTML5Client/cH5C/SMG?i=cad9a93f6c879df1ed1373d2853634026ff3224f&amp;w=16&amp;h=16")
FAIL: Tender is NOT Consistent, value:url("https://ktoc-ca3.kone.com/camosHTML5Client/cH5C/SMG?i=0191f5aaded042c33180d357113667fbefc81b95&amp;w=16&amp;h=16")
FAIL: Tender is NOT Consistent, value:url("https://ktoc-ca3.kone.com/camosHTML5Client/cH5C/SMG?i=0191f5aaded042c33180d357113667fbefc81b95&amp;w=16&amp;h=16")</msg>
<status endtime="20190611 09:54:53.253" starttime="20190611 09:54:52.201" status="PASS"></status>
</kw>
<kw library="com.KTOC.TRB.testautomation.Keywords.Keywords" name="Get Tender Number">
<msg level="INFO" timestamp="20190611 09:54:53.279">Tender # is :T-0002949480</msg>
<status endtime="20190611 09:54:53.281" starttime="20190611 09:54:53.256" status="PASS"></status>
</kw>
<kw library="com.KTOC.TRB.testautomation.Keywords.Keywords" name="Pricing Icon Click">
<msg level="INFO" timestamp="20190611 09:54:53.593">pricing icon Clicked</msg>
<status endtime="20190611 09:54:53.596" starttime="20190611 09:54:53.283" status="PASS"></status>
</kw>
<status endtime="20190611 09:54:53.598" starttime="20190611 09:54:13.264" status="PASS"></status>
</kw>
<kw name="20_Checking Maximum DiscountLimit Exceeded">
<kw library="com.KTOC.TRB.testautomation.Keywords.Keywords" name="Checking Maximum Discount Limit Exceeded">
<arguments>
<arg>&amp;{discount}[discount_3]</arg>
<arg>${withoutfirstmaintenance}</arg>
</arguments>
<msg level="INFO" timestamp="20190611 09:55:06.020">First maintenance: 0 Clicked
TargetPrice:9028.24
Firstmaintenance:0.0
Discount:0.0
*** TenderPriceFinal:9028.24 / CurrentTenderPrice:9028.24 ***
*** null Added in TenderPrice hence TenderPriceFinal VS TenderPrice shown in Application is: true ***
Discount entered as: 60
Calculated Projectprice: 3611.30 / read_projectPricing:3611.29
*** -0.01 Added in calculated_projectprice, now calculated_projectprice vs read_projectPricing is equal: true
TargetPrice in table: 9028.24 / read_targetPrice: 9028.24
*** null Added in targetPrice, now targetPrice in table vs read_targetPrice is equal: true
Discount entered: 60.0 / read_discount: 60.0
*** is Discount entered vs read_discount equal: true
************ Checking MaximumDiscount Limit Exceeded (Yes) Completed ****************

Discount entered as: 60
TargetPrice:9028.24
Firstmaintenance:0.0
Discount:0.0
*** TenderPriceFinal:9028.24 / CurrentTenderPrice:9028.24 ***
*** null Added in TenderPrice hence TenderPriceFinal VS TenderPrice shown in Application is: true ***
Previous_targetPrice:9028.24 / Current_targetPrice:9028.24
*** is Target Price equal: true
previous_discount:0.0 / Current_discount:0.0
*** is Discount equal: true
previous_firstmaintenance:0.0 / Current_firstmaintenance:0.0
*** is Firstmaintenance equal: true
Previous_TenderPrice:9028.24 / Current_TenderPrice:9028.24
*** is TenderPrice Price equal: true</msg>
<status endtime="20190611 09:55:06.025" starttime="20190611 09:54:53.603" status="PASS"></status>
</kw>
<status endtime="20190611 09:55:06.027" starttime="20190611 09:54:53.600" status="PASS"></status>
</kw>
<kw name="21_Check TenderLetter Is generated Correctly With All The components">
<kw library="com.KTOC.TRB.testautomation.Keywords.Keywords" name="Go To Documents Taband Click The Tender">
<msg level="INFO" timestamp="20190611 09:55:08.290">ToWord icon clicked</msg>
<status endtime="20190611 09:55:08.301" starttime="20190611 09:55:06.035" status="PASS"></status>
</kw>
<kw library="com.KTOC.TRB.testautomation.Keywords.Keywords" name="Verify Successful Message Displayed">
<msg level="INFO" timestamp="20190611 09:55:09.932">Create PrintOut icon clicked</msg>
<status endtime="20190611 09:55:09.936" starttime="20190611 09:55:08.308" status="PASS"></status>
</kw>
<status endtime="20190611 09:55:09.944" starttime="20190611 09:55:06.029" status="PASS"></status>
</kw>
<kw name="22_Close KTOC">
<kw library="com.KTOC.TRB.testautomation.Keywords.Keywords" name="Click Saveand Close Button">
<msg level="INFO" timestamp="20190611 09:55:14.530">SaveandClose icon CLICKED
Yes CLICKED in SaveandClose
Automation Test Description entered in Description field in stage / Probability window</msg>
<status endtime="20190611 09:55:14.537" starttime="20190611 09:55:09.962" status="PASS"></status>
</kw>
<status endtime="20190611 09:55:14.548" starttime="20190611 09:55:09.950" status="PASS"></status>
</kw>
<kw type="teardown" library="com.KTOC.TRB.testautomation.Keywords.Keywords" name="Close Browser">
<status endtime="20190611 09:55:17.524" starttime="20190611 09:55:14.559" status="PASS"></status>
</kw>
<status critical="yes" endtime="20190611 09:55:17.527" starttime="20190611 09:53:27.037" status="PASS"></status>
</test>
<test name="09. Checking TenderPrice in Minimumtenderprice tab for Elevator" id="s1-s1-s1-t9">
<kw type="setup" library="com.KTOC.TRB.testautomation.Keywords.Keywords" name="Launch Browser">
<arguments>
<arg>${country}</arg>
<arg>&amp;{TESTDATA_AUSTRALIA}</arg>
</arguments>
<msg level="INFO" timestamp="20190611 09:55:25.939">1560227118601	mozrunner::runner	INFO	Running command: "C:\\Program Files\\Mozilla Firefox\\firefox.exe" "-marionette" "-foreground" "-no-remote" "-profile" "C:\\Users\\CON_SV~1\\AppData\\Local\\Temp\\rust_mozprofile.Xj3swGjkedcS"
1560227119574	addons.webextension.screenshots@mozilla.org	WARN	Loading extension 'screenshots@mozilla.org': Reading manifest: Invalid host permission: resource://pdf.js/
1560227119574	addons.webextension.screenshots@mozilla.org	WARN	Loading extension 'screenshots@mozilla.org': Reading manifest: Invalid host permission: about:reader*
1560227122177	Marionette	INFO	Listening on port 54949
1560227122445	Marionette	WARN	TLS certificate errors will be ignored for this session</msg>
<status endtime="20190611 09:55:25.944" starttime="20190611 09:55:17.533" status="PASS"></status>
</kw>
<kw name="01_Logon To Salesforce">
<kw library="com.KTOC.TRB.testautomation.Keywords.Keywords" name="Loginto Salesforce">
<status endtime="20190611 09:55:43.558" starttime="20190611 09:55:25.956" status="PASS"></status>
</kw>
<status endtime="20190611 09:55:43.562" starttime="20190611 09:55:25.950" status="PASS"></status>
</kw>
<kw name="02_Verify Creating Opportunity and Mapping It With FLTender">
<kw library="com.KTOC.TRB.testautomation.Keywords.Keywords" name="Create Opportunity OR Search Opportunity">
<msg level="INFO" timestamp="20190611 09:55:59.356">Opportunity Name:AUTOMATION TRB 201 entered in Search box
AUTOMATION TRB 201 has been clicked</msg>
<status endtime="20190611 09:55:59.359" starttime="20190611 09:55:43.572" status="PASS"></status>
</kw>
<status endtime="20190611 09:55:59.362" starttime="20190611 09:55:43.566" status="PASS"></status>
</kw>
<kw name="03_Verify Tender Created Successfully for Elevator">
<kw library="com.KTOC.TRB.testautomation.Keywords.Keywords" name="Navigateto KTOCTRB">
<msg level="INFO" timestamp="20190611 09:56:10.820">Release 1813 is Selected
Clicked on OK button</msg>
<status endtime="20190611 09:56:10.823" starttime="20190611 09:55:59.372" status="PASS"></status>
</kw>
<kw library="com.KTOC.TRB.testautomation.Keywords.Keywords" name="Add Equipment ID Elevator">
<msg level="INFO" timestamp="20190611 09:56:22.485">30493722 EquipmentID entered
Equipment loader clicked
checkbox clicked
Change button clicked</msg>
<status endtime="20190611 09:56:22.490" starttime="20190611 09:56:10.826" status="PASS"></status>
</kw>
<kw library="com.KTOC.TRB.testautomation.Keywords.Keywords" name="Select Template To Be Uploaded">
<msg level="INFO" timestamp="20190611 09:56:26.356">Rightclick performed on Equipment
Open Templates clicked
AustraliaRopes_For Automation_XML Entered in search
Shared templates radio button Clicked
AustraliaRopes_For Automation_XML Template Clicked</msg>
<status endtime="20190611 09:56:26.362" starttime="20190611 09:56:22.493" status="PASS"></status>
</kw>
<kw library="com.KTOC.TRB.testautomation.Keywords.Keywords" name="Check Hand Over Date Is Greater Than Installation Date">
<msg level="INFO" timestamp="20190611 09:56:32.047">Project clicked</msg>
<status endtime="20190611 09:56:32.050" starttime="20190611 09:56:26.368" status="PASS"></status>
</kw>
<kw library="com.KTOC.TRB.testautomation.Keywords.Keywords" name="Check Sales Officeis Selected">
<msg level="INFO" timestamp="20190611 09:56:34.489">SalesOffice value AU21 - Sydney Region Selected
*** Read LaborRate from Maintenance(AutomationTest tab): 75.15
*** Read ITEFactor from Maintenance(AutomationTest tab): 2.47
*** Read RegionalDiscount from Maintenance(AutomationTest tab): 0.0</msg>
<status endtime="20190611 09:56:34.494" starttime="20190611 09:56:32.054" status="PASS"></status>
</kw>
<kw library="com.KTOC.TRB.testautomation.Keywords.Keywords" name="Additionalfieldsin Project Overviewfor Canada">
<status endtime="20190611 09:56:34.511" starttime="20190611 09:56:34.500" status="PASS"></status>
</kw>
<kw library="com.KTOC.TRB.testautomation.Keywords.Keywords" name="Select Supervisor">
<msg level="INFO" timestamp="20190611 09:56:36.226">CustomerID: A10137873 entered
13012004 selected in Supervisor</msg>
<status endtime="20190611 09:56:36.230" starttime="20190611 09:56:34.517" status="PASS"></status>
</kw>
<kw library="com.KTOC.TRB.testautomation.Keywords.Keywords" name="Select Equipment In Service">
<msg level="INFO" timestamp="20190611 09:56:38.334">LIS Elevator is clicked in Equipment InService</msg>
<status endtime="20190611 09:56:38.337" starttime="20190611 09:56:36.241" status="PASS"></status>
</kw>
<kw library="com.KTOC.TRB.testautomation.Keywords.Keywords" name="Verify Tender Consistency">
<msg level="INFO" timestamp="20190611 09:56:39.527">FAIL: Tender is NOT Consistent, value:url("https://ktoc-ca3.kone.com/camosHTML5Client/cH5C/SMG?i=0191f5aaded042c33180d357113667fbefc81b95&amp;w=16&amp;h=16")
FAIL: Tender is NOT Consistent, value:url("https://ktoc-ca3.kone.com/camosHTML5Client/cH5C/SMG?i=0191f5aaded042c33180d357113667fbefc81b95&amp;w=16&amp;h=16")
FAIL: Tender is NOT Consistent, value:url("https://ktoc-ca3.kone.com/camosHTML5Client/cH5C/SMG?i=0191f5aaded042c33180d357113667fbefc81b95&amp;w=16&amp;h=16")
FAIL: Tender is NOT Consistent, value:url("https://ktoc-ca3.kone.com/camosHTML5Client/cH5C/SMG?i=0191f5aaded042c33180d357113667fbefc81b95&amp;w=16&amp;h=16")
PASS: Tender is Consistent, value:url("https://ktoc-ca3.kone.com/camosHTML5Client/cH5C/SMG?i=cad9a93f6c879df1ed1373d2853634026ff3224f&amp;w=16&amp;h=16")
FAIL: Tender is NOT Consistent, value:url("https://ktoc-ca3.kone.com/camosHTML5Client/cH5C/SMG?i=0191f5aaded042c33180d357113667fbefc81b95&amp;w=16&amp;h=16")
FAIL: Tender is NOT Consistent, value:url("https://ktoc-ca3.kone.com/camosHTML5Client/cH5C/SMG?i=0191f5aaded042c33180d357113667fbefc81b95&amp;w=16&amp;h=16")</msg>
<status endtime="20190611 09:56:39.533" starttime="20190611 09:56:38.341" status="PASS"></status>
</kw>
<kw library="com.KTOC.TRB.testautomation.Keywords.Keywords" name="Get Tender Number">
<msg level="INFO" timestamp="20190611 09:56:39.558">Tender # is :T-0002949481</msg>
<status endtime="20190611 09:56:39.560" starttime="20190611 09:56:39.536" status="PASS"></status>
</kw>
<kw library="com.KTOC.TRB.testautomation.Keywords.Keywords" name="Pricing Icon Click">
<msg level="INFO" timestamp="20190611 09:56:39.962">pricing icon Clicked</msg>
<status endtime="20190611 09:56:39.966" starttime="20190611 09:56:39.564" status="PASS"></status>
</kw>
<status endtime="20190611 09:56:39.970" starttime="20190611 09:55:59.366" status="PASS"></status>
</kw>
<kw name="04_Validate TenderPrice Without FirstMaintenance for Elevator">
<kw library="com.KTOC.TRB.testautomation.Keywords.Keywords" name="Check Tender Price After Discount Update">
<arguments>
<arg>&amp;{discount}[discount_1]</arg>
<arg>${withoutfirstmaintenance}</arg>
</arguments>
<msg level="INFO" timestamp="20190611 09:56:44.731">Discount entered as: 3
First maintenance: 0 Clicked</msg>
<status endtime="20190611 09:56:44.733" starttime="20190611 09:56:39.980" status="PASS"></status>
</kw>
<status endtime="20190611 09:56:44.735" starttime="20190611 09:56:39.974" status="PASS"></status>
</kw>
<kw name="24_Navigate to MinimumTenderPrice Tab">
<kw library="com.KTOC.TRB.testautomation.Keywords.Keywords" name="Clickon Minimum Tender Price Icon">
<msg level="INFO" timestamp="20190611 09:56:45.583">MinimumTenderPrice Icon CLICKED</msg>
<status endtime="20190611 09:56:45.588" starttime="20190611 09:56:44.741" status="PASS"></status>
</kw>
<status endtime="20190611 09:56:45.591" starttime="20190611 09:56:44.737" status="PASS"></status>
</kw>
<kw name="05_Check TenderPrice Without FirstMaintenance for Elevator">
<kw library="com.KTOC.TRB.testautomation.Keywords.Keywords" name="Get Target Price">
<msg level="INFO" timestamp="20190611 09:56:46.637">TargetPrice:9028.24
Firstmaintenance:6539.25
Discount:4.16
*** TenderPriceFinal:8924.70 / CurrentTenderPrice:8652.39 ***
*** -0.02 Added in TenderPrice hence TenderPriceFinal VS TenderPrice shown in Application is: false ***</msg>
<msg level="INFO" html="yes" timestamp="20190611 09:56:46.638">&lt;a href='C:\Users\con_svijay02\KTOC-TRB-Automation\KTOC_TRB_TestAutomation\Screenshots\11Jun2019_09_56_46AM\SS_11Jun2019_09_56_46AM_Discount not equal in CheckTenderPriceAfterDiscountUpdate.png' target='_blank'&gt;&lt;img src='C:\Users\con_svijay02\KTOC-TRB-Automation\KTOC_TRB_TestAutomation\Screenshots\11Jun2019_09_56_46AM\SS_11Jun2019_09_56_46AM_Discount not equal in CheckTenderPriceAfterDiscountUpdate.png' style='width:80%; height: auto;'/&gt;&lt;/a&gt;</msg>
<msg level="FAIL" timestamp="20190611 09:56:46.648">IllegalStateException: failure 'Checking TargetPrice Failed due to: java.lang.IllegalStateException: failure 'Failed due to Discount not equal in CheckTenderPriceAfterDiscountUpdate Failed''</msg>
<status endtime="20190611 09:56:46.650" starttime="20190611 09:56:45.597" status="FAIL"></status>
</kw>
<status endtime="20190611 09:56:46.655" starttime="20190611 09:56:45.594" status="FAIL"></status>
</kw>
<kw type="teardown" library="com.KTOC.TRB.testautomation.Keywords.Keywords" name="Close Browser">
<status endtime="20190611 09:56:49.455" starttime="20190611 09:56:46.659" status="PASS"></status>
</kw>
<status critical="yes" endtime="20190611 09:56:49.457" starttime="20190611 09:55:17.530" status="FAIL">IllegalStateException: failure 'Checking TargetPrice Failed due to: java.lang.IllegalStateException: failure 'Failed due to Discount not equal in CheckTenderPriceAfterDiscountUpdate Failed''</status>
</test>
<status endtime="20190611 09:56:49.470" starttime="20190611 09:36:04.612" status="FAIL"></status>
</suite>
<status endtime="20190611 09:56:49.521" starttime="20190611 09:36:04.564" status="FAIL"></status>
</suite>
<status endtime="20190611 09:56:49.581" starttime="20190611 09:36:04.156" status="FAIL"></status>
</suite>
<statistics>
<total>
<stat pass="4" fail="5">Critical Tests</stat>
<stat pass="4" fail="5">All Tests</stat>
</total>
<tag>
</tag>
<suite>
<stat pass="4" fail="5" name="KTOC TRB TestAutomation" id="s1">KTOC TRB TestAutomation</stat>
<stat pass="4" fail="5" name="TestSuites" id="s1-s1">KTOC TRB TestAutomation.TestSuites</stat>
<stat pass="4" fail="5" name="RegressionTestSuite KTOC TRB Australia SingleEquipment" id="s1-s1-s1">KTOC TRB TestAutomation.TestSuites.RegressionTestSuite KTOC TRB Australia SingleEquipment</stat>
</suite>
</statistics>
<errors>
</errors>
</robot>
