<?xml version="1.0" encoding="UTF-8"?>
<robot generator="Robot 3.0.4 (Jython 2.7.0 on java1.8.0_181)" generated="20190513 10:42:38.473">
<suite source="C:\Users\con_svijay02\KTOC-TRB-Automation\KTOC_TRB_TestAutomation" name="KTOC TRB TestAutomation" id="s1">
<suite source="C:\Users\con_svijay02\KTOC-TRB-Automation\KTOC_TRB_TestAutomation\TestSuites" name="TestSuites" id="s1-s1">
<suite source="C:\Users\con_svijay02\KTOC-TRB-Automation\KTOC_TRB_TestAutomation\TestSuites\RegressionTestSuite_KTOC_TRB_France_SingleEquipment.robot" name="RegressionTestSuite KTOC TRB France SingleEquipment" id="s1-s1-s1">
<test name="01. Validate TenderPrice Without FirstMaintenance for Elevator" id="s1-s1-s1-t1">
<kw type="setup" library="com.KTOC.TRB.testautomation.Keywords.Keywords" name="Launch Browser">
<arguments>
<arg>${country}</arg>
<arg>&amp;{TESTDATA_FRANCE}</arg>
</arguments>
<msg level="INFO" timestamp="20190513 10:42:47.979">1557724362029	mozrunner::runner	INFO	Running command: "C:\\Program Files\\Mozilla Firefox\\firefox.exe" "-marionette" "-foreground" "-no-remote" "-profile" "C:\\Users\\CON_SV~1\\AppData\\Local\\Temp\\rust_mozprofile.eFkv77PAF9wp"
1557724362759	addons.webextension.screenshots@mozilla.org	WARN	Loading extension 'screenshots@mozilla.org': Reading manifest: Invalid host permission: resource://pdf.js/
1557724362759	addons.webextension.screenshots@mozilla.org	WARN	Loading extension 'screenshots@mozilla.org': Reading manifest: Invalid host permission: about:reader*
1557724365039	Marionette	INFO	Listening on port 60223
1557724365283	Marionette	WARN	TLS certificate errors will be ignored for this session
May 13, 2019 10:42:45 AM org.openqa.selenium.remote.ProtocolHandshake createSession
INFO: Detected dialect: W3C</msg>
<status endtime="20190513 10:42:47.988" starttime="20190513 10:42:40.295" status="PASS"></status>
</kw>
<kw name="01_Logon To Salesforce">
<kw library="com.KTOC.TRB.testautomation.Keywords.Keywords" name="Loginto Salesforce">
<status endtime="20190513 10:42:53.242" starttime="20190513 10:42:48.021" status="PASS"></status>
</kw>
<status endtime="20190513 10:42:53.250" starttime="20190513 10:42:48.001" status="PASS"></status>
</kw>
<kw name="02_Verify Creating Opportunity and Mapping It With FLTender">
<kw library="com.KTOC.TRB.testautomation.Keywords.Keywords" name="Create Opportunity OR Search Opportunity">
<msg level="INFO" timestamp="20190513 11:06:41.343">Opportunity Name:AutomationKTOC SFA entered in Search box
AutomationKTOC SFA has been clicked</msg>
<status endtime="20190513 11:06:41.348" starttime="20190513 10:42:53.273" status="PASS"></status>
</kw>
<status endtime="20190513 11:06:41.358" starttime="20190513 10:42:53.255" status="PASS"></status>
</kw>
<kw name="03_Verify Tender Created Successfully for Elevator">
<kw library="com.KTOC.TRB.testautomation.Keywords.Keywords" name="Navigateto KTOCTRB">
<msg level="INFO" timestamp="20190513 11:06:52.704">Release 1723 is Selected
Clicked on OK button</msg>
<status endtime="20190513 11:06:52.710" starttime="20190513 11:06:41.378" status="PASS"></status>
</kw>
<kw library="com.KTOC.TRB.testautomation.Keywords.Keywords" name="Add Equipment ID Elevator">
<msg level="INFO" timestamp="20190513 11:07:05.633">10503512 EquipmentID entered
Equipment loader clicked
checkbox clicked
Change button clicked</msg>
<status endtime="20190513 11:07:05.636" starttime="20190513 11:06:52.715" status="PASS"></status>
</kw>
<kw library="com.KTOC.TRB.testautomation.Keywords.Keywords" name="Select Template To Be Uploaded">
<msg level="INFO" timestamp="20190513 11:07:08.453">Rightclick performed on Equipment
Open Templates clicked
AutomationSFA Entered in search
Shared templates radio button Clicked
AutomationSFA Template Clicked</msg>
<status endtime="20190513 11:07:08.457" starttime="20190513 11:07:05.640" status="PASS"></status>
</kw>
<kw library="com.KTOC.TRB.testautomation.Keywords.Keywords" name="Check Hand Over Date Is Greater Than Installation Date">
<msg level="INFO" timestamp="20190513 11:07:14.686">Project clicked</msg>
<status endtime="20190513 11:07:14.689" starttime="20190513 11:07:08.466" status="PASS"></status>
</kw>
<kw library="com.KTOC.TRB.testautomation.Keywords.Keywords" name="Check Sales Officeis Selected">
<msg level="INFO" timestamp="20190513 11:07:16.677">SalesOffice value VB FRRW Selected
*** Read LaborRate from Maintenance(AutomationTest tab): 59.0
*** Read ITEFactor from Maintenance(AutomationTest tab): 0.92
*** Read RegionalDiscount from Maintenance(AutomationTest tab): 0.0</msg>
<status endtime="20190513 11:07:16.682" starttime="20190513 11:07:14.695" status="PASS"></status>
</kw>
<kw library="com.KTOC.TRB.testautomation.Keywords.Keywords" name="Additionalfieldsin Project Overviewfor Canada">
<status endtime="20190513 11:07:16.698" starttime="20190513 11:07:16.694" status="PASS"></status>
</kw>
<kw library="com.KTOC.TRB.testautomation.Keywords.Keywords" name="Select Supervisor">
<msg level="INFO" timestamp="20190513 11:07:18.210">06114080 selected in Supervisor</msg>
<status endtime="20190513 11:07:18.224" starttime="20190513 11:07:16.703" status="PASS"></status>
</kw>
<kw library="com.KTOC.TRB.testautomation.Keywords.Keywords" name="Select Equipment In Service">
<msg level="INFO" timestamp="20190513 11:07:20.200">LIS Elevator is clicked in Equipment InService
HydraulicElevCheck clicked</msg>
<status endtime="20190513 11:07:20.208" starttime="20190513 11:07:18.230" status="PASS"></status>
</kw>
<kw library="com.KTOC.TRB.testautomation.Keywords.Keywords" name="Verify Tender Consistency">
<msg level="INFO" timestamp="20190513 11:07:21.035">FAIL: Tender is NOT Consistent, value:url("https://ktoc-ca3.kone.com/camosHTML5Client/cH5C/SMG?i=0191f5aaded042c33180d357113667fbefc81b95&amp;w=16&amp;h=16")
FAIL: Tender is NOT Consistent, value:url("https://ktoc-ca3.kone.com/camosHTML5Client/cH5C/SMG?i=0191f5aaded042c33180d357113667fbefc81b95&amp;w=16&amp;h=16")
FAIL: Tender is NOT Consistent, value:url("https://ktoc-ca3.kone.com/camosHTML5Client/cH5C/SMG?i=0191f5aaded042c33180d357113667fbefc81b95&amp;w=16&amp;h=16")
FAIL: Tender is NOT Consistent, value:url("https://ktoc-ca3.kone.com/camosHTML5Client/cH5C/SMG?i=0191f5aaded042c33180d357113667fbefc81b95&amp;w=16&amp;h=16")
PASS: Tender is Consistent, value:url("https://ktoc-ca3.kone.com/camosHTML5Client/cH5C/SMG?i=cad9a93f6c879df1ed1373d2853634026ff3224f&amp;w=16&amp;h=16")
FAIL: Tender is NOT Consistent, value:url("https://ktoc-ca3.kone.com/camosHTML5Client/cH5C/SMG?i=0191f5aaded042c33180d357113667fbefc81b95&amp;w=16&amp;h=16")
FAIL: Tender is NOT Consistent, value:url("https://ktoc-ca3.kone.com/camosHTML5Client/cH5C/SMG?i=0191f5aaded042c33180d357113667fbefc81b95&amp;w=16&amp;h=16")</msg>
<status endtime="20190513 11:07:21.038" starttime="20190513 11:07:20.214" status="PASS"></status>
</kw>
<kw library="com.KTOC.TRB.testautomation.Keywords.Keywords" name="Get Tender Number">
<msg level="INFO" timestamp="20190513 11:07:21.065">Tender # is :T-0002948916</msg>
<status endtime="20190513 11:07:21.068" starttime="20190513 11:07:21.042" status="PASS"></status>
</kw>
<kw library="com.KTOC.TRB.testautomation.Keywords.Keywords" name="Pricing Icon Click">
<msg level="INFO" timestamp="20190513 11:07:21.393">pricing icon Clicked</msg>
<status endtime="20190513 11:07:21.402" starttime="20190513 11:07:21.072" status="PASS"></status>
</kw>
<status endtime="20190513 11:07:21.409" starttime="20190513 11:06:41.365" status="PASS"></status>
</kw>
<kw name="04_Validate TenderPrice Without FirstMaintenance for Elevator">
<kw library="com.KTOC.TRB.testautomation.Keywords.Keywords" name="Check Tender Price After Discount Update">
<arguments>
<arg>&amp;{discount}[discount_1]</arg>
<arg>${withoutfirstmaintenance}</arg>
</arguments>
<msg level="INFO" timestamp="20190513 11:07:24.911">Discount entered as: 5
First maintenance: 0 Clicked</msg>
<status endtime="20190513 11:07:24.917" starttime="20190513 11:07:21.421" status="PASS"></status>
</kw>
<status endtime="20190513 11:07:24.921" starttime="20190513 11:07:21.417" status="PASS"></status>
</kw>
<kw name="05_Check TenderPrice Without FirstMaintenance for Elevator">
<kw library="com.KTOC.TRB.testautomation.Keywords.Keywords" name="Get Target Price">
<msg level="INFO" timestamp="20190513 11:07:25.544">TargetPrice:3098.71
Firstmaintenance:0.0
Discount:5.0
*** TenderPriceFinal:2943.77 / CurrentTenderPrice:2943.77 ***
*** null Added in TenderPrice hence TenderPriceFinal VS TenderPrice shown in Application is: true ***</msg>
<status endtime="20190513 11:07:25.547" starttime="20190513 11:07:24.933" status="PASS"></status>
</kw>
<status endtime="20190513 11:07:25.550" starttime="20190513 11:07:24.925" status="PASS"></status>
</kw>
<kw name="21_Check TenderLetter Is generated Correctly With All The components">
<kw library="com.KTOC.TRB.testautomation.Keywords.Keywords" name="Go To Documents Taband Click The Tender">
<msg level="INFO" timestamp="20190513 11:07:28.095">ToWord icon clicked</msg>
<status endtime="20190513 11:07:28.097" starttime="20190513 11:07:25.556" status="PASS"></status>
</kw>
<kw library="com.KTOC.TRB.testautomation.Keywords.Keywords" name="Verify Successful Message Displayed">
<msg level="INFO" timestamp="20190513 11:07:31.394">Create PrintOut icon clicked
No clicked in Do you want to freeze printed version?</msg>
<status endtime="20190513 11:07:31.397" starttime="20190513 11:07:28.101" status="PASS"></status>
</kw>
<status endtime="20190513 11:07:31.401" starttime="20190513 11:07:25.553" status="PASS"></status>
</kw>
<kw name="22_Close KTOC">
<kw library="com.KTOC.TRB.testautomation.Keywords.Keywords" name="Click Saveand Close Button">
<msg level="INFO" timestamp="20190513 11:07:34.933">SaveandClose icon CLICKED
Yes CLICKED in SaveandClose
Automation Test Description entered in Description field in stage / Probability window</msg>
<status endtime="20190513 11:07:34.937" starttime="20190513 11:07:31.444" status="PASS"></status>
</kw>
<status endtime="20190513 11:07:34.942" starttime="20190513 11:07:31.414" status="PASS"></status>
</kw>
<kw name="23_Verify Total SalesPrice With SF Product Information">
<kw library="com.KTOC.TRB.testautomation.Keywords.Keywords" name="Compare Sales Pricebetween Tender Pageand Salesforce">
<msg level="INFO" timestamp="20190513 11:07:59.434">Calculated SalesPrice:2943.77 / Final_SalesPrice:2943.77
is TRB TenderPrice VS Salesforce TenderPrice equal:true ***
Configurator Clicked
Yes clicked in New Version is available for this product</msg>
<status endtime="20190513 11:07:59.445" starttime="20190513 11:07:34.957" status="PASS"></status>
</kw>
<kw library="com.KTOC.TRB.testautomation.Keywords.Keywords" name="Hand Shake">
<msg level="INFO" timestamp="20190513 11:08:06.418">PASS: Tender is Consistent, value:url("https://ktoc-ca3.kone.com/camosHTML5Client/cH5C/SMG?i=cad9a93f6c879df1ed1373d2853634026ff3224f&amp;w=16&amp;h=16")
PASS: Tender is Consistent, value:url("https://ktoc-ca3.kone.com/camosHTML5Client/cH5C/SMG?i=cad9a93f6c879df1ed1373d2853634026ff3224f&amp;w=16&amp;h=16")
PASS: Tender is Consistent, value:url("https://ktoc-ca3.kone.com/camosHTML5Client/cH5C/SMG?i=cad9a93f6c879df1ed1373d2853634026ff3224f&amp;w=16&amp;h=16")
PASS: Tender is Consistent, value:url("https://ktoc-ca3.kone.com/camosHTML5Client/cH5C/SMG?i=cad9a93f6c879df1ed1373d2853634026ff3224f&amp;w=16&amp;h=16")
PASS: Tender is Consistent, value:url("https://ktoc-ca3.kone.com/camosHTML5Client/cH5C/SMG?i=cad9a93f6c879df1ed1373d2853634026ff3224f&amp;w=16&amp;h=16")
PASS: Tender is Consistent, value:url("https://ktoc-ca3.kone.com/camosHTML5Client/cH5C/SMG?i=cad9a93f6c879df1ed1373d2853634026ff3224f&amp;w=16&amp;h=16")
PASS: Tender is Consistent, value:url("https://ktoc-ca3.kone.com/camosHTML5Client/cH5C/SMG?i=cad9a93f6c879df1ed1373d2853634026ff3224f&amp;w=16&amp;h=16")
isHandShakeiconisEnabled:true HandShakeicon CLICKED</msg>
<status endtime="20190513 11:08:06.424" starttime="20190513 11:07:59.452" status="PASS"></status>
</kw>
<status endtime="20190513 11:08:06.430" starttime="20190513 11:07:34.945" status="PASS"></status>
</kw>
<kw type="teardown" library="com.KTOC.TRB.testautomation.Keywords.Keywords" name="Close Browser">
<status endtime="20190513 11:08:07.660" starttime="20190513 11:08:06.437" status="PASS"></status>
</kw>
<status critical="yes" endtime="20190513 11:08:07.662" starttime="20190513 10:42:40.284" status="PASS"></status>
</test>
<test name="02. Validate Discount Without FirstMaintenance for Elevator" id="s1-s1-s1-t2">
<kw type="setup" library="com.KTOC.TRB.testautomation.Keywords.Keywords" name="Launch Browser">
<arguments>
<arg>${country}</arg>
<arg>&amp;{TESTDATA_FRANCE}</arg>
</arguments>
<msg level="INFO" timestamp="20190513 11:08:15.985">1557725888738	mozrunner::runner	INFO	Running command: "C:\\Program Files\\Mozilla Firefox\\firefox.exe" "-marionette" "-foreground" "-no-remote" "-profile" "C:\\Users\\CON_SV~1\\AppData\\Local\\Temp\\rust_mozprofile.7D00QuGeuH13"
1557725889451	addons.webextension.screenshots@mozilla.org	WARN	Loading extension 'screenshots@mozilla.org': Reading manifest: Invalid host permission: resource://pdf.js/
1557725889451	addons.webextension.screenshots@mozilla.org	WARN	Loading extension 'screenshots@mozilla.org': Reading manifest: Invalid host permission: about:reader*
1557725891728	Marionette	INFO	Listening on port 60518
1557725891969	Marionette	WARN	TLS certificate errors will be ignored for this session</msg>
<status endtime="20190513 11:08:15.990" starttime="20190513 11:08:07.672" status="PASS"></status>
</kw>
<kw name="01_Logon To Salesforce">
<kw library="com.KTOC.TRB.testautomation.Keywords.Keywords" name="Loginto Salesforce">
<status endtime="20190513 11:08:21.506" starttime="20190513 11:08:16.006" status="PASS"></status>
</kw>
<status endtime="20190513 11:08:21.510" starttime="20190513 11:08:15.995" status="PASS"></status>
</kw>
<kw name="02_Verify Creating Opportunity and Mapping It With FLTender">
<kw library="com.KTOC.TRB.testautomation.Keywords.Keywords" name="Create Opportunity OR Search Opportunity">
<msg level="INFO" timestamp="20190513 11:08:52.719">Opportunity Name:AutomationKTOC SFA entered in Search box
AutomationKTOC SFA has been clicked</msg>
<status endtime="20190513 11:08:52.723" starttime="20190513 11:08:21.523" status="PASS"></status>
</kw>
<status endtime="20190513 11:08:52.726" starttime="20190513 11:08:21.516" status="PASS"></status>
</kw>
<kw name="03_Verify Tender Created Successfully for Elevator">
<kw library="com.KTOC.TRB.testautomation.Keywords.Keywords" name="Navigateto KTOCTRB">
<msg level="INFO" timestamp="20190513 11:09:02.752">Release 1723 is Selected
Clicked on OK button</msg>
<status endtime="20190513 11:09:02.755" starttime="20190513 11:08:52.735" status="PASS"></status>
</kw>
<kw library="com.KTOC.TRB.testautomation.Keywords.Keywords" name="Add Equipment ID Elevator">
<msg level="INFO" timestamp="20190513 11:09:13.273">10503512 EquipmentID entered
Equipment loader clicked
checkbox clicked
Change button clicked</msg>
<status endtime="20190513 11:09:13.282" starttime="20190513 11:09:02.759" status="PASS"></status>
</kw>
<kw library="com.KTOC.TRB.testautomation.Keywords.Keywords" name="Select Template To Be Uploaded">
<msg level="INFO" timestamp="20190513 11:09:16.448">Rightclick performed on Equipment
Open Templates clicked
AutomationSFA Entered in search
Shared templates radio button Clicked
AutomationSFA Template Clicked</msg>
<status endtime="20190513 11:09:16.452" starttime="20190513 11:09:13.287" status="PASS"></status>
</kw>
<kw library="com.KTOC.TRB.testautomation.Keywords.Keywords" name="Check Hand Over Date Is Greater Than Installation Date">
<msg level="INFO" timestamp="20190513 11:09:22.293">Project clicked</msg>
<status endtime="20190513 11:09:22.298" starttime="20190513 11:09:16.455" status="PASS"></status>
</kw>
<kw library="com.KTOC.TRB.testautomation.Keywords.Keywords" name="Check Sales Officeis Selected">
<msg level="INFO" timestamp="20190513 11:09:24.210">SalesOffice value VB FRRW Selected
*** Read LaborRate from Maintenance(AutomationTest tab): 59.0
*** Read ITEFactor from Maintenance(AutomationTest tab): 0.92
*** Read RegionalDiscount from Maintenance(AutomationTest tab): 0.0</msg>
<status endtime="20190513 11:09:24.214" starttime="20190513 11:09:22.303" status="PASS"></status>
</kw>
<kw library="com.KTOC.TRB.testautomation.Keywords.Keywords" name="Additionalfieldsin Project Overviewfor Canada">
<status endtime="20190513 11:09:24.226" starttime="20190513 11:09:24.219" status="PASS"></status>
</kw>
<kw library="com.KTOC.TRB.testautomation.Keywords.Keywords" name="Select Supervisor">
<msg level="INFO" timestamp="20190513 11:09:26.081">06114080 selected in Supervisor</msg>
<status endtime="20190513 11:09:26.087" starttime="20190513 11:09:24.234" status="PASS"></status>
</kw>
<kw library="com.KTOC.TRB.testautomation.Keywords.Keywords" name="Select Equipment In Service">
<msg level="INFO" timestamp="20190513 11:09:28.689">LIS Elevator is clicked in Equipment InService
HydraulicElevCheck clicked</msg>
<status endtime="20190513 11:09:28.691" starttime="20190513 11:09:26.092" status="PASS"></status>
</kw>
<kw library="com.KTOC.TRB.testautomation.Keywords.Keywords" name="Verify Tender Consistency">
<msg level="INFO" timestamp="20190513 11:09:29.582">FAIL: Tender is NOT Consistent, value:url("https://ktoc-ca3.kone.com/camosHTML5Client/cH5C/SMG?i=0191f5aaded042c33180d357113667fbefc81b95&amp;w=16&amp;h=16")
FAIL: Tender is NOT Consistent, value:url("https://ktoc-ca3.kone.com/camosHTML5Client/cH5C/SMG?i=0191f5aaded042c33180d357113667fbefc81b95&amp;w=16&amp;h=16")
FAIL: Tender is NOT Consistent, value:url("https://ktoc-ca3.kone.com/camosHTML5Client/cH5C/SMG?i=0191f5aaded042c33180d357113667fbefc81b95&amp;w=16&amp;h=16")
FAIL: Tender is NOT Consistent, value:url("https://ktoc-ca3.kone.com/camosHTML5Client/cH5C/SMG?i=0191f5aaded042c33180d357113667fbefc81b95&amp;w=16&amp;h=16")
PASS: Tender is Consistent, value:url("https://ktoc-ca3.kone.com/camosHTML5Client/cH5C/SMG?i=cad9a93f6c879df1ed1373d2853634026ff3224f&amp;w=16&amp;h=16")
FAIL: Tender is NOT Consistent, value:url("https://ktoc-ca3.kone.com/camosHTML5Client/cH5C/SMG?i=0191f5aaded042c33180d357113667fbefc81b95&amp;w=16&amp;h=16")
FAIL: Tender is NOT Consistent, value:url("https://ktoc-ca3.kone.com/camosHTML5Client/cH5C/SMG?i=0191f5aaded042c33180d357113667fbefc81b95&amp;w=16&amp;h=16")</msg>
<status endtime="20190513 11:09:29.588" starttime="20190513 11:09:28.693" status="PASS"></status>
</kw>
<kw library="com.KTOC.TRB.testautomation.Keywords.Keywords" name="Get Tender Number">
<msg level="INFO" timestamp="20190513 11:09:29.621">Tender # is :T-0002948917</msg>
<status endtime="20190513 11:09:29.626" starttime="20190513 11:09:29.591" status="PASS"></status>
</kw>
<kw library="com.KTOC.TRB.testautomation.Keywords.Keywords" name="Pricing Icon Click">
<msg level="INFO" timestamp="20190513 11:09:29.974">pricing icon Clicked</msg>
<status endtime="20190513 11:09:29.976" starttime="20190513 11:09:29.630" status="PASS"></status>
</kw>
<status endtime="20190513 11:09:29.980" starttime="20190513 11:08:52.730" status="PASS"></status>
</kw>
<kw name="06_Validate Discount Without FirstMaintenance for Elevator">
<kw library="com.KTOC.TRB.testautomation.Keywords.Keywords" name="Verify Discount By Changing The Tender Price">
<arguments>
<arg>&amp;{tenderprice}[tenderprice_1]</arg>
<arg>${withoutfirstmaintenance}</arg>
</arguments>
<msg level="INFO" timestamp="20190513 11:09:33.974">TenderPrice entered as: 2900
First maintenance: 0 Clicked</msg>
<status endtime="20190513 11:09:33.976" starttime="20190513 11:09:29.986" status="PASS"></status>
</kw>
<status endtime="20190513 11:09:33.979" starttime="20190513 11:09:29.983" status="PASS"></status>
</kw>
<kw name="07_Check Discount Without FirstMaintenance for Elevator">
<kw library="com.KTOC.TRB.testautomation.Keywords.Keywords" name="Get Target Price">
<msg level="INFO" timestamp="20190513 11:09:34.654">TargetPrice:3098.71
Firstmaintenance:0.0
TenderPrice:2900.0
DiscountFinal:6.41 / Discount shown in Application:6.41
*** null Added in CalculatedDiscountFinal hence DiscountFinal VS Discount shown in Application is: true ***</msg>
<status endtime="20190513 11:09:34.656" starttime="20190513 11:09:33.987" status="PASS"></status>
</kw>
<status endtime="20190513 11:09:34.659" starttime="20190513 11:09:33.981" status="PASS"></status>
</kw>
<kw name="21_Check TenderLetter Is generated Correctly With All The components">
<kw library="com.KTOC.TRB.testautomation.Keywords.Keywords" name="Go To Documents Taband Click The Tender">
<msg level="INFO" timestamp="20190513 11:09:36.799">ToWord icon clicked</msg>
<status endtime="20190513 11:09:36.802" starttime="20190513 11:09:34.664" status="PASS"></status>
</kw>
<kw library="com.KTOC.TRB.testautomation.Keywords.Keywords" name="Verify Successful Message Displayed">
<msg level="INFO" timestamp="20190513 11:09:39.841">Create PrintOut icon clicked
No clicked in Do you want to freeze printed version?</msg>
<status endtime="20190513 11:09:39.843" starttime="20190513 11:09:36.805" status="PASS"></status>
</kw>
<status endtime="20190513 11:09:39.845" starttime="20190513 11:09:34.661" status="PASS"></status>
</kw>
<kw name="22_Close KTOC">
<kw library="com.KTOC.TRB.testautomation.Keywords.Keywords" name="Click Saveand Close Button">
<msg level="INFO" timestamp="20190513 11:09:43.131">SaveandClose icon CLICKED
Yes CLICKED in SaveandClose
Automation Test Description entered in Description field in stage / Probability window</msg>
<status endtime="20190513 11:09:43.134" starttime="20190513 11:09:39.851" status="PASS"></status>
</kw>
<status endtime="20190513 11:09:43.139" starttime="20190513 11:09:39.847" status="PASS"></status>
</kw>
<kw name="23_Verify Total SalesPrice With SF Product Information">
<kw library="com.KTOC.TRB.testautomation.Keywords.Keywords" name="Compare Sales Pricebetween Tender Pageand Salesforce">
<msg level="INFO" timestamp="20190513 11:10:10.227">Calculated SalesPrice:2900.0 / Final_SalesPrice:2900.0
is TRB TenderPrice VS Salesforce TenderPrice equal:true ***
Configurator Clicked
Yes clicked in New Version is available for this product</msg>
<status endtime="20190513 11:10:10.234" starttime="20190513 11:09:43.148" status="PASS"></status>
</kw>
<kw library="com.KTOC.TRB.testautomation.Keywords.Keywords" name="Hand Shake">
<msg level="INFO" timestamp="20190513 11:10:16.579">PASS: Tender is Consistent, value:url("https://ktoc-ca3.kone.com/camosHTML5Client/cH5C/SMG?i=cad9a93f6c879df1ed1373d2853634026ff3224f&amp;w=16&amp;h=16")
PASS: Tender is Consistent, value:url("https://ktoc-ca3.kone.com/camosHTML5Client/cH5C/SMG?i=cad9a93f6c879df1ed1373d2853634026ff3224f&amp;w=16&amp;h=16")
PASS: Tender is Consistent, value:url("https://ktoc-ca3.kone.com/camosHTML5Client/cH5C/SMG?i=cad9a93f6c879df1ed1373d2853634026ff3224f&amp;w=16&amp;h=16")
PASS: Tender is Consistent, value:url("https://ktoc-ca3.kone.com/camosHTML5Client/cH5C/SMG?i=cad9a93f6c879df1ed1373d2853634026ff3224f&amp;w=16&amp;h=16")
PASS: Tender is Consistent, value:url("https://ktoc-ca3.kone.com/camosHTML5Client/cH5C/SMG?i=cad9a93f6c879df1ed1373d2853634026ff3224f&amp;w=16&amp;h=16")
PASS: Tender is Consistent, value:url("https://ktoc-ca3.kone.com/camosHTML5Client/cH5C/SMG?i=cad9a93f6c879df1ed1373d2853634026ff3224f&amp;w=16&amp;h=16")
PASS: Tender is Consistent, value:url("https://ktoc-ca3.kone.com/camosHTML5Client/cH5C/SMG?i=cad9a93f6c879df1ed1373d2853634026ff3224f&amp;w=16&amp;h=16")
isHandShakeiconisEnabled:true HandShakeicon CLICKED</msg>
<status endtime="20190513 11:10:16.582" starttime="20190513 11:10:10.241" status="PASS"></status>
</kw>
<status endtime="20190513 11:10:16.586" starttime="20190513 11:09:43.143" status="PASS"></status>
</kw>
<kw type="teardown" library="com.KTOC.TRB.testautomation.Keywords.Keywords" name="Close Browser">
<status endtime="20190513 11:10:18.424" starttime="20190513 11:10:16.591" status="PASS"></status>
</kw>
<status critical="yes" endtime="20190513 11:10:18.427" starttime="20190513 11:08:07.667" status="PASS"></status>
</test>
<test name="03. Validate TenderPrice With FirstMaintenance for Elevator" id="s1-s1-s1-t3">
<kw type="setup" library="com.KTOC.TRB.testautomation.Keywords.Keywords" name="Launch Browser">
<arguments>
<arg>${country}</arg>
<arg>&amp;{TESTDATA_FRANCE}</arg>
</arguments>
<msg level="INFO" timestamp="20190513 11:10:25.925">1557726019511	mozrunner::runner	INFO	Running command: "C:\\Program Files\\Mozilla Firefox\\firefox.exe" "-marionette" "-foreground" "-no-remote" "-profile" "C:\\Users\\CON_SV~1\\AppData\\Local\\Temp\\rust_mozprofile.m2AoiqQdJGja"
1557726020231	addons.webextension.screenshots@mozilla.org	WARN	Loading extension 'screenshots@mozilla.org': Reading manifest: Invalid host permission: resource://pdf.js/
1557726020231	addons.webextension.screenshots@mozilla.org	WARN	Loading extension 'screenshots@mozilla.org': Reading manifest: Invalid host permission: about:reader*
1557726022674	Marionette	INFO	Listening on port 60664
1557726022745	Marionette	WARN	TLS certificate errors will be ignored for this session</msg>
<status endtime="20190513 11:10:25.936" starttime="20190513 11:10:18.436" status="PASS"></status>
</kw>
<kw name="01_Logon To Salesforce">
<kw library="com.KTOC.TRB.testautomation.Keywords.Keywords" name="Loginto Salesforce">
<status endtime="20190513 11:10:31.364" starttime="20190513 11:10:25.947" status="PASS"></status>
</kw>
<status endtime="20190513 11:10:31.368" starttime="20190513 11:10:25.940" status="PASS"></status>
</kw>
<kw name="02_Verify Creating Opportunity and Mapping It With FLTender">
<kw library="com.KTOC.TRB.testautomation.Keywords.Keywords" name="Create Opportunity OR Search Opportunity">
<msg level="INFO" timestamp="20190513 11:10:52.569">Opportunity Name:AutomationKTOC SFA entered in Search box
AutomationKTOC SFA has been clicked</msg>
<status endtime="20190513 11:10:52.570" starttime="20190513 11:10:31.378" status="PASS"></status>
</kw>
<status endtime="20190513 11:10:52.573" starttime="20190513 11:10:31.372" status="PASS"></status>
</kw>
<kw name="03_Verify Tender Created Successfully for Elevator">
<kw library="com.KTOC.TRB.testautomation.Keywords.Keywords" name="Navigateto KTOCTRB">
<msg level="INFO" timestamp="20190513 11:11:02.061">Release 1723 is Selected
Clicked on OK button</msg>
<status endtime="20190513 11:11:02.063" starttime="20190513 11:10:52.586" status="PASS"></status>
</kw>
<kw library="com.KTOC.TRB.testautomation.Keywords.Keywords" name="Add Equipment ID Elevator">
<msg level="INFO" timestamp="20190513 11:11:29.000">10503512 EquipmentID entered
Equipment loader clicked
checkbox clicked
Change button clicked</msg>
<status endtime="20190513 11:11:29.004" starttime="20190513 11:11:02.067" status="PASS"></status>
</kw>
<kw library="com.KTOC.TRB.testautomation.Keywords.Keywords" name="Select Template To Be Uploaded">
<msg level="INFO" timestamp="20190513 11:11:32.058">Rightclick performed on Equipment
Open Templates clicked
AutomationSFA Entered in search
Shared templates radio button Clicked
AutomationSFA Template Clicked</msg>
<status endtime="20190513 11:11:32.060" starttime="20190513 11:11:29.011" status="PASS"></status>
</kw>
<kw library="com.KTOC.TRB.testautomation.Keywords.Keywords" name="Check Hand Over Date Is Greater Than Installation Date">
<msg level="INFO" timestamp="20190513 11:11:38.272">Project clicked</msg>
<status endtime="20190513 11:11:38.273" starttime="20190513 11:11:32.063" status="PASS"></status>
</kw>
<kw library="com.KTOC.TRB.testautomation.Keywords.Keywords" name="Check Sales Officeis Selected">
<msg level="INFO" timestamp="20190513 11:11:40.263">SalesOffice value VB FRRW Selected
*** Read LaborRate from Maintenance(AutomationTest tab): 59.0
*** Read ITEFactor from Maintenance(AutomationTest tab): 0.92
*** Read RegionalDiscount from Maintenance(AutomationTest tab): 0.0</msg>
<status endtime="20190513 11:11:40.268" starttime="20190513 11:11:38.275" status="PASS"></status>
</kw>
<kw library="com.KTOC.TRB.testautomation.Keywords.Keywords" name="Additionalfieldsin Project Overviewfor Canada">
<status endtime="20190513 11:11:40.275" starttime="20190513 11:11:40.271" status="PASS"></status>
</kw>
<kw library="com.KTOC.TRB.testautomation.Keywords.Keywords" name="Select Supervisor">
<msg level="INFO" timestamp="20190513 11:11:41.621">06114080 selected in Supervisor</msg>
<status endtime="20190513 11:11:41.623" starttime="20190513 11:11:40.278" status="PASS"></status>
</kw>
<kw library="com.KTOC.TRB.testautomation.Keywords.Keywords" name="Select Equipment In Service">
<msg level="INFO" timestamp="20190513 11:11:44.186">LIS Elevator is clicked in Equipment InService
HydraulicElevCheck clicked</msg>
<status endtime="20190513 11:11:44.192" starttime="20190513 11:11:41.627" status="PASS"></status>
</kw>
<kw library="com.KTOC.TRB.testautomation.Keywords.Keywords" name="Verify Tender Consistency">
<msg level="INFO" timestamp="20190513 11:11:45.002">FAIL: Tender is NOT Consistent, value:url("https://ktoc-ca3.kone.com/camosHTML5Client/cH5C/SMG?i=0191f5aaded042c33180d357113667fbefc81b95&amp;w=16&amp;h=16")
FAIL: Tender is NOT Consistent, value:url("https://ktoc-ca3.kone.com/camosHTML5Client/cH5C/SMG?i=0191f5aaded042c33180d357113667fbefc81b95&amp;w=16&amp;h=16")
FAIL: Tender is NOT Consistent, value:url("https://ktoc-ca3.kone.com/camosHTML5Client/cH5C/SMG?i=0191f5aaded042c33180d357113667fbefc81b95&amp;w=16&amp;h=16")
FAIL: Tender is NOT Consistent, value:url("https://ktoc-ca3.kone.com/camosHTML5Client/cH5C/SMG?i=0191f5aaded042c33180d357113667fbefc81b95&amp;w=16&amp;h=16")
PASS: Tender is Consistent, value:url("https://ktoc-ca3.kone.com/camosHTML5Client/cH5C/SMG?i=cad9a93f6c879df1ed1373d2853634026ff3224f&amp;w=16&amp;h=16")
FAIL: Tender is NOT Consistent, value:url("https://ktoc-ca3.kone.com/camosHTML5Client/cH5C/SMG?i=0191f5aaded042c33180d357113667fbefc81b95&amp;w=16&amp;h=16")
FAIL: Tender is NOT Consistent, value:url("https://ktoc-ca3.kone.com/camosHTML5Client/cH5C/SMG?i=0191f5aaded042c33180d357113667fbefc81b95&amp;w=16&amp;h=16")</msg>
<status endtime="20190513 11:11:45.004" starttime="20190513 11:11:44.197" status="PASS"></status>
</kw>
<kw library="com.KTOC.TRB.testautomation.Keywords.Keywords" name="Get Tender Number">
<msg level="INFO" timestamp="20190513 11:11:45.027">Tender # is :T-0002948918</msg>
<status endtime="20190513 11:11:45.029" starttime="20190513 11:11:45.007" status="PASS"></status>
</kw>
<kw library="com.KTOC.TRB.testautomation.Keywords.Keywords" name="Pricing Icon Click">
<msg level="INFO" timestamp="20190513 11:11:45.347">pricing icon Clicked</msg>
<status endtime="20190513 11:11:45.353" starttime="20190513 11:11:45.031" status="PASS"></status>
</kw>
<status endtime="20190513 11:11:45.361" starttime="20190513 11:10:52.581" status="PASS"></status>
</kw>
<kw name="08_Validate TenderPrice With FirstMaintenance for Elevator">
<kw library="com.KTOC.TRB.testautomation.Keywords.Keywords" name="Check Tender Price After Discount Update">
<arguments>
<arg>&amp;{discount}[discount_2]</arg>
<arg>&amp;{withfirstmaintenance}[firstmaintenance_1]</arg>
</arguments>
<msg level="INFO" timestamp="20190513 11:11:49.210">Discount entered as: 7
First maintenance: 3 Clicked</msg>
<status endtime="20190513 11:11:49.214" starttime="20190513 11:11:45.370" status="PASS"></status>
</kw>
<status endtime="20190513 11:11:49.217" starttime="20190513 11:11:45.366" status="PASS"></status>
</kw>
<kw name="09_Check TenderPrice With FirstMaintenance for Elevator">
<kw library="com.KTOC.TRB.testautomation.Keywords.Keywords" name="Get Target Price">
<msg level="INFO" timestamp="20190513 11:11:50.061">TargetPrice:3498.71
Firstmaintenance:400.0
Discount:7.0
*** TenderPriceFinal:3281.80 / CurrentTenderPrice:3281.8 ***
*** null Added in TenderPrice hence TenderPriceFinal VS TenderPrice shown in Application is: true ***</msg>
<status endtime="20190513 11:11:50.063" starttime="20190513 11:11:49.224" status="PASS"></status>
</kw>
<status endtime="20190513 11:11:50.067" starttime="20190513 11:11:49.219" status="PASS"></status>
</kw>
<kw name="21_Check TenderLetter Is generated Correctly With All The components">
<kw library="com.KTOC.TRB.testautomation.Keywords.Keywords" name="Go To Documents Taband Click The Tender">
<msg level="INFO" timestamp="20190513 11:11:52.238">ToWord icon clicked</msg>
<status endtime="20190513 11:11:52.242" starttime="20190513 11:11:50.072" status="PASS"></status>
</kw>
<kw library="com.KTOC.TRB.testautomation.Keywords.Keywords" name="Verify Successful Message Displayed">
<msg level="INFO" timestamp="20190513 11:11:55.366">Create PrintOut icon clicked
No clicked in Do you want to freeze printed version?</msg>
<status endtime="20190513 11:11:55.368" starttime="20190513 11:11:52.245" status="PASS"></status>
</kw>
<status endtime="20190513 11:11:55.372" starttime="20190513 11:11:50.069" status="PASS"></status>
</kw>
<kw name="22_Close KTOC">
<kw library="com.KTOC.TRB.testautomation.Keywords.Keywords" name="Click Saveand Close Button">
<msg level="INFO" timestamp="20190513 11:11:59.523">SaveandClose icon CLICKED
Yes CLICKED in SaveandClose
Automation Test Description entered in Description field in stage / Probability window</msg>
<status endtime="20190513 11:11:59.529" starttime="20190513 11:11:55.381" status="PASS"></status>
</kw>
<status endtime="20190513 11:11:59.534" starttime="20190513 11:11:55.376" status="PASS"></status>
</kw>
<kw name="23_Verify Total SalesPrice With SF Product Information">
<kw library="com.KTOC.TRB.testautomation.Keywords.Keywords" name="Compare Sales Pricebetween Tender Pageand Salesforce">
<msg level="INFO" timestamp="20190513 11:12:23.530">Calculated SalesPrice:3281.8 / Final_SalesPrice:3281.8
is TRB TenderPrice VS Salesforce TenderPrice equal:true ***
Configurator Clicked
Yes clicked in New Version is available for this product</msg>
<status endtime="20190513 11:12:23.533" starttime="20190513 11:11:59.542" status="PASS"></status>
</kw>
<kw library="com.KTOC.TRB.testautomation.Keywords.Keywords" name="Hand Shake">
<msg level="INFO" timestamp="20190513 11:12:29.360">PASS: Tender is Consistent, value:url("https://ktoc-ca3.kone.com/camosHTML5Client/cH5C/SMG?i=cad9a93f6c879df1ed1373d2853634026ff3224f&amp;w=16&amp;h=16")
PASS: Tender is Consistent, value:url("https://ktoc-ca3.kone.com/camosHTML5Client/cH5C/SMG?i=cad9a93f6c879df1ed1373d2853634026ff3224f&amp;w=16&amp;h=16")
PASS: Tender is Consistent, value:url("https://ktoc-ca3.kone.com/camosHTML5Client/cH5C/SMG?i=cad9a93f6c879df1ed1373d2853634026ff3224f&amp;w=16&amp;h=16")
PASS: Tender is Consistent, value:url("https://ktoc-ca3.kone.com/camosHTML5Client/cH5C/SMG?i=cad9a93f6c879df1ed1373d2853634026ff3224f&amp;w=16&amp;h=16")
PASS: Tender is Consistent, value:url("https://ktoc-ca3.kone.com/camosHTML5Client/cH5C/SMG?i=cad9a93f6c879df1ed1373d2853634026ff3224f&amp;w=16&amp;h=16")
PASS: Tender is Consistent, value:url("https://ktoc-ca3.kone.com/camosHTML5Client/cH5C/SMG?i=cad9a93f6c879df1ed1373d2853634026ff3224f&amp;w=16&amp;h=16")
PASS: Tender is Consistent, value:url("https://ktoc-ca3.kone.com/camosHTML5Client/cH5C/SMG?i=cad9a93f6c879df1ed1373d2853634026ff3224f&amp;w=16&amp;h=16")
isHandShakeiconisEnabled:true HandShakeicon CLICKED</msg>
<status endtime="20190513 11:12:29.363" starttime="20190513 11:12:23.538" status="PASS"></status>
</kw>
<status endtime="20190513 11:12:29.366" starttime="20190513 11:11:59.537" status="PASS"></status>
</kw>
<kw type="teardown" library="com.KTOC.TRB.testautomation.Keywords.Keywords" name="Close Browser">
<status endtime="20190513 11:12:31.644" starttime="20190513 11:12:29.370" status="PASS"></status>
</kw>
<status critical="yes" endtime="20190513 11:12:31.646" starttime="20190513 11:10:18.432" status="PASS"></status>
</test>
<test name="04. Validate Discount With FirstMaintenance for Elevator" id="s1-s1-s1-t4">
<kw type="setup" library="com.KTOC.TRB.testautomation.Keywords.Keywords" name="Launch Browser">
<arguments>
<arg>${country}</arg>
<arg>&amp;{TESTDATA_FRANCE}</arg>
</arguments>
<msg level="INFO" timestamp="20190513 11:12:38.948">1557726152727	mozrunner::runner	INFO	Running command: "C:\\Program Files\\Mozilla Firefox\\firefox.exe" "-marionette" "-foreground" "-no-remote" "-profile" "C:\\Users\\CON_SV~1\\AppData\\Local\\Temp\\rust_mozprofile.f39P8xVx9ulL"
1557726153701	addons.webextension.screenshots@mozilla.org	WARN	Loading extension 'screenshots@mozilla.org': Reading manifest: Invalid host permission: resource://pdf.js/
1557726153701	addons.webextension.screenshots@mozilla.org	WARN	Loading extension 'screenshots@mozilla.org': Reading manifest: Invalid host permission: about:reader*
1557726156087	Marionette	INFO	Listening on port 60816
1557726156555	Marionette	WARN	TLS certificate errors will be ignored for this session</msg>
<status endtime="20190513 11:12:38.951" starttime="20190513 11:12:31.653" status="PASS"></status>
</kw>
<kw name="01_Logon To Salesforce">
<kw library="com.KTOC.TRB.testautomation.Keywords.Keywords" name="Loginto Salesforce">
<status endtime="20190513 11:12:44.404" starttime="20190513 11:12:38.960" status="PASS"></status>
</kw>
<status endtime="20190513 11:12:44.409" starttime="20190513 11:12:38.955" status="PASS"></status>
</kw>
<kw name="02_Verify Creating Opportunity and Mapping It With FLTender">
<kw library="com.KTOC.TRB.testautomation.Keywords.Keywords" name="Create Opportunity OR Search Opportunity">
<msg level="INFO" timestamp="20190513 11:13:04.016">Opportunity Name:AutomationKTOC SFA entered in Search box
AutomationKTOC SFA has been clicked</msg>
<status endtime="20190513 11:13:04.018" starttime="20190513 11:12:44.416" status="PASS"></status>
</kw>
<status endtime="20190513 11:13:04.024" starttime="20190513 11:12:44.412" status="PASS"></status>
</kw>
<kw name="03_Verify Tender Created Successfully for Elevator">
<kw library="com.KTOC.TRB.testautomation.Keywords.Keywords" name="Navigateto KTOCTRB">
<msg level="INFO" timestamp="20190513 11:13:13.823">Release 1723 is Selected
Clicked on OK button</msg>
<status endtime="20190513 11:13:13.825" starttime="20190513 11:13:04.034" status="PASS"></status>
</kw>
<kw library="com.KTOC.TRB.testautomation.Keywords.Keywords" name="Add Equipment ID Elevator">
<msg level="INFO" timestamp="20190513 11:13:24.007">10503512 EquipmentID entered
Equipment loader clicked
checkbox clicked
Change button clicked</msg>
<status endtime="20190513 11:13:24.013" starttime="20190513 11:13:13.829" status="PASS"></status>
</kw>
<kw library="com.KTOC.TRB.testautomation.Keywords.Keywords" name="Select Template To Be Uploaded">
<msg level="INFO" timestamp="20190513 11:13:26.666">Rightclick performed on Equipment
Open Templates clicked
AutomationSFA Entered in search
Shared templates radio button Clicked
AutomationSFA Template Clicked</msg>
<status endtime="20190513 11:13:26.668" starttime="20190513 11:13:24.018" status="PASS"></status>
</kw>
<kw library="com.KTOC.TRB.testautomation.Keywords.Keywords" name="Check Hand Over Date Is Greater Than Installation Date">
<msg level="INFO" timestamp="20190513 11:13:32.878">Project clicked</msg>
<status endtime="20190513 11:13:32.880" starttime="20190513 11:13:26.671" status="PASS"></status>
</kw>
<kw library="com.KTOC.TRB.testautomation.Keywords.Keywords" name="Check Sales Officeis Selected">
<msg level="INFO" timestamp="20190513 11:13:34.692">SalesOffice value VB FRRW Selected
*** Read LaborRate from Maintenance(AutomationTest tab): 59.0
*** Read ITEFactor from Maintenance(AutomationTest tab): 0.92
*** Read RegionalDiscount from Maintenance(AutomationTest tab): 0.0</msg>
<status endtime="20190513 11:13:34.695" starttime="20190513 11:13:32.883" status="PASS"></status>
</kw>
<kw library="com.KTOC.TRB.testautomation.Keywords.Keywords" name="Additionalfieldsin Project Overviewfor Canada">
<status endtime="20190513 11:13:34.704" starttime="20190513 11:13:34.699" status="PASS"></status>
</kw>
<kw library="com.KTOC.TRB.testautomation.Keywords.Keywords" name="Select Supervisor">
<msg level="INFO" timestamp="20190513 11:13:36.006">06114080 selected in Supervisor</msg>
<status endtime="20190513 11:13:36.008" starttime="20190513 11:13:34.707" status="PASS"></status>
</kw>
<kw library="com.KTOC.TRB.testautomation.Keywords.Keywords" name="Select Equipment In Service">
<msg level="INFO" timestamp="20190513 11:13:38.002">LIS Elevator is clicked in Equipment InService
HydraulicElevCheck clicked</msg>
<status endtime="20190513 11:13:38.006" starttime="20190513 11:13:36.011" status="PASS"></status>
</kw>
<kw library="com.KTOC.TRB.testautomation.Keywords.Keywords" name="Verify Tender Consistency">
<msg level="INFO" timestamp="20190513 11:13:38.809">FAIL: Tender is NOT Consistent, value:url("https://ktoc-ca3.kone.com/camosHTML5Client/cH5C/SMG?i=0191f5aaded042c33180d357113667fbefc81b95&amp;w=16&amp;h=16")
FAIL: Tender is NOT Consistent, value:url("https://ktoc-ca3.kone.com/camosHTML5Client/cH5C/SMG?i=0191f5aaded042c33180d357113667fbefc81b95&amp;w=16&amp;h=16")
FAIL: Tender is NOT Consistent, value:url("https://ktoc-ca3.kone.com/camosHTML5Client/cH5C/SMG?i=0191f5aaded042c33180d357113667fbefc81b95&amp;w=16&amp;h=16")
FAIL: Tender is NOT Consistent, value:url("https://ktoc-ca3.kone.com/camosHTML5Client/cH5C/SMG?i=0191f5aaded042c33180d357113667fbefc81b95&amp;w=16&amp;h=16")
PASS: Tender is Consistent, value:url("https://ktoc-ca3.kone.com/camosHTML5Client/cH5C/SMG?i=cad9a93f6c879df1ed1373d2853634026ff3224f&amp;w=16&amp;h=16")
FAIL: Tender is NOT Consistent, value:url("https://ktoc-ca3.kone.com/camosHTML5Client/cH5C/SMG?i=0191f5aaded042c33180d357113667fbefc81b95&amp;w=16&amp;h=16")
FAIL: Tender is NOT Consistent, value:url("https://ktoc-ca3.kone.com/camosHTML5Client/cH5C/SMG?i=0191f5aaded042c33180d357113667fbefc81b95&amp;w=16&amp;h=16")</msg>
<status endtime="20190513 11:13:38.812" starttime="20190513 11:13:38.012" status="PASS"></status>
</kw>
<kw library="com.KTOC.TRB.testautomation.Keywords.Keywords" name="Get Tender Number">
<msg level="INFO" timestamp="20190513 11:13:38.833">Tender # is :T-0002948919</msg>
<status endtime="20190513 11:13:38.835" starttime="20190513 11:13:38.814" status="PASS"></status>
</kw>
<kw library="com.KTOC.TRB.testautomation.Keywords.Keywords" name="Pricing Icon Click">
<msg level="INFO" timestamp="20190513 11:13:39.176">pricing icon Clicked</msg>
<status endtime="20190513 11:13:39.181" starttime="20190513 11:13:38.837" status="PASS"></status>
</kw>
<status endtime="20190513 11:13:39.186" starttime="20190513 11:13:04.031" status="PASS"></status>
</kw>
<kw name="10_Validate Discount With FirstMaintenance for Elevator">
<kw library="com.KTOC.TRB.testautomation.Keywords.Keywords" name="Verify Discount By Changing The Tender Price">
<arguments>
<arg>&amp;{tenderprice}[tenderprice_2]</arg>
<arg>&amp;{withfirstmaintenance}[firstmaintenance_2]</arg>
</arguments>
<msg level="INFO" timestamp="20190513 11:13:43.794">TenderPrice entered as: 3200
First maintenance: 6 Clicked</msg>
<status endtime="20190513 11:13:43.796" starttime="20190513 11:13:39.195" status="PASS"></status>
</kw>
<status endtime="20190513 11:13:43.799" starttime="20190513 11:13:39.191" status="PASS"></status>
</kw>
<kw name="11_Check Discount With FirstMaintenance for Elevator">
<kw library="com.KTOC.TRB.testautomation.Keywords.Keywords" name="Get Target Price">
<msg level="INFO" timestamp="20190513 11:13:44.579">TargetPrice:3898.71
Firstmaintenance:800.0
TenderPrice:4000.0
DiscountFinal:-3.27 / Discount shown in Application:-3.27
*** null Added in CalculatedDiscountFinal hence DiscountFinal VS Discount shown in Application is: true ***</msg>
<status endtime="20190513 11:13:44.580" starttime="20190513 11:13:43.807" status="PASS"></status>
</kw>
<status endtime="20190513 11:13:44.582" starttime="20190513 11:13:43.802" status="PASS"></status>
</kw>
<kw name="12_Change and Validate Discount With FirstMaintenance for Elevator">
<kw library="com.KTOC.TRB.testautomation.Keywords.Keywords" name="Verify Discount By Changing The Tender Price">
<arguments>
<arg>&amp;{tenderprice}[tenderprice_3]</arg>
<arg>&amp;{withfirstmaintenance}[firstmaintenance_3]</arg>
</arguments>
<msg level="INFO" timestamp="20190513 11:13:47.156">TenderPrice entered as: 3800
First maintenance: 3 Clicked</msg>
<status endtime="20190513 11:13:47.159" starttime="20190513 11:13:44.587" status="PASS"></status>
</kw>
<status endtime="20190513 11:13:47.161" starttime="20190513 11:13:44.584" status="PASS"></status>
</kw>
<kw name="13_Check Changed Discount With FirstMaintenance for Elevator">
<kw library="com.KTOC.TRB.testautomation.Keywords.Keywords" name="Get Target Price">
<msg level="INFO" timestamp="20190513 11:13:48.025">TargetPrice:3498.71
Firstmaintenance:400.0
TenderPrice:3400.0
DiscountFinal:3.19 / Discount shown in Application:3.19
*** null Added in CalculatedDiscountFinal hence DiscountFinal VS Discount shown in Application is: true ***</msg>
<status endtime="20190513 11:13:48.027" starttime="20190513 11:13:47.167" status="PASS"></status>
</kw>
<status endtime="20190513 11:13:48.030" starttime="20190513 11:13:47.163" status="PASS"></status>
</kw>
<kw name="21_Check TenderLetter Is generated Correctly With All The components">
<kw library="com.KTOC.TRB.testautomation.Keywords.Keywords" name="Go To Documents Taband Click The Tender">
<msg level="INFO" timestamp="20190513 11:13:50.098">ToWord icon clicked</msg>
<status endtime="20190513 11:13:50.100" starttime="20190513 11:13:48.034" status="PASS"></status>
</kw>
<kw library="com.KTOC.TRB.testautomation.Keywords.Keywords" name="Verify Successful Message Displayed">
<msg level="INFO" timestamp="20190513 11:13:53.233">Create PrintOut icon clicked
No clicked in Do you want to freeze printed version?</msg>
<status endtime="20190513 11:13:53.236" starttime="20190513 11:13:50.104" status="PASS"></status>
</kw>
<status endtime="20190513 11:13:53.240" starttime="20190513 11:13:48.032" status="PASS"></status>
</kw>
<kw name="22_Close KTOC">
<kw library="com.KTOC.TRB.testautomation.Keywords.Keywords" name="Click Saveand Close Button">
<msg level="INFO" timestamp="20190513 11:13:57.134">SaveandClose icon CLICKED
Yes CLICKED in SaveandClose
Automation Test Description entered in Description field in stage / Probability window</msg>
<status endtime="20190513 11:13:57.136" starttime="20190513 11:13:53.248" status="PASS"></status>
</kw>
<status endtime="20190513 11:13:57.139" starttime="20190513 11:13:53.243" status="PASS"></status>
</kw>
<kw name="23_Verify Total SalesPrice With SF Product Information">
<kw library="com.KTOC.TRB.testautomation.Keywords.Keywords" name="Compare Sales Pricebetween Tender Pageand Salesforce">
<msg level="INFO" timestamp="20190513 11:14:20.757">Calculated SalesPrice:3400.0 / Final_SalesPrice:3400.0
is TRB TenderPrice VS Salesforce TenderPrice equal:true ***
Configurator Clicked
Yes clicked in New Version is available for this product</msg>
<status endtime="20190513 11:14:20.762" starttime="20190513 11:13:57.146" status="PASS"></status>
</kw>
<kw library="com.KTOC.TRB.testautomation.Keywords.Keywords" name="Hand Shake">
<msg level="INFO" timestamp="20190513 11:14:26.782">PASS: Tender is Consistent, value:url("https://ktoc-ca3.kone.com/camosHTML5Client/cH5C/SMG?i=cad9a93f6c879df1ed1373d2853634026ff3224f&amp;w=16&amp;h=16")
PASS: Tender is Consistent, value:url("https://ktoc-ca3.kone.com/camosHTML5Client/cH5C/SMG?i=cad9a93f6c879df1ed1373d2853634026ff3224f&amp;w=16&amp;h=16")
PASS: Tender is Consistent, value:url("https://ktoc-ca3.kone.com/camosHTML5Client/cH5C/SMG?i=cad9a93f6c879df1ed1373d2853634026ff3224f&amp;w=16&amp;h=16")
PASS: Tender is Consistent, value:url("https://ktoc-ca3.kone.com/camosHTML5Client/cH5C/SMG?i=cad9a93f6c879df1ed1373d2853634026ff3224f&amp;w=16&amp;h=16")
PASS: Tender is Consistent, value:url("https://ktoc-ca3.kone.com/camosHTML5Client/cH5C/SMG?i=cad9a93f6c879df1ed1373d2853634026ff3224f&amp;w=16&amp;h=16")
PASS: Tender is Consistent, value:url("https://ktoc-ca3.kone.com/camosHTML5Client/cH5C/SMG?i=cad9a93f6c879df1ed1373d2853634026ff3224f&amp;w=16&amp;h=16")
PASS: Tender is Consistent, value:url("https://ktoc-ca3.kone.com/camosHTML5Client/cH5C/SMG?i=cad9a93f6c879df1ed1373d2853634026ff3224f&amp;w=16&amp;h=16")
isHandShakeiconisEnabled:true HandShakeicon CLICKED</msg>
<status endtime="20190513 11:14:26.785" starttime="20190513 11:14:20.765" status="PASS"></status>
</kw>
<status endtime="20190513 11:14:26.789" starttime="20190513 11:13:57.142" status="PASS"></status>
</kw>
<kw type="teardown" library="com.KTOC.TRB.testautomation.Keywords.Keywords" name="Close Browser">
<status endtime="20190513 11:14:29.073" starttime="20190513 11:14:26.793" status="PASS"></status>
</kw>
<status critical="yes" endtime="20190513 11:14:29.075" starttime="20190513 11:12:31.649" status="PASS"></status>
</test>
<test name="05. Check RegionalFactor at SalesOffice Level for Elevator" id="s1-s1-s1-t5">
<kw type="setup" library="com.KTOC.TRB.testautomation.Keywords.Keywords" name="Launch Browser">
<arguments>
<arg>${country}</arg>
<arg>&amp;{TESTDATA_FRANCE}</arg>
</arguments>
<msg level="INFO" timestamp="20190513 11:14:36.039">1557726270153	mozrunner::runner	INFO	Running command: "C:\\Program Files\\Mozilla Firefox\\firefox.exe" "-marionette" "-foreground" "-no-remote" "-profile" "C:\\Users\\CON_SV~1\\AppData\\Local\\Temp\\rust_mozprofile.FH1obnyCUIgk"
1557726270802	addons.webextension.screenshots@mozilla.org	WARN	Loading extension 'screenshots@mozilla.org': Reading manifest: Invalid host permission: resource://pdf.js/
1557726270802	addons.webextension.screenshots@mozilla.org	WARN	Loading extension 'screenshots@mozilla.org': Reading manifest: Invalid host permission: about:reader*
1557726273252	Marionette	INFO	Listening on port 60960
1557726273392	Marionette	WARN	TLS certificate errors will be ignored for this session</msg>
<status endtime="20190513 11:14:36.042" starttime="20190513 11:14:29.082" status="PASS"></status>
</kw>
<kw name="01_Logon To Salesforce">
<kw library="com.KTOC.TRB.testautomation.Keywords.Keywords" name="Loginto Salesforce">
<status endtime="20190513 11:14:52.750" starttime="20190513 11:14:36.051" status="PASS"></status>
</kw>
<status endtime="20190513 11:14:52.756" starttime="20190513 11:14:36.046" status="PASS"></status>
</kw>
<kw name="02_Verify Creating Opportunity and Mapping It With FLTender">
<kw library="com.KTOC.TRB.testautomation.Keywords.Keywords" name="Create Opportunity OR Search Opportunity">
<msg level="INFO" timestamp="20190513 11:15:05.364">Opportunity Name:AutomationKTOC SFA entered in Search box
AutomationKTOC SFA has been clicked</msg>
<status endtime="20190513 11:15:05.365" starttime="20190513 11:14:52.763" status="PASS"></status>
</kw>
<status endtime="20190513 11:15:05.368" starttime="20190513 11:14:52.759" status="PASS"></status>
</kw>
<kw name="03_Verify Tender Created Successfully for Elevator">
<kw library="com.KTOC.TRB.testautomation.Keywords.Keywords" name="Navigateto KTOCTRB">
<msg level="INFO" timestamp="20190513 11:15:15.888">Release 1723 is Selected
Clicked on OK button</msg>
<status endtime="20190513 11:15:15.890" starttime="20190513 11:15:05.376" status="PASS"></status>
</kw>
<kw library="com.KTOC.TRB.testautomation.Keywords.Keywords" name="Add Equipment ID Elevator">
<msg level="INFO" timestamp="20190513 11:15:40.854">10503512 EquipmentID entered
Equipment loader clicked
checkbox clicked
Change button clicked</msg>
<status endtime="20190513 11:15:40.859" starttime="20190513 11:15:15.894" status="PASS"></status>
</kw>
<kw library="com.KTOC.TRB.testautomation.Keywords.Keywords" name="Select Template To Be Uploaded">
<msg level="INFO" timestamp="20190513 11:15:43.844">Rightclick performed on Equipment
Open Templates clicked
AutomationSFA Entered in search
Shared templates radio button Clicked
AutomationSFA Template Clicked</msg>
<status endtime="20190513 11:15:43.846" starttime="20190513 11:15:40.862" status="PASS"></status>
</kw>
<kw library="com.KTOC.TRB.testautomation.Keywords.Keywords" name="Check Hand Over Date Is Greater Than Installation Date">
<msg level="INFO" timestamp="20190513 11:15:50.624">Project clicked</msg>
<status endtime="20190513 11:15:50.628" starttime="20190513 11:15:43.848" status="PASS"></status>
</kw>
<kw library="com.KTOC.TRB.testautomation.Keywords.Keywords" name="Check Sales Officeis Selected">
<msg level="INFO" timestamp="20190513 11:15:52.541">SalesOffice value VB FRRW Selected
*** Read LaborRate from Maintenance(AutomationTest tab): 59.0
*** Read ITEFactor from Maintenance(AutomationTest tab): 0.92
*** Read RegionalDiscount from Maintenance(AutomationTest tab): 0.0</msg>
<status endtime="20190513 11:15:52.543" starttime="20190513 11:15:50.633" status="PASS"></status>
</kw>
<kw library="com.KTOC.TRB.testautomation.Keywords.Keywords" name="Additionalfieldsin Project Overviewfor Canada">
<status endtime="20190513 11:15:52.552" starttime="20190513 11:15:52.548" status="PASS"></status>
</kw>
<kw library="com.KTOC.TRB.testautomation.Keywords.Keywords" name="Select Supervisor">
<msg level="INFO" timestamp="20190513 11:15:56.902">06114080 selected in Supervisor</msg>
<status endtime="20190513 11:15:56.906" starttime="20190513 11:15:52.555" status="PASS"></status>
</kw>
<kw library="com.KTOC.TRB.testautomation.Keywords.Keywords" name="Select Equipment In Service">
<msg level="INFO" timestamp="20190513 11:15:59.479">LIS Elevator is clicked in Equipment InService
HydraulicElevCheck clicked</msg>
<status endtime="20190513 11:15:59.482" starttime="20190513 11:15:56.912" status="PASS"></status>
</kw>
<kw library="com.KTOC.TRB.testautomation.Keywords.Keywords" name="Verify Tender Consistency">
<msg level="INFO" timestamp="20190513 11:16:00.299">FAIL: Tender is NOT Consistent, value:url("https://ktoc-ca3.kone.com/camosHTML5Client/cH5C/SMG?i=0191f5aaded042c33180d357113667fbefc81b95&amp;w=16&amp;h=16")
FAIL: Tender is NOT Consistent, value:url("https://ktoc-ca3.kone.com/camosHTML5Client/cH5C/SMG?i=0191f5aaded042c33180d357113667fbefc81b95&amp;w=16&amp;h=16")
FAIL: Tender is NOT Consistent, value:url("https://ktoc-ca3.kone.com/camosHTML5Client/cH5C/SMG?i=0191f5aaded042c33180d357113667fbefc81b95&amp;w=16&amp;h=16")
FAIL: Tender is NOT Consistent, value:url("https://ktoc-ca3.kone.com/camosHTML5Client/cH5C/SMG?i=0191f5aaded042c33180d357113667fbefc81b95&amp;w=16&amp;h=16")
PASS: Tender is Consistent, value:url("https://ktoc-ca3.kone.com/camosHTML5Client/cH5C/SMG?i=cad9a93f6c879df1ed1373d2853634026ff3224f&amp;w=16&amp;h=16")
FAIL: Tender is NOT Consistent, value:url("https://ktoc-ca3.kone.com/camosHTML5Client/cH5C/SMG?i=0191f5aaded042c33180d357113667fbefc81b95&amp;w=16&amp;h=16")
FAIL: Tender is NOT Consistent, value:url("https://ktoc-ca3.kone.com/camosHTML5Client/cH5C/SMG?i=0191f5aaded042c33180d357113667fbefc81b95&amp;w=16&amp;h=16")</msg>
<status endtime="20190513 11:16:00.302" starttime="20190513 11:15:59.485" status="PASS"></status>
</kw>
<kw library="com.KTOC.TRB.testautomation.Keywords.Keywords" name="Get Tender Number">
<msg level="INFO" timestamp="20190513 11:16:00.324">Tender # is :T-0002948920</msg>
<status endtime="20190513 11:16:00.326" starttime="20190513 11:16:00.304" status="PASS"></status>
</kw>
<kw library="com.KTOC.TRB.testautomation.Keywords.Keywords" name="Pricing Icon Click">
<msg level="INFO" timestamp="20190513 11:16:00.639">pricing icon Clicked</msg>
<status endtime="20190513 11:16:00.640" starttime="20190513 11:16:00.328" status="PASS"></status>
</kw>
<status endtime="20190513 11:16:00.642" starttime="20190513 11:15:05.371" status="PASS"></status>
</kw>
<kw name="08_Validate TenderPrice With FirstMaintenance for Elevator">
<kw library="com.KTOC.TRB.testautomation.Keywords.Keywords" name="Check Tender Price After Discount Update">
<arguments>
<arg>&amp;{discount}[discount_2]</arg>
<arg>&amp;{withfirstmaintenance}[firstmaintenance_1]</arg>
</arguments>
<msg level="INFO" timestamp="20190513 11:16:05.775">Discount entered as: 7
First maintenance: 3 Clicked</msg>
<status endtime="20190513 11:16:05.777" starttime="20190513 11:16:00.651" status="PASS"></status>
</kw>
<status endtime="20190513 11:16:05.780" starttime="20190513 11:16:00.645" status="PASS"></status>
</kw>
<kw name="09_Check TenderPrice With FirstMaintenance for Elevator">
<kw library="com.KTOC.TRB.testautomation.Keywords.Keywords" name="Get Target Price">
<msg level="INFO" timestamp="20190513 11:16:06.699">TargetPrice:3498.71
Firstmaintenance:400.0
Discount:7.0
*** TenderPriceFinal:3281.80 / CurrentTenderPrice:3281.8 ***
*** null Added in TenderPrice hence TenderPriceFinal VS TenderPrice shown in Application is: true ***</msg>
<status endtime="20190513 11:16:06.700" starttime="20190513 11:16:05.786" status="PASS"></status>
</kw>
<status endtime="20190513 11:16:06.702" starttime="20190513 11:16:05.782" status="PASS"></status>
</kw>
<kw name="14_Check Regional Factor At SalesOffice Level for Elevator">
<kw library="com.KTOC.TRB.testautomation.Keywords.Keywords" name="Verify Regional Discount Displayed Correctly">
<msg level="INFO" timestamp="20190513 11:16:07.600">Additional Discount Icon CLICKED</msg>
<status endtime="20190513 11:16:07.602" starttime="20190513 11:16:06.708" status="PASS"></status>
</kw>
<kw library="com.KTOC.TRB.testautomation.Keywords.Keywords" name="Verify Target Price Displayed Correctly">
<msg level="INFO" timestamp="20190513 11:16:17.398">Ropes_calculatedRegionaldiscountoncomponent =.00 / read_Regionaldiscountoncomponent =.00
*** is calculated_Regionaldiscountoncomponent vs read_Regionaldiscountoncomponent equal: true
read_Ropes_Regional discount on component (%)=0.0 / testdata_regionalDiscount:0.0
***is read_Ropes_Regional discount on component (%) VS testdata_regionalDiscount equal:true
Solution 2_calculated_Regionaldiscountoncomponent %: .00 / read_Solution 2_Regional discount on component (%)= 0.0
*** is calculated_Regionaldiscountoncomponent % vs read_Regionaldiscountoncomponent % equal: true
Solution 2_Sales Office Multiplier: .00
Solution 2_calculated_TargetPrice: 3498.71 / read_Solution 2_Target Price:3498.71
*** null Added in calculated_TargetPrice hence calculated_TargetPrice VS read_TargetPrice shown in Application is: true</msg>
<status endtime="20190513 11:16:17.403" starttime="20190513 11:16:07.605" status="PASS"></status>
</kw>
<status endtime="20190513 11:16:17.405" starttime="20190513 11:16:06.704" status="PASS"></status>
</kw>
<kw name="15_Check Regional Factor When SalesOffice Is Changed for Elevator">
<kw library="com.KTOC.TRB.testautomation.Keywords.Keywords" name="Goto Configuration Pageand Change The Sales Office">
<msg level="INFO" timestamp="20190513 11:16:22.809">ToConfiguration icon clicked
Project clicked
SalesOffice value VB FRPP Selected
*** Read LaborRate from Maintenance(AutomationTest tab): 59.1
*** Read ITEFactor from Maintenance(AutomationTest tab): 0.92
*** Read RegionalDiscount from Maintenance(AutomationTest tab): 0.0
pricing icon Clicked</msg>
<status endtime="20190513 11:16:22.818" starttime="20190513 11:16:17.412" status="PASS"></status>
</kw>
<kw library="com.KTOC.TRB.testautomation.Keywords.Keywords" name="Verify Regional Discount Displayed Correctly">
<msg level="INFO" timestamp="20190513 11:16:24.922">Additional Discount Icon CLICKED</msg>
<status endtime="20190513 11:16:24.924" starttime="20190513 11:16:22.822" status="PASS"></status>
</kw>
<kw library="com.KTOC.TRB.testautomation.Keywords.Keywords" name="Verify Target Price Displayed Correctly">
<msg level="INFO" timestamp="20190513 11:16:33.568">Ropes_calculatedRegionaldiscountoncomponent =.00 / read_Regionaldiscountoncomponent =.00
*** is calculated_Regionaldiscountoncomponent vs read_Regionaldiscountoncomponent equal: true
read_Ropes_Regional discount on component (%)=0.0 / testdata_regionalDiscount:0.0
***is read_Ropes_Regional discount on component (%) VS testdata_regionalDiscount equal:true
Solution 2_calculated_Regionaldiscountoncomponent %: .00 / read_Solution 2_Regional discount on component (%)= 0.0
*** is calculated_Regionaldiscountoncomponent % vs read_Regionaldiscountoncomponent % equal: true
Solution 2_Sales Office Multiplier: .00
Solution 2_calculated_TargetPrice: 3498.71 / read_Solution 2_Target Price:3498.71
*** null Added in calculated_TargetPrice hence calculated_TargetPrice VS read_TargetPrice shown in Application is: true</msg>
<status endtime="20190513 11:16:33.573" starttime="20190513 11:16:24.926" status="PASS"></status>
</kw>
<status endtime="20190513 11:16:33.576" starttime="20190513 11:16:17.407" status="PASS"></status>
</kw>
<kw name="21_Check TenderLetter Is generated Correctly With All The components">
<kw library="com.KTOC.TRB.testautomation.Keywords.Keywords" name="Go To Documents Taband Click The Tender">
<msg level="INFO" timestamp="20190513 11:16:36.791">ToWord icon clicked</msg>
<status endtime="20190513 11:16:36.794" starttime="20190513 11:16:33.585" status="PASS"></status>
</kw>
<kw library="com.KTOC.TRB.testautomation.Keywords.Keywords" name="Verify Successful Message Displayed">
<msg level="INFO" timestamp="20190513 11:16:40.110">Create PrintOut icon clicked
No clicked in Do you want to freeze printed version?</msg>
<status endtime="20190513 11:16:40.113" starttime="20190513 11:16:36.796" status="PASS"></status>
</kw>
<status endtime="20190513 11:16:40.116" starttime="20190513 11:16:33.579" status="PASS"></status>
</kw>
<kw name="22_Close KTOC">
<kw library="com.KTOC.TRB.testautomation.Keywords.Keywords" name="Click Saveand Close Button">
<msg level="INFO" timestamp="20190513 11:16:44.103">SaveandClose icon CLICKED
Yes CLICKED in SaveandClose
Automation Test Description entered in Description field in stage / Probability window</msg>
<status endtime="20190513 11:16:44.106" starttime="20190513 11:16:40.126" status="PASS"></status>
</kw>
<status endtime="20190513 11:16:44.109" starttime="20190513 11:16:40.119" status="PASS"></status>
</kw>
<kw name="23_Verify Total SalesPrice With SF Product Information">
<kw library="com.KTOC.TRB.testautomation.Keywords.Keywords" name="Compare Sales Pricebetween Tender Pageand Salesforce">
<msg level="INFO" timestamp="20190513 11:17:11.688">Calculated SalesPrice:3281.8 / Final_SalesPrice:3281.8
is TRB TenderPrice VS Salesforce TenderPrice equal:true ***
Configurator Clicked
Yes clicked in New Version is available for this product</msg>
<status endtime="20190513 11:17:11.692" starttime="20190513 11:16:44.117" status="PASS"></status>
</kw>
<kw library="com.KTOC.TRB.testautomation.Keywords.Keywords" name="Hand Shake">
<msg level="INFO" timestamp="20190513 11:17:18.418">PASS: Tender is Consistent, value:url("https://ktoc-ca3.kone.com/camosHTML5Client/cH5C/SMG?i=cad9a93f6c879df1ed1373d2853634026ff3224f&amp;w=16&amp;h=16")
PASS: Tender is Consistent, value:url("https://ktoc-ca3.kone.com/camosHTML5Client/cH5C/SMG?i=cad9a93f6c879df1ed1373d2853634026ff3224f&amp;w=16&amp;h=16")
PASS: Tender is Consistent, value:url("https://ktoc-ca3.kone.com/camosHTML5Client/cH5C/SMG?i=cad9a93f6c879df1ed1373d2853634026ff3224f&amp;w=16&amp;h=16")
PASS: Tender is Consistent, value:url("https://ktoc-ca3.kone.com/camosHTML5Client/cH5C/SMG?i=cad9a93f6c879df1ed1373d2853634026ff3224f&amp;w=16&amp;h=16")
PASS: Tender is Consistent, value:url("https://ktoc-ca3.kone.com/camosHTML5Client/cH5C/SMG?i=cad9a93f6c879df1ed1373d2853634026ff3224f&amp;w=16&amp;h=16")
PASS: Tender is Consistent, value:url("https://ktoc-ca3.kone.com/camosHTML5Client/cH5C/SMG?i=cad9a93f6c879df1ed1373d2853634026ff3224f&amp;w=16&amp;h=16")
PASS: Tender is Consistent, value:url("https://ktoc-ca3.kone.com/camosHTML5Client/cH5C/SMG?i=cad9a93f6c879df1ed1373d2853634026ff3224f&amp;w=16&amp;h=16")
isHandShakeiconisEnabled:true HandShakeicon CLICKED</msg>
<status endtime="20190513 11:17:18.428" starttime="20190513 11:17:11.698" status="PASS"></status>
</kw>
<status endtime="20190513 11:17:18.437" starttime="20190513 11:16:44.112" status="PASS"></status>
</kw>
<kw type="teardown" library="com.KTOC.TRB.testautomation.Keywords.Keywords" name="Close Browser">
<status endtime="20190513 11:17:21.081" starttime="20190513 11:17:18.442" status="PASS"></status>
</kw>
<status critical="yes" endtime="20190513 11:17:21.082" starttime="20190513 11:14:29.078" status="PASS"></status>
</test>
<test name="06. Verify ITEFactor value and LaborRate value is taken from SalesOffice for Elevator" id="s1-s1-s1-t6">
<kw type="setup" library="com.KTOC.TRB.testautomation.Keywords.Keywords" name="Launch Browser">
<arguments>
<arg>${country}</arg>
<arg>&amp;{TESTDATA_FRANCE}</arg>
</arguments>
<msg level="INFO" timestamp="20190513 11:17:30.071">1557726442671	mozrunner::runner	INFO	Running command: "C:\\Program Files\\Mozilla Firefox\\firefox.exe" "-marionette" "-foreground" "-no-remote" "-profile" "C:\\Users\\CON_SV~1\\AppData\\Local\\Temp\\rust_mozprofile.D7o6Ud61s5yS"
1557726443744	addons.webextension.screenshots@mozilla.org	WARN	Loading extension 'screenshots@mozilla.org': Reading manifest: Invalid host permission: resource://pdf.js/
1557726443744	addons.webextension.screenshots@mozilla.org	WARN	Loading extension 'screenshots@mozilla.org': Reading manifest: Invalid host permission: about:reader*
1557726446589	Marionette	INFO	Listening on port 61181
1557726447005	Marionette	WARN	TLS certificate errors will be ignored for this session</msg>
<status endtime="20190513 11:17:30.074" starttime="20190513 11:17:21.090" status="PASS"></status>
</kw>
<kw name="01_Logon To Salesforce">
<kw library="com.KTOC.TRB.testautomation.Keywords.Keywords" name="Loginto Salesforce">
<status endtime="20190513 11:17:35.270" starttime="20190513 11:17:30.083" status="PASS"></status>
</kw>
<status endtime="20190513 11:17:35.274" starttime="20190513 11:17:30.077" status="PASS"></status>
</kw>
<kw name="02_Verify Creating Opportunity and Mapping It With FLTender">
<kw library="com.KTOC.TRB.testautomation.Keywords.Keywords" name="Create Opportunity OR Search Opportunity">
<msg level="INFO" timestamp="20190513 11:17:54.872">Opportunity Name:AutomationKTOC SFA entered in Search box
AutomationKTOC SFA has been clicked</msg>
<status endtime="20190513 11:17:54.874" starttime="20190513 11:17:35.281" status="PASS"></status>
</kw>
<status endtime="20190513 11:17:54.879" starttime="20190513 11:17:35.275" status="PASS"></status>
</kw>
<kw name="03_Verify Tender Created Successfully for Elevator">
<kw library="com.KTOC.TRB.testautomation.Keywords.Keywords" name="Navigateto KTOCTRB">
<msg level="INFO" timestamp="20190513 11:18:09.891">Release 1723 is Selected
Clicked on OK button</msg>
<status endtime="20190513 11:18:09.893" starttime="20190513 11:17:54.891" status="PASS"></status>
</kw>
<kw library="com.KTOC.TRB.testautomation.Keywords.Keywords" name="Add Equipment ID Elevator">
<msg level="INFO" timestamp="20190513 11:18:23.287">10503512 EquipmentID entered
Equipment loader clicked
checkbox clicked
Change button clicked</msg>
<status endtime="20190513 11:18:23.289" starttime="20190513 11:18:09.896" status="PASS"></status>
</kw>
<kw library="com.KTOC.TRB.testautomation.Keywords.Keywords" name="Select Template To Be Uploaded">
<msg level="INFO" timestamp="20190513 11:18:27.176">Rightclick performed on Equipment
Open Templates clicked
AutomationSFA Entered in search
Shared templates radio button Clicked
AutomationSFA Template Clicked</msg>
<status endtime="20190513 11:18:27.179" starttime="20190513 11:18:23.291" status="PASS"></status>
</kw>
<kw library="com.KTOC.TRB.testautomation.Keywords.Keywords" name="Check Hand Over Date Is Greater Than Installation Date">
<msg level="INFO" timestamp="20190513 11:18:33.259">Project clicked</msg>
<status endtime="20190513 11:18:33.261" starttime="20190513 11:18:27.182" status="PASS"></status>
</kw>
<kw library="com.KTOC.TRB.testautomation.Keywords.Keywords" name="Check Sales Officeis Selected">
<msg level="INFO" timestamp="20190513 11:18:35.147">SalesOffice value VB FRRW Selected
*** Read LaborRate from Maintenance(AutomationTest tab): 59.0
*** Read ITEFactor from Maintenance(AutomationTest tab): 0.92
*** Read RegionalDiscount from Maintenance(AutomationTest tab): 0.0</msg>
<status endtime="20190513 11:18:35.150" starttime="20190513 11:18:33.265" status="PASS"></status>
</kw>
<kw library="com.KTOC.TRB.testautomation.Keywords.Keywords" name="Additionalfieldsin Project Overviewfor Canada">
<status endtime="20190513 11:18:35.157" starttime="20190513 11:18:35.154" status="PASS"></status>
</kw>
<kw library="com.KTOC.TRB.testautomation.Keywords.Keywords" name="Select Supervisor">
<msg level="INFO" timestamp="20190513 11:18:36.363">06114080 selected in Supervisor</msg>
<status endtime="20190513 11:18:36.365" starttime="20190513 11:18:35.160" status="PASS"></status>
</kw>
<kw library="com.KTOC.TRB.testautomation.Keywords.Keywords" name="Select Equipment In Service">
<msg level="INFO" timestamp="20190513 11:18:38.867">LIS Elevator is clicked in Equipment InService
HydraulicElevCheck clicked</msg>
<status endtime="20190513 11:18:38.876" starttime="20190513 11:18:36.370" status="PASS"></status>
</kw>
<kw library="com.KTOC.TRB.testautomation.Keywords.Keywords" name="Verify Tender Consistency">
<msg level="INFO" timestamp="20190513 11:18:39.678">FAIL: Tender is NOT Consistent, value:url("https://ktoc-ca3.kone.com/camosHTML5Client/cH5C/SMG?i=0191f5aaded042c33180d357113667fbefc81b95&amp;w=16&amp;h=16")
FAIL: Tender is NOT Consistent, value:url("https://ktoc-ca3.kone.com/camosHTML5Client/cH5C/SMG?i=0191f5aaded042c33180d357113667fbefc81b95&amp;w=16&amp;h=16")
FAIL: Tender is NOT Consistent, value:url("https://ktoc-ca3.kone.com/camosHTML5Client/cH5C/SMG?i=0191f5aaded042c33180d357113667fbefc81b95&amp;w=16&amp;h=16")
FAIL: Tender is NOT Consistent, value:url("https://ktoc-ca3.kone.com/camosHTML5Client/cH5C/SMG?i=0191f5aaded042c33180d357113667fbefc81b95&amp;w=16&amp;h=16")
PASS: Tender is Consistent, value:url("https://ktoc-ca3.kone.com/camosHTML5Client/cH5C/SMG?i=cad9a93f6c879df1ed1373d2853634026ff3224f&amp;w=16&amp;h=16")
FAIL: Tender is NOT Consistent, value:url("https://ktoc-ca3.kone.com/camosHTML5Client/cH5C/SMG?i=0191f5aaded042c33180d357113667fbefc81b95&amp;w=16&amp;h=16")
FAIL: Tender is NOT Consistent, value:url("https://ktoc-ca3.kone.com/camosHTML5Client/cH5C/SMG?i=0191f5aaded042c33180d357113667fbefc81b95&amp;w=16&amp;h=16")</msg>
<status endtime="20190513 11:18:39.679" starttime="20190513 11:18:38.879" status="PASS"></status>
</kw>
<kw library="com.KTOC.TRB.testautomation.Keywords.Keywords" name="Get Tender Number">
<msg level="INFO" timestamp="20190513 11:18:39.699">Tender # is :T-0002948921</msg>
<status endtime="20190513 11:18:39.700" starttime="20190513 11:18:39.681" status="PASS"></status>
</kw>
<kw library="com.KTOC.TRB.testautomation.Keywords.Keywords" name="Pricing Icon Click">
<msg level="INFO" timestamp="20190513 11:18:40.026">pricing icon Clicked</msg>
<status endtime="20190513 11:18:40.031" starttime="20190513 11:18:39.702" status="PASS"></status>
</kw>
<status endtime="20190513 11:18:40.040" starttime="20190513 11:17:54.887" status="PASS"></status>
</kw>
<kw name="04_Validate TenderPrice Without FirstMaintenance for Elevator">
<kw library="com.KTOC.TRB.testautomation.Keywords.Keywords" name="Check Tender Price After Discount Update">
<arguments>
<arg>&amp;{discount}[discount_1]</arg>
<arg>${withoutfirstmaintenance}</arg>
</arguments>
<msg level="INFO" timestamp="20190513 11:18:43.503">Discount entered as: 5
First maintenance: 0 Clicked</msg>
<status endtime="20190513 11:18:43.504" starttime="20190513 11:18:40.050" status="PASS"></status>
</kw>
<status endtime="20190513 11:18:43.506" starttime="20190513 11:18:40.046" status="PASS"></status>
</kw>
<kw name="05_Check TenderPrice Without FirstMaintenance for Elevator">
<kw library="com.KTOC.TRB.testautomation.Keywords.Keywords" name="Get Target Price">
<msg level="INFO" timestamp="20190513 11:18:44.247">TargetPrice:3098.71
Firstmaintenance:0.0
Discount:5.0
*** TenderPriceFinal:2943.77 / CurrentTenderPrice:2943.77 ***
*** null Added in TenderPrice hence TenderPriceFinal VS TenderPrice shown in Application is: true ***</msg>
<status endtime="20190513 11:18:44.249" starttime="20190513 11:18:43.511" status="PASS"></status>
</kw>
<status endtime="20190513 11:18:44.252" starttime="20190513 11:18:43.508" status="PASS"></status>
</kw>
<kw name="16_Verify ITEFactorValue and LaborRateValue IsTaken From SalesOffice for Elevator">
<kw library="com.KTOC.TRB.testautomation.Keywords.Keywords" name="Validate Detail Breakdown Tab">
<msg level="INFO" timestamp="20190513 11:18:53.164">Detailed breakdown Clicked
ROPES CLICKED
Show TotalCost Calculation Details CLICKED
check_showtotal_ITEfactor:.92 / showtotal_ITEfactor:.92
check_showtotal_Referencehours:13.76 / showtotal_Referencehours:13.76
check_showtotal_Labourrate:59.10 / showtotal_Labourrate:59.10
LabourRate:59.00 / showtotal_Labourrate:59.10
*** is_showtotal_ITEfactor: true *** / is_Testdata_Labourrate: false *** / is_showtotal_Labourrate: true *** / is_showtotal_Referencehours: true ***
-0.02 Added in ITEfactor hence CalculatedLabourrate VS ActualLabourRate in Application is: false ***</msg>
<msg level="INFO" html="yes" timestamp="20190513 11:18:53.164">&lt;a href='C:\Users\con_svijay02\KTOC-TRB-Automation\KTOC_TRB_TestAutomation\Screenshots\13May2019_11_18_50AM\SS_13May2019_11_18_50AM_DetailBreakdownTab.png' target='_blank'&gt;&lt;img src='C:\Users\con_svijay02\KTOC-TRB-Automation\KTOC_TRB_TestAutomation\Screenshots\13May2019_11_18_50AM\SS_13May2019_11_18_50AM_DetailBreakdownTab.png' style='width:80%; height: auto;'/&gt;&lt;/a&gt;</msg>
<msg level="FAIL" timestamp="20190513 11:18:53.183">IllegalStateException: failure 'Validate Detail Breakdown Tab Failed due to: java.lang.IllegalStateException: failure 'Failed due to (ITEfactor or Referencehours or Labourrate) not euqal in Detail Breakdown Tab''</msg>
<status endtime="20190513 11:18:53.185" starttime="20190513 11:18:44.256" status="FAIL"></status>
</kw>
<status endtime="20190513 11:18:53.190" starttime="20190513 11:18:44.254" status="FAIL"></status>
</kw>
<kw type="teardown" library="com.KTOC.TRB.testautomation.Keywords.Keywords" name="Close Browser">
<status endtime="20190513 11:18:55.689" starttime="20190513 11:18:53.195" status="PASS"></status>
</kw>
<status critical="yes" endtime="20190513 11:18:55.690" starttime="20190513 11:17:21.086" status="FAIL">IllegalStateException: failure 'Validate Detail Breakdown Tab Failed due to: java.lang.IllegalStateException: failure 'Failed due to (ITEfactor or Referencehours or Labourrate) not euqal in Detail Breakdown Tab''</status>
</test>
<test name="07. Check Price Calculated Correctly when the Tender Currency is different from SLCurrency for Elevator" id="s1-s1-s1-t7">
<kw type="setup" library="com.KTOC.TRB.testautomation.Keywords.Keywords" name="Launch Browser">
<arguments>
<arg>${country}</arg>
<arg>&amp;{TESTDATA_FRANCE}</arg>
</arguments>
<msg level="INFO" timestamp="20190513 11:19:03.689">1557726536757	mozrunner::runner	INFO	Running command: "C:\\Program Files\\Mozilla Firefox\\firefox.exe" "-marionette" "-foreground" "-no-remote" "-profile" "C:\\Users\\CON_SV~1\\AppData\\Local\\Temp\\rust_mozprofile.pSMIekA9icyn"
1557726537837	addons.webextension.screenshots@mozilla.org	WARN	Loading extension 'screenshots@mozilla.org': Reading manifest: Invalid host permission: resource://pdf.js/
1557726537838	addons.webextension.screenshots@mozilla.org	WARN	Loading extension 'screenshots@mozilla.org': Reading manifest: Invalid host permission: about:reader*
1557726540540	Marionette	INFO	Listening on port 61379
1557726540616	Marionette	WARN	TLS certificate errors will be ignored for this session</msg>
<status endtime="20190513 11:19:03.692" starttime="20190513 11:18:55.698" status="PASS"></status>
</kw>
<kw name="01_Logon To Salesforce">
<kw library="com.KTOC.TRB.testautomation.Keywords.Keywords" name="Loginto Salesforce">
<status endtime="20190513 11:19:08.609" starttime="20190513 11:19:03.702" status="PASS"></status>
</kw>
<status endtime="20190513 11:19:08.613" starttime="20190513 11:19:03.697" status="PASS"></status>
</kw>
<kw name="02_Verify Creating Opportunity and Mapping It With FLTender">
<kw library="com.KTOC.TRB.testautomation.Keywords.Keywords" name="Create Opportunity OR Search Opportunity">
<msg level="INFO" timestamp="20190513 11:19:29.673">Opportunity Name:AutomationKTOC SFA entered in Search box
AutomationKTOC SFA has been clicked</msg>
<status endtime="20190513 11:19:29.676" starttime="20190513 11:19:08.620" status="PASS"></status>
</kw>
<status endtime="20190513 11:19:29.678" starttime="20190513 11:19:08.616" status="PASS"></status>
</kw>
<kw name="03_Verify Tender Created Successfully for Elevator">
<kw library="com.KTOC.TRB.testautomation.Keywords.Keywords" name="Navigateto KTOCTRB">
<msg level="INFO" timestamp="20190513 11:19:39.446">Release 1723 is Selected
Clicked on OK button</msg>
<status endtime="20190513 11:19:39.448" starttime="20190513 11:19:29.684" status="PASS"></status>
</kw>
<kw library="com.KTOC.TRB.testautomation.Keywords.Keywords" name="Add Equipment ID Elevator">
<msg level="INFO" timestamp="20190513 11:19:50.186">10503512 EquipmentID entered
Equipment loader clicked
checkbox clicked
Change button clicked</msg>
<status endtime="20190513 11:19:50.188" starttime="20190513 11:19:39.451" status="PASS"></status>
</kw>
<kw library="com.KTOC.TRB.testautomation.Keywords.Keywords" name="Select Template To Be Uploaded">
<msg level="INFO" timestamp="20190513 11:19:52.892">Rightclick performed on Equipment
Open Templates clicked
AutomationSFA Entered in search
Shared templates radio button Clicked
AutomationSFA Template Clicked</msg>
<status endtime="20190513 11:19:52.894" starttime="20190513 11:19:50.190" status="PASS"></status>
</kw>
<kw library="com.KTOC.TRB.testautomation.Keywords.Keywords" name="Check Hand Over Date Is Greater Than Installation Date">
<msg level="INFO" timestamp="20190513 11:19:58.825">Project clicked</msg>
<status endtime="20190513 11:19:58.826" starttime="20190513 11:19:52.896" status="PASS"></status>
</kw>
<kw library="com.KTOC.TRB.testautomation.Keywords.Keywords" name="Check Sales Officeis Selected">
<msg level="INFO" timestamp="20190513 11:20:00.582">SalesOffice value VB FRRW Selected
*** Read LaborRate from Maintenance(AutomationTest tab): 59.0
*** Read ITEFactor from Maintenance(AutomationTest tab): 0.92
*** Read RegionalDiscount from Maintenance(AutomationTest tab): 0.0</msg>
<status endtime="20190513 11:20:00.585" starttime="20190513 11:19:58.828" status="PASS"></status>
</kw>
<kw library="com.KTOC.TRB.testautomation.Keywords.Keywords" name="Additionalfieldsin Project Overviewfor Canada">
<status endtime="20190513 11:20:00.591" starttime="20190513 11:20:00.588" status="PASS"></status>
</kw>
<kw library="com.KTOC.TRB.testautomation.Keywords.Keywords" name="Select Supervisor">
<msg level="INFO" timestamp="20190513 11:20:01.831">06114080 selected in Supervisor</msg>
<status endtime="20190513 11:20:01.836" starttime="20190513 11:20:00.594" status="PASS"></status>
</kw>
<kw library="com.KTOC.TRB.testautomation.Keywords.Keywords" name="Select Equipment In Service">
<msg level="INFO" timestamp="20190513 11:20:04.322">LIS Elevator is clicked in Equipment InService
HydraulicElevCheck clicked</msg>
<status endtime="20190513 11:20:04.327" starttime="20190513 11:20:01.840" status="PASS"></status>
</kw>
<kw library="com.KTOC.TRB.testautomation.Keywords.Keywords" name="Verify Tender Consistency">
<msg level="INFO" timestamp="20190513 11:20:05.099">FAIL: Tender is NOT Consistent, value:url("https://ktoc-ca3.kone.com/camosHTML5Client/cH5C/SMG?i=0191f5aaded042c33180d357113667fbefc81b95&amp;w=16&amp;h=16")
FAIL: Tender is NOT Consistent, value:url("https://ktoc-ca3.kone.com/camosHTML5Client/cH5C/SMG?i=0191f5aaded042c33180d357113667fbefc81b95&amp;w=16&amp;h=16")
FAIL: Tender is NOT Consistent, value:url("https://ktoc-ca3.kone.com/camosHTML5Client/cH5C/SMG?i=0191f5aaded042c33180d357113667fbefc81b95&amp;w=16&amp;h=16")
[...]
<msg level="INFO" timestamp="20190513 11:20:05.119">Tender # is :T-0002948922</msg>
<status endtime="20190513 11:20:05.120" starttime="20190513 11:20:05.103" status="PASS"></status>
</kw>
<kw library="com.KTOC.TRB.testautomation.Keywords.Keywords" name="Pricing Icon Click">
<msg level="INFO" timestamp="20190513 11:20:05.434">pricing icon Clicked</msg>
<status endtime="20190513 11:20:05.435" starttime="20190513 11:20:05.122" status="PASS"></status>
</kw>
<status endtime="20190513 11:20:05.437" starttime="20190513 11:19:29.681" status="PASS"></status>
</kw>
<kw name="04_Validate TenderPrice Without FirstMaintenance for Elevator">
<kw library="com.KTOC.TRB.testautomation.Keywords.Keywords" name="Check Tender Price After Discount Update">
<arguments>
<arg>&amp;{discount}[discount_1]</arg>
<arg>${withoutfirstmaintenance}</arg>
</arguments>
<msg level="INFO" timestamp="20190513 11:20:08.517">Discount entered as: 5
First maintenance: 0 Clicked</msg>
<status endtime="20190513 11:20:08.519" starttime="20190513 11:20:05.441" status="PASS"></status>
</kw>
<status endtime="20190513 11:20:08.522" starttime="20190513 11:20:05.439" status="PASS"></status>
</kw>
<kw name="05_Check TenderPrice Without FirstMaintenance for Elevator">
<kw library="com.KTOC.TRB.testautomation.Keywords.Keywords" name="Get Target Price">
<msg level="INFO" timestamp="20190513 11:20:09.170">TargetPrice:3098.71
Firstmaintenance:0.0
Discount:5.0
*** TenderPriceFinal:2943.77 / CurrentTenderPrice:2943.77 ***
*** null Added in TenderPrice hence TenderPriceFinal VS TenderPrice shown in Application is: true ***</msg>
<status endtime="20190513 11:20:09.174" starttime="20190513 11:20:08.528" status="PASS"></status>
</kw>
<status endtime="20190513 11:20:09.176" starttime="20190513 11:20:08.524" status="PASS"></status>
</kw>
<kw name="18_Check Cost Calculated Correctly When The Tender Currency Is Different From SLCurrency for Elevator">
<kw library="com.KTOC.TRB.testautomation.Keywords.Keywords" name="Verify Cost Calculated Successfully">
<msg level="INFO" timestamp="20190513 11:20:09.183">*** Currencies Tab is applicable for Australia alone hence skipping TC#10 ***</msg>
<status endtime="20190513 11:20:09.185" starttime="20190513 11:20:09.181" status="PASS"></status>
</kw>
<status endtime="20190513 11:20:09.188" starttime="20190513 11:20:09.178" status="PASS"></status>
</kw>
<kw name="19_Check Price Calculated Correctly When The Tender Currency Is Different From SLCurrency for Elevator">
<kw library="com.KTOC.TRB.testautomation.Keywords.Keywords" name="VerifyPriceCalculatedSuccessfully TobecheckedinFrance">
<msg level="INFO" timestamp="20190513 11:22:04.977">Detailed breakdown Clicked
ROPES CLICKED
Show TotalCost Calculation Details CLICKED
check_showtotal_ITEfactor:.92 / showtotal_ITEfactor:.92
check_showtotal_Referencehours:13.76 / showtotal_Referencehours:13.76
check_showtotal_Labourrate:59.10 / showtotal_Labourrate:59.10
LabourRate:59.00 / showtotal_Labourrate:59.10
*** is_showtotal_ITEfactor: true *** / is_Testdata_Labourrate: false *** / is_showtotal_Labourrate: true *** / is_showtotal_Referencehours: true ***
-0.02 Added in ITEfactor hence CalculatedLabourrate VS ActualLabourRate in Application is: false ***</msg>
<msg level="INFO" html="yes" timestamp="20190513 11:22:04.977">&lt;a href='C:\Users\con_svijay02\KTOC-TRB-Automation\KTOC_TRB_TestAutomation\Screenshots\13May2019_11_22_02AM\SS_13May2019_11_22_02AM_DetailBreakdownTab.png' target='_blank'&gt;&lt;img src='C:\Users\con_svijay02\KTOC-TRB-Automation\KTOC_TRB_TestAutomation\Screenshots\13May2019_11_22_02AM\SS_13May2019_11_22_02AM_DetailBreakdownTab.png' style='width:80%; height: auto;'/&gt;&lt;/a&gt;
totalTargetPrice:3098.71 / subtotal_TargetPrice:3098.71
*** is totalTargetPrice vs subtotal_TargetPrice equal: true
totalMaterialcosts=987.12 / subtotal_Materialcosts:987.12
*** null Added in totalMaterialcosts hence totalMaterialcosts vs subtotal_Materialcosts equal: true
totalMaterialcostSLCurrency=987.12 / subtotal_MaterialcostSLCurrency:987.12
*** null Added in totalMaterialcostSLCurrency hence totalMaterialcostSLCurrency vs subtotal_MaterialcostSLCurrency equal: true
totalReferencehours=13.76 / subtotal_Referencehours:13.76
*** is totalReferencehours vs subtotal_Referencehours equal: true
totalInstallationHours=12.66 / subtotal_InstallationHours:12.66
*** is totalInstallationHours vs subtotal_Materialcosts equal: true
totalLaborCosts=748.15 / subtotal_LaborCosts:748.15
*** is totalLaborCosts vs subtotal_LaborCosts equal: true
totalFullCosts=1735.27 / subtotal_FullCosts:1735.27
*** is totalFullCosts vs subtotal_FullCosts equal: true
totalTotalCost=1735.27 / subtotal_TotalCost:1735.27
*** is totalTotalCost vs subtotal_TotalCost equal: true
totalTenderPrice=2943.77 / subtotal_TenderPrice:2943.77
*** is totalTenderPrice vs subtotal_TenderPrice equal: true</msg>
<status endtime="20190513 11:22:04.982" starttime="20190513 11:20:09.193" status="PASS"></status>
</kw>
<status endtime="20190513 11:22:04.984" starttime="20190513 11:20:09.190" status="PASS"></status>
</kw>
<kw name="21_Check TenderLetter Is generated Correctly With All The components">
<kw library="com.KTOC.TRB.testautomation.Keywords.Keywords" name="Go To Documents Taband Click The Tender">
<msg level="INFO" timestamp="20190513 11:22:07.628">ToWord icon clicked</msg>
<status endtime="20190513 11:22:07.632" starttime="20190513 11:22:04.991" status="PASS"></status>
</kw>
<kw library="com.KTOC.TRB.testautomation.Keywords.Keywords" name="Verify Successful Message Displayed">
<msg level="INFO" timestamp="20190513 11:22:10.872">Create PrintOut icon clicked
No clicked in Do you want to freeze printed version?</msg>
<status endtime="20190513 11:22:10.875" starttime="20190513 11:22:07.633" status="PASS"></status>
</kw>
<status endtime="20190513 11:22:10.878" starttime="20190513 11:22:04.987" status="PASS"></status>
</kw>
<kw name="22_Close KTOC">
<kw library="com.KTOC.TRB.testautomation.Keywords.Keywords" name="Click Saveand Close Button">
<msg level="INFO" timestamp="20190513 11:22:14.218">SaveandClose icon CLICKED
Yes CLICKED in SaveandClose
Automation Test Description entered in Description field in stage / Probability window</msg>
<status endtime="20190513 11:22:14.221" starttime="20190513 11:22:10.885" status="PASS"></status>
</kw>
<status endtime="20190513 11:22:14.225" starttime="20190513 11:22:10.880" status="PASS"></status>
</kw>
<kw name="23_Verify Total SalesPrice With SF Product Information">
<kw library="com.KTOC.TRB.testautomation.Keywords.Keywords" name="Compare Sales Pricebetween Tender Pageand Salesforce">
<msg level="INFO" timestamp="20190513 11:22:41.317">Calculated SalesPrice:2943.77 / Final_SalesPrice:2943.77
is TRB TenderPrice VS Salesforce TenderPrice equal:true ***
Configurator Clicked
Yes clicked in New Version is available for this product</msg>
<status endtime="20190513 11:22:41.320" starttime="20190513 11:22:14.235" status="PASS"></status>
</kw>
<kw library="com.KTOC.TRB.testautomation.Keywords.Keywords" name="Hand Shake">
<msg level="INFO" timestamp="20190513 11:22:47.786">PASS: Tender is Consistent, value:url("https://ktoc-ca3.kone.com/camosHTML5Client/cH5C/SMG?i=cad9a93f6c879df1ed1373d2853634026ff3224f&amp;w=16&amp;h=16")
PASS: Tender is Consistent, value:url("https://ktoc-ca3.kone.com/camosHTML5Client/cH5C/SMG?i=cad9a93f6c879df1ed1373d2853634026ff3224f&amp;w=16&amp;h=16")
PASS: Tender is Consistent, value:url("https://ktoc-ca3.kone.com/camosHTML5Client/cH5C/SMG?i=cad9a93f6c879df1ed1373d2853634026ff3224f&amp;w=16&amp;h=16")
PASS: Tender is Consistent, value:url("https://ktoc-ca3.kone.com/camosHTML5Client/cH5C/SMG?i=cad9a93f6c879df1ed1373d2853634026ff3224f&amp;w=16&amp;h=16")
PASS: Tender is Consistent, value:url("https://ktoc-ca3.kone.com/camosHTML5Client/cH5C/SMG?i=cad9a93f6c879df1ed1373d2853634026ff3224f&amp;w=16&amp;h=16")
PASS: Tender is Consistent, value:url("https://ktoc-ca3.kone.com/camosHTML5Client/cH5C/SMG?i=cad9a93f6c879df1ed1373d2853634026ff3224f&amp;w=16&amp;h=16")
PASS: Tender is Consistent, value:url("https://ktoc-ca3.kone.com/camosHTML5Client/cH5C/SMG?i=cad9a93f6c879df1ed1373d2853634026ff3224f&amp;w=16&amp;h=16")
isHandShakeiconisEnabled:true HandShakeicon CLICKED</msg>
<status endtime="20190513 11:22:47.788" starttime="20190513 11:22:41.323" status="PASS"></status>
</kw>
<status endtime="20190513 11:22:47.790" starttime="20190513 11:22:14.229" status="PASS"></status>
</kw>
<kw type="teardown" library="com.KTOC.TRB.testautomation.Keywords.Keywords" name="Close Browser">
<status endtime="20190513 11:22:49.474" starttime="20190513 11:22:47.793" status="PASS"></status>
</kw>
<status critical="yes" endtime="20190513 11:22:49.476" starttime="20190513 11:18:55.694" status="PASS"></status>
</test>
<test name="08. Checking Maximum Discount Limit Exceeded" id="s1-s1-s1-t8">
<kw type="setup" library="com.KTOC.TRB.testautomation.Keywords.Keywords" name="Launch Browser">
<arguments>
<arg>${country}</arg>
<arg>&amp;{TESTDATA_FRANCE}</arg>
</arguments>
<msg level="INFO" timestamp="20190513 11:22:56.234">1557726770553	mozrunner::runner	INFO	Running command: "C:\\Program Files\\Mozilla Firefox\\firefox.exe" "-marionette" "-foreground" "-no-remote" "-profile" "C:\\Users\\CON_SV~1\\AppData\\Local\\Temp\\rust_mozprofile.0FT2WCxZzjGU"
1557726771229	addons.webextension.screenshots@mozilla.org	WARN	Loading extension 'screenshots@mozilla.org': Reading manifest: Invalid host permission: resource://pdf.js/
1557726771229	addons.webextension.screenshots@mozilla.org	WARN	Loading extension 'screenshots@mozilla.org': Reading manifest: Invalid host permission: about:reader*
1557726773434	Marionette	INFO	Listening on port 61553
1557726773777	Marionette	WARN	TLS certificate errors will be ignored for this session</msg>
<status endtime="20190513 11:22:56.238" starttime="20190513 11:22:49.482" status="PASS"></status>
</kw>
<kw name="01_Logon To Salesforce">
<kw library="com.KTOC.TRB.testautomation.Keywords.Keywords" name="Loginto Salesforce">
<status endtime="20190513 11:23:01.503" starttime="20190513 11:22:56.249" status="PASS"></status>
</kw>
<status endtime="20190513 11:23:01.506" starttime="20190513 11:22:56.241" status="PASS"></status>
</kw>
<kw name="02_Verify Creating Opportunity and Mapping It With FLTender">
<kw library="com.KTOC.TRB.testautomation.Keywords.Keywords" name="Create Opportunity OR Search Opportunity">
<msg level="INFO" timestamp="20190513 11:23:20.626">Opportunity Name:AutomationKTOC SFA entered in Search box
AutomationKTOC SFA has been clicked</msg>
<status endtime="20190513 11:23:20.628" starttime="20190513 11:23:01.514" status="PASS"></status>
</kw>
<status endtime="20190513 11:23:20.631" starttime="20190513 11:23:01.510" status="PASS"></status>
</kw>
<kw name="03_Verify Tender Created Successfully for Elevator">
<kw library="com.KTOC.TRB.testautomation.Keywords.Keywords" name="Navigateto KTOCTRB">
<msg level="INFO" timestamp="20190513 11:23:31.209">Release 1723 is Selected
Clicked on OK button</msg>
<status endtime="20190513 11:23:31.211" starttime="20190513 11:23:20.639" status="PASS"></status>
</kw>
<kw library="com.KTOC.TRB.testautomation.Keywords.Keywords" name="Add Equipment ID Elevator">
<msg level="INFO" timestamp="20190513 11:23:41.955">10503512 EquipmentID entered
Equipment loader clicked
checkbox clicked
Change button clicked</msg>
<status endtime="20190513 11:23:41.958" starttime="20190513 11:23:31.214" status="PASS"></status>
</kw>
<kw library="com.KTOC.TRB.testautomation.Keywords.Keywords" name="Select Template To Be Uploaded">
<msg level="INFO" timestamp="20190513 11:23:44.618">Rightclick performed on Equipment
Open Templates clicked
AutomationSFA Entered in search
Shared templates radio button Clicked
AutomationSFA Template Clicked</msg>
<status endtime="20190513 11:23:44.620" starttime="20190513 11:23:41.960" status="PASS"></status>
</kw>
<kw library="com.KTOC.TRB.testautomation.Keywords.Keywords" name="Check Hand Over Date Is Greater Than Installation Date">
<msg level="INFO" timestamp="20190513 11:23:50.456">Project clicked</msg>
<status endtime="20190513 11:23:50.458" starttime="20190513 11:23:44.623" status="PASS"></status>
</kw>
<kw library="com.KTOC.TRB.testautomation.Keywords.Keywords" name="Check Sales Officeis Selected">
<msg level="INFO" timestamp="20190513 11:23:52.192">SalesOffice value VB FRRW Selected
*** Read LaborRate from Maintenance(AutomationTest tab): 59.0
*** Read ITEFactor from Maintenance(AutomationTest tab): 0.92
*** Read RegionalDiscount from Maintenance(AutomationTest tab): 0.0</msg>
<status endtime="20190513 11:23:52.193" starttime="20190513 11:23:50.459" status="PASS"></status>
</kw>
<kw library="com.KTOC.TRB.testautomation.Keywords.Keywords" name="Additionalfieldsin Project Overviewfor Canada">
<status endtime="20190513 11:23:52.201" starttime="20190513 11:23:52.195" status="PASS"></status>
</kw>
<kw library="com.KTOC.TRB.testautomation.Keywords.Keywords" name="Select Supervisor">
<msg level="INFO" timestamp="20190513 11:23:53.226">06114080 selected in Supervisor</msg>
<status endtime="20190513 11:23:53.229" starttime="20190513 11:23:52.206" status="PASS"></status>
</kw>
<kw library="com.KTOC.TRB.testautomation.Keywords.Keywords" name="Select Equipment In Service">
<msg level="INFO" timestamp="20190513 11:23:55.736">LIS Elevator is clicked in Equipment InService
HydraulicElevCheck clicked</msg>
<status endtime="20190513 11:23:55.739" starttime="20190513 11:23:53.233" status="PASS"></status>
</kw>
<kw library="com.KTOC.TRB.testautomation.Keywords.Keywords" name="Verify Tender Consistency">
<msg level="INFO" timestamp="20190513 11:23:56.497">FAIL: Tender is NOT Consistent, value:url("https://ktoc-ca3.kone.com/camosHTML5Client/cH5C/SMG?i=0191f5aaded042c33180d357113667fbefc81b95&amp;w=16&amp;h=16")
FAIL: Tender is NOT Consistent, value:url("https://ktoc-ca3.kone.com/camosHTML5Client/cH5C/SMG?i=0191f5aaded042c33180d357113667fbefc81b95&amp;w=16&amp;h=16")
FAIL: Tender is NOT Consistent, value:url("https://ktoc-ca3.kone.com/camosHTML5Client/cH5C/SMG?i=0191f5aaded042c33180d357113667fbefc81b95&amp;w=16&amp;h=16")
FAIL: Tender is NOT Consistent, value:url("https://ktoc-ca3.kone.com/camosHTML5Client/cH5C/SMG?i=0191f5aaded042c33180d357113667fbefc81b95&amp;w=16&amp;h=16")
PASS: Tender is Consistent, value:url("https://ktoc-ca3.kone.com/camosHTML5Client/cH5C/SMG?i=cad9a93f6c879df1ed1373d2853634026ff3224f&amp;w=16&amp;h=16")
FAIL: Tender is NOT Consistent, value:url("https://ktoc-ca3.kone.com/camosHTML5Client/cH5C/SMG?i=0191f5aaded042c33180d357113667fbefc81b95&amp;w=16&amp;h=16")
FAIL: Tender is NOT Consistent, value:url("https://ktoc-ca3.kone.com/camosHTML5Client/cH5C/SMG?i=0191f5aaded042c33180d357113667fbefc81b95&amp;w=16&amp;h=16")</msg>
<status endtime="20190513 11:23:56.499" starttime="20190513 11:23:55.743" status="PASS"></status>
</kw>
<kw library="com.KTOC.TRB.testautomation.Keywords.Keywords" name="Get Tender Number">
<msg level="INFO" timestamp="20190513 11:23:56.517">Tender # is :T-0002948923</msg>
<status endtime="20190513 11:23:56.520" starttime="20190513 11:23:56.501" status="PASS"></status>
</kw>
<kw library="com.KTOC.TRB.testautomation.Keywords.Keywords" name="Pricing Icon Click">
<msg level="INFO" timestamp="20190513 11:23:56.823">pricing icon Clicked</msg>
<status endtime="20190513 11:23:56.825" starttime="20190513 11:23:56.520" status="PASS"></status>
</kw>
<status endtime="20190513 11:23:56.828" starttime="20190513 11:23:20.633" status="PASS"></status>
</kw>
<kw name="20_Checking Maximum DiscountLimit Exceeded">
<kw library="com.KTOC.TRB.testautomation.Keywords.Keywords" name="Checking Maximum Discount Limit Exceeded">
<arguments>
<arg>&amp;{discount}[discount_3]</arg>
<arg>${withoutfirstmaintenance}</arg>
</arguments>
<msg level="INFO" timestamp="20190513 11:24:05.596">First maintenance: 0 Clicked
TargetPrice:3098.71
Firstmaintenance:0.0
Discount:0.0
*** TenderPriceFinal:3098.71 / CurrentTenderPrice:3098.71 ***
*** null Added in TenderPrice hence TenderPriceFinal VS TenderPrice shown in Application is: true ***
Discount entered as: 25
Calculated Projectprice: 2324.03 / read_projectPricing:2324.03
*** null Added in calculated_projectprice, now calculated_projectprice vs read_projectPricing is equal: true
TargetPrice in table: 3098.71 / read_targetPrice: 3098.71
*** null Added in targetPrice, now targetPrice in table vs read_targetPrice is equal: true
Discount entered: 25.0 / read_discount: 25.0
*** is Discount entered vs read_discount equal: true
************ Checking MaximumDiscount Limit Exceeded (Yes) Completed ****************

Discount entered as: 25
TargetPrice:3098.71
Firstmaintenance:0.0
Discount:0.0
*** TenderPriceFinal:3098.71 / CurrentTenderPrice:3098.71 ***
*** null Added in TenderPrice hence TenderPriceFinal VS TenderPrice shown in Application is: true ***
Previous_targetPrice:3098.71 / Current_targetPrice:3098.71
*** is Target Price equal: true
previous_discount:0.0 / Current_discount:0.0
*** is Discount equal: true
previous_firstmaintenance:0.0 / Current_firstmaintenance:0.0
*** is Firstmaintenance equal: true
Previous_TenderPrice:3098.71 / Current_TenderPrice:3098.71
*** is TenderPrice Price equal: true</msg>
<status endtime="20190513 11:24:05.599" starttime="20190513 11:23:56.835" status="PASS"></status>
</kw>
<status endtime="20190513 11:24:05.601" starttime="20190513 11:23:56.831" status="PASS"></status>
</kw>
<kw name="21_Check TenderLetter Is generated Correctly With All The components">
<kw library="com.KTOC.TRB.testautomation.Keywords.Keywords" name="Go To Documents Taband Click The Tender">
<msg level="INFO" timestamp="20190513 11:24:07.531">ToWord icon clicked</msg>
<status endtime="20190513 11:24:07.534" starttime="20190513 11:24:05.606" status="PASS"></status>
</kw>
<kw library="com.KTOC.TRB.testautomation.Keywords.Keywords" name="Verify Successful Message Displayed">
<msg level="INFO" timestamp="20190513 11:24:10.629">Create PrintOut icon clicked
No clicked in Do you want to freeze printed version?</msg>
<status endtime="20190513 11:24:10.632" starttime="20190513 11:24:07.539" status="PASS"></status>
</kw>
<status endtime="20190513 11:24:10.636" starttime="20190513 11:24:05.602" status="PASS"></status>
</kw>
<kw name="22_Close KTOC">
<kw library="com.KTOC.TRB.testautomation.Keywords.Keywords" name="Click Saveand Close Button">
<msg level="INFO" timestamp="20190513 11:24:14.186">SaveandClose icon CLICKED
Yes CLICKED in SaveandClose
Automation Test Description entered in Description field in stage / Probability window</msg>
<status endtime="20190513 11:24:14.188" starttime="20190513 11:24:10.643" status="PASS"></status>
</kw>
<status endtime="20190513 11:24:14.191" starttime="20190513 11:24:10.640" status="PASS"></status>
</kw>
<kw type="teardown" library="com.KTOC.TRB.testautomation.Keywords.Keywords" name="Close Browser">
<status endtime="20190513 11:24:16.697" starttime="20190513 11:24:14.194" status="PASS"></status>
</kw>
<status critical="yes" endtime="20190513 11:24:16.699" starttime="20190513 11:22:49.479" status="PASS"></status>
</test>
<status endtime="20190513 11:24:16.709" starttime="20190513 10:42:39.804" status="FAIL"></status>
</suite>
<status endtime="20190513 11:24:16.752" starttime="20190513 10:42:39.776" status="FAIL"></status>
</suite>
<status endtime="20190513 11:24:16.792" starttime="20190513 10:42:39.417" status="FAIL"></status>
</suite>
<statistics>
<total>
<stat pass="7" fail="1">Critical Tests</stat>
<stat pass="7" fail="1">All Tests</stat>
</total>
<tag>
</tag>
<suite>
<stat pass="7" fail="1" name="KTOC TRB TestAutomation" id="s1">KTOC TRB TestAutomation</stat>
<stat pass="7" fail="1" name="TestSuites" id="s1-s1">KTOC TRB TestAutomation.TestSuites</stat>
<stat pass="7" fail="1" name="RegressionTestSuite KTOC TRB France SingleEquipment" id="s1-s1-s1">KTOC TRB TestAutomation.TestSuites.RegressionTestSuite KTOC TRB France SingleEquipment</stat>
</suite>
</statistics>
<errors>
</errors>
</robot>
