<?xml version="1.0" encoding="UTF-8"?>
<robot generator="Robot 3.0.4 (Jython 2.7.0 on java1.8.0_181)" generated="20190119 14:33:19.476">
<suite source="C:\Users\con_svijay02\KTOC-TRB-Automation\KTOC_TRB_TestAutomation" name="KTOC TRB TestAutomation" id="s1">
<suite source="C:\Users\con_svijay02\KTOC-TRB-Automation\KTOC_TRB_TestAutomation\TestSuites" name="TestSuites" id="s1-s1">
<suite source="C:\Users\con_svijay02\KTOC-TRB-Automation\KTOC_TRB_TestAutomation\TestSuites\RegressionKTOC_TRB_France_MultipleEquipment.robot" name="RegressionKTOC TRB France MultipleEquipment" id="s1-s1-s1">
<kw type="setup" library="com.KTOC.TRB.testautomation.Keywords.Keywords" name="Launch Browser">
<arguments>
<arg>france</arg>
<arg>\\TestData\\KTOCTRB_AutomationTestData.xlsx</arg>
</arguments>
<msg level="INFO" timestamp="20190119 14:33:34.431">1547888604004	mozrunner::runner	INFO	Running command: "C:\\Program Files\\Mozilla Firefox\\firefox.exe" "-marionette" "-foreground" "-no-remote" "-profile" "C:\\Users\\CON_SV~1\\AppData\\Local\\Temp\\rust_mozprofile.gyIRg4vGFgWI"
1547888606236	Marionette	INFO	Listening on port 50628
1547888606736	Marionette	WARN	TLS certificate errors will be ignored for this session
Jan 19, 2019 2:33:26 PM org.openqa.selenium.remote.ProtocolHandshake createSession
INFO: Detected dialect: W3C</msg>
<status endtime="20190119 14:33:34.482" starttime="20190119 14:33:20.905" status="PASS"></status>
</kw>
<test name="1.Logon To Salesforce" id="s1-s1-s1-t1">
<kw library="com.KTOC.TRB.testautomation.Keywords.Keywords" name="Loginto Salesforce">
<status endtime="20190119 14:33:38.291" starttime="20190119 14:33:34.525" status="PASS"></status>
</kw>
<status critical="yes" endtime="20190119 14:33:38.310" starttime="20190119 14:33:34.497" status="PASS"></status>
</test>
<test name="2.Verify Creating Opportunity and Mapping It With FLTender" id="s1-s1-s1-t2">
<kw library="com.KTOC.TRB.testautomation.Keywords.Keywords" name="Create Opportunity OR Search Opportunity">
<msg level="INFO" timestamp="20190119 14:34:01.977">Opportunity Name:KOFCOL TRB SFA entered in Search box
KOFCOL TRB SFA has been clicked</msg>
<status endtime="20190119 14:34:01.988" starttime="20190119 14:33:38.335" status="PASS"></status>
</kw>
<status critical="yes" endtime="20190119 14:34:02.005" starttime="20190119 14:33:38.324" status="PASS"></status>
</test>
<test name="3.Verify Tender Created Successfully for Elevator" id="s1-s1-s1-t3">
<kw library="com.KTOC.TRB.testautomation.Keywords.Keywords" name="Navigateto KTOCTRB">
<msg level="INFO" timestamp="20190119 14:34:26.468">Release 1723 is Selected
Clicked on OK button</msg>
<status endtime="20190119 14:34:26.472" starttime="20190119 14:34:02.048" status="PASS"></status>
</kw>
<kw library="com.KTOC.TRB.testautomation.Keywords.Keywords" name="Add Equipment ID Elevator">
<msg level="INFO" timestamp="20190119 14:34:45.532">10503512 EquipmentID entered
Equipment loader clicked
checkbox clicked
Change button clicked</msg>
<status endtime="20190119 14:34:45.551" starttime="20190119 14:34:26.482" status="PASS"></status>
</kw>
<kw library="com.KTOC.TRB.testautomation.Keywords.Keywords" name="Check Hand Over Date Is Greater Than Installation Date">
<msg level="INFO" timestamp="20190119 14:34:46.878">Project clicked
Current MS5HO Date: 25/07/2020
MS5HODate Changed to: 27/07/2020</msg>
<status endtime="20190119 14:34:46.881" starttime="20190119 14:34:45.559" status="PASS"></status>
</kw>
<kw library="com.KTOC.TRB.testautomation.Keywords.Keywords" name="Check Sales Officeis Selected">
<msg level="INFO" timestamp="20190119 14:34:48.003">SalesOffice value VB FRRW Selected</msg>
<status endtime="20190119 14:34:48.016" starttime="20190119 14:34:46.887" status="PASS"></status>
</kw>
<kw library="com.KTOC.TRB.testautomation.Keywords.Keywords" name="Additionalfieldsin Project Overviewfor Canada">
<status endtime="20190119 14:34:48.052" starttime="20190119 14:34:48.033" status="PASS"></status>
</kw>
<kw library="com.KTOC.TRB.testautomation.Keywords.Keywords" name="Select Supervisor">
<msg level="INFO" timestamp="20190119 14:34:50.702">06114080 selected in Supervisor</msg>
<status endtime="20190119 14:34:50.712" starttime="20190119 14:34:48.058" status="PASS"></status>
</kw>
<kw library="com.KTOC.TRB.testautomation.Keywords.Keywords" name="Select Equipment In Service">
<msg level="INFO" timestamp="20190119 14:34:53.458">LIS Elevator is clicked in Equipment InService
HydraulicElevCheck clicked</msg>
<status endtime="20190119 14:34:53.469" starttime="20190119 14:34:50.721" status="PASS"></status>
</kw>
<kw library="com.KTOC.TRB.testautomation.Keywords.Keywords" name="Select Template To Be Uploaded">
<msg level="INFO" timestamp="20190119 14:34:57.595">Rightclick performed on Equipment
Open Templates clicked
Automation_Template_002 Entered in search
Shared templates radio button Clicked
Automation_Template_002 Template Clicked</msg>
<status endtime="20190119 14:34:57.604" starttime="20190119 14:34:53.481" status="PASS"></status>
</kw>
<kw library="com.KTOC.TRB.testautomation.Keywords.Keywords" name="Verify Tender Consistency">
<msg level="INFO" timestamp="20190119 14:35:02.669">PASS: Tender is Consistent, value:url("https://ktoc-ca3.kone.com/camosHTML5Client/cH5C/SMG?i=cad9a93f6c879df1ed1373d2853634026ff3224f&amp;w=16&amp;h=16")
PASS: Tender is Consistent, value:url("https://ktoc-ca3.kone.com/camosHTML5Client/cH5C/SMG?i=cad9a93f6c879df1ed1373d2853634026ff3224f&amp;w=16&amp;h=16")
PASS: Tender is Consistent, value:url("https://ktoc-ca3.kone.com/camosHTML5Client/cH5C/SMG?i=cad9a93f6c879df1ed1373d2853634026ff3224f&amp;w=16&amp;h=16")
PASS: Tender is Consistent, value:url("https://ktoc-ca3.kone.com/camosHTML5Client/cH5C/SMG?i=cad9a93f6c879df1ed1373d2853634026ff3224f&amp;w=16&amp;h=16")
PASS: Tender is Consistent, value:url("https://ktoc-ca3.kone.com/camosHTML5Client/cH5C/SMG?i=cad9a93f6c879df1ed1373d2853634026ff3224f&amp;w=16&amp;h=16")
PASS: Tender is Consistent, value:url("https://ktoc-ca3.kone.com/camosHTML5Client/cH5C/SMG?i=cad9a93f6c879df1ed1373d2853634026ff3224f&amp;w=16&amp;h=16")
PASS: Tender is Consistent, value:url("https://ktoc-ca3.kone.com/camosHTML5Client/cH5C/SMG?i=cad9a93f6c879df1ed1373d2853634026ff3224f&amp;w=16&amp;h=16")</msg>
<status endtime="20190119 14:35:02.672" starttime="20190119 14:34:57.617" status="PASS"></status>
</kw>
<kw library="com.KTOC.TRB.testautomation.Keywords.Keywords" name="Get Tender Number">
<msg level="INFO" timestamp="20190119 14:35:02.696">Tender # is :T-0002466406</msg>
<status endtime="20190119 14:35:02.698" starttime="20190119 14:35:02.675" status="PASS"></status>
</kw>
<status critical="yes" endtime="20190119 14:35:02.702" starttime="20190119 14:34:02.024" status="PASS"></status>
</test>
<test name="4.Validate TenderPrice and Discount Without FirstMaintenance for Elevator" id="s1-s1-s1-t4">
<kw library="com.KTOC.TRB.testautomation.Keywords.Keywords" name="Pricing Icon Click">
<msg level="INFO" timestamp="20190119 14:35:03.035">pricing icon Clicked</msg>
<status endtime="20190119 14:35:03.055" starttime="20190119 14:35:02.711" status="PASS"></status>
</kw>
<kw library="com.KTOC.TRB.testautomation.Keywords.Keywords" name="Check Tender Price After Discount Update">
<arguments>
<arg>10</arg>
<arg>0</arg>
</arguments>
<msg level="INFO" timestamp="20190119 14:35:07.956">Discount entered as: 10
First maintenance: 0 Clicked</msg>
<status endtime="20190119 14:35:07.958" starttime="20190119 14:35:03.065" status="PASS"></status>
</kw>
<status critical="yes" endtime="20190119 14:35:07.963" starttime="20190119 14:35:02.707" status="PASS"></status>
</test>
<test name="5.Check TenderPrice Without FirstMaintenance for Elevator" id="s1-s1-s1-t5">
<kw library="com.KTOC.TRB.testautomation.Keywords.Keywords" name="Get Target Price">
<msg level="INFO" timestamp="20190119 14:35:08.592">TargetPrice:3779.41
Firstmaintenance:0.0
Discount:10.0
*** TenderPriceFinal:3401.47 / CurrentTenderPrice:3401.47 ***
null Added in TenderPrice hence TenderPriceFinal VS TenderPrice shown in Application is: true ***</msg>
<status endtime="20190119 14:35:08.594" starttime="20190119 14:35:07.972" status="PASS"></status>
</kw>
<status critical="yes" endtime="20190119 14:35:08.598" starttime="20190119 14:35:07.968" status="PASS"></status>
</test>
<test name="6.Validate Discount Without FirstMaintenance for Elevator" id="s1-s1-s1-t6">
<kw library="com.KTOC.TRB.testautomation.Keywords.Keywords" name="Verify Discount By Changing The Tender Price">
<arguments>
<arg>1001</arg>
<arg>0</arg>
</arguments>
<msg level="INFO" timestamp="20190119 14:35:11.621">TenderPrice entered as: 1001
First maintenance: 0 Clicked</msg>
<status endtime="20190119 14:35:11.625" starttime="20190119 14:35:08.606" status="PASS"></status>
</kw>
<status critical="yes" endtime="20190119 14:35:11.629" starttime="20190119 14:35:08.602" status="PASS"></status>
</test>
<test name="7.Check Discount Without FirstMaintenance for Elevator" id="s1-s1-s1-t7">
<kw library="com.KTOC.TRB.testautomation.Keywords.Keywords" name="Get Target Price">
<msg level="INFO" timestamp="20190119 14:35:12.253">TargetPrice:3779.41
Firstmaintenance:0.0
TenderPrice:1001.0
DiscountFinal:73.51 / Discount shown in Application:73.51
*** is FinalDiscount VS ApplicationDiscount Equal:true ***
null Added in CalculatedDiscountFinal hence DiscountFinal VS Discount shown in Application is: true ***</msg>
<status endtime="20190119 14:35:12.255" starttime="20190119 14:35:11.639" status="PASS"></status>
</kw>
<status critical="yes" endtime="20190119 14:35:12.266" starttime="20190119 14:35:11.635" status="PASS"></status>
</test>
<test name="8.Validate TenderPrice and Discount With FirstMaintenance for Elevator" id="s1-s1-s1-t8">
<kw library="com.KTOC.TRB.testautomation.Keywords.Keywords" name="Check Tender Price After Discount Update">
<arguments>
<arg>11</arg>
<arg>3</arg>
</arguments>
<msg level="INFO" timestamp="20190119 14:35:15.762">Discount entered as: 11
First maintenance: 3 Clicked</msg>
<status endtime="20190119 14:35:15.765" starttime="20190119 14:35:12.278" status="PASS"></status>
</kw>
<status critical="yes" endtime="20190119 14:35:15.769" starttime="20190119 14:35:12.272" status="PASS"></status>
</test>
<test name="9.Check TenderPrice With FirstMaintenance for Elevator" id="s1-s1-s1-t9">
<kw library="com.KTOC.TRB.testautomation.Keywords.Keywords" name="Get Target Price">
<msg level="INFO" timestamp="20190119 14:35:16.777">TargetPrice:4179.41
Firstmaintenance:400.0
Discount:11.0
*** TenderPriceFinal:3763.68 / CurrentTenderPrice:3763.67 ***
-0.01 Added in TenderPrice hence TenderPriceFinal VS TenderPrice shown in Application is: true ***</msg>
<status endtime="20190119 14:35:16.779" starttime="20190119 14:35:15.783" status="PASS"></status>
</kw>
<status critical="yes" endtime="20190119 14:35:16.782" starttime="20190119 14:35:15.774" status="PASS"></status>
</test>
<test name="10.Validate Discount With FirstMaintenance for Elevator" id="s1-s1-s1-t10">
<kw library="com.KTOC.TRB.testautomation.Keywords.Keywords" name="Verify Discount By Changing The Tender Price">
<arguments>
<arg>1004</arg>
<arg>0</arg>
</arguments>
<msg level="INFO" timestamp="20190119 14:35:20.901">TenderPrice entered as: 1004
First maintenance: 0 Clicked</msg>
<status endtime="20190119 14:35:20.908" starttime="20190119 14:35:16.789" status="PASS"></status>
</kw>
<status critical="yes" endtime="20190119 14:35:20.912" starttime="20190119 14:35:16.785" status="PASS"></status>
</test>
<test name="11.Check Discount With FirstMaintenance for Elevator" id="s1-s1-s1-t11">
<kw library="com.KTOC.TRB.testautomation.Keywords.Keywords" name="Get Target Price">
<msg level="INFO" timestamp="20190119 14:35:21.614">TargetPrice:3779.41
Firstmaintenance:0.0
TenderPrice:604.0
DiscountFinal:84.02 / Discount shown in Application:84.02
*** is FinalDiscount VS ApplicationDiscount Equal:true ***
null Added in CalculatedDiscountFinal hence DiscountFinal VS Discount shown in Application is: true ***</msg>
<status endtime="20190119 14:35:21.618" starttime="20190119 14:35:20.922" status="PASS"></status>
</kw>
<status critical="yes" endtime="20190119 14:35:21.622" starttime="20190119 14:35:20.918" status="PASS"></status>
</test>
<test name="12.Change and Validate Discount With FirstMaintenance for Elevator" id="s1-s1-s1-t12">
<kw library="com.KTOC.TRB.testautomation.Keywords.Keywords" name="Verify Discount By Changing The Tender Price">
<arguments>
<arg>1005</arg>
<arg>6</arg>
</arguments>
<msg level="INFO" timestamp="20190119 14:35:26.473">TenderPrice entered as: 1005
First maintenance: 6 Clicked</msg>
<status endtime="20190119 14:35:26.477" starttime="20190119 14:35:21.632" status="PASS"></status>
</kw>
<status critical="yes" endtime="20190119 14:35:26.481" starttime="20190119 14:35:21.627" status="PASS"></status>
</test>
<test name="13.Check Changed Discount With FirstMaintenance for Elevator" id="s1-s1-s1-t13">
<kw library="com.KTOC.TRB.testautomation.Keywords.Keywords" name="Get Target Price">
<msg level="INFO" timestamp="20190119 14:35:27.266">TargetPrice:4579.41
Firstmaintenance:800.0
TenderPrice:1805.0
DiscountFinal:73.41 / Discount shown in Application:73.41
*** is FinalDiscount VS ApplicationDiscount Equal:true ***
null Added in CalculatedDiscountFinal hence DiscountFinal VS Discount shown in Application is: true ***</msg>
<status endtime="20190119 14:35:27.270" starttime="20190119 14:35:26.488" status="PASS"></status>
</kw>
<status critical="yes" endtime="20190119 14:35:27.273" starttime="20190119 14:35:26.484" status="PASS"></status>
</test>
<test name="14.Check Regional Factor At SalesOffice Level for Elevator" id="s1-s1-s1-t14">
<kw library="com.KTOC.TRB.testautomation.Keywords.Keywords" name="Verify Regional Discount Displayed Correctly">
<msg level="INFO" timestamp="20190119 14:35:28.213">Additional Discount Icon CLICKED</msg>
<status endtime="20190119 14:35:28.215" starttime="20190119 14:35:27.281" status="PASS"></status>
</kw>
<kw library="com.KTOC.TRB.testautomation.Keywords.Keywords" name="Verify Target Price Displayed Correctly">
<arguments>
<arg>0</arg>
</arguments>
<msg level="INFO" timestamp="20190119 14:35:30.131">read_Regionaldiscountoncomponent_Percent:4.18 / regionalDiscount:4.18
*** is read_Regionaldiscountoncomponent_Percent VS regionalDiscount equal:true ***
final_Regionaldiscountoncomponent:203.31 / read_Regionaldiscountoncomponent:203.19
*** is final_Regionaldiscountoncomponent VS read_Regionaldiscountoncomponent equal:false ***
final_TargetPrice:4660.56 / read_TargetPrice:4579.41
*** is final_TargetPrice VS read_TargetPrice equal:false ***
null Added in CalculatedMaterialCost hence CalculatedMaterialcost VS ActualMaterialcost shown in Application is: true ***
-0.02 Added in final_TargetPrice hence CalculatedTargetPrice VS ActualTargetPrice shown in Application is: false ***</msg>
<msg level="INFO" html="yes" timestamp="20190119 14:35:30.132">&lt;a href='C:\Users\con_svijay02\KTOC-TRB-Automation\KTOC_TRB_TestAutomation\Screenshots\19Jan2019_02_35_29PM\SS_19Jan2019_02_35_29PM_VerifyTargetPriceDisplayedCorrectly.png' target='_blank'&gt;&lt;img src='C:\Users\con_svijay02\KTOC-TRB-Automation\KTOC_TRB_TestAutomation\Screenshots\19Jan2019_02_35_29PM\SS_19Jan2019_02_35_29PM_VerifyTargetPriceDisplayedCorrectly.png' style='width:80%; height: auto;'/&gt;&lt;/a&gt;</msg>
<msg level="FAIL" timestamp="20190119 14:35:30.207">IllegalStateException: failure 'Get Regional Discount Failed due to: java.lang.IllegalStateException: failure 'Failed due to (Regionaldiscountoncomponent% or Regionaldiscountoncomponent or TargetPrice)''</msg>
<status endtime="20190119 14:35:30.213" starttime="20190119 14:35:28.217" status="FAIL"></status>
</kw>
<status critical="yes" endtime="20190119 14:35:30.223" starttime="20190119 14:35:27.276" status="FAIL">IllegalStateException: failure 'Get Regional Discount Failed due to: java.lang.IllegalStateException: failure 'Failed due to (Regionaldiscountoncomponent% or Regionaldiscountoncomponent or TargetPrice)''</status>
</test>
<test name="15.Check Regional Factor When SalesOffice Is Changed for Elevator" id="s1-s1-s1-t15">
<kw library="com.KTOC.TRB.testautomation.Keywords.Keywords" name="Goto Configuration Pageand Change The Sales Office">
<msg level="INFO" timestamp="20190119 14:35:35.286">ToConfiguration icon clicked
Project clicked
SalesOffice value VB FRPP Selected
pricing icon Clicked</msg>
<status endtime="20190119 14:35:35.293" starttime="20190119 14:35:30.242" status="PASS"></status>
</kw>
<kw library="com.KTOC.TRB.testautomation.Keywords.Keywords" name="Verify Regional Discount Displayed Correctly">
<msg level="INFO" timestamp="20190119 14:35:37.644">Additional Discount Icon CLICKED</msg>
<status endtime="20190119 14:35:37.645" starttime="20190119 14:35:35.297" status="PASS"></status>
</kw>
<kw library="com.KTOC.TRB.testautomation.Keywords.Keywords" name="Verify Target Price Displayed Correctly">
<arguments>
<arg>0</arg>
</arguments>
<msg level="INFO" timestamp="20190119 14:35:39.526">read_Regionaldiscountoncomponent_Percent:-3.34 / regionalDiscount:-3.34
*** is read_Regionaldiscountoncomponent_Percent VS regionalDiscount equal:true ***
final_Regionaldiscountoncomponent:-160.78 / read_Regionaldiscountoncomponent:-160.55
*** is final_Regionaldiscountoncomponent VS read_Regionaldiscountoncomponent equal:false ***
final_TargetPrice:4974.42 / read_TargetPrice:4974.19
*** is final_TargetPrice VS read_TargetPrice equal:false ***
null Added in CalculatedMaterialCost hence CalculatedMaterialcost VS ActualMaterialcost shown in Application is: true ***
-0.02 Added in final_TargetPrice hence CalculatedTargetPrice VS ActualTargetPrice shown in Application is: false ***</msg>
<msg level="INFO" html="yes" timestamp="20190119 14:35:39.527">&lt;a href='C:\Users\con_svijay02\KTOC-TRB-Automation\KTOC_TRB_TestAutomation\Screenshots\19Jan2019_02_35_39PM\SS_19Jan2019_02_35_39PM_VerifyTargetPriceDisplayedCorrectly.png' target='_blank'&gt;&lt;img src='C:\Users\con_svijay02\KTOC-TRB-Automation\KTOC_TRB_TestAutomation\Screenshots\19Jan2019_02_35_39PM\SS_19Jan2019_02_35_39PM_VerifyTargetPriceDisplayedCorrectly.png' style='width:80%; height: auto;'/&gt;&lt;/a&gt;</msg>
<msg level="FAIL" timestamp="20190119 14:35:39.564">IllegalStateException: failure 'Get Regional Discount Failed due to: java.lang.IllegalStateException: failure 'Failed due to (Regionaldiscountoncomponent% or Regionaldiscountoncomponent or TargetPrice)''</msg>
<status endtime="20190119 14:35:39.568" starttime="20190119 14:35:37.647" status="FAIL"></status>
</kw>
<status critical="yes" endtime="20190119 14:35:39.573" starttime="20190119 14:35:30.236" status="FAIL">IllegalStateException: failure 'Get Regional Discount Failed due to: java.lang.IllegalStateException: failure 'Failed due to (Regionaldiscountoncomponent% or Regionaldiscountoncomponent or TargetPrice)''</status>
</test>
<test name="16.Verify ITEFactorValue and LaborRateValue IsTaken From SalesOffice for Elevator" id="s1-s1-s1-t16">
<kw library="com.KTOC.TRB.testautomation.Keywords.Keywords" name="Goto Configuration Pageand Change The Primary Sales Office">
<arguments>
<arg>france</arg>
<arg>\\TestData\\KTOCTRB_AutomationTestData.xlsx</arg>
</arguments>
<msg level="INFO" timestamp="20190119 14:35:43.875">ToConfiguration icon clicked
Project clicked
SalesOffice value VB FRRW Selected
pricing icon Clicked</msg>
<status endtime="20190119 14:35:43.883" starttime="20190119 14:35:39.584" status="PASS"></status>
</kw>
<kw library="com.KTOC.TRB.testautomation.Keywords.Keywords" name="Validate Detail Breakdown Tab">
<msg level="INFO" timestamp="20190119 14:35:55.902">Detailed breakdown Clicked
ROPES CLICKED
Show TotalCost Calculation Details CLICKED
check_showtotal_ITEfactor:2.00 / showtotal_ITEfactor:2.00
check_showtotal_Referencehours:11.16 / showtotal_Referencehours:11.16
check_showtotal_Labourrate:61.90 / showtotal_Labourrate:61.90
LabourRate:61.90 / showtotal_Labourrate:61.90

*** is_showtotal_ITEfactor: true *** / is_Labourrate: true *** / is_showtotal_Labourrate: true *** / is_showtotal_Referencehours: true ***</msg>
<status endtime="20190119 14:35:55.908" starttime="20190119 14:35:43.894" status="PASS"></status>
</kw>
<status critical="yes" endtime="20190119 14:35:55.911" starttime="20190119 14:35:39.578" status="PASS"></status>
</test>
<test name="17 Verify ITEFactorValue and LaborRateValue IsTaken From Changed SalesOffice for Elevator" id="s1-s1-s1-t17">
<kw library="com.KTOC.TRB.testautomation.Keywords.Keywords" name="Goto Configuration Pageand Change The Sales Office">
<msg level="INFO" timestamp="20190119 14:35:59.429">ToConfiguration icon clicked
Project clicked
SalesOffice value VB FRPP Selected
pricing icon Clicked</msg>
<status endtime="20190119 14:35:59.445" starttime="20190119 14:35:55.920" status="PASS"></status>
</kw>
<kw library="com.KTOC.TRB.testautomation.Keywords.Keywords" name="Validate Detail Breakdown Tab">
<msg level="INFO" timestamp="20190119 14:36:12.570">Detailed breakdown Clicked
ROPES CLICKED
Show TotalCost Calculation Details CLICKED
check_showtotal_ITEfactor:2.00 / showtotal_ITEfactor:2.00
check_showtotal_Referencehours:11.16 / showtotal_Referencehours:11.16
check_showtotal_Labourrate:61.00 / showtotal_Labourrate:61.00
LabourRate:61.00 / showtotal_Labourrate:61.00

*** is_showtotal_ITEfactor: true *** / is_Labourrate: true *** / is_showtotal_Labourrate: true *** / is_showtotal_Referencehours: true ***</msg>
<status endtime="20190119 14:36:12.580" starttime="20190119 14:35:59.454" status="PASS"></status>
</kw>
<status critical="yes" endtime="20190119 14:36:12.589" starttime="20190119 14:35:55.915" status="PASS"></status>
</test>
<test name="18.Check Cost Calculated Correctly When The Tender Currency Is Different From SLCurrency for Elevator" id="s1-s1-s1-t18">
<kw library="com.KTOC.TRB.testautomation.Keywords.Keywords" name="Verify Cost Calculated Successfully">
<msg level="INFO" timestamp="20190119 14:36:12.607">*** Currencies Tab is applicable for Australia alone hence skipping TC#10 ***</msg>
<status endtime="20190119 14:36:12.609" starttime="20190119 14:36:12.600" status="PASS"></status>
</kw>
<status critical="yes" endtime="20190119 14:36:12.612" starttime="20190119 14:36:12.595" status="PASS"></status>
</test>
<test name="19.Check Price Calculated Correctly When The Tender Currency Is Different From SLCurrency for Elevator" id="s1-s1-s1-t19">
<kw library="com.KTOC.TRB.testautomation.Keywords.Keywords" name="VerifyPriceCalculatedSuccessfully TobecheckedinFrance">
<msg level="INFO" timestamp="20190119 14:37:49.681">*** Currencies Tab is applicable for Australia alone hence skipping TC#10 ***
Show TotalCost Calculation Details CLICKED
totalTargetPrice:4174.19 / subtotal_TargetPrice:4174.19
*** is totalTargetPrice vs subtotal_TargetPrice equal: true
totalMaterialcosts=243.93 / subtotal_Materialcosts:243.93
*** is totalMaterialcosts vs subtotal_Materialcosts equal: true
totalMaterialcostSLCurrency=243.93 / subtotal_MaterialcostSLCurrency:243.93
*** is totalMaterialcostSLCurrency vs subtotal_MaterialcostSLCurrency equal: true
totalReferencehours=11.16 / subtotal_Referencehours:11.16
*** is totalReferencehours vs subtotal_Referencehours equal: true
totalInstallationHours=22.32 / subtotal_InstallationHours:22.32
*** is totalInstallationHours vs subtotal_Materialcosts equal: true
totalLaborCosts=1361.52 / subtotal_LaborCosts:1361.52
*** is totalLaborCosts vs subtotal_LaborCosts equal: true
totalFullCosts=1605.4501 / subtotal_FullCosts:1605.45
*** is totalFullCosts vs subtotal_FullCosts equal: true
totalTotalCost=1605.45 / subtotal_TotalCost:1605.45
*** is totalTotalCost vs subtotal_TotalCost equal: true
totalTenderPrice=1109.96 / subtotal_TenderPrice:1109.96
*** is totalTenderPrice vs subtotal_TenderPrice equal: true
*** Currencies Tab is applicable for Australia alone hence skipping TC#10 ***</msg>
<status endtime="20190119 14:37:49.691" starttime="20190119 14:36:12.622" status="PASS"></status>
</kw>
<status critical="yes" endtime="20190119 14:37:49.695" starttime="20190119 14:36:12.617" status="PASS"></status>
</test>
<test name="20.TestData for Escalator" id="s1-s1-s1-t20">
<kw library="com.KTOC.TRB.testautomation.Keywords.Keywords" name="Read Test Data">
<arguments>
<arg>france</arg>
<arg>\\TestData\\KTOCTRB_AutomationTestData.xlsx</arg>
</arguments>
<status endtime="20190119 14:37:49.858" starttime="20190119 14:37:49.708" status="PASS"></status>
</kw>
<kw library="com.KTOC.TRB.testautomation.Keywords.Keywords" name="Add Multiple Equipments">
<msg level="INFO" timestamp="20190119 14:38:05.370">ToConfiguration icon clicked
scroll UP to Building1 tree
Rightclick performed on Building1
scroll UP to Group Automation_GroupName tree
Rightclick performed on Automation_GroupName GroupName
checkbox clicked
ADD button clicked</msg>
<status endtime="20190119 14:38:05.375" starttime="20190119 14:37:49.861" status="PASS"></status>
</kw>
<status critical="yes" endtime="20190119 14:38:05.378" starttime="20190119 14:37:49.703" status="PASS"></status>
</test>
<test name="21.Verify Tender Created Successfully for Escalator" id="s1-s1-s1-t21">
<kw library="com.KTOC.TRB.testautomation.Keywords.Keywords" name="Add Equipment ID Elevator">
<status endtime="20190119 14:38:05.440" starttime="20190119 14:38:05.387" status="PASS"></status>
</kw>
<kw library="com.KTOC.TRB.testautomation.Keywords.Keywords" name="Check Hand Over Date Is Greater Than Installation Date">
<msg level="INFO" timestamp="20190119 14:38:06.443">Project clicked
Current MS5HO Date: 27/07/2020
MS5HODate Changed to: null</msg>
<status endtime="20190119 14:38:06.445" starttime="20190119 14:38:05.442" status="PASS"></status>
</kw>
<kw library="com.KTOC.TRB.testautomation.Keywords.Keywords" name="Check Sales Officeis Selected">
<msg level="INFO" timestamp="20190119 14:38:07.533">SalesOffice value VB FRRW Selected</msg>
<status endtime="20190119 14:38:07.539" starttime="20190119 14:38:06.452" status="PASS"></status>
</kw>
<kw library="com.KTOC.TRB.testautomation.Keywords.Keywords" name="Additionalfieldsin Project Overviewfor Canada">
<status endtime="20190119 14:38:07.557" starttime="20190119 14:38:07.546" status="PASS"></status>
</kw>
<kw library="com.KTOC.TRB.testautomation.Keywords.Keywords" name="Select Supervisor">
<msg level="INFO" timestamp="20190119 14:38:10.013">06114080 selected in Supervisor</msg>
<status endtime="20190119 14:38:10.015" starttime="20190119 14:38:07.563" status="PASS"></status>
</kw>
<kw library="com.KTOC.TRB.testautomation.Keywords.Keywords" name="Select Equipment In Service">
<msg level="INFO" timestamp="20190119 14:38:11.829">EIS Escalator is clicked in Equipment InService</msg>
<status endtime="20190119 14:38:11.830" starttime="20190119 14:38:10.017" status="PASS"></status>
</kw>
<kw library="com.KTOC.TRB.testautomation.Keywords.Keywords" name="Select Template To Be Uploaded">
<msg level="INFO" timestamp="20190119 14:38:16.027">Rightclick performed on Equipment
Open Templates clicked
Automation_Template_forEscalator Entered in search
Shared templates radio button Clicked
Automation_Template_forEscalator Template Clicked</msg>
<status endtime="20190119 14:38:16.041" starttime="20190119 14:38:11.833" status="PASS"></status>
</kw>
<kw library="com.KTOC.TRB.testautomation.Keywords.Keywords" name="Verify Tender Consistency">
<msg level="INFO" timestamp="20190119 14:38:21.892">FAIL: Tender is NOT Consistent, value:url("https://ktoc-ca3.kone.com/camosHTML5Client/cH5C/SMG?i=0191f5aaded042c33180d357113667fbefc81b95&amp;w=16&amp;h=16")
FAIL: Tender is NOT Consistent, value:url("https://ktoc-ca3.kone.com/camosHTML5Client/cH5C/SMG?i=0191f5aaded042c33180d357113667fbefc81b95&amp;w=16&amp;h=16")
FAIL: Tender is NOT Consistent, value:url("https://ktoc-ca3.kone.com/camosHTML5Client/cH5C/SMG?i=0191f5aaded042c33180d357113667fbefc81b95&amp;w=16&amp;h=16")
FAIL: Tender is NOT Consistent, value:url("https://ktoc-ca3.kone.com/camosHTML5Client/cH5C/SMG?i=0191f5aaded042c33180d357113667fbefc81b95&amp;w=16&amp;h=16")
PASS: Tender is Consistent, value:url("https://ktoc-ca3.kone.com/camosHTML5Client/cH5C/SMG?i=cad9a93f6c879df1ed1373d2853634026ff3224f&amp;w=16&amp;h=16")
FAIL: Tender is NOT Consistent, value:url("https://ktoc-ca3.kone.com/camosHTML5Client/cH5C/SMG?i=0191f5aaded042c33180d357113667fbefc81b95&amp;w=16&amp;h=16")
FAIL: Tender is NOT Consistent, value:url("https://ktoc-ca3.kone.com/camosHTML5Client/cH5C/SMG?i=0191f5aaded042c33180d357113667fbefc81b95&amp;w=16&amp;h=16")
FAIL: Tender is NOT Consistent, value:url("https://ktoc-ca3.kone.com/camosHTML5Client/cH5C/SMG?i=0191f5aaded042c33180d357113667fbefc81b95&amp;w=16&amp;h=16")
FAIL: Tender is NOT Consistent, value:url("https://ktoc-ca3.kone.com/camosHTML5Client/cH5C/SMG?i=0191f5aaded042c33180d357113667fbefc81b95&amp;w=16&amp;h=16")
PASS: Tender is Consistent, value:url("https://ktoc-ca3.kone.com/camosHTML5Client/cH5C/SMG?i=cad9a93f6c879df1ed1373d2853634026ff3224f&amp;w=16&amp;h=16")
PASS: Tender is Consistent, value:url("https://ktoc-ca3.kone.com/camosHTML5Client/cH5C/SMG?i=cad9a93f6c879df1ed1373d2853634026ff3224f&amp;w=16&amp;h=16")
PASS: Tender is Consistent, value:url("https://ktoc-ca3.kone.com/camosHTML5Client/cH5C/SMG?i=cad9a93f6c879df1ed1373d2853634026ff3224f&amp;w=16&amp;h=16")</msg>
<status endtime="20190119 14:38:21.896" starttime="20190119 14:38:16.050" status="PASS"></status>
</kw>
<kw library="com.KTOC.TRB.testautomation.Keywords.Keywords" name="Get Tender Number">
<msg level="INFO" timestamp="20190119 14:38:21.919">Tender # is :T-0002466406</msg>
<status endtime="20190119 14:38:21.921" starttime="20190119 14:38:21.899" status="PASS"></status>
</kw>
<status critical="yes" endtime="20190119 14:38:21.923" starttime="20190119 14:38:05.383" status="PASS"></status>
</test>
<test name="22.Validate TenderPrice Without FirstMaintenance for Escalator" id="s1-s1-s1-t22">
<kw library="com.KTOC.TRB.testautomation.Keywords.Keywords" name="Pricing Icon Click">
<msg level="INFO" timestamp="20190119 14:38:22.234">pricing icon Clicked</msg>
<status endtime="20190119 14:38:22.238" starttime="20190119 14:38:21.930" status="PASS"></status>
</kw>
<kw library="com.KTOC.TRB.testautomation.Keywords.Keywords" name="Check Tender Price After Discount Update">
<arguments>
<arg>10</arg>
<arg>0</arg>
</arguments>
<msg level="INFO" timestamp="20190119 14:38:30.997">Discount entered as: 10
First maintenance: 0 Clicked</msg>
<status endtime="20190119 14:38:31.001" starttime="20190119 14:38:22.245" status="PASS"></status>
</kw>
<status critical="yes" endtime="20190119 14:38:31.004" starttime="20190119 14:38:21.927" status="PASS"></status>
</test>
<test name="23.Check TenderPrice Without FirstMaintenance for Escalator" id="s1-s1-s1-t23">
<kw library="com.KTOC.TRB.testautomation.Keywords.Keywords" name="Get Target Price">
<msg level="INFO" timestamp="20190119 14:38:31.652">TargetPrice:23049.41
Firstmaintenance:0.0
Discount:10.0
*** TenderPriceFinal:20744.47 / CurrentTenderPrice:20744.47 ***
null Added in TenderPrice hence TenderPriceFinal VS TenderPrice shown in Application is: true ***</msg>
<status endtime="20190119 14:38:31.655" starttime="20190119 14:38:31.014" status="PASS"></status>
</kw>
<status critical="yes" endtime="20190119 14:38:31.658" starttime="20190119 14:38:31.010" status="PASS"></status>
</test>
<test name="24.Validate Discount Without FirstMaintenance for Escalator" id="s1-s1-s1-t24">
<kw library="com.KTOC.TRB.testautomation.Keywords.Keywords" name="Verify Discount By Changing The Tender Price">
<arguments>
<arg>1011</arg>
<arg>0</arg>
</arguments>
<msg level="INFO" timestamp="20190119 14:38:35.278">TenderPrice entered as: 1011
First maintenance: 0 Clicked</msg>
<status endtime="20190119 14:38:35.279" starttime="20190119 14:38:31.667" status="PASS"></status>
</kw>
<status critical="yes" endtime="20190119 14:38:35.281" starttime="20190119 14:38:31.664" status="PASS"></status>
</test>
<test name="25.Check Discount Without FirstMaintenance for Escalator" id="s1-s1-s1-t25">
<kw library="com.KTOC.TRB.testautomation.Keywords.Keywords" name="Get Target Price">
<msg level="INFO" timestamp="20190119 14:38:35.916">TargetPrice:23049.41
Firstmaintenance:0.0
TenderPrice:1011.0
DiscountFinal:95.61 / Discount shown in Application:95.61
*** is FinalDiscount VS ApplicationDiscount Equal:true ***
null Added in CalculatedDiscountFinal hence DiscountFinal VS Discount shown in Application is: true ***</msg>
<status endtime="20190119 14:38:35.920" starttime="20190119 14:38:35.289" status="PASS"></status>
</kw>
<status critical="yes" endtime="20190119 14:38:35.923" starttime="20190119 14:38:35.285" status="PASS"></status>
</test>
<test name="26.Validate TenderPrice With FirstMaintenance for Escalator" id="s1-s1-s1-t26">
<kw library="com.KTOC.TRB.testautomation.Keywords.Keywords" name="Check Tender Price After Discount Update">
<arguments>
<arg>11</arg>
<arg>3</arg>
</arguments>
<msg level="INFO" timestamp="20190119 14:38:42.391">Discount entered as: 11
First maintenance: 3 Clicked</msg>
<status endtime="20190119 14:38:42.392" starttime="20190119 14:38:35.931" status="PASS"></status>
</kw>
<status critical="yes" endtime="20190119 14:38:42.395" starttime="20190119 14:38:35.929" status="PASS"></status>
</test>
<test name="27.Check TenderPrice With FirstMaintenance for Escalator" id="s1-s1-s1-t27">
<kw library="com.KTOC.TRB.testautomation.Keywords.Keywords" name="Get Target Price">
<msg level="INFO" timestamp="20190119 14:38:43.054">TargetPrice:23849.41
Firstmaintenance:800.0
Discount:11.0
*** TenderPriceFinal:21313.97 / CurrentTenderPrice:21313.97 ***
null Added in TenderPrice hence TenderPriceFinal VS TenderPrice shown in Application is: true ***</msg>
<status endtime="20190119 14:38:43.058" starttime="20190119 14:38:42.404" status="PASS"></status>
</kw>
<status critical="yes" endtime="20190119 14:38:43.061" starttime="20190119 14:38:42.400" status="PASS"></status>
</test>
<test name="28.Validate Discount With FirstMaintenance for Escalator" id="s1-s1-s1-t28">
<kw library="com.KTOC.TRB.testautomation.Keywords.Keywords" name="Verify Discount By Changing The Tender Price">
<arguments>
<arg>1012</arg>
<arg>0</arg>
</arguments>
<msg level="INFO" timestamp="20190119 14:38:48.108">TenderPrice entered as: 1012
First maintenance: 0 Clicked</msg>
<status endtime="20190119 14:38:48.111" starttime="20190119 14:38:43.068" status="PASS"></status>
</kw>
<status critical="yes" endtime="20190119 14:38:48.117" starttime="20190119 14:38:43.064" status="PASS"></status>
</test>
<test name="29.Check Discount With FirstMaintenance for Escalator" id="s1-s1-s1-t29">
<kw library="com.KTOC.TRB.testautomation.Keywords.Keywords" name="Get Target Price">
<msg level="INFO" timestamp="20190119 14:38:48.713">TargetPrice:23049.41
Firstmaintenance:0.0
TenderPrice:212.0
DiscountFinal:99.08 / Discount shown in Application:99.08
*** is FinalDiscount VS ApplicationDiscount Equal:true ***
null Added in CalculatedDiscountFinal hence DiscountFinal VS Discount shown in Application is: true ***</msg>
<status endtime="20190119 14:38:48.717" starttime="20190119 14:38:48.128" status="PASS"></status>
</kw>
<status critical="yes" endtime="20190119 14:38:48.719" starttime="20190119 14:38:48.122" status="PASS"></status>
</test>
<test name="30.Change and Validate Discount With FirstMaintenance for Escalator" id="s1-s1-s1-t30">
<kw library="com.KTOC.TRB.testautomation.Keywords.Keywords" name="Verify Discount By Changing The Tender Price">
<arguments>
<arg>1013</arg>
<arg>6</arg>
</arguments>
<msg level="INFO" timestamp="20190119 14:38:54.679">TenderPrice entered as: 1013
First maintenance: 6 Clicked</msg>
<status endtime="20190119 14:38:54.681" starttime="20190119 14:38:48.725" status="PASS"></status>
</kw>
<status critical="yes" endtime="20190119 14:38:54.683" starttime="20190119 14:38:48.722" status="PASS"></status>
</test>
<test name="31.Check Changed Discount With FirstMaintenance for Escalator" id="s1-s1-s1-t31">
<kw library="com.KTOC.TRB.testautomation.Keywords.Keywords" name="Get Target Price">
<msg level="INFO" timestamp="20190119 14:38:55.586">TargetPrice:24649.41
Firstmaintenance:1600.0
TenderPrice:2613.0
DiscountFinal:95.61 / Discount shown in Application:95.61
*** is FinalDiscount VS ApplicationDiscount Equal:true ***
null Added in CalculatedDiscountFinal hence DiscountFinal VS Discount shown in Application is: true ***</msg>
<status endtime="20190119 14:38:55.590" starttime="20190119 14:38:54.693" status="PASS"></status>
</kw>
<status critical="yes" endtime="20190119 14:38:55.592" starttime="20190119 14:38:54.690" status="PASS"></status>
</test>
<test name="32.CheckRegionalFactorAtSalesOfficeLevel for Escalator" id="s1-s1-s1-t32">
<kw library="com.KTOC.TRB.testautomation.Keywords.Keywords" name="Verify Regional Discount Displayed Correctly">
<msg level="INFO" timestamp="20190119 14:38:56.517">Additional Discount Icon CLICKED</msg>
<status endtime="20190119 14:38:56.519" starttime="20190119 14:38:55.599" status="PASS"></status>
</kw>
<kw library="com.KTOC.TRB.testautomation.Keywords.Keywords" name="Verify Target Price Displayed Correctly">
<arguments>
<arg>0</arg>
</arguments>
<msg level="INFO" timestamp="20190119 14:38:58.993">read_Regionaldiscountoncomponent_Percent:3.91 / regionalDiscount:4.18
*** is read_Regionaldiscountoncomponent_Percent VS regionalDiscount equal:false ***
final_Regionaldiscountoncomponent:1093.65 / read_Regionaldiscountoncomponent:1023.19
*** is final_Regionaldiscountoncomponent VS read_Regionaldiscountoncomponent equal:false ***
final_TargetPrice:25070.22 / read_TargetPrice:24649.41
*** is final_TargetPrice VS read_TargetPrice equal:false ***
-0.02 Added in CalculatedMaterialCost hence CalculatedMaterialcost VS ActualMaterialcost shown in Application is: false ***
-0.02 Added in final_TargetPrice hence CalculatedTargetPrice VS ActualTargetPrice shown in Application is: false ***</msg>
<msg level="INFO" html="yes" timestamp="20190119 14:38:58.994">&lt;a href='C:\Users\con_svijay02\KTOC-TRB-Automation\KTOC_TRB_TestAutomation\Screenshots\19Jan2019_02_38_58PM\SS_19Jan2019_02_38_58PM_VerifyTargetPriceDisplayedCorrectly.png' target='_blank'&gt;&lt;img src='C:\Users\con_svijay02\KTOC-TRB-Automation\KTOC_TRB_TestAutomation\Screenshots\19Jan2019_02_38_58PM\SS_19Jan2019_02_38_58PM_VerifyTargetPriceDisplayedCorrectly.png' style='width:80%; height: auto;'/&gt;&lt;/a&gt;</msg>
<msg level="FAIL" timestamp="20190119 14:38:59.020">IllegalStateException: failure 'Get Regional Discount Failed due to: java.lang.IllegalStateException: failure 'Failed due to (Regionaldiscountoncomponent% or Regionaldiscountoncomponent or TargetPrice)''</msg>
<status endtime="20190119 14:38:59.025" starttime="20190119 14:38:56.522" status="FAIL"></status>
</kw>
<status critical="yes" endtime="20190119 14:38:59.037" starttime="20190119 14:38:55.595" status="FAIL">IllegalStateException: failure 'Get Regional Discount Failed due to: java.lang.IllegalStateException: failure 'Failed due to (Regionaldiscountoncomponent% or Regionaldiscountoncomponent or TargetPrice)''</status>
</test>
<test name="33.CheckRegionalFactorWhenSalesOfficeIsChanged for Escalator" id="s1-s1-s1-t33">
<kw library="com.KTOC.TRB.testautomation.Keywords.Keywords" name="Goto Configuration Pageand Change The Sales Office">
<msg level="INFO" timestamp="20190119 14:39:03.884">ToConfiguration icon clicked
Project clicked
SalesOffice value VB FRPP Selected
pricing icon Clicked</msg>
<status endtime="20190119 14:39:03.900" starttime="20190119 14:38:59.063" status="PASS"></status>
</kw>
<kw library="com.KTOC.TRB.testautomation.Keywords.Keywords" name="Verify Regional Discount Displayed Correctly">
<msg level="INFO" timestamp="20190119 14:39:07.619">Additional Discount Icon CLICKED</msg>
<status endtime="20190119 14:39:07.621" starttime="20190119 14:39:03.913" status="PASS"></status>
</kw>
<kw library="com.KTOC.TRB.testautomation.Keywords.Keywords" name="Verify Target Price Displayed Correctly">
<arguments>
<arg>0</arg>
</arguments>
<msg level="INFO" timestamp="20190119 14:39:09.469">read_Regionaldiscountoncomponent_Percent:-4.54 / regionalDiscount:-3.34
*** is read_Regionaldiscountoncomponent_Percent VS regionalDiscount equal:false ***
final_Regionaldiscountoncomponent:-872.2 / read_Regionaldiscountoncomponent:-1185.55
*** is final_Regionaldiscountoncomponent VS read_Regionaldiscountoncomponent equal:false ***
final_TargetPrice:26985.84 / read_TargetPrice:27299.19
*** is final_TargetPrice VS read_TargetPrice equal:false ***
-0.02 Added in CalculatedMaterialCost hence CalculatedMaterialcost VS ActualMaterialcost shown in Application is: false ***
-0.02 Added in final_TargetPrice hence CalculatedTargetPrice VS ActualTargetPrice shown in Application is: false ***</msg>
<msg level="INFO" html="yes" timestamp="20190119 14:39:09.470">&lt;a href='C:\Users\con_svijay02\KTOC-TRB-Automation\KTOC_TRB_TestAutomation\Screenshots\19Jan2019_02_39_09PM\SS_19Jan2019_02_39_09PM_VerifyTargetPriceDisplayedCorrectly.png' target='_blank'&gt;&lt;img src='C:\Users\con_svijay02\KTOC-TRB-Automation\KTOC_TRB_TestAutomation\Screenshots\19Jan2019_02_39_09PM\SS_19Jan2019_02_39_09PM_VerifyTargetPriceDisplayedCorrectly.png' style='width:80%; height: auto;'/&gt;&lt;/a&gt;</msg>
<msg level="FAIL" timestamp="20190119 14:39:09.498">IllegalStateException: failure 'Get Regional Discount Failed due to: java.lang.IllegalStateException: failure 'Failed due to (Regionaldiscountoncomponent% or Regionaldiscountoncomponent or TargetPrice)''</msg>
<status endtime="20190119 14:39:09.501" starttime="20190119 14:39:07.624" status="FAIL"></status>
</kw>
<status critical="yes" endtime="20190119 14:39:09.505" starttime="20190119 14:38:59.049" status="FAIL">IllegalStateException: failure 'Get Regional Discount Failed due to: java.lang.IllegalStateException: failure 'Failed due to (Regionaldiscountoncomponent% or Regionaldiscountoncomponent or TargetPrice)''</status>
</test>
<test name="34.Verify ITEFactorValue and LaborRateValue IsTaken From SalesOffice for Escalator" id="s1-s1-s1-t34">
<kw library="com.KTOC.TRB.testautomation.Keywords.Keywords" name="Goto Configuration Pageand Change The Primary Sales Office">
<arguments>
<arg>france</arg>
<arg>\\TestData\\KTOCTRB_AutomationTestData.xlsx</arg>
</arguments>
<msg level="INFO" timestamp="20190119 14:39:14.114">ToConfiguration icon clicked
Project clicked
SalesOffice value VB FRRW Selected
pricing icon Clicked</msg>
<status endtime="20190119 14:39:14.120" starttime="20190119 14:39:09.512" status="PASS"></status>
</kw>
<kw library="com.KTOC.TRB.testautomation.Keywords.Keywords" name="Validate Detail Breakdown Tab">
<msg level="INFO" timestamp="20190119 14:39:28.303">Detailed breakdown Clicked
MMS Electrification Module CLICKED
Show TotalCost Calculation Details CLICKED
check_showtotal_ITEfactor:2.00 / showtotal_ITEfactor:2.00
check_showtotal_Referencehours:78.00 / showtotal_Referencehours:78.00
check_showtotal_Labourrate:56.00 / showtotal_Labourrate:56.00
LabourRate:61.90 / showtotal_Labourrate:56.00

*** is_showtotal_ITEfactor: true *** / is_Labourrate: false *** / is_showtotal_Labourrate: true *** / is_showtotal_Referencehours: true ***
-0.02 Added in ITEfactor hence CalculatedLabourrate VS ActualLabourRate shown in Application is: false ***</msg>
<msg level="INFO" html="yes" timestamp="20190119 14:39:28.303">&lt;a href='C:\Users\con_svijay02\KTOC-TRB-Automation\KTOC_TRB_TestAutomation\Screenshots\19Jan2019_02_39_24PM\SS_19Jan2019_02_39_24PM_DetailBreakdownTab.png' target='_blank'&gt;&lt;img src='C:\Users\con_svijay02\KTOC-TRB-Automation\KTOC_TRB_TestAutomation\Screenshots\19Jan2019_02_39_24PM\SS_19Jan2019_02_39_24PM_DetailBreakdownTab.png' style='width:80%; height: auto;'/&gt;&lt;/a&gt;</msg>
<msg level="FAIL" timestamp="20190119 14:39:28.317">IllegalStateException: failure 'Validate Detail Breakdown Tab Failed due to: java.lang.IllegalStateException: failure 'Failed due to (ITEfactor or Referencehours or Labourrate) not euqal in Detail Breakdown Tab''</msg>
<status endtime="20190119 14:39:28.319" starttime="20190119 14:39:14.123" status="FAIL"></status>
</kw>
<status critical="yes" endtime="20190119 14:39:28.322" starttime="20190119 14:39:09.509" status="FAIL">IllegalStateException: failure 'Validate Detail Breakdown Tab Failed due to: java.lang.IllegalStateException: failure 'Failed due to (ITEfactor or Referencehours or Labourrate) not euqal in Detail Breakdown Tab''</status>
</test>
<test name="35. Verify ITEFactorValue and LaborRateValue IsTaken From Changed SalesOffice for Escalator" id="s1-s1-s1-t35">
<kw library="com.KTOC.TRB.testautomation.Keywords.Keywords" name="Goto Configuration Pageand Change The Sales Office">
<msg level="INFO" timestamp="20190119 14:39:32.821">ToConfiguration icon clicked
Project clicked
SalesOffice value VB FRPP Selected
pricing icon Clicked</msg>
<status endtime="20190119 14:39:32.827" starttime="20190119 14:39:28.331" status="PASS"></status>
</kw>
<kw library="com.KTOC.TRB.testautomation.Keywords.Keywords" name="Validate Detail Breakdown Tab">
<msg level="INFO" timestamp="20190119 14:39:52.892">Detailed breakdown Clicked
MMS Electrification Module CLICKED
Show TotalCost Calculation Details CLICKED
check_showtotal_ITEfactor:2.00 / showtotal_ITEfactor:2.75
check_showtotal_Referencehours:78.00 / showtotal_Referencehours:78.00
check_showtotal_Labourrate:60.00 / showtotal_Labourrate:60.00
LabourRate:61.00 / showtotal_Labourrate:60.00

*** is_showtotal_ITEfactor: false *** / is_Labourrate: false *** / is_showtotal_Labourrate: true *** / is_showtotal_Referencehours: true ***
-0.02 Added in ITEfactor hence CalculatedITEfactor VS ActualITEfactor shown in Application is: false ***
-0.02 Added in ITEfactor hence CalculatedLabourrate VS ActualLabourRate shown in Application is: false ***</msg>
<msg level="INFO" html="yes" timestamp="20190119 14:39:52.892">&lt;a href='C:\Users\con_svijay02\KTOC-TRB-Automation\KTOC_TRB_TestAutomation\Screenshots\19Jan2019_02_39_48PM\SS_19Jan2019_02_39_48PM_DetailBreakdownTab.png' target='_blank'&gt;&lt;img src='C:\Users\con_svijay02\KTOC-TRB-Automation\KTOC_TRB_TestAutomation\Screenshots\19Jan2019_02_39_48PM\SS_19Jan2019_02_39_48PM_DetailBreakdownTab.png' style='width:80%; height: auto;'/&gt;&lt;/a&gt;</msg>
<msg level="FAIL" timestamp="20190119 14:39:52.901">IllegalStateException: failure 'Validate Detail Breakdown Tab Failed due to: java.lang.IllegalStateException: failure 'Failed due to (ITEfactor or Referencehours or Labourrate) not euqal in Detail Breakdown Tab''</msg>
<status endtime="20190119 14:39:52.905" starttime="20190119 14:39:32.829" status="FAIL"></status>
</kw>
<status critical="yes" endtime="20190119 14:39:52.908" starttime="20190119 14:39:28.326" status="FAIL">IllegalStateException: failure 'Validate Detail Breakdown Tab Failed due to: java.lang.IllegalStateException: failure 'Failed due to (ITEfactor or Referencehours or Labourrate) not euqal in Detail Breakdown Tab''</status>
</test>
<test name="36.Check Cost Calculated Correctly When The Tender Currency Is Different From SLCurrency for Escalator" id="s1-s1-s1-t36">
<kw library="com.KTOC.TRB.testautomation.Keywords.Keywords" name="Verify Cost Calculated Successfully">
<msg level="INFO" timestamp="20190119 14:39:52.919">*** Currencies Tab is applicable for Australia alone hence skipping TC#10 ***</msg>
<status endtime="20190119 14:39:52.920" starttime="20190119 14:39:52.915" status="PASS"></status>
</kw>
<status critical="yes" endtime="20190119 14:39:52.922" starttime="20190119 14:39:52.911" status="PASS"></status>
</test>
<test name="37.Check Price Calculated Correctly When The Tender Currency Is Different From SLCurrency for Escalator" id="s1-s1-s1-t37">
<kw library="com.KTOC.TRB.testautomation.Keywords.Keywords" name="VerifyPriceCalculatedSuccessfully TobecheckedinFrance">
<msg level="INFO" timestamp="20190119 14:41:12.429">*** Currencies Tab is applicable for Australia alone hence skipping TC#10 ***
Show TotalCost Calculation Details CLICKED
totalTargetPrice:21525.0 / subtotal_TargetPrice:21525.0
*** is totalTargetPrice vs subtotal_TargetPrice equal: true
totalMaterialcosts=3981.40 / subtotal_Materialcosts:3981.4
*** is totalMaterialcosts vs subtotal_Materialcosts equal: true
totalMaterialcostSLCurrency=3981.4 / subtotal_MaterialcostSLCurrency:3981.4
*** is totalMaterialcostSLCurrency vs subtotal_MaterialcostSLCurrency equal: true
totalReferencehours=78.0 / subtotal_Referencehours:78.0
*** is totalReferencehours vs subtotal_Referencehours equal: true
totalInstallationHours=214.5 / subtotal_InstallationHours:214.5
*** is totalInstallationHours vs subtotal_Materialcosts equal: true
totalLaborCosts=12870.0 / subtotal_LaborCosts:12870.0
*** is totalLaborCosts vs subtotal_LaborCosts equal: true
totalFullCosts=16851.4 / subtotal_FullCosts:16851.4
*** is totalFullCosts vs subtotal_FullCosts equal: true
totalTotalCost=16851.40 / subtotal_TotalCost:16851.4
*** is totalTotalCost vs subtotal_TotalCost equal: true
totalTenderPrice=946.0 / subtotal_TenderPrice:946.0
*** is totalTenderPrice vs subtotal_TenderPrice equal: true
*** Currencies Tab is applicable for Australia alone hence skipping TC#10 ***</msg>
<status endtime="20190119 14:41:12.433" starttime="20190119 14:39:52.928" status="PASS"></status>
</kw>
<status critical="yes" endtime="20190119 14:41:12.436" starttime="20190119 14:39:52.925" status="PASS"></status>
</test>
<test name="38.Check TenderLetter Is generated Correctly With All The components for Escalator" id="s1-s1-s1-t38">
<kw library="com.KTOC.TRB.testautomation.Keywords.Keywords" name="Go To Documents Taband Click The Tender">
<msg level="INFO" timestamp="20190119 14:41:23.894">ToWord icon clicked</msg>
<status endtime="20190119 14:41:23.896" starttime="20190119 14:41:12.446" status="PASS"></status>
</kw>
<kw library="com.KTOC.TRB.testautomation.Keywords.Keywords" name="Verify Successful Message Displayed">
<msg level="INFO" timestamp="20190119 14:41:28.124">Create PrintOut icon clicked
No clicked in Do you want to freeze printed version?</msg>
<status endtime="20190119 14:41:28.133" starttime="20190119 14:41:23.899" status="PASS"></status>
</kw>
<status critical="yes" endtime="20190119 14:41:28.137" starttime="20190119 14:41:12.440" status="PASS"></status>
</test>
<test name="39.Close KTOC" id="s1-s1-s1-t39">
<kw library="com.KTOC.TRB.testautomation.Keywords.Keywords" name="Click Saveand Close Button">
<msg level="INFO" timestamp="20190119 14:41:41.822">SaveandClose icon CLICKED
Yes CLICKED in SaveandClose
Automation Test Description entered in Description field in stage / Probability window
OK clicked in SalesForce.com update failed! Pop-up
Close icon CLICKED</msg>
<status endtime="20190119 14:41:41.837" starttime="20190119 14:41:28.146" status="PASS"></status>
</kw>
<status critical="yes" endtime="20190119 14:41:41.844" starttime="20190119 14:41:28.142" status="PASS"></status>
</test>
<test name="40.Verify Total SalesPrice With SF Product Information" id="s1-s1-s1-t40">
<kw library="com.KTOC.TRB.testautomation.Keywords.Keywords" name="Compare Sales Pricebetween Tender Pageand Salesforce">
<msg level="INFO" timestamp="20190119 14:42:01.519">allTender Price:4418.0 / Final_SalesPrice:800.0
is TRB allTenderPrice VS Salesforce TenderPrice equal:false ***</msg>
<msg level="INFO" html="yes" timestamp="20190119 14:42:01.520">&lt;a href='C:\Users\con_svijay02\KTOC-TRB-Automation\KTOC_TRB_TestAutomation\Screenshots\19Jan2019_02_42_01PM\SS_19Jan2019_02_42_01PM_TenderPrice not equal in compareSalesPricebetweenTenderPageandSalesforce for MultipleEquipment.png' target='_blank'&gt;&lt;img src='C:\Users\con_svijay02\KTOC-TRB-Automation\KTOC_TRB_TestAutomation\Screenshots\19Jan2019_02_42_01PM\SS_19Jan2019_02_42_01PM_TenderPrice not equal in compareSalesPricebetweenTenderPageandSalesforce for MultipleEquipment.png' style='width:80%; height: auto;'/&gt;&lt;/a&gt;</msg>
<msg level="FAIL" timestamp="20190119 14:42:01.527">IllegalStateException: failure 'Get SalesPrice from SalesForce Failed due to: java.lang.IllegalStateException: failure 'Failed due to TenderPrice not equal in Get SalesPrice from SalesForce''</msg>
<status endtime="20190119 14:42:01.531" starttime="20190119 14:41:41.858" status="FAIL"></status>
</kw>
<status critical="yes" endtime="20190119 14:42:01.537" starttime="20190119 14:41:41.852" status="FAIL">IllegalStateException: failure 'Get SalesPrice from SalesForce Failed due to: java.lang.IllegalStateException: failure 'Failed due to TenderPrice not equal in Get SalesPrice from SalesForce''</status>
</test>
<status endtime="20190119 14:42:01.664" starttime="20190119 14:33:20.490" status="FAIL"></status>
</suite>
<status endtime="20190119 14:42:02.051" starttime="20190119 14:33:20.454" status="FAIL"></status>
</suite>
<status endtime="20190119 14:42:02.240" starttime="20190119 14:33:20.179" status="FAIL"></status>
</suite>
<statistics>
<total>
<stat pass="33" fail="7">Critical Tests</stat>
<stat pass="33" fail="7">All Tests</stat>
</total>
<tag>
</tag>
<suite>
<stat pass="33" fail="7" name="KTOC TRB TestAutomation" id="s1">KTOC TRB TestAutomation</stat>
<stat pass="33" fail="7" name="TestSuites" id="s1-s1">KTOC TRB TestAutomation.TestSuites</stat>
<stat pass="33" fail="7" name="RegressionKTOC TRB France MultipleEquipment" id="s1-s1-s1">KTOC TRB TestAutomation.TestSuites.RegressionKTOC TRB France MultipleEquipment</stat>
</suite>
</statistics>
<errors>
</errors>
</robot>
