<?xml version="1.0" encoding="UTF-8"?>
<robot generator="Robot 3.0.4 (Jython 2.7.0 on java1.8.0_181)" generated="20190530 11:21:40.299">
<suite source="C:\Users\con_svijay02\KTOC-TRB-Automation\KTOC_TRB_TestAutomation" name="KTOC TRB TestAutomation" id="s1">
<suite source="C:\Users\con_svijay02\KTOC-TRB-Automation\KTOC_TRB_TestAutomation\TestSuites" name="TestSuites" id="s1-s1">
<suite source="C:\Users\con_svijay02\KTOC-TRB-Automation\KTOC_TRB_TestAutomation\TestSuites\RegressionTestSuite_KTOC_TRB_France_SingleEquipment.robot" name="RegressionTestSuite KTOC TRB France SingleEquipment" id="s1-s1-s1">
<test name="09. Checking TenderPrice in Minimumtenderprice tab" id="s1-s1-s1-t1">
<kw type="setup" library="com.KTOC.TRB.testautomation.Keywords.Keywords" name="Launch Browser">
<arguments>
<arg>${country}</arg>
<arg>&amp;{TESTDATA_FRANCE}</arg>
</arguments>
<msg level="INFO" timestamp="20190530 11:21:53.237">1559195504423	mozrunner::runner	INFO	Running command: "C:\\Program Files\\Mozilla Firefox\\firefox.exe" "-marionette" "-foreground" "-no-remote" "-profile" "C:\\Users\\CON_SV~1\\AppData\\Local\\Temp\\rust_mozprofile.4U68C2Jp9L5f"
1559195505617	addons.webextension.screenshots@mozilla.org	WARN	Loading extension 'screenshots@mozilla.org': Reading manifest: Invalid host permission: resource://pdf.js/
1559195505617	addons.webextension.screenshots@mozilla.org	WARN	Loading extension 'screenshots@mozilla.org': Reading manifest: Invalid host permission: about:reader*
1559195509241	Marionette	INFO	Listening on port 64964
1559195509564	Marionette	WARN	TLS certificate errors will be ignored for this session
May 30, 2019 11:21:49 AM org.openqa.selenium.remote.ProtocolHandshake createSession
INFO: Detected dialect: W3C</msg>
<status endtime="20190530 11:21:53.250" starttime="20190530 11:21:42.222" status="PASS"></status>
</kw>
<kw name="01_Logon To Salesforce">
<kw library="com.KTOC.TRB.testautomation.Keywords.Keywords" name="Loginto Salesforce">
<status endtime="20190530 11:21:58.355" starttime="20190530 11:21:53.289" status="PASS"></status>
</kw>
<status endtime="20190530 11:21:58.365" starttime="20190530 11:21:53.267" status="PASS"></status>
</kw>
<kw name="02_Verify Creating Opportunity and Mapping It With FLTender">
<kw library="com.KTOC.TRB.testautomation.Keywords.Keywords" name="Create Opportunity OR Search Opportunity">
<msg level="INFO" timestamp="20190530 11:22:25.934">Opportunity Name:AutomationKTOC SFA entered in Search box
AutomationKTOC SFA has been clicked</msg>
<status endtime="20190530 11:22:25.942" starttime="20190530 11:21:58.393" status="PASS"></status>
</kw>
<status endtime="20190530 11:22:25.955" starttime="20190530 11:21:58.374" status="PASS"></status>
</kw>
<kw name="03_Verify Tender Created Successfully for Elevator">
<kw library="com.KTOC.TRB.testautomation.Keywords.Keywords" name="Navigateto KTOCTRB">
<msg level="INFO" timestamp="20190530 11:22:44.000">Release 1723 is Selected
Clicked on OK button</msg>
<status endtime="20190530 11:22:44.006" starttime="20190530 11:22:26.320" status="PASS"></status>
</kw>
<kw library="com.KTOC.TRB.testautomation.Keywords.Keywords" name="Add Equipment ID Elevator">
<msg level="INFO" timestamp="20190530 11:22:58.626">10503512 EquipmentID entered
Equipment loader clicked
checkbox clicked
Change button clicked</msg>
<status endtime="20190530 11:22:58.631" starttime="20190530 11:22:44.021" status="PASS"></status>
</kw>
<kw library="com.KTOC.TRB.testautomation.Keywords.Keywords" name="Select Template To Be Uploaded">
<msg level="INFO" timestamp="20190530 11:23:04.805">Rightclick performed on Equipment
Open Templates clicked
AutomationSFA_XML Entered in search
Shared templates radio button Clicked
AutomationSFA_XML Template Clicked</msg>
<status endtime="20190530 11:23:04.811" starttime="20190530 11:22:58.636" status="PASS"></status>
</kw>
<kw library="com.KTOC.TRB.testautomation.Keywords.Keywords" name="Check Hand Over Date Is Greater Than Installation Date">
<msg level="INFO" timestamp="20190530 11:23:12.396">Project clicked</msg>
<status endtime="20190530 11:23:12.400" starttime="20190530 11:23:04.818" status="PASS"></status>
</kw>
<kw library="com.KTOC.TRB.testautomation.Keywords.Keywords" name="Check Sales Officeis Selected">
<msg level="INFO" timestamp="20190530 11:23:14.277">SalesOffice value VB FRRW Selected
*** Read LaborRate from Maintenance(AutomationTest tab): 59.0
*** Read ITEFactor from Maintenance(AutomationTest tab): 1.0
*** Read RegionalDiscount from Maintenance(AutomationTest tab): 0.0</msg>
<status endtime="20190530 11:23:14.281" starttime="20190530 11:23:12.413" status="PASS"></status>
</kw>
<kw library="com.KTOC.TRB.testautomation.Keywords.Keywords" name="Additionalfieldsin Project Overviewfor Canada">
<status endtime="20190530 11:23:14.288" starttime="20190530 11:23:14.285" status="PASS"></status>
</kw>
<kw library="com.KTOC.TRB.testautomation.Keywords.Keywords" name="Select Supervisor">
<msg level="INFO" timestamp="20190530 11:23:16.178">06114080 selected in Supervisor</msg>
<status endtime="20190530 11:23:16.188" starttime="20190530 11:23:14.292" status="PASS"></status>
</kw>
<kw library="com.KTOC.TRB.testautomation.Keywords.Keywords" name="Select Equipment In Service">
<msg level="INFO" timestamp="20190530 11:23:18.691">LIS Elevator is clicked in Equipment InService
HydraulicElevCheck clicked</msg>
<status endtime="20190530 11:23:18.695" starttime="20190530 11:23:16.195" status="PASS"></status>
</kw>
<kw library="com.KTOC.TRB.testautomation.Keywords.Keywords" name="Verify Tender Consistency">
<msg level="INFO" timestamp="20190530 11:23:19.715">FAIL: Tender is NOT Consistent, value:url("https://ktoc-ca3.kone.com/camosHTML5Client/cH5C/SMG?i=0191f5aaded042c33180d357113667fbefc81b95&amp;w=16&amp;h=16")
FAIL: Tender is NOT Consistent, value:url("https://ktoc-ca3.kone.com/camosHTML5Client/cH5C/SMG?i=0191f5aaded042c33180d357113667fbefc81b95&amp;w=16&amp;h=16")
FAIL: Tender is NOT Consistent, value:url("https://ktoc-ca3.kone.com/camosHTML5Client/cH5C/SMG?i=0191f5aaded042c33180d357113667fbefc81b95&amp;w=16&amp;h=16")
FAIL: Tender is NOT Consistent, value:url("https://ktoc-ca3.kone.com/camosHTML5Client/cH5C/SMG?i=0191f5aaded042c33180d357113667fbefc81b95&amp;w=16&amp;h=16")
PASS: Tender is Consistent, value:url("https://ktoc-ca3.kone.com/camosHTML5Client/cH5C/SMG?i=cad9a93f6c879df1ed1373d2853634026ff3224f&amp;w=16&amp;h=16")
FAIL: Tender is NOT Consistent, value:url("https://ktoc-ca3.kone.com/camosHTML5Client/cH5C/SMG?i=0191f5aaded042c33180d357113667fbefc81b95&amp;w=16&amp;h=16")
FAIL: Tender is NOT Consistent, value:url("https://ktoc-ca3.kone.com/camosHTML5Client/cH5C/SMG?i=0191f5aaded042c33180d357113667fbefc81b95&amp;w=16&amp;h=16")</msg>
<status endtime="20190530 11:23:19.718" starttime="20190530 11:23:18.699" status="PASS"></status>
</kw>
<kw library="com.KTOC.TRB.testautomation.Keywords.Keywords" name="Get Tender Number">
<msg level="INFO" timestamp="20190530 11:23:19.751">Tender # is :T-0002949255</msg>
<status endtime="20190530 11:23:19.754" starttime="20190530 11:23:19.721" status="PASS"></status>
</kw>
<kw library="com.KTOC.TRB.testautomation.Keywords.Keywords" name="Pricing Icon Click">
<msg level="INFO" timestamp="20190530 11:23:20.092">pricing icon Clicked</msg>
<status endtime="20190530 11:23:20.100" starttime="20190530 11:23:19.759" status="PASS"></status>
</kw>
<status endtime="20190530 11:23:20.110" starttime="20190530 11:22:26.282" status="PASS"></status>
</kw>
<kw name="04_Validate TenderPrice Without FirstMaintenance for Elevator">
<kw library="com.KTOC.TRB.testautomation.Keywords.Keywords" name="Check Tender Price After Discount Update">
<arguments>
<arg>&amp;{discount}[discount_1]</arg>
<arg>${withoutfirstmaintenance}</arg>
</arguments>
<msg level="INFO" timestamp="20190530 11:23:23.972">Discount entered as: 5
First maintenance: 0 Clicked</msg>
<status endtime="20190530 11:23:23.975" starttime="20190530 11:23:20.127" status="PASS"></status>
</kw>
<status endtime="20190530 11:23:23.980" starttime="20190530 11:23:20.119" status="PASS"></status>
</kw>
<kw name="24_Navigate to MinimumTenderPrice Tab">
<kw library="com.KTOC.TRB.testautomation.Keywords.Keywords" name="Clickon Minimum Tender Price Icon">
<msg level="INFO" timestamp="20190530 11:23:25.624">MinimumTenderPrice Icon CLICKED</msg>
<status endtime="20190530 11:23:25.630" starttime="20190530 11:23:23.993" status="PASS"></status>
</kw>
<status endtime="20190530 11:23:25.634" starttime="20190530 11:23:23.985" status="PASS"></status>
</kw>
<kw name="05_Check TenderPrice Without FirstMaintenance for Elevator">
<kw library="com.KTOC.TRB.testautomation.Keywords.Keywords" name="Get Target Price">
<msg level="INFO" timestamp="20190530 11:23:26.881">TargetPrice:3098.71
Firstmaintenance:2788.52
Discount:5.0
*** TenderPriceFinal:3083.20 / CurrentTenderPrice:2943.77 ***
*** -0.02 Added in TenderPrice hence TenderPriceFinal VS TenderPrice shown in Application is: false ***</msg>
<msg level="INFO" html="yes" timestamp="20190530 11:23:26.882">&lt;a href='C:\Users\con_svijay02\KTOC-TRB-Automation\KTOC_TRB_TestAutomation\Screenshots\30May2019_11_23_26AM\SS_30May2019_11_23_26AM_Discount not equal in CheckTenderPriceAfterDiscountUpdate.png' target='_blank'&gt;&lt;img src='C:\Users\con_svijay02\KTOC-TRB-Automation\KTOC_TRB_TestAutomation\Screenshots\30May2019_11_23_26AM\SS_30May2019_11_23_26AM_Discount not equal in CheckTenderPriceAfterDiscountUpdate.png' style='width:80%; height: auto;'/&gt;&lt;/a&gt;</msg>
<msg level="FAIL" timestamp="20190530 11:23:26.916">IllegalStateException: failure 'Checking TargetPrice Failed due to: java.lang.IllegalStateException: failure 'Failed due to Discount not equal in CheckTenderPriceAfterDiscountUpdate Failed''</msg>
<status endtime="20190530 11:23:26.920" starttime="20190530 11:23:25.655" status="FAIL"></status>
</kw>
<status endtime="20190530 11:23:26.934" starttime="20190530 11:23:25.651" status="FAIL"></status>
</kw>
<kw type="teardown" library="com.KTOC.TRB.testautomation.Keywords.Keywords" name="Close Browser">
<status endtime="20190530 11:23:29.439" starttime="20190530 11:23:26.951" status="PASS"></status>
</kw>
<status critical="yes" endtime="20190530 11:23:29.442" starttime="20190530 11:21:42.209" status="FAIL">IllegalStateException: failure 'Checking TargetPrice Failed due to: java.lang.IllegalStateException: failure 'Failed due to Discount not equal in CheckTenderPriceAfterDiscountUpdate Failed''</status>
</test>
<status endtime="20190530 11:23:29.452" starttime="20190530 11:21:41.628" status="FAIL"></status>
</suite>
<status endtime="20190530 11:23:29.474" starttime="20190530 11:21:41.588" status="FAIL"></status>
</suite>
<status endtime="20190530 11:23:29.495" starttime="20190530 11:21:41.214" status="FAIL"></status>
</suite>
<statistics>
<total>
<stat pass="0" fail="1">Critical Tests</stat>
<stat pass="0" fail="1">All Tests</stat>
</total>
<tag>
</tag>
<suite>
<stat pass="0" fail="1" name="KTOC TRB TestAutomation" id="s1">KTOC TRB TestAutomation</stat>
<stat pass="0" fail="1" name="TestSuites" id="s1-s1">KTOC TRB TestAutomation.TestSuites</stat>
<stat pass="0" fail="1" name="RegressionTestSuite KTOC TRB France SingleEquipment" id="s1-s1-s1">KTOC TRB TestAutomation.TestSuites.RegressionTestSuite KTOC TRB France SingleEquipment</stat>
</suite>
</statistics>
<errors>
</errors>
</robot>
