<?xml version="1.0" encoding="UTF-8"?>
<robot generator="Robot 3.0.4 (Jython 2.7.0 on java1.8.0_181)" generated="20190117 15:57:57.295">
<suite source="C:\Users\con_svijay02\KTOC-TRB-Automation\KTOC_TRB_TestAutomation" name="KTOC TRB TestAutomation" id="s1">
<suite source="C:\Users\con_svijay02\KTOC-TRB-Automation\KTOC_TRB_TestAutomation\TestSuites" name="TestSuites" id="s1-s1">
<suite source="C:\Users\con_svijay02\KTOC-TRB-Automation\KTOC_TRB_TestAutomation\TestSuites\RegressionKTOC_TRB_France_MultipleEquipment.robot" name="RegressionKTOC TRB France MultipleEquipment" id="s1-s1-s1">
<kw type="setup" library="com.KTOC.TRB.testautomation.Keywords.Keywords" name="Launch Browser">
<arguments>
<arg>france</arg>
<arg>\\TestData\\KTOCTRB_AutomationTestData.xlsx</arg>
</arguments>
<msg level="INFO" timestamp="20190117 15:58:11.239">1547720882364	mozrunner::runner	INFO	Running command: "C:\\Program Files\\Mozilla Firefox\\firefox.exe" "-marionette" "-foreground" "-no-remote" "-profile" "C:\\Users\\CON_SV~1\\AppData\\Local\\Temp\\rust_mozprofile.dzA66J4qvGsd"
1547720884746	Marionette	INFO	Listening on port 58579
1547720885112	Marionette	WARN	TLS certificate errors will be ignored for this session
Jan 17, 2019 3:58:05 PM org.openqa.selenium.remote.ProtocolHandshake createSession
INFO: Detected dialect: W3C</msg>
<status endtime="20190117 15:58:11.293" starttime="20190117 15:57:59.086" status="PASS"></status>
</kw>
<test name="1.Logon To Salesforce" id="s1-s1-s1-t1">
<kw library="com.KTOC.TRB.testautomation.Keywords.Keywords" name="Loginto Salesforce">
<status endtime="20190117 15:58:15.934" starttime="20190117 15:58:11.324" status="PASS"></status>
</kw>
<status critical="yes" endtime="20190117 15:58:15.961" starttime="20190117 15:58:11.309" status="PASS"></status>
</test>
<test name="2.Verify Creating Opportunity and Mapping It With FLTender" id="s1-s1-s1-t2">
<kw library="com.KTOC.TRB.testautomation.Keywords.Keywords" name="Create Opportunity OR Search Opportunity">
<msg level="INFO" timestamp="20190117 15:58:40.794">Opportunity Name:KOFCOL TRB SFA entered in Search box
KOFCOL TRB SFA has been clicked</msg>
<status endtime="20190117 15:58:40.806" starttime="20190117 15:58:15.997" status="PASS"></status>
</kw>
<status critical="yes" endtime="20190117 15:58:40.824" starttime="20190117 15:58:15.983" status="PASS"></status>
</test>
<test name="3.Verify Tender Created Successfully for Elevator" id="s1-s1-s1-t3">
<kw library="com.KTOC.TRB.testautomation.Keywords.Keywords" name="Navigateto KTOCTRB">
<msg level="INFO" timestamp="20190117 15:58:49.972">Release 1723 is Selected
Clicked on OK button</msg>
<status endtime="20190117 15:58:49.985" starttime="20190117 15:58:40.875" status="PASS"></status>
</kw>
<kw library="com.KTOC.TRB.testautomation.Keywords.Keywords" name="Add Equipment ID Elevator">
<msg level="INFO" timestamp="20190117 15:59:18.798">10503512 EquipmentID entered
Equipment loader clicked
checkbox clicked
Change button clicked</msg>
<status endtime="20190117 15:59:18.809" starttime="20190117 15:58:49.999" status="PASS"></status>
</kw>
<kw library="com.KTOC.TRB.testautomation.Keywords.Keywords" name="Check Hand Over Date Is Greater Than Installation Date">
<msg level="INFO" timestamp="20190117 15:59:20.134">Project clicked
Current MS5HO Date: 25/07/2020
MS5HODate Changed to: 27/07/2020</msg>
<status endtime="20190117 15:59:20.146" starttime="20190117 15:59:18.823" status="PASS"></status>
</kw>
<kw library="com.KTOC.TRB.testautomation.Keywords.Keywords" name="Check Sales Officeis Selected">
<msg level="INFO" timestamp="20190117 15:59:21.317">SalesOffice value VB FRRW Selected</msg>
<status endtime="20190117 15:59:21.330" starttime="20190117 15:59:20.156" status="PASS"></status>
</kw>
<kw library="com.KTOC.TRB.testautomation.Keywords.Keywords" name="Additionalfieldsin Project Overviewfor Canada">
<status endtime="20190117 15:59:21.378" starttime="20190117 15:59:21.347" status="PASS"></status>
</kw>
<kw library="com.KTOC.TRB.testautomation.Keywords.Keywords" name="Select Supervisor">
<msg level="INFO" timestamp="20190117 15:59:22.704">06114080 selected in Supervisor</msg>
<status endtime="20190117 15:59:22.713" starttime="20190117 15:59:21.407" status="PASS"></status>
</kw>
<kw library="com.KTOC.TRB.testautomation.Keywords.Keywords" name="Select Equipment In Service">
<msg level="INFO" timestamp="20190117 15:59:24.921">LIS Elevator is clicked in Equipment InService
HydraulicElevCheck clicked</msg>
<status endtime="20190117 15:59:24.932" starttime="20190117 15:59:22.723" status="PASS"></status>
</kw>
<kw library="com.KTOC.TRB.testautomation.Keywords.Keywords" name="Select Template To Be Uploaded">
<msg level="INFO" timestamp="20190117 15:59:28.420">Rightclick performed on Equipment
Open Templates clicked
Automation_Template_002 Entered in search
Shared templates radio button Clicked
Automation_Template_002 Template Clicked</msg>
<status endtime="20190117 15:59:28.432" starttime="20190117 15:59:24.942" status="PASS"></status>
</kw>
<kw library="com.KTOC.TRB.testautomation.Keywords.Keywords" name="Verify Tender Consistency">
<msg level="INFO" timestamp="20190117 15:59:32.024">PASS: Tender is Consistent, value:url("https://ktoc-ca3.kone.com/camosHTML5Client/cH5C/SMG?i=cad9a93f6c879df1ed1373d2853634026ff3224f&amp;w=16&amp;h=16")
PASS: Tender is Consistent, value:url("https://ktoc-ca3.kone.com/camosHTML5Client/cH5C/SMG?i=cad9a93f6c879df1ed1373d2853634026ff3224f&amp;w=16&amp;h=16")
PASS: Tender is Consistent, value:url("https://ktoc-ca3.kone.com/camosHTML5Client/cH5C/SMG?i=cad9a93f6c879df1ed1373d2853634026ff3224f&amp;w=16&amp;h=16")
PASS: Tender is Consistent, value:url("https://ktoc-ca3.kone.com/camosHTML5Client/cH5C/SMG?i=cad9a93f6c879df1ed1373d2853634026ff3224f&amp;w=16&amp;h=16")
PASS: Tender is Consistent, value:url("https://ktoc-ca3.kone.com/camosHTML5Client/cH5C/SMG?i=cad9a93f6c879df1ed1373d2853634026ff3224f&amp;w=16&amp;h=16")
PASS: Tender is Consistent, value:url("https://ktoc-ca3.kone.com/camosHTML5Client/cH5C/SMG?i=cad9a93f6c879df1ed1373d2853634026ff3224f&amp;w=16&amp;h=16")
PASS: Tender is Consistent, value:url("https://ktoc-ca3.kone.com/camosHTML5Client/cH5C/SMG?i=cad9a93f6c879df1ed1373d2853634026ff3224f&amp;w=16&amp;h=16")</msg>
<status endtime="20190117 15:59:32.033" starttime="20190117 15:59:28.444" status="PASS"></status>
</kw>
<kw library="com.KTOC.TRB.testautomation.Keywords.Keywords" name="Get Tender Number">
<msg level="INFO" timestamp="20190117 15:59:32.078">Tender # is :T-0002466355</msg>
<status endtime="20190117 15:59:32.081" starttime="20190117 15:59:32.038" status="PASS"></status>
</kw>
<status critical="yes" endtime="20190117 15:59:32.087" starttime="20190117 15:58:40.848" status="PASS"></status>
</test>
<test name="4.Validate TenderPrice and Discount Without FirstMaintenance for Elevator" id="s1-s1-s1-t4">
<kw library="com.KTOC.TRB.testautomation.Keywords.Keywords" name="Pricing Icon Click">
<msg level="INFO" timestamp="20190117 15:59:32.412">pricing icon Clicked</msg>
<status endtime="20190117 15:59:32.426" starttime="20190117 15:59:32.102" status="PASS"></status>
</kw>
<kw library="com.KTOC.TRB.testautomation.Keywords.Keywords" name="Check Tender Price After Discount Update">
<arguments>
<arg>10</arg>
<arg>0</arg>
</arguments>
<msg level="INFO" timestamp="20190117 15:59:36.232">Discount entered as: 10
First maintenance: 0 Clicked</msg>
<status endtime="20190117 15:59:36.238" starttime="20190117 15:59:32.438" status="PASS"></status>
</kw>
<status critical="yes" endtime="20190117 15:59:36.242" starttime="20190117 15:59:32.095" status="PASS"></status>
</test>
<test name="5.Check TenderPrice Without FirstMaintenance for Elevator" id="s1-s1-s1-t5">
<kw library="com.KTOC.TRB.testautomation.Keywords.Keywords" name="Get Target Price">
<msg level="INFO" timestamp="20190117 15:59:36.934">TargetPrice:3779.41
Firstmaintenance:0.0
Discount:10.0
*** TenderPriceFinal:3401.47 / CurrentTenderPrice:3401.47 ***
null Added in TenderPrice hence TenderPriceFinal VS TenderPrice shown in Application is: true ***</msg>
<status endtime="20190117 15:59:36.936" starttime="20190117 15:59:36.253" status="PASS"></status>
</kw>
<status critical="yes" endtime="20190117 15:59:36.939" starttime="20190117 15:59:36.247" status="PASS"></status>
</test>
<test name="6.Validate Discount Without FirstMaintenance for Elevator" id="s1-s1-s1-t6">
<kw library="com.KTOC.TRB.testautomation.Keywords.Keywords" name="Verify Discount By Changing The Tender Price">
<arguments>
<arg>1001</arg>
<arg>0</arg>
</arguments>
<msg level="INFO" timestamp="20190117 15:59:39.750">TenderPrice entered as: 1001
First maintenance: 0 Clicked</msg>
<status endtime="20190117 15:59:39.752" starttime="20190117 15:59:36.949" status="PASS"></status>
</kw>
<status critical="yes" endtime="20190117 15:59:39.755" starttime="20190117 15:59:36.943" status="PASS"></status>
</test>
<test name="7.Check Discount Without FirstMaintenance for Elevator" id="s1-s1-s1-t7">
<kw library="com.KTOC.TRB.testautomation.Keywords.Keywords" name="Get Target Price">
<msg level="INFO" timestamp="20190117 15:59:40.420">TargetPrice:3779.41
Firstmaintenance:0.0
TenderPrice:1001.0
DiscountFinal:73.51 / Discount shown in Application:73.51
*** is FinalDiscount VS ApplicationDiscount Equal:true ***
null Added in CalculatedDiscountFinal hence DiscountFinal VS Discount shown in Application is: true ***</msg>
<status endtime="20190117 15:59:40.425" starttime="20190117 15:59:39.767" status="PASS"></status>
</kw>
<status critical="yes" endtime="20190117 15:59:40.429" starttime="20190117 15:59:39.761" status="PASS"></status>
</test>
<test name="8.Validate TenderPrice and Discount With FirstMaintenance for Elevator" id="s1-s1-s1-t8">
<kw library="com.KTOC.TRB.testautomation.Keywords.Keywords" name="Check Tender Price After Discount Update">
<arguments>
<arg>11</arg>
<arg>3</arg>
</arguments>
<msg level="INFO" timestamp="20190117 15:59:43.305">Discount entered as: 11
First maintenance: 3 Clicked</msg>
<status endtime="20190117 15:59:43.308" starttime="20190117 15:59:40.444" status="PASS"></status>
</kw>
<status critical="yes" endtime="20190117 15:59:43.310" starttime="20190117 15:59:40.437" status="PASS"></status>
</test>
<test name="9.Check TenderPrice With FirstMaintenance for Elevator" id="s1-s1-s1-t9">
<kw library="com.KTOC.TRB.testautomation.Keywords.Keywords" name="Get Target Price">
<msg level="INFO" timestamp="20190117 15:59:44.029">TargetPrice:4179.41
Firstmaintenance:400.0
Discount:11.0
*** TenderPriceFinal:3763.68 / CurrentTenderPrice:3763.67 ***
-0.01 Added in TenderPrice hence TenderPriceFinal VS TenderPrice shown in Application is: true ***</msg>
<status endtime="20190117 15:59:44.032" starttime="20190117 15:59:43.320" status="PASS"></status>
</kw>
<status critical="yes" endtime="20190117 15:59:44.035" starttime="20190117 15:59:43.314" status="PASS"></status>
</test>
<test name="10.Validate Discount With FirstMaintenance for Elevator" id="s1-s1-s1-t10">
<kw library="com.KTOC.TRB.testautomation.Keywords.Keywords" name="Verify Discount By Changing The Tender Price">
<arguments>
<arg>1004</arg>
<arg>0</arg>
</arguments>
<msg level="INFO" timestamp="20190117 15:59:47.635">TenderPrice entered as: 1004
First maintenance: 0 Clicked</msg>
<status endtime="20190117 15:59:47.640" starttime="20190117 15:59:44.045" status="PASS"></status>
</kw>
<status critical="yes" endtime="20190117 15:59:47.643" starttime="20190117 15:59:44.040" status="PASS"></status>
</test>
<test name="11.Check Discount With FirstMaintenance for Elevator" id="s1-s1-s1-t11">
<kw library="com.KTOC.TRB.testautomation.Keywords.Keywords" name="Get Target Price">
<msg level="INFO" timestamp="20190117 15:59:48.293">TargetPrice:3779.41
Firstmaintenance:0.0
TenderPrice:604.0
DiscountFinal:84.02 / Discount shown in Application:84.02
*** is FinalDiscount VS ApplicationDiscount Equal:true ***
null Added in CalculatedDiscountFinal hence DiscountFinal VS Discount shown in Application is: true ***</msg>
<status endtime="20190117 15:59:48.297" starttime="20190117 15:59:47.653" status="PASS"></status>
</kw>
<status critical="yes" endtime="20190117 15:59:48.302" starttime="20190117 15:59:47.649" status="PASS"></status>
</test>
<test name="12.Change and Validate Discount With FirstMaintenance for Elevator" id="s1-s1-s1-t12">
<kw library="com.KTOC.TRB.testautomation.Keywords.Keywords" name="Verify Discount By Changing The Tender Price">
<arguments>
<arg>1005</arg>
<arg>6</arg>
</arguments>
<msg level="INFO" timestamp="20190117 15:59:52.146">TenderPrice entered as: 1005
First maintenance: 6 Clicked</msg>
<status endtime="20190117 15:59:52.149" starttime="20190117 15:59:48.316" status="PASS"></status>
</kw>
<status critical="yes" endtime="20190117 15:59:52.152" starttime="20190117 15:59:48.310" status="PASS"></status>
</test>
<test name="13.Check Changed Discount With FirstMaintenance for Elevator" id="s1-s1-s1-t13">
<kw library="com.KTOC.TRB.testautomation.Keywords.Keywords" name="Get Target Price">
<msg level="INFO" timestamp="20190117 15:59:52.875">TargetPrice:4579.41
Firstmaintenance:800.0
TenderPrice:1805.0
DiscountFinal:73.41 / Discount shown in Application:73.41
*** is FinalDiscount VS ApplicationDiscount Equal:true ***
null Added in CalculatedDiscountFinal hence DiscountFinal VS Discount shown in Application is: true ***</msg>
<status endtime="20190117 15:59:52.881" starttime="20190117 15:59:52.162" status="PASS"></status>
</kw>
<status critical="yes" endtime="20190117 15:59:52.884" starttime="20190117 15:59:52.158" status="PASS"></status>
</test>
<test name="14.Check Regional Factor At SalesOffice Level for Elevator" id="s1-s1-s1-t14">
<kw library="com.KTOC.TRB.testautomation.Keywords.Keywords" name="Verify Regional Discount Displayed Correctly">
<msg level="INFO" timestamp="20190117 15:59:53.563">Additional Discount Icon CLICKED</msg>
<status endtime="20190117 15:59:53.565" starttime="20190117 15:59:52.892" status="PASS"></status>
</kw>
<kw library="com.KTOC.TRB.testautomation.Keywords.Keywords" name="Verify Target Price Displayed Correctly">
<arguments>
<arg>0</arg>
</arguments>
<msg level="INFO" timestamp="20190117 15:59:55.534">is read_Regionaldiscountoncomponent_Percent VS regionalDiscount equal:true *** / read_Regionaldiscountoncomponent_Percent:4.18 / regionalDiscount:4.18
is final_Regionaldiscountoncomponent VS read_Regionaldiscountoncomponent equal:false *** / final_Regionaldiscountoncomponent:203.31 / read_Regionaldiscountoncomponent:203.19
is final_TargetPrice VS read_TargetPrice equal:false *** / final_TargetPrice:4660.56 / read_TargetPrice:4579.41
null Added in CalculatedMaterialCost hence CalculatedMaterialcost VS ActualMaterialcost shown in Application is: true ***</msg>
<msg level="INFO" html="yes" timestamp="20190117 15:59:55.535">&lt;a href='C:\Users\con_svijay02\KTOC-TRB-Automation\KTOC_TRB_TestAutomation\Screenshots\17Jan2019_03_59_55PM\SS_17Jan2019_03_59_55PM_VerifyTargetPriceDisplayedCorrectly.png' target='_blank'&gt;&lt;img src='C:\Users\con_svijay02\KTOC-TRB-Automation\KTOC_TRB_TestAutomation\Screenshots\17Jan2019_03_59_55PM\SS_17Jan2019_03_59_55PM_VerifyTargetPriceDisplayedCorrectly.png' style='width:80%; height: auto;'/&gt;&lt;/a&gt;</msg>
<msg level="FAIL" timestamp="20190117 15:59:55.608">IllegalStateException: failure 'Get Regional Discount Failed due to: java.lang.IllegalStateException: failure 'Failed due to (Regionaldiscountoncomponent% or Regionaldiscountoncomponent or TargetPrice)''</msg>
<status endtime="20190117 15:59:55.624" starttime="20190117 15:59:53.568" status="FAIL"></status>
</kw>
<status critical="yes" endtime="20190117 15:59:55.631" starttime="20190117 15:59:52.888" status="FAIL">IllegalStateException: failure 'Get Regional Discount Failed due to: java.lang.IllegalStateException: failure 'Failed due to (Regionaldiscountoncomponent% or Regionaldiscountoncomponent or TargetPrice)''</status>
</test>
<test name="15.Check Regional Factor When SalesOffice Is Changed for Elevator" id="s1-s1-s1-t15">
<kw library="com.KTOC.TRB.testautomation.Keywords.Keywords" name="Goto Configuration Pageand Change The Sales Office">
<msg level="INFO" timestamp="20190117 15:59:59.400">ToConfiguration icon clicked
Project clicked
SalesOffice value VB FRPP Selected
pricing icon Clicked</msg>
<status endtime="20190117 15:59:59.420" starttime="20190117 15:59:55.668" status="PASS"></status>
</kw>
<kw library="com.KTOC.TRB.testautomation.Keywords.Keywords" name="Verify Regional Discount Displayed Correctly">
<msg level="INFO" timestamp="20190117 16:00:01.278">Additional Discount Icon CLICKED</msg>
<status endtime="20190117 16:00:01.280" starttime="20190117 15:59:59.429" status="PASS"></status>
</kw>
<kw library="com.KTOC.TRB.testautomation.Keywords.Keywords" name="Verify Target Price Displayed Correctly">
<arguments>
<arg>0</arg>
</arguments>
<msg level="INFO" timestamp="20190117 16:00:03.372">is read_Regionaldiscountoncomponent_Percent VS regionalDiscount equal:true *** / read_Regionaldiscountoncomponent_Percent:-3.34 / regionalDiscount:-3.34
is final_Regionaldiscountoncomponent VS read_Regionaldiscountoncomponent equal:false *** / final_Regionaldiscountoncomponent:-160.78 / read_Regionaldiscountoncomponent:-160.55
is final_TargetPrice VS read_TargetPrice equal:false *** / final_TargetPrice:4974.42 / read_TargetPrice:4974.19
null Added in CalculatedMaterialCost hence CalculatedMaterialcost VS ActualMaterialcost shown in Application is: true ***</msg>
<msg level="INFO" html="yes" timestamp="20190117 16:00:03.373">&lt;a href='C:\Users\con_svijay02\KTOC-TRB-Automation\KTOC_TRB_TestAutomation\Screenshots\17Jan2019_04_00_02PM\SS_17Jan2019_04_00_02PM_VerifyTargetPriceDisplayedCorrectly.png' target='_blank'&gt;&lt;img src='C:\Users\con_svijay02\KTOC-TRB-Automation\KTOC_TRB_TestAutomation\Screenshots\17Jan2019_04_00_02PM\SS_17Jan2019_04_00_02PM_VerifyTargetPriceDisplayedCorrectly.png' style='width:80%; height: auto;'/&gt;&lt;/a&gt;</msg>
<msg level="FAIL" timestamp="20190117 16:00:03.429">IllegalStateException: failure 'Get Regional Discount Failed due to: java.lang.IllegalStateException: failure 'Failed due to (Regionaldiscountoncomponent% or Regionaldiscountoncomponent or TargetPrice)''</msg>
<status endtime="20190117 16:00:03.432" starttime="20190117 16:00:01.284" status="FAIL"></status>
</kw>
<status critical="yes" endtime="20190117 16:00:03.437" starttime="20190117 15:59:55.643" status="FAIL">IllegalStateException: failure 'Get Regional Discount Failed due to: java.lang.IllegalStateException: failure 'Failed due to (Regionaldiscountoncomponent% or Regionaldiscountoncomponent or TargetPrice)''</status>
</test>
<test name="16.Verify ITEFactorValue and LaborRateValue IsTaken From SalesOffice for Elevator" id="s1-s1-s1-t16">
<kw library="com.KTOC.TRB.testautomation.Keywords.Keywords" name="Goto Configuration Pageand Change The Primary Sales Office">
<arguments>
<arg>france</arg>
<arg>\\TestData\\KTOCTRB_AutomationTestData.xlsx</arg>
</arguments>
<msg level="INFO" timestamp="20190117 16:00:07.100">ToConfiguration icon clicked
Project clicked
SalesOffice value VB FRRW Selected
pricing icon Clicked</msg>
<status endtime="20190117 16:00:07.117" starttime="20190117 16:00:03.445" status="PASS"></status>
</kw>
<kw library="com.KTOC.TRB.testautomation.Keywords.Keywords" name="Validate Detail Breakdown Tab">
<msg level="INFO" timestamp="20190117 16:00:16.852">Detailed breakdown Clicked
ROPES CLICKED
Show TotalCost Calculation Details CLICKED
check_showtotal_ITEfactor:2.00 / showtotal_ITEfactor:2.00
check_showtotal_Referencehours:11.16 / showtotal_Referencehours:11.16
check_showtotal_Labourrate:61.90 / showtotal_Labourrate:61.90
LabourRate:61.90 / showtotal_Labourrate:61.90
*** is_showtotal_ITEfactor: true *** / is_Labourrate: true *** / is_showtotal_Labourrate: true *** / is_showtotal_Referencehours: true ***</msg>
<status endtime="20190117 16:00:16.862" starttime="20190117 16:00:07.129" status="PASS"></status>
</kw>
<status critical="yes" endtime="20190117 16:00:16.866" starttime="20190117 16:00:03.442" status="PASS"></status>
</test>
<test name="17 Verify ITEFactorValue and LaborRateValue IsTaken From Changed SalesOffice for Elevator" id="s1-s1-s1-t17">
<kw library="com.KTOC.TRB.testautomation.Keywords.Keywords" name="Goto Configuration Pageand Change The Sales Office">
<msg level="INFO" timestamp="20190117 16:00:20.406">ToConfiguration icon clicked
Project clicked
SalesOffice value VB FRPP Selected
pricing icon Clicked</msg>
<status endtime="20190117 16:00:20.415" starttime="20190117 16:00:16.876" status="PASS"></status>
</kw>
<kw library="com.KTOC.TRB.testautomation.Keywords.Keywords" name="Validate Detail Breakdown Tab">
<msg level="INFO" timestamp="20190117 16:00:31.034">Detailed breakdown Clicked
ROPES CLICKED
Show TotalCost Calculation Details CLICKED
check_showtotal_ITEfactor:2.00 / showtotal_ITEfactor:2.00
check_showtotal_Referencehours:11.16 / showtotal_Referencehours:11.16
check_showtotal_Labourrate:61.00 / showtotal_Labourrate:61.00
LabourRate:61.00 / showtotal_Labourrate:61.00
*** is_showtotal_ITEfactor: true *** / is_Labourrate: true *** / is_showtotal_Labourrate: true *** / is_showtotal_Referencehours: true ***</msg>
<status endtime="20190117 16:00:31.042" starttime="20190117 16:00:20.425" status="PASS"></status>
</kw>
<status critical="yes" endtime="20190117 16:00:31.046" starttime="20190117 16:00:16.872" status="PASS"></status>
</test>
<test name="18.Check Cost Calculated Correctly When The Tender Currency Is Different From SLCurrency for Elevator" id="s1-s1-s1-t18">
<kw library="com.KTOC.TRB.testautomation.Keywords.Keywords" name="Verify Cost Calculated Successfully">
<msg level="INFO" timestamp="20190117 16:00:31.063">*** Currencies Tab is applicable for Australia alone hence skipping TC#10 ***</msg>
<status endtime="20190117 16:00:31.066" starttime="20190117 16:00:31.056" status="PASS"></status>
</kw>
<status critical="yes" endtime="20190117 16:00:31.068" starttime="20190117 16:00:31.051" status="PASS"></status>
</test>
<test name="19.Check Price Calculated Correctly When The Tender Currency Is Different From SLCurrency for Elevator" id="s1-s1-s1-t19">
<kw library="com.KTOC.TRB.testautomation.Keywords.Keywords" name="VerifyPriceCalculatedSuccessfully TobecheckedinFrance">
<msg level="INFO" timestamp="20190117 16:02:14.472">*** Currencies Tab is applicable for Australia alone hence skipping TC#10 ***
Show TotalCost Calculation Details CLICKED
totalTargetPrice:4174.19 / subtotal_TargetPrice:4174.19
*** is totalTargetPrice vs subtotal_TargetPrice equal: true
totalMaterialcosts=243.93 / subtotal_Materialcosts:243.93
*** is totalMaterialcosts vs subtotal_Materialcosts equal: true
totalMaterialcostSLCurrency=243.93 / subtotal_MaterialcostSLCurrency:243.93
*** is totalMaterialcostSLCurrency vs subtotal_MaterialcostSLCurrency equal: true
totalReferencehours=11.16 / subtotal_Referencehours:11.16
*** is totalReferencehours vs subtotal_Referencehours equal: true
totalInstallationHours=22.32 / subtotal_InstallationHours:22.32
*** is totalInstallationHours vs subtotal_Materialcosts equal: true
totalLaborCosts=1361.52 / subtotal_LaborCosts:1361.52
*** is totalLaborCosts vs subtotal_LaborCosts equal: true
totalFullCosts=1605.4501 / subtotal_FullCosts:1605.45
*** is totalFullCosts vs subtotal_FullCosts equal: true
totalTotalCost=1605.45 / subtotal_TotalCost:1605.45
*** is totalTotalCost vs subtotal_TotalCost equal: true
totalTenderPrice=1109.96 / subtotal_TenderPrice:1109.96
*** is totalTenderPrice vs subtotal_TenderPrice equal: true
*** Currencies Tab is applicable for Australia alone hence skipping TC#10 ***</msg>
<status endtime="20190117 16:02:14.478" starttime="20190117 16:00:31.085" status="PASS"></status>
</kw>
<status critical="yes" endtime="20190117 16:02:14.482" starttime="20190117 16:00:31.081" status="PASS"></status>
</test>
<test name="20.TestData for Escalator" id="s1-s1-s1-t20">
<kw library="com.KTOC.TRB.testautomation.Keywords.Keywords" name="Read Test Data">
<arguments>
<arg>france</arg>
<arg>\\TestData\\KTOCTRB_AutomationTestData.xlsx</arg>
</arguments>
<status endtime="20190117 16:02:14.685" starttime="20190117 16:02:14.493" status="PASS"></status>
</kw>
<kw library="com.KTOC.TRB.testautomation.Keywords.Keywords" name="Add Multiple Equipments">
<msg level="INFO" timestamp="20190117 16:02:31.832">ToConfiguration icon clicked
scroll UP to Building1 tree
Rightclick performed on Building1
scroll UP to Group Automation_GroupName tree
Rightclick performed on Automation_GroupName GroupName
checkbox clicked
ADD button clicked</msg>
<status endtime="20190117 16:02:31.843" starttime="20190117 16:02:14.689" status="PASS"></status>
</kw>
<status critical="yes" endtime="20190117 16:02:31.852" starttime="20190117 16:02:14.488" status="PASS"></status>
</test>
<test name="21.Verify Tender Created Successfully for Escalator" id="s1-s1-s1-t21">
<kw library="com.KTOC.TRB.testautomation.Keywords.Keywords" name="Add Equipment ID Elevator">
<status endtime="20190117 16:02:31.948" starttime="20190117 16:02:31.864" status="PASS"></status>
</kw>
<kw library="com.KTOC.TRB.testautomation.Keywords.Keywords" name="Check Hand Over Date Is Greater Than Installation Date">
<msg level="INFO" timestamp="20190117 16:02:32.629">Project clicked
Current MS5HO Date: 27/07/2020
MS5HODate Changed to: null</msg>
<status endtime="20190117 16:02:32.632" starttime="20190117 16:02:31.952" status="PASS"></status>
</kw>
<kw library="com.KTOC.TRB.testautomation.Keywords.Keywords" name="Check Sales Officeis Selected">
<msg level="INFO" timestamp="20190117 16:02:33.748">SalesOffice value VB FRRW Selected</msg>
<status endtime="20190117 16:02:33.758" starttime="20190117 16:02:32.637" status="PASS"></status>
</kw>
<kw library="com.KTOC.TRB.testautomation.Keywords.Keywords" name="Additionalfieldsin Project Overviewfor Canada">
<status endtime="20190117 16:02:33.790" starttime="20190117 16:02:33.770" status="PASS"></status>
</kw>
<kw library="com.KTOC.TRB.testautomation.Keywords.Keywords" name="Select Supervisor">
<msg level="INFO" timestamp="20190117 16:02:35.517">06114080 selected in Supervisor</msg>
<status endtime="20190117 16:02:35.519" starttime="20190117 16:02:33.796" status="PASS"></status>
</kw>
<kw library="com.KTOC.TRB.testautomation.Keywords.Keywords" name="Select Equipment In Service">
<msg level="INFO" timestamp="20190117 16:02:37.327">EIS Escalator is clicked in Equipment InService</msg>
<status endtime="20190117 16:02:37.329" starttime="20190117 16:02:35.525" status="PASS"></status>
</kw>
<kw library="com.KTOC.TRB.testautomation.Keywords.Keywords" name="Select Template To Be Uploaded">
<msg level="INFO" timestamp="20190117 16:02:40.938">Rightclick performed on Equipment
Open Templates clicked
Automation_Template_forEscalator Entered in search
Shared templates radio button Clicked
Automation_Template_forEscalator Template Clicked</msg>
<status endtime="20190117 16:02:40.942" starttime="20190117 16:02:37.332" status="PASS"></status>
</kw>
<kw library="com.KTOC.TRB.testautomation.Keywords.Keywords" name="Verify Tender Consistency">
<msg level="INFO" timestamp="20190117 16:02:45.096">FAIL: Tender is NOT Consistent, value:url("https://ktoc-ca3.kone.com/camosHTML5Client/cH5C/SMG?i=0191f5aaded042c33180d357113667fbefc81b95&amp;w=16&amp;h=16")
FAIL: Tender is NOT Consistent, value:url("https://ktoc-ca3.kone.com/camosHTML5Client/cH5C/SMG?i=0191f5aaded042c33180d357113667fbefc81b95&amp;w=16&amp;h=16")
FAIL: Tender is NOT Consistent, value:url("https://ktoc-ca3.kone.com/camosHTML5Client/cH5C/SMG?i=0191f5aaded042c33180d357113667fbefc81b95&amp;w=16&amp;h=16")
FAIL: Tender is NOT Consistent, value:url("https://ktoc-ca3.kone.com/camosHTML5Client/cH5C/SMG?i=0191f5aaded042c33180d357113667fbefc81b95&amp;w=16&amp;h=16")
PASS: Tender is Consistent, value:url("https://ktoc-ca3.kone.com/camosHTML5Client/cH5C/SMG?i=cad9a93f6c879df1ed1373d2853634026ff3224f&amp;w=16&amp;h=16")
FAIL: Tender is NOT Consistent, value:url("https://ktoc-ca3.kone.com/camosHTML5Client/cH5C/SMG?i=0191f5aaded042c33180d357113667fbefc81b95&amp;w=16&amp;h=16")
FAIL: Tender is NOT Consistent, value:url("https://ktoc-ca3.kone.com/camosHTML5Client/cH5C/SMG?i=0191f5aaded042c33180d357113667fbefc81b95&amp;w=16&amp;h=16")
PASS: Tender is Consistent, value:url("https://ktoc-ca3.kone.com/camosHTML5Client/cH5C/SMG?i=cad9a93f6c879df1ed1373d2853634026ff3224f&amp;w=16&amp;h=16")
PASS: Tender is Consistent, value:url("https://ktoc-ca3.kone.com/camosHTML5Client/cH5C/SMG?i=cad9a93f6c879df1ed1373d2853634026ff3224f&amp;w=16&amp;h=16")
PASS: Tender is Consistent, value:url("https://ktoc-ca3.kone.com/camosHTML5Client/cH5C/SMG?i=cad9a93f6c879df1ed1373d2853634026ff3224f&amp;w=16&amp;h=16")
PASS: Tender is Consistent, value:url("https://ktoc-ca3.kone.com/camosHTML5Client/cH5C/SMG?i=cad9a93f6c879df1ed1373d2853634026ff3224f&amp;w=16&amp;h=16")
PASS: Tender is Consistent, value:url("https://ktoc-ca3.kone.com/camosHTML5Client/cH5C/SMG?i=cad9a93f6c879df1ed1373d2853634026ff3224f&amp;w=16&amp;h=16")</msg>
<status endtime="20190117 16:02:45.100" starttime="20190117 16:02:40.946" status="PASS"></status>
</kw>
<kw library="com.KTOC.TRB.testautomation.Keywords.Keywords" name="Get Tender Number">
<msg level="INFO" timestamp="20190117 16:02:45.125">Tender # is :T-0002466355</msg>
<status endtime="20190117 16:02:45.127" starttime="20190117 16:02:45.104" status="PASS"></status>
</kw>
<status critical="yes" endtime="20190117 16:02:45.130" starttime="20190117 16:02:31.860" status="PASS"></status>
</test>
<test name="22.Validate TenderPrice Without FirstMaintenance for Escalator" id="s1-s1-s1-t22">
<kw library="com.KTOC.TRB.testautomation.Keywords.Keywords" name="Pricing Icon Click">
<msg level="INFO" timestamp="20190117 16:02:45.448">pricing icon Clicked</msg>
<status endtime="20190117 16:02:45.455" starttime="20190117 16:02:45.137" status="PASS"></status>
</kw>
<kw library="com.KTOC.TRB.testautomation.Keywords.Keywords" name="Check Tender Price After Discount Update">
<arguments>
<arg>10</arg>
<arg>0</arg>
</arguments>
<msg level="INFO" timestamp="20190117 16:02:52.065">Discount entered as: 10
First maintenance: 0 Clicked</msg>
<status endtime="20190117 16:02:52.075" starttime="20190117 16:02:45.465" status="PASS"></status>
</kw>
<status critical="yes" endtime="20190117 16:02:52.081" starttime="20190117 16:02:45.134" status="PASS"></status>
</test>
<test name="23.Check TenderPrice Without FirstMaintenance for Escalator" id="s1-s1-s1-t23">
<kw library="com.KTOC.TRB.testautomation.Keywords.Keywords" name="Get Target Price">
<msg level="INFO" timestamp="20190117 16:02:52.655">TargetPrice:23049.41
Firstmaintenance:0.0
Discount:10.0
*** TenderPriceFinal:20744.47 / CurrentTenderPrice:20744.47 ***
null Added in TenderPrice hence TenderPriceFinal VS TenderPrice shown in Application is: true ***</msg>
<status endtime="20190117 16:02:52.656" starttime="20190117 16:02:52.088" status="PASS"></status>
</kw>
<status critical="yes" endtime="20190117 16:02:52.658" starttime="20190117 16:02:52.085" status="PASS"></status>
</test>
<test name="24.Validate Discount Without FirstMaintenance for Escalator" id="s1-s1-s1-t24">
<kw library="com.KTOC.TRB.testautomation.Keywords.Keywords" name="Verify Discount By Changing The Tender Price">
<arguments>
<arg>1011</arg>
<arg>0</arg>
</arguments>
<msg level="INFO" timestamp="20190117 16:02:55.363">TenderPrice entered as: 1011
First maintenance: 0 Clicked</msg>
<status endtime="20190117 16:02:55.366" starttime="20190117 16:02:52.666" status="PASS"></status>
</kw>
<status critical="yes" endtime="20190117 16:02:55.369" starttime="20190117 16:02:52.662" status="PASS"></status>
</test>
<test name="25.Check Discount Without FirstMaintenance for Escalator" id="s1-s1-s1-t25">
<kw library="com.KTOC.TRB.testautomation.Keywords.Keywords" name="Get Target Price">
<msg level="INFO" timestamp="20190117 16:02:55.965">TargetPrice:23049.41
Firstmaintenance:0.0
TenderPrice:1011.0
DiscountFinal:95.61 / Discount shown in Application:95.61
*** is FinalDiscount VS ApplicationDiscount Equal:true ***
null Added in CalculatedDiscountFinal hence DiscountFinal VS Discount shown in Application is: true ***</msg>
<status endtime="20190117 16:02:55.967" starttime="20190117 16:02:55.378" status="PASS"></status>
</kw>
<status critical="yes" endtime="20190117 16:02:55.969" starttime="20190117 16:02:55.374" status="PASS"></status>
</test>
<test name="26.Validate TenderPrice With FirstMaintenance for Escalator" id="s1-s1-s1-t26">
<kw library="com.KTOC.TRB.testautomation.Keywords.Keywords" name="Check Tender Price After Discount Update">
<arguments>
<arg>11</arg>
<arg>3</arg>
</arguments>
<msg level="INFO" timestamp="20190117 16:03:00.347">Discount entered as: 11
First maintenance: 3 Clicked</msg>
<status endtime="20190117 16:03:00.351" starttime="20190117 16:02:55.976" status="PASS"></status>
</kw>
<status critical="yes" endtime="20190117 16:03:00.354" starttime="20190117 16:02:55.973" status="PASS"></status>
</test>
<test name="27.Check TenderPrice With FirstMaintenance for Escalator" id="s1-s1-s1-t27">
<kw library="com.KTOC.TRB.testautomation.Keywords.Keywords" name="Get Target Price">
<msg level="INFO" timestamp="20190117 16:03:00.994">TargetPrice:23849.41
Firstmaintenance:800.0
Discount:11.0
*** TenderPriceFinal:21313.97 / CurrentTenderPrice:21313.97 ***
null Added in TenderPrice hence TenderPriceFinal VS TenderPrice shown in Application is: true ***</msg>
<status endtime="20190117 16:03:00.995" starttime="20190117 16:03:00.361" status="PASS"></status>
</kw>
<status critical="yes" endtime="20190117 16:03:00.997" starttime="20190117 16:03:00.357" status="PASS"></status>
</test>
<test name="28.Validate Discount With FirstMaintenance for Escalator" id="s1-s1-s1-t28">
<kw library="com.KTOC.TRB.testautomation.Keywords.Keywords" name="Verify Discount By Changing The Tender Price">
<arguments>
<arg>1012</arg>
<arg>0</arg>
</arguments>
<msg level="INFO" timestamp="20190117 16:03:05.427">TenderPrice entered as: 1012
First maintenance: 0 Clicked</msg>
<status endtime="20190117 16:03:05.436" starttime="20190117 16:03:01.004" status="PASS"></status>
</kw>
<status critical="yes" endtime="20190117 16:03:05.441" starttime="20190117 16:03:01.000" status="PASS"></status>
</test>
<test name="29.Check Discount With FirstMaintenance for Escalator" id="s1-s1-s1-t29">
<kw library="com.KTOC.TRB.testautomation.Keywords.Keywords" name="Get Target Price">
<msg level="INFO" timestamp="20190117 16:03:06.181">TargetPrice:23049.41
Firstmaintenance:0.0
TenderPrice:212.0
DiscountFinal:99.08 / Discount shown in Application:99.08
*** is FinalDiscount VS ApplicationDiscount Equal:true ***
null Added in CalculatedDiscountFinal hence DiscountFinal VS Discount shown in Application is: true ***</msg>
<status endtime="20190117 16:03:06.183" starttime="20190117 16:03:05.451" status="PASS"></status>
</kw>
<status critical="yes" endtime="20190117 16:03:06.185" starttime="20190117 16:03:05.446" status="PASS"></status>
</test>
<test name="30.Change and Validate Discount With FirstMaintenance for Escalator" id="s1-s1-s1-t30">
<kw library="com.KTOC.TRB.testautomation.Keywords.Keywords" name="Verify Discount By Changing The Tender Price">
<arguments>
<arg>1013</arg>
<arg>6</arg>
</arguments>
<msg level="INFO" timestamp="20190117 16:03:10.999">TenderPrice entered as: 1013
First maintenance: 6 Clicked</msg>
<status endtime="20190117 16:03:11.003" starttime="20190117 16:03:06.194" status="PASS"></status>
</kw>
<status critical="yes" endtime="20190117 16:03:11.007" starttime="20190117 16:03:06.190" status="PASS"></status>
</test>
<test name="31.Check Changed Discount With FirstMaintenance for Escalator" id="s1-s1-s1-t31">
<kw library="com.KTOC.TRB.testautomation.Keywords.Keywords" name="Get Target Price">
<msg level="INFO" timestamp="20190117 16:03:11.707">TargetPrice:24649.41
Firstmaintenance:1600.0
TenderPrice:2613.0
DiscountFinal:95.61 / Discount shown in Application:95.61
*** is FinalDiscount VS ApplicationDiscount Equal:true ***
null Added in CalculatedDiscountFinal hence DiscountFinal VS Discount shown in Application is: true ***</msg>
<status endtime="20190117 16:03:11.709" starttime="20190117 16:03:11.022" status="PASS"></status>
</kw>
<status critical="yes" endtime="20190117 16:03:11.711" starttime="20190117 16:03:11.013" status="PASS"></status>
</test>
<test name="32.CheckRegionalFactorAtSalesOfficeLevel for Escalator" id="s1-s1-s1-t32">
<kw library="com.KTOC.TRB.testautomation.Keywords.Keywords" name="Verify Regional Discount Displayed Correctly">
<msg level="INFO" timestamp="20190117 16:03:12.396">Additional Discount Icon CLICKED</msg>
<status endtime="20190117 16:03:12.398" starttime="20190117 16:03:11.718" status="PASS"></status>
</kw>
<kw library="com.KTOC.TRB.testautomation.Keywords.Keywords" name="Verify Target Price Displayed Correctly">
<arguments>
<arg>0</arg>
</arguments>
<msg level="INFO" timestamp="20190117 16:03:14.285">is read_Regionaldiscountoncomponent_Percent VS regionalDiscount equal:false *** / read_Regionaldiscountoncomponent_Percent:3.91 / regionalDiscount:4.18
is final_Regionaldiscountoncomponent VS read_Regionaldiscountoncomponent equal:false *** / final_Regionaldiscountoncomponent:1093.65 / read_Regionaldiscountoncomponent:1023.19
is final_TargetPrice VS read_TargetPrice equal:false *** / final_TargetPrice:25070.22 / read_TargetPrice:24649.41
-0.02 Added in CalculatedMaterialCost hence CalculatedMaterialcost VS ActualMaterialcost shown in Application is: false ***</msg>
<msg level="INFO" html="yes" timestamp="20190117 16:03:14.287">&lt;a href='C:\Users\con_svijay02\KTOC-TRB-Automation\KTOC_TRB_TestAutomation\Screenshots\17Jan2019_04_03_13PM\SS_17Jan2019_04_03_13PM_VerifyTargetPriceDisplayedCorrectly.png' target='_blank'&gt;&lt;img src='C:\Users\con_svijay02\KTOC-TRB-Automation\KTOC_TRB_TestAutomation\Screenshots\17Jan2019_04_03_13PM\SS_17Jan2019_04_03_13PM_VerifyTargetPriceDisplayedCorrectly.png' style='width:80%; height: auto;'/&gt;&lt;/a&gt;</msg>
<msg level="FAIL" timestamp="20190117 16:03:14.321">IllegalStateException: failure 'Get Regional Discount Failed due to: java.lang.IllegalStateException: failure 'Failed due to (Regionaldiscountoncomponent% or Regionaldiscountoncomponent or TargetPrice)''</msg>
<status endtime="20190117 16:03:14.325" starttime="20190117 16:03:12.400" status="FAIL"></status>
</kw>
<status critical="yes" endtime="20190117 16:03:14.336" starttime="20190117 16:03:11.715" status="FAIL">IllegalStateException: failure 'Get Regional Discount Failed due to: java.lang.IllegalStateException: failure 'Failed due to (Regionaldiscountoncomponent% or Regionaldiscountoncomponent or TargetPrice)''</status>
</test>
<test name="33.CheckRegionalFactorWhenSalesOfficeIsChanged for Escalator" id="s1-s1-s1-t33">
<kw library="com.KTOC.TRB.testautomation.Keywords.Keywords" name="Goto Configuration Pageand Change The Sales Office">
<msg level="INFO" timestamp="20190117 16:03:19.046">ToConfiguration icon clicked
Project clicked
SalesOffice value VB FRPP Selected
pricing icon Clicked</msg>
<status endtime="20190117 16:03:19.054" starttime="20190117 16:03:14.396" status="PASS"></status>
</kw>
<kw library="com.KTOC.TRB.testautomation.Keywords.Keywords" name="Verify Regional Discount Displayed Correctly">
<msg level="INFO" timestamp="20190117 16:03:21.965">Additional Discount Icon CLICKED</msg>
<status endtime="20190117 16:03:21.967" starttime="20190117 16:03:19.064" status="PASS"></status>
</kw>
<kw library="com.KTOC.TRB.testautomation.Keywords.Keywords" name="Verify Target Price Displayed Correctly">
<arguments>
<arg>0</arg>
</arguments>
<msg level="INFO" timestamp="20190117 16:03:24.000">is read_Regionaldiscountoncomponent_Percent VS regionalDiscount equal:false *** / read_Regionaldiscountoncomponent_Percent:-4.54 / regionalDiscount:-3.34
is final_Regionaldiscountoncomponent VS read_Regionaldiscountoncomponent equal:false *** / final_Regionaldiscountoncomponent:-872.2 / read_Regionaldiscountoncomponent:-1185.55
is final_TargetPrice VS read_TargetPrice equal:false *** / final_TargetPrice:26985.84 / read_TargetPrice:27299.19
-0.02 Added in CalculatedMaterialCost hence CalculatedMaterialcost VS ActualMaterialcost shown in Application is: false ***</msg>
<msg level="INFO" html="yes" timestamp="20190117 16:03:24.003">&lt;a href='C:\Users\con_svijay02\KTOC-TRB-Automation\KTOC_TRB_TestAutomation\Screenshots\17Jan2019_04_03_23PM\SS_17Jan2019_04_03_23PM_VerifyTargetPriceDisplayedCorrectly.png' target='_blank'&gt;&lt;img src='C:\Users\con_svijay02\KTOC-TRB-Automation\KTOC_TRB_TestAutomation\Screenshots\17Jan2019_04_03_23PM\SS_17Jan2019_04_03_23PM_VerifyTargetPriceDisplayedCorrectly.png' style='width:80%; height: auto;'/&gt;&lt;/a&gt;</msg>
<msg level="FAIL" timestamp="20190117 16:03:24.028">IllegalStateException: failure 'Get Regional Discount Failed due to: java.lang.IllegalStateException: failure 'Failed due to (Regionaldiscountoncomponent% or Regionaldiscountoncomponent or TargetPrice)''</msg>
<status endtime="20190117 16:03:24.030" starttime="20190117 16:03:21.972" status="FAIL"></status>
</kw>
<status critical="yes" endtime="20190117 16:03:24.033" starttime="20190117 16:03:14.377" status="FAIL">IllegalStateException: failure 'Get Regional Discount Failed due to: java.lang.IllegalStateException: failure 'Failed due to (Regionaldiscountoncomponent% or Regionaldiscountoncomponent or TargetPrice)''</status>
</test>
<test name="34.Verify ITEFactorValue and LaborRateValue IsTaken From SalesOffice for Escalator" id="s1-s1-s1-t34">
<kw library="com.KTOC.TRB.testautomation.Keywords.Keywords" name="Goto Configuration Pageand Change The Primary Sales Office">
<arguments>
<arg>france</arg>
<arg>\\TestData\\KTOCTRB_AutomationTestData.xlsx</arg>
</arguments>
<msg level="INFO" timestamp="20190117 16:03:28.065">ToConfiguration icon clicked
Project clicked
SalesOffice value VB FRRW Selected
pricing icon Clicked</msg>
<status endtime="20190117 16:03:28.078" starttime="20190117 16:03:24.041" status="PASS"></status>
</kw>
<kw library="com.KTOC.TRB.testautomation.Keywords.Keywords" name="Validate Detail Breakdown Tab">
<msg level="INFO" timestamp="20190117 16:03:40.279">Detailed breakdown Clicked
[[FirefoxDriver: firefox on WINDOWS (1bf6f15d-6be1-4392-9c7e-9191ac5dd091)] -&gt; xpath: //*[text()='MMS Electrification Module']] CLICKED
Show TotalCost Calculation Details CLICKED
check_showtotal_ITEfactor:2.00 / showtotal_ITEfactor:2.00
check_showtotal_Referencehours:78.00 / showtotal_Referencehours:78.00
check_showtotal_Labourrate:56.00 / showtotal_Labourrate:56.00
LabourRate:61.90 / showtotal_Labourrate:56.00
*** is_showtotal_ITEfactor: true *** / is_Labourrate: false *** / is_showtotal_Labourrate: true *** / is_showtotal_Referencehours: true ***
-0.02 Added in ITEfactor hence CalculatedLabourrate VS ActualLabourRate shown in Application is: false ***</msg>
<msg level="INFO" html="yes" timestamp="20190117 16:03:40.280">&lt;a href='C:\Users\con_svijay02\KTOC-TRB-Automation\KTOC_TRB_TestAutomation\Screenshots\17Jan2019_04_03_37PM\SS_17Jan2019_04_03_37PM_DetailBreakdownTab.png' target='_blank'&gt;&lt;img src='C:\Users\con_svijay02\KTOC-TRB-Automation\KTOC_TRB_TestAutomation\Screenshots\17Jan2019_04_03_37PM\SS_17Jan2019_04_03_37PM_DetailBreakdownTab.png' style='width:80%; height: auto;'/&gt;&lt;/a&gt;</msg>
<msg level="FAIL" timestamp="20190117 16:03:40.292">IllegalStateException: failure 'Validate Detail Breakdown Tab Failed due to: java.lang.IllegalStateException: failure 'Failed due to (ITEfactor or Referencehours or Labourrate) not euqal in Detail Breakdown Tab''</msg>
<status endtime="20190117 16:03:40.294" starttime="20190117 16:03:28.085" status="FAIL"></status>
</kw>
<status critical="yes" endtime="20190117 16:03:40.300" starttime="20190117 16:03:24.037" status="FAIL">IllegalStateException: failure 'Validate Detail Breakdown Tab Failed due to: java.lang.IllegalStateException: failure 'Failed due to (ITEfactor or Referencehours or Labourrate) not euqal in Detail Breakdown Tab''</status>
</test>
<test name="35. Verify ITEFactorValue and LaborRateValue IsTaken From Changed SalesOffice for Escalator" id="s1-s1-s1-t35">
<kw library="com.KTOC.TRB.testautomation.Keywords.Keywords" name="Goto Configuration Pageand Change The Sales Office">
<msg level="INFO" timestamp="20190117 16:03:43.817">ToConfiguration icon clicked
Project clicked
SalesOffice value VB FRPP Selected
pricing icon Clicked</msg>
<status endtime="20190117 16:03:43.827" starttime="20190117 16:03:40.315" status="PASS"></status>
</kw>
<kw library="com.KTOC.TRB.testautomation.Keywords.Keywords" name="Validate Detail Breakdown Tab">
<msg level="INFO" timestamp="20190117 16:04:44.815">Detailed breakdown Clicked
[[FirefoxDriver: firefox on WINDOWS (1bf6f15d-6be1-4392-9c7e-9191ac5dd091)] -&gt; xpath: //*[text()='MMS Electrification Module']] CLICKED
Show TotalCost Calculation Details CLICKED
check_showtotal_ITEfactor:2.00 / showtotal_ITEfactor:2.75
check_showtotal_Referencehours:78.00 / showtotal_Referencehours:78.00
check_showtotal_Labourrate:60.00 / showtotal_Labourrate:60.00
LabourRate:61.00 / showtotal_Labourrate:60.00
*** is_showtotal_ITEfactor: false *** / is_Labourrate: false *** / is_showtotal_Labourrate: true *** / is_showtotal_Referencehours: true ***
-0.02 Added in ITEfactor hence CalculatedITEfactor VS ActualITEfactor shown in Application is: false ***
-0.02 Added in ITEfactor hence CalculatedLabourrate VS ActualLabourRate shown in Application is: false ***</msg>
<msg level="INFO" html="yes" timestamp="20190117 16:04:44.815">&lt;a href='C:\Users\con_svijay02\KTOC-TRB-Automation\KTOC_TRB_TestAutomation\Screenshots\17Jan2019_04_04_42PM\SS_17Jan2019_04_04_42PM_DetailBreakdownTab.png' target='_blank'&gt;&lt;img src='C:\Users\con_svijay02\KTOC-TRB-Automation\KTOC_TRB_TestAutomation\Screenshots\17Jan2019_04_04_42PM\SS_17Jan2019_04_04_42PM_DetailBreakdownTab.png' style='width:80%; height: auto;'/&gt;&lt;/a&gt;</msg>
<msg level="FAIL" timestamp="20190117 16:04:44.829">IllegalStateException: failure 'Validate Detail Breakdown Tab Failed due to: java.lang.IllegalStateException: failure 'Failed due to (ITEfactor or Referencehours or Labourrate) not euqal in Detail Breakdown Tab''</msg>
<status endtime="20190117 16:04:44.837" starttime="20190117 16:03:43.831" status="FAIL"></status>
</kw>
<status critical="yes" endtime="20190117 16:04:44.841" starttime="20190117 16:03:40.310" status="FAIL">IllegalStateException: failure 'Validate Detail Breakdown Tab Failed due to: java.lang.IllegalStateException: failure 'Failed due to (ITEfactor or Referencehours or Labourrate) not euqal in Detail Breakdown Tab''</status>
</test>
<test name="36.Check Cost Calculated Correctly When The Tender Currency Is Different From SLCurrency for Escalator" id="s1-s1-s1-t36">
<kw library="com.KTOC.TRB.testautomation.Keywords.Keywords" name="Verify Cost Calculated Successfully">
<msg level="INFO" timestamp="20190117 16:04:44.861">*** Currencies Tab is applicable for Australia alone hence skipping TC#10 ***</msg>
<status endtime="20190117 16:04:44.863" starttime="20190117 16:04:44.853" status="PASS"></status>
</kw>
<status critical="yes" endtime="20190117 16:04:44.868" starttime="20190117 16:04:44.846" status="PASS"></status>
</test>
<test name="37.Check Price Calculated Correctly When The Tender Currency Is Different From SLCurrency for Escalator" id="s1-s1-s1-t37">
<kw library="com.KTOC.TRB.testautomation.Keywords.Keywords" name="VerifyPriceCalculatedSuccessfully TobecheckedinFrance">
<msg level="INFO" timestamp="20190117 16:06:05.618">*** Currencies Tab is applicable for Australia alone hence skipping TC#10 ***
Show TotalCost Calculation Details CLICKED
totalTargetPrice:21525.0 / subtotal_TargetPrice:21525.0
*** is totalTargetPrice vs subtotal_TargetPrice equal: true
totalMaterialcosts=3981.40 / subtotal_Materialcosts:3981.4
*** is totalMaterialcosts vs subtotal_Materialcosts equal: true
totalMaterialcostSLCurrency=3981.4 / subtotal_MaterialcostSLCurrency:3981.4
*** is totalMaterialcostSLCurrency vs subtotal_MaterialcostSLCurrency equal: true
totalReferencehours=78.0 / subtotal_Referencehours:78.0
*** is totalReferencehours vs subtotal_Referencehours equal: true
totalInstallationHours=214.5 / subtotal_InstallationHours:214.5
*** is totalInstallationHours vs subtotal_Materialcosts equal: true
totalLaborCosts=12870.0 / subtotal_LaborCosts:12870.0
*** is totalLaborCosts vs subtotal_LaborCosts equal: true
totalFullCosts=16851.4 / subtotal_FullCosts:16851.4
*** is totalFullCosts vs subtotal_FullCosts equal: true
totalTotalCost=16851.40 / subtotal_TotalCost:16851.4
*** is totalTotalCost vs subtotal_TotalCost equal: true
totalTenderPrice=946.0 / subtotal_TenderPrice:946.0
*** is totalTenderPrice vs subtotal_TenderPrice equal: true
*** Currencies Tab is applicable for Australia alone hence skipping TC#10 ***</msg>
<status endtime="20190117 16:06:05.623" starttime="20190117 16:04:44.880" status="PASS"></status>
</kw>
<status critical="yes" endtime="20190117 16:06:05.625" starttime="20190117 16:04:44.874" status="PASS"></status>
</test>
<test name="38.Check TenderLetter Is generated Correctly With All The components for Escalator" id="s1-s1-s1-t38">
<kw library="com.KTOC.TRB.testautomation.Keywords.Keywords" name="Go To Documents Taband Click The Tender">
<msg level="INFO" timestamp="20190117 16:06:13.805">ToWord icon clicked</msg>
<status endtime="20190117 16:06:13.811" starttime="20190117 16:06:05.632" status="PASS"></status>
</kw>
<kw library="com.KTOC.TRB.testautomation.Keywords.Keywords" name="Verify Successful Message Displayed">
<msg level="INFO" timestamp="20190117 16:06:17.104">Create PrintOut icon clicked
No clicked in Do you want to freeze printed version?</msg>
<status endtime="20190117 16:06:17.110" starttime="20190117 16:06:13.817" status="PASS"></status>
</kw>
<status critical="yes" endtime="20190117 16:06:17.117" starttime="20190117 16:06:05.629" status="PASS"></status>
</test>
<test name="39.Close KTOC" id="s1-s1-s1-t39">
<kw library="com.KTOC.TRB.testautomation.Keywords.Keywords" name="Click Saveand Close Button">
<msg level="INFO" timestamp="20190117 16:06:28.430">SaveandClose icon CLICKED
Yes CLICKED in SaveandClose
Automation Test Description entered in Description field in stage / Probability window
OK clicked in SalesForce.com update failed! Pop-up
Close icon CLICKED</msg>
<status endtime="20190117 16:06:28.442" starttime="20190117 16:06:17.127" status="PASS"></status>
</kw>
<status critical="yes" endtime="20190117 16:06:28.450" starttime="20190117 16:06:17.122" status="PASS"></status>
</test>
<test name="40.Verify Total SalesPrice With SF Product Information" id="s1-s1-s1-t40">
<kw library="com.KTOC.TRB.testautomation.Keywords.Keywords" name="Compare Sales Pricebetween Tender Pageand Salesforce">
<msg level="INFO" timestamp="20190117 16:06:44.222">allTender Price:4418.0 / Final_SalesPrice:800.0
is TRB allTenderPrice VS Salesforce TenderPrice equal:false ***</msg>
<msg level="INFO" html="yes" timestamp="20190117 16:06:44.223">&lt;a href='C:\Users\con_svijay02\KTOC-TRB-Automation\KTOC_TRB_TestAutomation\Screenshots\17Jan2019_04_06_44PM\SS_17Jan2019_04_06_44PM_TenderPrice not equal in compareSalesPricebetweenTenderPageandSalesforce for MultipleEquipment.png' target='_blank'&gt;&lt;img src='C:\Users\con_svijay02\KTOC-TRB-Automation\KTOC_TRB_TestAutomation\Screenshots\17Jan2019_04_06_44PM\SS_17Jan2019_04_06_44PM_TenderPrice not equal in compareSalesPricebetweenTenderPageandSalesforce for MultipleEquipment.png' style='width:80%; height: auto;'/&gt;&lt;/a&gt;</msg>
<msg level="FAIL" timestamp="20190117 16:06:44.247">IllegalStateException: failure 'Get SalesPrice from SalesForce Failed due to: java.lang.IllegalStateException: failure 'Failed due to TenderPrice not equal in Get SalesPrice from SalesForce''</msg>
<status endtime="20190117 16:06:44.253" starttime="20190117 16:06:28.466" status="FAIL"></status>
</kw>
<status critical="yes" endtime="20190117 16:06:44.256" starttime="20190117 16:06:28.460" status="FAIL">IllegalStateException: failure 'Get SalesPrice from SalesForce Failed due to: java.lang.IllegalStateException: failure 'Failed due to TenderPrice not equal in Get SalesPrice from SalesForce''</status>
</test>
<status endtime="20190117 16:06:44.321" starttime="20190117 15:57:58.666" status="FAIL"></status>
</suite>
<status endtime="20190117 16:06:44.708" starttime="20190117 15:57:58.634" status="FAIL"></status>
</suite>
<status endtime="20190117 16:06:44.836" starttime="20190117 15:57:58.223" status="FAIL"></status>
</suite>
<statistics>
<total>
<stat pass="33" fail="7">Critical Tests</stat>
<stat pass="33" fail="7">All Tests</stat>
</total>
<tag>
</tag>
<suite>
<stat pass="33" fail="7" name="KTOC TRB TestAutomation" id="s1">KTOC TRB TestAutomation</stat>
<stat pass="33" fail="7" name="TestSuites" id="s1-s1">KTOC TRB TestAutomation.TestSuites</stat>
<stat pass="33" fail="7" name="RegressionKTOC TRB France MultipleEquipment" id="s1-s1-s1">KTOC TRB TestAutomation.TestSuites.RegressionKTOC TRB France MultipleEquipment</stat>
</suite>
</statistics>
<errors>
</errors>
</robot>
